2023-04-28 12:09:12,665 [INFO    ] Connected (version 2.0, client OpenSSH_7.4p1)
2023-04-28 12:09:12,715 [INFO    ] Authentication (publickey) failed.
2023-04-28 12:09:12,718 [INFO    ] Connected (version 2.0, client OpenSSH_7.4p1)
2023-04-28 12:09:12,770 [INFO    ] Authentication (password) successful!
2023-04-28 12:09:29,200 [INFO    ] Успешно загружено 1 файлов с диска https://disk.yandex.ru/d/sVgz0GiqjhCsNg: ['циан 25-04-23 (без дублей).csv']
2023-04-28 12:09:29,202 [INFO    ] ready to process files [], ['циан 25-04-23 (без дублей).csv']
2023-04-28 12:09:29,202 [INFO    ] обработка файла циан 25-04-23 (без дублей).csv для cian
2023-04-28 12:09:30,325 [INFO    ] обработка district_id:
2023-04-28 12:09:30,327 [INFO    ] districts_update:   0%|          | 0/126378 [00:00<?, ?it/s]
2023-04-28 12:09:45,328 [INFO    ] districts_update:  13%|#3        | 16439/126378 [00:15<01:40, 1095.90it/s]
2023-04-28 12:10:00,338 [INFO    ] districts_update:  25%|##5       | 32161/126378 [00:30<01:25, 1095.90it/s]
2023-04-28 12:10:00,339 [INFO    ] districts_update:  25%|##5       | 32162/126378 [00:30<01:28, 1067.38it/s]
2023-04-28 12:10:10,341 [INFO    ] districts_update:  34%|###4      | 43047/126378 [00:40<01:18, 1067.38it/s]
2023-04-28 12:10:15,339 [INFO    ] districts_update:  38%|###7      | 47760/126378 [00:45<01:14, 1054.81it/s]
2023-04-28 12:10:30,339 [INFO    ] districts_update:  51%|#####1    | 64484/126378 [01:00<00:57, 1078.54it/s]
2023-04-28 12:10:40,388 [INFO    ] districts_update:  59%|#####8    | 73937/126378 [01:10<00:48, 1078.54it/s]
2023-04-28 12:10:45,340 [INFO    ] districts_update:  62%|######2   | 78574/126378 [01:15<00:46, 1028.34it/s]
2023-04-28 12:11:00,340 [INFO    ] districts_update:  73%|#######3  | 92718/126378 [01:30<00:33, 999.28it/s]
2023-04-28 12:11:10,401 [INFO    ] districts_update:  81%|########  | 102205/126378 [01:40<00:24, 999.28it/s]
2023-04-28 12:11:15,341 [INFO    ] districts_update:  85%|########4 | 106872/126378 [01:45<00:19, 981.07it/s]
2023-04-28 12:11:30,343 [INFO    ] districts_update:  96%|#########5| 121026/126378 [02:00<00:05, 969.11it/s]
2023-04-28 12:11:36,050 [INFO    ] districts_update: 100%|##########| 126378/126378 [02:05<00:00, 1005.21it/s]
2023-04-28 12:11:36,050 [INFO    ] district add from realty
2023-04-28 12:11:36,818 [INFO    ] Успешно обработан файл циан 25-04-23 (без дублей).csv для realty
2023-04-28 12:11:36,826 [INFO    ] Выгрузка в таблицу realty обработанного файла из cian: циан 25-04-23 (без дублей).csv
2023-04-28 12:11:36,915 [INFO    ] Временная таблица очищена
2023-04-28 12:11:41,877 [INFO    ] Загрузка новых объявлений в таблицу
2023-04-28 12:11:42,024 [INFO    ] 94607 существующих и 31771 новых объявлений
2023-04-28 12:12:13,891 [INFO    ] Обновление существующих данных realty завершено
2023-04-28 12:12:13,891 [INFO    ] тестовый запуск - будет обработано 31771 новых объявлений для cian
2023-04-28 12:12:14,382 [INFO    ] удалось загрузить исторические данные dadata
2023-04-28 12:12:14,388 [INFO    ] количество запросов к dadata составит: 2141
2023-04-28 12:12:24,398 [INFO    ] 0%|          | 0/31771 [00:00<?, ?it/s]
2023-04-28 12:12:29,435 [INFO    ] 100%|##########| 31771/31771 [00:05<00:00, 6307.58it/s]
2023-04-28 12:12:29,435 [INFO    ] обращение к дадата по 29630/31771 записям из cian заняло 0:00:15.543858
2023-04-28 12:12:52,082 [INFO    ] уникальных троек по h_fias_id, ad_id, d_id, в таблице с районами и houses_jkh_ddt/id: 8774
2023-04-28 12:12:52,083 [INFO    ] выгрузка данных в таблицу realty
2023-04-28 12:13:06,881 [INFO    ] Получены несовпадения районов c jkh, обновление районов в jkh_houses для 8769 записей
2023-04-28 12:13:10,018 [INFO    ] Временная таблица temp_jkh_houses очищена
2023-04-28 12:13:14,211 [INFO    ] Обновление данных jkh_houses завершено
2023-04-28 12:13:23,914 [INFO    ] новые объявления добавлены, переход к обновлению существующих
2023-04-28 12:13:25,451 [INFO    ] Успешно обработан файл циан 25-04-23 (без дублей).csv для prices
2023-04-28 12:13:36,111 [INFO    ] Новые данные загружены по файлам [] из авито и ['циан 25-04-23 (без дублей).csv'] из циана за 0:04:23.478987
2023-04-28 12:14:44,777 [INFO    ] нет новых данных для загрузки
