2023-06-03 09:48:37,594 [INFO    ] Скрипт запущен: 2023-06-03 09:48:37.594842
2023-06-03 09:48:37,640 [INFO    ] Connected (version 2.0, client OpenSSH_7.4p1)
2023-06-03 09:48:37,718 [INFO    ] Authentication (publickey) failed.
2023-06-03 09:48:37,738 [INFO    ] Connected (version 2.0, client OpenSSH_7.4p1)
2023-06-03 09:48:37,841 [INFO    ] Authentication (password) successful!
2023-06-03 09:48:37,871 [INFO    ] connected to host 5.188.28.225 base app_nedvizhka_db
2023-06-03 09:48:37,994 [INFO    ] yandex token valid
2023-06-03 09:48:41,335 [INFO    ] Успешно загружено 1 файлов с личного диска: ['01-06-23 (без дублей).csv'] для avito
2023-06-03 09:48:41,477 [INFO    ] yandex token valid
2023-06-03 09:48:43,713 [INFO    ] Успешно загружено 1 файлов с личного диска: ['циан 01-06-23 (без дублей).csv'] для cian
2023-06-03 09:48:43,713 [INFO    ] ready to process files ['01-06-23 (без дублей).csv'], ['циан 01-06-23 (без дублей).csv']
2023-06-03 09:48:43,713 [INFO    ] обработка файла циан 01-06-23 (без дублей).csv для cian
2023-06-03 09:48:44,900 [INFO    ] обработка district_id:
2023-06-03 09:48:44,902 [INFO    ] districts_update:   0%|          | 0/117074 [00:00<?, ?it/s]
2023-06-03 09:48:59,902 [INFO    ] districts_update:  13%|#2        | 14923/117074 [00:15<01:42, 994.86it/s]
2023-06-03 09:49:14,908 [INFO    ] districts_update:  25%|##5       | 29834/117074 [00:30<01:27, 994.86it/s]
2023-06-03 09:49:14,909 [INFO    ] districts_update:  25%|##5       | 29835/117074 [00:30<01:27, 994.19it/s]
2023-06-03 09:49:24,918 [INFO    ] districts_update:  34%|###4      | 39888/117074 [00:40<01:17, 994.19it/s]
2023-06-03 09:49:29,909 [INFO    ] districts_update:  38%|###8      | 44962/117074 [00:45<01:12, 1000.68it/s]
2023-06-03 09:49:44,910 [INFO    ] districts_update:  51%|#####1    | 60091/117074 [01:00<00:56, 1003.78it/s]
2023-06-03 09:49:54,928 [INFO    ] districts_update:  60%|#####9    | 70036/117074 [01:10<00:46, 1003.78it/s]
2023-06-03 09:49:59,911 [INFO    ] districts_update:  64%|######4   | 74934/117074 [01:15<00:42, 998.63it/s]
2023-06-03 09:50:14,912 [INFO    ] districts_update:  77%|#######6  | 89939/117074 [01:30<00:27, 999.19it/s]
2023-06-03 09:50:24,945 [INFO    ] districts_update:  85%|########5 | 99736/117074 [01:40<00:17, 999.19it/s]
2023-06-03 09:50:29,912 [INFO    ] districts_update:  89%|########9 | 104628/117074 [01:45<00:12, 992.68it/s]
2023-06-03 09:50:42,612 [INFO    ] districts_update: 100%|##########| 117074/117074 [01:57<00:00, 994.59it/s]
2023-06-03 09:50:42,613 [INFO    ] district add from realty
2023-06-03 09:50:43,760 [INFO    ] Успешно обработан файл циан 01-06-23 (без дублей).csv для realty
2023-06-03 09:50:43,768 [INFO    ] Выгрузка в таблицу realty обработанного файла из cian: циан 01-06-23 (без дублей).csv
2023-06-03 09:50:43,845 [INFO    ] Временная таблица очищена
2023-06-03 09:50:52,360 [INFO    ] Загрузка новых объявлений в таблицу
2023-06-03 09:50:52,573 [INFO    ] 96266 существующих и 20808 новых объявлений
2023-06-03 09:51:29,954 [INFO    ] обновлена таблица realty
2023-06-03 09:51:39,635 [INFO    ] обновлены районы в таблице realty
2023-06-03 09:51:42,407 [INFO    ] Обновление существующих данных realty завершено
2023-06-03 09:51:55,447 [INFO    ] из новых объявлений удалось найти по адресу 10009, запрос в ddt для 4839 по уник. адресу из 10799
2023-06-03 09:51:55,447 [INFO    ] обновление районов для найденных в realty по адресу новых объявлений:
2023-06-03 09:51:55,621 [INFO    ] обнаружено 643 районов для 643 новых объявлений, найденных по адресу из 1465
2023-06-03 09:51:55,630 [INFO    ] 634 районов осталось незаполнено
2023-06-03 09:51:55,632 [INFO    ] переход к обновлению оставшихся (не найденных по адресу) 10799 новых объявлений (4839 адресов) для cian
2023-06-03 09:51:55,645 [INFO    ] попытка загрузить данные dadata из /var/www/yadisk_loader/saved_data_csv/cian_dadata_request_2023_06_01.csv
2023-06-03 09:51:55,860 [INFO    ] удалось загрузить исторические данные dadata
2023-06-03 09:51:58,871 [INFO    ] количество запросов к dadata составит: 642
2023-06-03 09:51:58,873 [INFO    ] 0%|          | 0/642 [00:00<?, ?it/s]
2023-06-03 09:51:59,218 [INFO    ] 4839it [00:00, 14024.47it/s]
2023-06-03 09:51:59,218 [INFO    ] dadata con closed succesfully
2023-06-03 09:51:59,221 [INFO    ] обращение к DDT по 4197/4839 адресам из cian заняло 0:00:03.588105
2023-06-03 09:51:59,237 [INFO    ] обращение к DDT выполнено для 7713/10799 новых объявлений, найден fias для 6293
2023-06-03 09:52:13,902 [INFO    ] уникальных троек по h_fias_id, ad_id, d_id, в таблице с районами и houses_jkh_ddt/id: 7713
2023-06-03 09:52:13,902 [INFO    ] выгрузка данных в таблицу realty
2023-06-03 09:52:18,025 [INFO    ] Добавлено районов к объявлениям realty: 9 - было 8030 стало 8039
2023-06-03 09:52:18,025 [INFO    ] Есть несовпадения районов c jkh, обновление районов в jkh для 897 записей
2023-06-03 09:52:21,122 [INFO    ] Временная таблица temp_jkh_houses очищена
2023-06-03 09:52:24,609 [INFO    ] Обновление данных jkh_houses завершено
2023-06-03 09:52:31,659 [INFO    ] все новые объявления добавлены
2023-06-03 09:52:33,170 [INFO    ] Успешно обработан файл циан 01-06-23 (без дублей).csv для prices
2023-06-03 09:52:33,170 [INFO    ] Выгрузка в таблицу prices обработанного файла из cian: циан 01-06-23 (без дублей).csv
2023-06-03 09:52:43,004 [INFO    ] обработка файла 01-06-23 (без дублей).csv для авито
2023-06-03 09:53:29,168 [INFO    ] Успешно обработан файл 01-06-23 (без дублей).csv для realty
2023-06-03 09:53:29,198 [INFO    ] Выгрузка в таблицу realty обработанного файла из авито: 01-06-23 (без дублей).csv
2023-06-03 09:53:29,279 [INFO    ] Временная таблица очищена
2023-06-03 09:53:29,826 [INFO    ] Загрузка новых объявлений в таблицу
2023-06-03 09:53:29,856 [INFO    ] 43392 существующих и 9775 новых объявлений
2023-06-03 09:53:42,404 [INFO    ] обновлена таблица realty
2023-06-03 09:53:42,906 [INFO    ] обновлены районы в таблице realty
2023-06-03 09:53:43,224 [INFO    ] Обновление существующих данных realty завершено
2023-06-03 09:53:46,901 [INFO    ] из новых объявлений удалось найти по адресу 3360, запрос в ddt для 2650 по уник. адресу из 6415
2023-06-03 09:53:46,901 [INFO    ] обновление районов для найденных в realty по адресу новых объявлений:
2023-06-03 09:53:47,257 [INFO    ] обнаружено 1876 районов для 1876 новых объявлений, найденных по адресу из 3360
2023-06-03 09:53:47,264 [INFO    ] 0 районов осталось незаполнено
2023-06-03 09:53:47,265 [INFO    ] переход к обновлению оставшихся (не найденных по адресу) 6415 новых объявлений (2650 адресов) для avito
2023-06-03 09:53:47,278 [INFO    ] попытка загрузить данные dadata из /var/www/yadisk_loader/saved_data_csv/avito_dadata_request_2023_06_01.csv
2023-06-03 09:53:47,457 [INFO    ] удалось загрузить исторические данные dadata
2023-06-03 09:53:50,464 [INFO    ] количество запросов к dadata составит: 159
2023-06-03 09:53:50,466 [INFO    ] 0%|          | 0/159 [00:00<?, ?it/s]
2023-06-03 09:53:50,612 [INFO    ] 2650it [00:00, 18106.43it/s]
2023-06-03 09:53:50,612 [INFO    ] dadata con closed succesfully
2023-06-03 09:53:50,614 [INFO    ] обращение к DDT по 2491/2650 адресам из avito заняло 0:00:03.348480
2023-06-03 09:53:50,624 [INFO    ] обращение к DDT выполнено для 5696/6415 новых объявлений, найден fias для 4215
2023-06-03 09:54:02,372 [INFO    ] уникальных троек по h_fias_id, ad_id, d_id, в таблице с районами и houses_jkh_ddt/id: 5696
2023-06-03 09:54:02,373 [INFO    ] выгрузка данных в таблицу realty
2023-06-03 09:54:04,430 [INFO    ] Добавлено районов к объявлениям realty: 1432 - было 0 стало 1432
2023-06-03 09:54:04,430 [INFO    ] Есть несовпадения районов c jkh, обновление районов в jkh для 0 записей
2023-06-03 09:54:07,531 [INFO    ] Временная таблица temp_jkh_houses очищена
2023-06-03 09:54:10,806 [INFO    ] Обновление данных jkh_houses завершено
2023-06-03 09:54:14,154 [INFO    ] все новые объявления добавлены
2023-06-03 09:54:14,842 [INFO    ] Успешно обработан файл 01-06-23 (без дублей).csv для prices
2023-06-03 09:54:14,842 [INFO    ] Выгрузка в таблицу prices обработанного файла из авито: 01-06-23 (без дублей).csv
2023-06-03 09:54:19,169 [INFO    ] Новые данные загружены по файлам ['01-06-23 (без дублей).csv'] из авито и ['циан 01-06-23 (без дублей).csv'] из циана за 0:05:41.574209
