2023-06-03 14:27:43,272 [INFO    ] Скрипт запущен: 2023-06-03 14:27:43.272230
2023-06-03 14:27:43,319 [INFO    ] Connected (version 2.0, client OpenSSH_7.4p1)
2023-06-03 14:27:43,382 [INFO    ] Authentication (publickey) failed.
2023-06-03 14:27:43,396 [INFO    ] Connected (version 2.0, client OpenSSH_7.4p1)
2023-06-03 14:27:43,536 [INFO    ] Authentication (password) successful!
2023-06-03 14:27:43,567 [INFO    ] connected to host 5.188.28.225 base app_nedvizhka_db
2023-06-03 14:27:43,673 [INFO    ] yandex token valid
2023-06-03 14:27:46,082 [INFO    ] Успешно загружено 1 файлов с личного диска: ['01-06-23 (без дублей).csv'] для avito
2023-06-03 14:27:46,203 [INFO    ] yandex token valid
2023-06-03 14:27:48,908 [INFO    ] Успешно загружено 1 файлов с личного диска: ['циан 01-06-23 (без дублей).csv'] для cian
2023-06-03 14:27:48,908 [INFO    ] ready to process files ['01-06-23 (без дублей).csv'], ['циан 01-06-23 (без дублей).csv']
2023-06-03 14:27:48,908 [INFO    ] обработка файла циан 01-06-23 (без дублей).csv для cian
2023-06-03 14:27:50,067 [INFO    ] обработка district_id:
2023-06-03 14:27:50,069 [INFO    ] districts_update:   0%|          | 0/117074 [00:00<?, ?it/s]
2023-06-03 14:28:05,071 [INFO    ] districts_update:  13%|#2        | 15103/117074 [00:15<01:41, 1006.82it/s]
2023-06-03 14:28:20,071 [INFO    ] districts_update:  26%|##5       | 30244/117074 [00:30<01:26, 1008.32it/s]
2023-06-03 14:28:30,163 [INFO    ] districts_update:  34%|###4      | 40374/117074 [00:40<01:16, 1008.32it/s]
2023-06-03 14:28:35,072 [INFO    ] districts_update:  39%|###8      | 45327/117074 [00:45<01:11, 1007.02it/s]
2023-06-03 14:28:50,107 [INFO    ] districts_update:  52%|#####1    | 60410/117074 [01:00<00:56, 1005.51it/s]
2023-06-03 14:29:00,192 [INFO    ] districts_update:  60%|######    | 70397/117074 [01:10<00:46, 1005.51it/s]
2023-06-03 14:29:05,107 [INFO    ] districts_update:  64%|######4   | 75260/117074 [01:15<00:41, 999.91it/s]
2023-06-03 14:29:20,108 [INFO    ] districts_update:  77%|#######7  | 90337/117074 [01:30<00:26, 1001.67it/s]
2023-06-03 14:29:30,213 [INFO    ] districts_update:  86%|########5 | 100148/117074 [01:40<00:16, 1001.67it/s]
2023-06-03 14:29:35,109 [INFO    ] districts_update:  90%|########9 | 104883/117074 [01:45<00:12, 991.22it/s]
2023-06-03 14:29:47,539 [INFO    ] districts_update: 100%|##########| 117074/117074 [01:57<00:00, 996.64it/s]
2023-06-03 14:29:47,540 [INFO    ] district add from realty
2023-06-03 14:29:48,778 [INFO    ] Успешно обработан файл циан 01-06-23 (без дублей).csv для realty
2023-06-03 14:29:48,786 [INFO    ] Выгрузка в таблицу realty обработанного файла из cian: циан 01-06-23 (без дублей).csv
2023-06-03 14:29:48,862 [INFO    ] Временная таблица очищена
2023-06-03 14:29:57,899 [INFO    ] Загрузка новых объявлений в таблицу
2023-06-03 14:29:58,111 [INFO    ] 96266 существующих и 20808 новых объявлений
2023-06-03 14:30:37,550 [INFO    ] обновлена таблица realty
2023-06-03 14:30:47,270 [INFO    ] обновлены районы в таблице realty
2023-06-03 14:30:49,840 [INFO    ] Обновление существующих данных realty завершено
2023-06-03 14:31:02,033 [INFO    ] из новых объявлений удалось найти по адресу 10009, запрос в ddt для 4839 по уник. адресу из 10799
2023-06-03 14:31:02,033 [INFO    ] обновление районов для найденных в realty по адресу новых объявлений:
2023-06-03 14:31:02,220 [INFO    ] обнаружено 643 районов для 643 новых объявлений, найденных по адресу из 1465
2023-06-03 14:31:02,230 [INFO    ] 634 районов осталось незаполнено
2023-06-03 14:31:02,232 [INFO    ] переход к обновлению оставшихся (не найденных по адресу) 10799 новых объявлений (4839 адресов) для cian
2023-06-03 14:31:02,245 [INFO    ] попытка загрузить данные dadata из /var/www/yadisk_loader/saved_data_csv/cian_dadata_request_2023_06_01.csv
2023-06-03 14:31:02,513 [INFO    ] удалось загрузить исторические данные dadata
2023-06-03 14:31:05,524 [INFO    ] количество запросов к dadata составит: 642
2023-06-03 14:31:05,525 [INFO    ] 0%|          | 0/642 [00:00<?, ?it/s]
2023-06-03 14:31:05,896 [INFO    ] 4839it [00:00, 13048.93it/s]
2023-06-03 14:31:05,896 [INFO    ] dadata con closed succesfully
2023-06-03 14:31:05,900 [INFO    ] обращение к DDT по 4197/4839 адресам из cian заняло 0:00:03.666931
2023-06-03 14:31:05,917 [INFO    ] обращение к DDT выполнено для 7713/10799 новых объявлений, найден fias для 6293
2023-06-03 14:31:21,520 [INFO    ] уникальных троек по h_fias_id, ad_id, d_id, в таблице с районами и houses_jkh_ddt/id: 7713
2023-06-03 14:31:21,521 [INFO    ] выгрузка данных в таблицу realty
2023-06-03 14:31:25,675 [INFO    ] Добавлено районов к объявлениям realty: 9 - было 8030 стало 8039
2023-06-03 14:31:25,675 [INFO    ] Есть несовпадения районов c jkh, обновление районов в jkh для 897 записей
2023-06-03 14:31:28,772 [INFO    ] Временная таблица temp_jkh_houses очищена
2023-06-03 14:31:32,252 [INFO    ] Обновление данных jkh_houses завершено
2023-06-03 14:31:39,211 [INFO    ] все новые объявления добавлены
2023-06-03 14:31:40,799 [INFO    ] Успешно обработан файл циан 01-06-23 (без дублей).csv для prices
2023-06-03 14:31:40,799 [INFO    ] Выгрузка в таблицу prices обработанного файла из cian: циан 01-06-23 (без дублей).csv
2023-06-03 14:31:51,008 [INFO    ] обработка файла 01-06-23 (без дублей).csv для авито
2023-06-03 14:32:36,836 [INFO    ] Успешно обработан файл 01-06-23 (без дублей).csv для realty
2023-06-03 14:32:36,866 [INFO    ] Выгрузка в таблицу realty обработанного файла из авито: 01-06-23 (без дублей).csv
2023-06-03 14:32:36,941 [INFO    ] Временная таблица очищена
2023-06-03 14:32:37,475 [INFO    ] Загрузка новых объявлений в таблицу
2023-06-03 14:32:37,506 [INFO    ] 43392 существующих и 9775 новых объявлений
2023-06-03 14:32:50,707 [INFO    ] обновлена таблица realty
2023-06-03 14:32:51,223 [INFO    ] обновлены районы в таблице realty
2023-06-03 14:32:51,505 [INFO    ] Обновление существующих данных realty завершено
2023-06-03 14:32:55,294 [INFO    ] из новых объявлений удалось найти по адресу 3360, запрос в ddt для 2650 по уник. адресу из 6415
2023-06-03 14:32:55,294 [INFO    ] обновление районов для найденных в realty по адресу новых объявлений:
2023-06-03 14:32:55,592 [INFO    ] обнаружено 1876 районов для 1876 новых объявлений, найденных по адресу из 3360
2023-06-03 14:32:55,598 [INFO    ] 0 районов осталось незаполнено
2023-06-03 14:32:55,599 [INFO    ] переход к обновлению оставшихся (не найденных по адресу) 6415 новых объявлений (2650 адресов) для avito
2023-06-03 14:32:55,612 [INFO    ] попытка загрузить данные dadata из /var/www/yadisk_loader/saved_data_csv/avito_dadata_request_2023_06_01.csv
2023-06-03 14:32:55,752 [INFO    ] удалось загрузить исторические данные dadata
2023-06-03 14:32:58,759 [INFO    ] количество запросов к dadata составит: 159
2023-06-03 14:32:58,760 [INFO    ] 0%|          | 0/159 [00:00<?, ?it/s]
2023-06-03 14:32:58,909 [INFO    ] 2650it [00:00, 17756.32it/s]
2023-06-03 14:32:58,909 [INFO    ] dadata con closed succesfully
2023-06-03 14:32:58,911 [INFO    ] обращение к DDT по 2491/2650 адресам из avito заняло 0:00:03.311753
2023-06-03 14:32:58,921 [INFO    ] обращение к DDT выполнено для 5696/6415 новых объявлений, найден fias для 4215
2023-06-03 14:33:10,483 [INFO    ] уникальных троек по h_fias_id, ad_id, d_id, в таблице с районами и houses_jkh_ddt/id: 5696
2023-06-03 14:33:10,484 [INFO    ] выгрузка данных в таблицу realty
2023-06-03 14:33:12,487 [INFO    ] Добавлено районов к объявлениям realty: 1432 - было 0 стало 1432
2023-06-03 14:33:12,487 [INFO    ] Есть несовпадения районов c jkh, обновление районов в jkh для 0 записей
2023-06-03 14:33:15,581 [INFO    ] Временная таблица temp_jkh_houses очищена
2023-06-03 14:33:18,857 [INFO    ] Обновление данных jkh_houses завершено
2023-06-03 14:33:22,435 [INFO    ] все новые объявления добавлены
2023-06-03 14:33:23,115 [INFO    ] Успешно обработан файл 01-06-23 (без дублей).csv для prices
2023-06-03 14:33:23,116 [INFO    ] Выгрузка в таблицу prices обработанного файла из авито: 01-06-23 (без дублей).csv
2023-06-03 14:33:27,520 [INFO    ] Новые данные загружены по файлам ['01-06-23 (без дублей).csv'] из авито и ['циан 01-06-23 (без дублей).csv'] из циана за 0:05:44.248119
2023-06-03 14:45:58,463 [INFO    ] нет новых данных для загрузки
