2023-05-04 04:19:28,914 [INFO    ] Скрипт запущен: 2023-05-04 04:19:28.914685
2023-05-04 04:19:28,968 [INFO    ] Connected (version 2.0, client OpenSSH_7.4p1)
2023-05-04 04:19:29,082 [INFO    ] Authentication (publickey) failed.
2023-05-04 04:19:29,089 [INFO    ] Connected (version 2.0, client OpenSSH_7.4p1)
2023-05-04 04:19:29,193 [INFO    ] Authentication (password) successful!
2023-05-04 04:19:29,369 [INFO    ] connected to host 92.53.64.66 base preprod_nedvizhka_db
2023-05-04 04:19:29,501 [INFO    ] yandex token valid
2023-05-04 04:19:38,981 [INFO    ] Успешно загружено 1 файлов с личного диска: ['02-05-23 (без дублей).csv'] для avito
2023-05-04 04:19:39,151 [INFO    ] yandex token valid
2023-05-04 04:19:39,478 [INFO    ] Успешно загружено 0 файлов с личного диска: [] для cian
2023-05-04 04:19:39,479 [INFO    ] ready to process files ['02-05-23 (без дублей).csv'], []
2023-05-04 04:19:39,532 [INFO    ] обработка файла 02-05-23 (без дублей).csv для авито
2023-05-04 04:20:55,115 [INFO    ] Успешно обработан файл 02-05-23 (без дублей).csv для realty
2023-05-04 04:20:55,138 [INFO    ] Выгрузка в таблицу realty обработанного файла из авито: 02-05-23 (без дублей).csv
2023-05-04 04:20:55,266 [INFO    ] Временная таблица очищена
2023-05-04 04:20:55,455 [INFO    ] Загрузка новых объявлений в таблицу
2023-05-04 04:20:55,594 [INFO    ] 0 существующих и 178412 новых объявлений
2023-05-04 04:20:55,595 [INFO    ] не было обнаружено пересечений в данных, переход к добавлению цен в prices
2023-05-04 04:20:55,609 [INFO    ] тестовый запуск - будет обработано 18409 новых объявлений для avito
2023-05-04 04:20:55,632 [INFO    ] попытка загрузить данные dadata из /var/www/yadisk_loader/saved_data_csv/avito_dadata_request_2023_05_02.csv
2023-05-04 04:20:57,753 [INFO    ] удалось загрузить исторические данные dadata
2023-05-04 04:20:57,758 [INFO    ] количество запросов к dadata составит: 1691
2023-05-04 04:21:07,785 [INFO    ] 0%|          | 0/18409 [00:00<?, ?it/s]
2023-05-04 04:21:11,791 [INFO    ] 100%|##########| 18409/18409 [00:04<00:00, 4596.05it/s]
2023-05-04 04:21:11,791 [INFO    ] dadata con closed succesfully
2023-05-04 04:21:11,791 [INFO    ] обращение к дадата по 16718/18409 записям из avito заняло 0:00:16.182185
2023-05-04 04:21:34,481 [INFO    ] уникальных троек по h_fias_id, ad_id, d_id, в таблице с районами и houses_jkh_ddt/id: 16718
2023-05-04 04:21:34,482 [INFO    ] выгрузка данных в таблицу realty
2023-05-04 04:21:44,414 [INFO    ] Добавлено районов к объявлениям realty: 7982 - было 0 стало 7982
2023-05-04 04:21:44,414 [INFO    ] Есть несовпадения районов c jkh, обновление районов в jkh для 0 записей
2023-05-04 04:21:47,535 [INFO    ] Временная таблица temp_jkh_houses очищена
2023-05-04 04:21:50,841 [INFO    ] Обновление данных jkh_houses завершено
2023-05-04 04:22:00,340 [INFO    ] новые объявления добавлены, переход к обновлению существующих
2023-05-04 04:22:01,171 [INFO    ] Успешно обработан файл 02-05-23 (без дублей).csv для prices
2023-05-04 04:22:01,171 [INFO    ] Выгрузка в таблицу prices обработанного файла из авито: 02-05-23 (без дублей).csv
2023-05-04 04:22:03,586 [INFO    ] Новые данные загружены по файлам ['02-05-23 (без дублей).csv'] из авито и [] из циана за 0:02:34.671559
