2023-06-03 14:22:39,427 [INFO    ] Скрипт запущен: 2023-06-03 14:22:39.427368
2023-06-03 14:22:39,476 [INFO    ] Connected (version 2.0, client OpenSSH_7.4p1)
2023-06-03 14:22:39,592 [INFO    ] Authentication (publickey) failed.
2023-06-03 14:22:39,606 [INFO    ] Connected (version 2.0, client OpenSSH_7.4p1)
2023-06-03 14:22:39,718 [INFO    ] Authentication (password) successful!
2023-06-03 14:22:39,748 [INFO    ] connected to host 5.188.28.225 base app_nedvizhka_db
2023-06-03 14:22:39,904 [INFO    ] yandex token valid
2023-06-03 14:22:40,557 [INFO    ] Успешно загружено 0 файлов с личного диска: [] для avito
2023-06-03 14:22:40,721 [INFO    ] yandex token valid
2023-06-03 14:22:43,174 [INFO    ] Успешно загружено 1 файлов с личного диска: ['циан 17-05-23 (без дублей).csv'] для cian
2023-06-03 14:22:43,175 [INFO    ] ready to process files [], ['циан 17-05-23 (без дублей).csv']
2023-06-03 14:22:43,175 [INFO    ] обработка файла циан 17-05-23 (без дублей).csv для cian
2023-06-03 14:22:44,399 [INFO    ] обработка district_id:
2023-06-03 14:22:44,401 [INFO    ] districts_update:   0%|          | 0/121065 [00:00<?, ?it/s]
2023-06-03 14:22:59,402 [INFO    ] districts_update:  12%|#2        | 14634/121065 [00:15<01:49, 975.59it/s]
2023-06-03 14:23:14,402 [INFO    ] districts_update:  24%|##4       | 29409/121065 [00:30<01:33, 981.11it/s]
2023-06-03 14:23:24,411 [INFO    ] districts_update:  32%|###2      | 39201/121065 [00:40<01:23, 981.11it/s]
2023-06-03 14:23:29,403 [INFO    ] districts_update:  36%|###6      | 44110/121065 [00:45<01:18, 980.60it/s]
2023-06-03 14:23:44,403 [INFO    ] districts_update:  49%|####8     | 59246/121065 [01:00<01:02, 991.83it/s]
2023-06-03 14:23:54,419 [INFO    ] districts_update:  57%|#####7    | 69147/121065 [01:10<00:52, 991.83it/s]
2023-06-03 14:23:59,404 [INFO    ] districts_update:  61%|######1   | 74282/121065 [01:15<00:46, 995.63it/s]
2023-06-03 14:24:14,426 [INFO    ] districts_update:  74%|#######3  | 89238/121065 [01:30<00:31, 995.63it/s]
2023-06-03 14:24:14,426 [INFO    ] districts_update:  74%|#######3  | 89239/121065 [01:30<00:31, 995.64it/s]
2023-06-03 14:24:24,429 [INFO    ] districts_update:  82%|########2 | 99279/121065 [01:40<00:21, 995.64it/s]
2023-06-03 14:24:29,427 [INFO    ] districts_update:  86%|########6 | 104121/121065 [01:45<00:17, 994.49it/s]
2023-06-03 14:24:44,427 [INFO    ] districts_update:  98%|#########8| 119103/121065 [02:00<00:01, 995.85it/s]
2023-06-03 14:24:46,471 [INFO    ] districts_update: 100%|##########| 121065/121065 [02:02<00:00, 991.77it/s]
2023-06-03 14:24:46,472 [INFO    ] district add from realty
2023-06-03 14:24:47,743 [INFO    ] Успешно обработан файл циан 17-05-23 (без дублей).csv для realty
2023-06-03 14:24:47,752 [INFO    ] Выгрузка в таблицу realty обработанного файла из cian: циан 17-05-23 (без дублей).csv
2023-06-03 14:24:47,825 [INFO    ] Временная таблица очищена
2023-06-03 14:24:56,360 [INFO    ] Загрузка новых объявлений в таблицу
2023-06-03 14:24:56,563 [INFO    ] 117165 существующих и 3900 новых объявлений
2023-06-03 14:25:44,325 [INFO    ] обновлена таблица realty
2023-06-03 14:25:51,697 [INFO    ] обновлены районы в таблице realty
2023-06-03 14:25:58,169 [INFO    ] Обновление существующих данных realty завершено
2023-06-03 14:26:10,406 [INFO    ] из новых объявлений удалось найти по адресу 1064, запрос в ddt для 850 по уник. адресу из 2836
2023-06-03 14:26:10,406 [INFO    ] обновление районов для найденных в realty по адресу новых объявлений:
2023-06-03 14:26:10,610 [INFO    ] обнаружено 133 районов для 133 новых объявлений, найденных по адресу из 188
2023-06-03 14:26:10,615 [INFO    ] 129 районов осталось незаполнено
2023-06-03 14:26:10,616 [INFO    ] переход к обновлению оставшихся (не найденных по адресу) 2836 новых объявлений (850 адресов) для cian
2023-06-03 14:26:10,629 [INFO    ] попытка загрузить данные dadata из /var/www/yadisk_loader/saved_data_csv/cian_dadata_request_2023_05_17.csv
2023-06-03 14:26:10,670 [INFO    ] удалось загрузить исторические данные dadata
2023-06-03 14:26:13,676 [INFO    ] количество запросов к dadata составит: 149
2023-06-03 14:26:13,677 [INFO    ] 0%|          | 0/149 [00:00<?, ?it/s]
2023-06-03 14:26:13,723 [INFO    ] 850it [00:00, 18186.52it/s]
2023-06-03 14:26:13,723 [INFO    ] dadata con closed succesfully
2023-06-03 14:26:13,724 [INFO    ] обращение к DDT по 701/850 адресам из cian заняло 0:00:03.108365
2023-06-03 14:26:13,731 [INFO    ] обращение к DDT выполнено для 1428/2836 новых объявлений, найден fias для 1030
2023-06-03 14:26:26,294 [INFO    ] уникальных троек по h_fias_id, ad_id, d_id, в таблице с районами и houses_jkh_ddt/id: 1428
2023-06-03 14:26:26,294 [INFO    ] выгрузка данных в таблицу realty
2023-06-03 14:26:27,269 [INFO    ] Добавлено районов к объявлениям realty: 1 - было 1966 стало 1967
2023-06-03 14:26:27,269 [INFO    ] Есть несовпадения районов c jkh, обновление районов в jkh для 87 записей
2023-06-03 14:26:30,365 [INFO    ] Временная таблица temp_jkh_houses очищена
2023-06-03 14:26:33,771 [INFO    ] Обновление данных jkh_houses завершено
2023-06-03 14:26:35,316 [INFO    ] все новые объявления добавлены
2023-06-03 14:26:36,914 [INFO    ] Успешно обработан файл циан 17-05-23 (без дублей).csv для prices
2023-06-03 14:26:36,914 [INFO    ] Выгрузка в таблицу prices обработанного файла из cian: циан 17-05-23 (без дублей).csv
2023-06-03 14:26:46,151 [INFO    ] Новые данные загружены по файлам [] из авито и ['циан 17-05-23 (без дублей).csv'] из циана за 0:04:06.724042
2023-06-03 14:26:57,190 [INFO    ] нет новых данных для загрузки
