2023-07-07 16:22:23,599 [INFO    ] Скрипт запущен: 2023-07-07 16:22:23.599660
2023-07-07 16:22:23,633 [INFO    ] Connected (version 2.0, client OpenSSH_7.4p1)
2023-07-07 16:22:23,683 [INFO    ] Authentication (publickey) failed.
2023-07-07 16:22:23,687 [INFO    ] Connected (version 2.0, client OpenSSH_7.4p1)
2023-07-07 16:22:23,738 [INFO    ] Authentication (password) successful!
2023-07-07 16:22:23,750 [INFO    ] connected to host 92.53.64.66 base app_nedvizhka_db
2023-07-07 16:22:23,918 [INFO    ] yandex token valid
2023-07-07 16:22:26,367 [INFO    ] Успешно загружено 1 файлов с личного диска: ['06-07-23 (без дублей).csv'] для avito
2023-07-07 16:22:26,488 [INFO    ] yandex token valid
2023-07-07 16:22:28,044 [INFO    ] Успешно загружено 1 файлов с личного диска: ['циан 06-07-23 (без дублей).csv'] для cian
2023-07-07 16:22:28,044 [INFO    ] ready to process files ['06-07-23 (без дублей).csv'], ['циан 06-07-23 (без дублей).csv']
2023-07-07 16:22:28,101 [INFO    ] обработка файла циан 06-07-23 (без дублей).csv для cian
2023-07-07 16:22:29,270 [INFO    ] обработка district_id:
2023-07-07 16:22:29,272 [INFO    ] districts_update:   0%|          | 0/115967 [00:00<?, ?it/s]
2023-07-07 16:22:44,273 [INFO    ] districts_update:  13%|#2        | 14630/115967 [00:15<01:43, 975.30it/s]
2023-07-07 16:22:59,273 [INFO    ] districts_update:  25%|##5       | 29448/115967 [00:30<01:28, 982.68it/s]
2023-07-07 16:23:09,278 [INFO    ] districts_update:  34%|###3      | 39367/115967 [00:40<01:17, 982.68it/s]
2023-07-07 16:23:14,273 [INFO    ] districts_update:  38%|###8      | 44313/115967 [00:45<01:12, 986.46it/s]
2023-07-07 16:23:29,274 [INFO    ] districts_update:  51%|#####1    | 59381/115967 [01:00<00:56, 993.59it/s]
2023-07-07 16:23:39,355 [INFO    ] districts_update:  60%|######    | 69582/115967 [01:10<00:46, 993.59it/s]
2023-07-07 16:23:44,274 [INFO    ] districts_update:  64%|######4   | 74674/115967 [01:15<00:41, 1002.93it/s]
2023-07-07 16:23:59,275 [INFO    ] districts_update:  78%|#######7  | 90050/115967 [01:30<00:25, 1010.44it/s]
2023-07-07 16:24:09,383 [INFO    ] districts_update:  87%|########6 | 100402/115967 [01:40<00:15, 1010.44it/s]
2023-07-07 16:24:14,275 [INFO    ] districts_update:  91%|######### | 105415/115967 [01:45<00:10, 1014.98it/s]
2023-07-07 16:24:24,334 [INFO    ] districts_update: 100%|##########| 115967/115967 [01:55<00:00, 1007.87it/s]
2023-07-07 16:24:24,334 [INFO    ] district add from realty
2023-07-07 16:24:25,127 [INFO    ] Успешно обработан файл циан 06-07-23 (без дублей).csv для realty
2023-07-07 16:24:25,175 [INFO    ] Выгрузка в таблицу realty обработанного файла из cian: циан 06-07-23 (без дублей).csv
2023-07-07 16:24:25,263 [INFO    ] Временная таблица очищена
2023-07-07 16:24:32,198 [INFO    ] Загрузка новых объявлений в таблицу
2023-07-07 16:24:32,424 [INFO    ] 110192 существующих и 5775 новых объявлений
2023-07-07 16:25:51,485 [INFO    ] обновлена таблица realty
2023-07-07 16:26:12,186 [INFO    ] обновлены районы в таблице realty
2023-07-07 16:26:27,861 [INFO    ] Обновление существующих данных realty завершено
2023-07-07 16:26:45,422 [INFO    ] из новых объяв найдено по адресу 944, запрос в ddt для 594 уник. адресов из 4831
2023-07-07 16:26:45,423 [INFO    ] обновление районов для найденных в realty по адресу новых объявлений:
2023-07-07 16:26:45,604 [INFO    ] обнаружено 94 районов для 94 новых объявлений, найденных по адресу из 240
2023-07-07 16:26:45,609 [INFO    ] 93 районов осталось незаполнено
2023-07-07 16:26:45,610 [INFO    ] переход к обновлению оставшихся (не найденных по адресу) 4831 новых объявлений (594 адресов) для cian
2023-07-07 16:26:45,623 [INFO    ] попытка загрузить данные dadata из /var/www/yadisk_loader/saved_data_csv/cian_dadata_request_2023_07_06.csv
2023-07-07 16:26:45,626 [INFO    ] удалось загрузить исторические данные dadata
2023-07-07 16:26:48,632 [INFO    ] количество запросов к dadata составит: 594
2023-07-07 16:26:48,633 [INFO    ] 0%|          | 0/594 [00:00<?, ?it/s]
2023-07-07 16:26:48,729 [INFO    ] HTTP Request: POST https://cleaner.dadata.ru/api/v1/clean/address "HTTP/1.1 403 "
2023-07-07 16:26:48,796 [INFO    ] HTTP Request: GET https://dadata.ru/api/v2/profile/balance "HTTP/1.1 200 OK"
2023-07-07 16:26:48,796 [INFO    ] закончились деньги на Dadata: остаток 0.0 Р
2023-07-07 16:26:48,796 [INFO    ] 0%|          | 0/594 [00:00<?, ?it/s]
2023-07-07 16:26:48,797 [INFO    ] dadata con closed succesfully
2023-07-07 16:26:48,799 [INFO    ] обращение к DDT по 594/594 адресам из cian заняло 0:00:03.188322
2023-07-07 16:26:48,806 [INFO    ] обращение к DDT выполнено для 0/4831 новых объявлений, найден fias для 0
2023-07-07 16:27:04,112 [INFO    ] уникальных троек по h_fias_id, ad_id, d_id, в таблице с районами и houses_jkh_ddt/id: 1
2023-07-07 16:27:04,113 [INFO    ] нет новых записей с houses_jkh_ddt/id, добавляю результаты парсинга as is
2023-07-07 16:27:07,721 [INFO    ] Успешно обработан файл циан 06-07-23 (без дублей).csv для prices
2023-07-07 16:27:07,721 [INFO    ] Выгрузка в таблицу prices обработанного файла из cian: циан 06-07-23 (без дублей).csv
2023-07-07 16:27:17,462 [INFO    ] обработка файла 06-07-23 (без дублей).csv для авито
2023-07-07 16:27:59,315 [INFO    ] Успешно обработан файл 06-07-23 (без дублей).csv для realty
2023-07-07 16:27:59,355 [INFO    ] Выгрузка в таблицу realty обработанного файла из авито: 06-07-23 (без дублей).csv
2023-07-07 16:27:59,443 [INFO    ] Временная таблица очищена
2023-07-07 16:28:00,095 [INFO    ] Загрузка новых объявлений в таблицу
2023-07-07 16:28:00,134 [INFO    ] 49096 существующих и 659 новых объявлений
2023-07-07 16:28:33,120 [INFO    ] обновлена таблица realty
2023-07-07 16:28:33,670 [INFO    ] обновлены районы в таблице realty
2023-07-07 16:28:41,917 [INFO    ] Обновление существующих данных realty завершено
2023-07-07 16:28:47,010 [INFO    ] из новых объяв найдено по адресу 297, запрос в ddt для 274 уник. адресов из 362
2023-07-07 16:28:47,010 [INFO    ] обновление районов для найденных в realty по адресу новых объявлений:
2023-07-07 16:28:47,237 [INFO    ] обнаружено 256 районов для 256 новых объявлений, найденных по адресу из 297
2023-07-07 16:28:47,242 [INFO    ] 0 районов осталось незаполнено
2023-07-07 16:28:47,242 [INFO    ] переход к обновлению оставшихся (не найденных по адресу) 362 новых объявлений (274 адресов) для avito
2023-07-07 16:28:47,255 [INFO    ] попытка загрузить данные dadata из /var/www/yadisk_loader/saved_data_csv/avito_dadata_request_2023_07_06.csv
2023-07-07 16:28:47,258 [INFO    ] удалось загрузить исторические данные dadata
2023-07-07 16:28:50,262 [INFO    ] количество запросов к dadata составит: 274
2023-07-07 16:28:50,263 [INFO    ] 0%|          | 0/274 [00:00<?, ?it/s]
2023-07-07 16:28:50,361 [INFO    ] HTTP Request: POST https://cleaner.dadata.ru/api/v1/clean/address "HTTP/1.1 403 "
2023-07-07 16:28:50,417 [INFO    ] HTTP Request: GET https://dadata.ru/api/v2/profile/balance "HTTP/1.1 200 OK"
2023-07-07 16:28:50,417 [INFO    ] закончились деньги на Dadata: остаток 0.0 Р
2023-07-07 16:28:50,417 [INFO    ] 0%|          | 1/274 [00:00<00:42,  6.46it/s]
2023-07-07 16:28:50,418 [INFO    ] dadata con closed succesfully
2023-07-07 16:28:50,418 [INFO    ] обращение к DDT по 273/274 адресам из avito заняло 0:00:03.176002
2023-07-07 16:28:50,422 [INFO    ] обращение к DDT выполнено для 0/362 новых объявлений, найден fias для 0
2023-07-07 16:29:05,459 [INFO    ] уникальных троек по h_fias_id, ad_id, d_id, в таблице с районами и houses_jkh_ddt/id: 1
2023-07-07 16:29:05,460 [INFO    ] нет новых записей с houses_jkh_ddt/id, добавляю результаты парсинга as is
2023-07-07 16:29:06,664 [INFO    ] Успешно обработан файл 06-07-23 (без дублей).csv для prices
2023-07-07 16:29:06,664 [INFO    ] Выгрузка в таблицу prices обработанного файла из авито: 06-07-23 (без дублей).csv
2023-07-07 16:29:10,962 [INFO    ] Новые данные загружены по файлам ['06-07-23 (без дублей).csv'] из авито и ['циан 06-07-23 (без дублей).csv'] из циана за 0:06:47.363012
