2023-06-30 17:16:37,047 [INFO    ] Скрипт запущен: 2023-06-30 17:16:37.047157
2023-06-30 17:16:37,080 [INFO    ] Connected (version 2.0, client OpenSSH_7.4p1)
2023-06-30 17:16:37,131 [INFO    ] Authentication (publickey) failed.
2023-06-30 17:16:37,135 [INFO    ] Connected (version 2.0, client OpenSSH_7.4p1)
2023-06-30 17:16:37,186 [INFO    ] Authentication (password) successful!
2023-06-30 17:16:37,199 [INFO    ] connected to host 92.53.64.66 base app_nedvizhka_db
2023-06-30 17:16:37,384 [INFO    ] yandex token valid
2023-06-30 17:16:40,620 [INFO    ] Успешно загружено 1 файлов с личного диска: ['29-06-23 (без дублей).csv'] для avito
2023-06-30 17:16:40,772 [INFO    ] yandex token valid
2023-06-30 17:16:42,249 [INFO    ] Успешно загружено 0 файлов с личного диска: [] для cian
2023-06-30 17:16:42,250 [INFO    ] ready to process files ['29-06-23 (без дублей).csv'], []
2023-06-30 17:16:42,330 [INFO    ] обработка файла 29-06-23 (без дублей).csv для авито
2023-06-30 17:17:25,536 [INFO    ] Успешно обработан файл 29-06-23 (без дублей).csv для realty
2023-06-30 17:17:25,578 [INFO    ] Выгрузка в таблицу realty обработанного файла из авито: 29-06-23 (без дублей).csv
2023-06-30 17:17:25,672 [INFO    ] Временная таблица очищена
2023-06-30 17:17:26,328 [INFO    ] Загрузка новых объявлений в таблицу
2023-06-30 17:17:26,376 [INFO    ] 49069 существующих и 1569 новых объявлений
2023-06-30 17:18:00,912 [INFO    ] обновлена таблица realty
2023-06-30 17:18:01,427 [INFO    ] обновлены районы в таблице realty
2023-06-30 17:18:12,047 [INFO    ] Обновление существующих данных realty завершено
2023-06-30 17:18:16,790 [INFO    ] из новых объяв найдено по адресу 593, запрос в ddt для 434 уник. адресов из 976
2023-06-30 17:18:16,791 [INFO    ] обновление районов для найденных в realty по адресу новых объявлений:
2023-06-30 17:18:17,076 [INFO    ] обнаружено 358 районов для 358 новых объявлений, найденных по адресу из 593
2023-06-30 17:18:17,083 [INFO    ] 0 районов осталось незаполнено
2023-06-30 17:18:17,083 [INFO    ] переход к обновлению оставшихся (не найденных по адресу) 976 новых объявлений (434 адресов) для avito
2023-06-30 17:18:17,105 [INFO    ] попытка загрузить данные dadata из /var/www/yadisk_loader/saved_data_csv/avito_dadata_request_2023_06_29.csv
2023-06-30 17:18:17,129 [INFO    ] удалось загрузить исторические данные dadata
2023-06-30 17:18:20,134 [INFO    ] количество запросов к dadata составит: 43
2023-06-30 17:18:20,137 [INFO    ] 0%|          | 0/43 [00:00<?, ?it/s]
2023-06-30 17:18:20,158 [INFO    ] 434it [00:00, 20622.51it/s]
2023-06-30 17:18:20,158 [INFO    ] dadata con closed succesfully
2023-06-30 17:18:20,159 [INFO    ] обращение к DDT по 391/434 адресам из avito заняло 0:00:03.076122
2023-06-30 17:18:20,165 [INFO    ] обращение к DDT выполнено для 826/976 новых объявлений, найден fias для 632
2023-06-30 17:18:26,574 [INFO    ] уникальных троек по h_fias_id, ad_id, d_id, в таблице с районами и houses_jkh_ddt/id: 826
2023-06-30 17:18:26,574 [INFO    ] выгрузка данных в таблицу realty
2023-06-30 17:18:26,896 [INFO    ] Добавлено районов к объявлениям realty: 163 - было 0 стало 163
2023-06-30 17:18:26,896 [INFO    ] Есть несовпадения районов c jkh, обновление районов в jkh для 0 записей
2023-06-30 17:18:30,035 [INFO    ] Временная таблица temp_jkh_houses очищена
2023-06-30 17:18:33,391 [INFO    ] Обновление данных jkh_houses завершено
2023-06-30 17:18:34,189 [INFO    ] все новые объявления добавлены
2023-06-30 17:18:34,912 [INFO    ] Успешно обработан файл 29-06-23 (без дублей).csv для prices
2023-06-30 17:18:34,912 [INFO    ] Выгрузка в таблицу prices обработанного файла из авито: 29-06-23 (без дублей).csv
2023-06-30 17:18:42,791 [INFO    ] Новые данные загружены по файлам ['29-06-23 (без дублей).csv'] из авито и [] из циана за 0:02:05.744250
