2023-08-10 14:14:06,274 [INFO    ] Скрипт запущен: 2023-08-10 14:14:06.274638
2023-08-10 14:14:06,307 [INFO    ] Connected (version 2.0, client OpenSSH_7.4p1)
2023-08-10 14:14:06,363 [INFO    ] Authentication (publickey) failed.
2023-08-10 14:14:06,366 [INFO    ] Connected (version 2.0, client OpenSSH_7.4p1)
2023-08-10 14:14:06,418 [INFO    ] Authentication (password) successful!
2023-08-10 14:14:06,437 [INFO    ] connected to host 92.53.64.66 base app_nedvizhka_db
2023-08-10 14:14:06,566 [INFO    ] yandex token valid
2023-08-10 14:14:09,324 [INFO    ] Успешно загружено 1 файлов с личного диска: ['09-08-23 (без дублей).csv'] для avito
2023-08-10 14:14:09,494 [INFO    ] yandex token valid
2023-08-10 14:14:12,205 [INFO    ] Успешно загружено 1 файлов с личного диска: ['циан 09-08-23 (без дублей).csv'] для cian
2023-08-10 14:14:12,206 [INFO    ] ready to process files ['09-08-23 (без дублей).csv'], ['циан 09-08-23 (без дублей).csv']
2023-08-10 14:14:12,347 [INFO    ] обработка файла циан 09-08-23 (без дублей).csv для cian
2023-08-10 14:14:13,485 [INFO    ] обработка district_id:
2023-08-10 14:14:13,488 [INFO    ] districts_update:   0%|          | 0/116440 [00:00<?, ?it/s]
2023-08-10 14:14:28,488 [INFO    ] districts_update:  13%|#2        | 14891/116440 [00:15<01:42, 992.69it/s]
2023-08-10 14:14:43,494 [INFO    ] districts_update:  25%|##5       | 29663/116440 [00:30<01:27, 992.69it/s]
2023-08-10 14:14:43,494 [INFO    ] districts_update:  25%|##5       | 29664/116440 [00:30<01:27, 987.87it/s]
2023-08-10 14:14:53,496 [INFO    ] districts_update:  34%|###3      | 39585/116440 [00:40<01:17, 987.87it/s]
2023-08-10 14:14:58,494 [INFO    ] districts_update:  38%|###8      | 44578/116440 [00:45<01:12, 990.78it/s]
2023-08-10 14:15:13,495 [INFO    ] districts_update:  51%|#####1    | 59675/116440 [01:00<00:56, 996.97it/s]
2023-08-10 14:15:23,529 [INFO    ] districts_update:  60%|######    | 70044/116440 [01:10<00:46, 996.97it/s]
2023-08-10 14:15:28,495 [INFO    ] districts_update:  64%|######4   | 75021/116440 [01:15<00:41, 1006.36it/s]
2023-08-10 14:15:32,664 [INFO    ] добавлен новый район "Шхафит" в districts функцией district_from_rn_mkrn
2023-08-10 14:15:43,542 [INFO    ] districts_update:  77%|#######6  | 89188/116440 [01:30<00:27, 1006.36it/s]
2023-08-10 14:15:43,542 [INFO    ] districts_update:  77%|#######6  | 89189/116440 [01:30<00:27, 984.30it/s]
2023-08-10 14:15:53,546 [INFO    ] districts_update:  85%|########5 | 99162/116440 [01:40<00:17, 984.30it/s]
2023-08-10 14:15:58,543 [INFO    ] districts_update:  89%|########9 | 104018/116440 [01:45<00:12, 985.68it/s]
2023-08-10 14:16:11,236 [INFO    ] districts_update: 100%|##########| 116440/116440 [01:57<00:00, 988.89it/s]
2023-08-10 14:16:11,236 [INFO    ] 
2023-08-10 14:16:11,243 [INFO    ] district add from realty
2023-08-10 14:16:12,055 [INFO    ] Успешно обработан файл циан 09-08-23 (без дублей).csv для realty
2023-08-10 14:16:12,103 [INFO    ] Выгрузка в таблицу realty обработанного файла из cian: циан 09-08-23 (без дублей).csv
2023-08-10 14:16:12,328 [INFO    ] Временная таблица создана
2023-08-10 14:16:20,251 [INFO    ] Загрузка новых объявлений в таблицу
2023-08-10 14:16:20,492 [INFO    ] 113307 существующих и 3133 новых объявлений
2023-08-10 14:16:20,539 [INFO    ] temp таблица очищена, загружаются данные
2023-08-10 14:17:01,847 [INFO    ] обновлена таблица realty
2023-08-10 14:17:14,328 [INFO    ] обновлены районы в таблице realty
2023-08-10 14:17:16,666 [INFO    ] Обновление существующих данных realty завершено
2023-08-10 14:17:36,685 [INFO    ] из новых объяв найдено по адресу 1077, запрос в ddt для 830 уник. адресов из 2056
2023-08-10 14:17:36,685 [INFO    ] обновление районов для найденных в realty по адресу новых объявлений:
2023-08-10 14:17:36,882 [INFO    ] обнаружено 63 районов для 63 новых объявлений, найденных по адресу из 100
2023-08-10 14:17:36,887 [INFO    ] 59 районов осталось незаполнено
2023-08-10 14:17:36,888 [INFO    ] переход к обновлению оставшихся (не найденных по адресу) 2056 новых объявлений (830 адресов) для cian
2023-08-10 14:17:36,901 [INFO    ] загрузка данных dadata из /var/www/yadisk_loader/saved_data_csv/cian_dadata_request.csv
2023-08-10 14:17:37,151 [INFO    ] удалось загрузить исторические данные dadata
2023-08-10 14:17:39,156 [INFO    ] количество запросов к dadata составит: 830
2023-08-10 14:17:39,157 [INFO    ] 0%|          | 0/391 [00:00<?, ?it/s]
2023-08-10 14:17:39,434 [INFO    ] HTTP Request: POST https://cleaner.dadata.ru/api/v1/clean/address "HTTP/1.1 200 "
2023-08-10 14:17:39,553 [INFO    ] HTTP Request: POST https://cleaner.dadata.ru/api/v1/clean/address "HTTP/1.1 200 "
2023-08-10 14:17:39,838 [INFO    ] HTTP Request: POST https://cleaner.dadata.ru/api/v1/clean/address "HTTP/1.1 200 "
2023-08-10 14:17:40,002 [INFO    ] HTTP Request: POST https://cleaner.dadata.ru/api/v1/clean/address "HTTP/1.1 200 "
2023-08-10 14:17:40,159 [INFO    ] HTTP Request: POST https://cleaner.dadata.ru/api/v1/clean/address "HTTP/1.1 200 "
2023-08-10 14:17:40,294 [INFO    ] HTTP Request: POST https://cleaner.dadata.ru/api/v1/clean/address "HTTP/1.1 200 "
2023-08-10 14:17:40,418 [INFO    ] HTTP Request: POST https://cleaner.dadata.ru/api/v1/clean/address "HTTP/1.1 200 "
2023-08-10 14:17:40,596 [INFO    ] HTTP Request: POST https://cleaner.dadata.ru/api/v1/clean/address "HTTP/1.1 200 "
2023-08-10 14:17:40,720 [INFO    ] HTTP Request: POST https://cleaner.dadata.ru/api/v1/clean/address "HTTP/1.1 200 "
2023-08-10 14:17:40,841 [INFO    ] HTTP Request: POST https://cleaner.dadata.ru/api/v1/clean/address "HTTP/1.1 200 "
2023-08-10 14:17:40,906 [INFO    ] HTTP Request: POST https://cleaner.dadata.ru/api/v1/clean/address "HTTP/1.1 200 "
2023-08-10 14:17:41,041 [INFO    ] HTTP Request: POST https://cleaner.dadata.ru/api/v1/clean/address "HTTP/1.1 200 "
2023-08-10 14:17:41,121 [INFO    ] HTTP Request: POST https://cleaner.dadata.ru/api/v1/clean/address "HTTP/1.1 200 "
2023-08-10 14:17:41,197 [INFO    ] HTTP Request: POST https://cleaner.dadata.ru/api/v1/clean/address "HTTP/1.1 200 "
2023-08-10 14:17:41,253 [INFO    ] HTTP Request: POST https://cleaner.dadata.ru/api/v1/clean/address "HTTP/1.1 200 "
2023-08-10 14:17:41,381 [INFO    ] HTTP Request: POST https://cleaner.dadata.ru/api/v1/clean/address "HTTP/1.1 200 "
2023-08-10 14:17:41,555 [INFO    ] HTTP Request: POST https://cleaner.dadata.ru/api/v1/clean/address "HTTP/1.1 200 "
2023-08-10 14:17:41,810 [INFO    ] HTTP Request: POST https://cleaner.dadata.ru/api/v1/clean/address "HTTP/1.1 200 "
2023-08-10 14:17:41,996 [INFO    ] HTTP Request: POST https://cleaner.dadata.ru/api/v1/clean/address "HTTP/1.1 200 "
2023-08-10 14:17:42,076 [INFO    ] HTTP Request: POST https://cleaner.dadata.ru/api/v1/clean/address "HTTP/1.1 200 "
2023-08-10 14:17:42,255 [INFO    ] HTTP Request: POST https://cleaner.dadata.ru/api/v1/clean/address "HTTP/1.1 200 "
2023-08-10 14:17:42,345 [INFO    ] HTTP Request: POST https://cleaner.dadata.ru/api/v1/clean/address "HTTP/1.1 200 "
2023-08-10 14:17:42,410 [INFO    ] HTTP Request: POST https://cleaner.dadata.ru/api/v1/clean/address "HTTP/1.1 200 "
2023-08-10 14:17:42,508 [INFO    ] HTTP Request: POST https://cleaner.dadata.ru/api/v1/clean/address "HTTP/1.1 200 "
2023-08-10 14:17:42,722 [INFO    ] HTTP Request: POST https://cleaner.dadata.ru/api/v1/clean/address "HTTP/1.1 200 "
2023-08-10 14:17:42,996 [INFO    ] HTTP Request: POST https://cleaner.dadata.ru/api/v1/clean/address "HTTP/1.1 200 "
2023-08-10 14:17:43,069 [INFO    ] HTTP Request: POST https://cleaner.dadata.ru/api/v1/clean/address "HTTP/1.1 200 "
2023-08-10 14:17:43,247 [INFO    ] HTTP Request: POST https://cleaner.dadata.ru/api/v1/clean/address "HTTP/1.1 200 "
2023-08-10 14:17:43,397 [INFO    ] HTTP Request: POST https://cleaner.dadata.ru/api/v1/clean/address "HTTP/1.1 200 "
2023-08-10 14:17:43,444 [INFO    ] HTTP Request: POST https://cleaner.dadata.ru/api/v1/clean/address "HTTP/1.1 200 "
2023-08-10 14:17:43,552 [INFO    ] HTTP Request: POST https://cleaner.dadata.ru/api/v1/clean/address "HTTP/1.1 200 "
2023-08-10 14:17:43,600 [INFO    ] HTTP Request: POST https://cleaner.dadata.ru/api/v1/clean/address "HTTP/1.1 200 "
2023-08-10 14:17:43,753 [INFO    ] HTTP Request: POST https://cleaner.dadata.ru/api/v1/clean/address "HTTP/1.1 200 "
2023-08-10 14:17:43,879 [INFO    ] HTTP Request: POST https://cleaner.dadata.ru/api/v1/clean/address "HTTP/1.1 200 "
2023-08-10 14:17:43,941 [INFO    ] HTTP Request: POST https://cleaner.dadata.ru/api/v1/clean/address "HTTP/1.1 200 "
2023-08-10 14:17:44,175 [INFO    ] HTTP Request: POST https://cleaner.dadata.ru/api/v1/clean/address "HTTP/1.1 200 "
2023-08-10 14:17:44,505 [INFO    ] HTTP Request: POST https://cleaner.dadata.ru/api/v1/clean/address "HTTP/1.1 200 "
2023-08-10 14:17:44,601 [INFO    ] HTTP Request: POST https://cleaner.dadata.ru/api/v1/clean/address "HTTP/1.1 200 "
2023-08-10 14:17:44,706 [INFO    ] HTTP Request: POST https://cleaner.dadata.ru/api/v1/clean/address "HTTP/1.1 200 "
2023-08-10 14:17:44,758 [INFO    ] HTTP Request: POST https://cleaner.dadata.ru/api/v1/clean/address "HTTP/1.1 200 "
2023-08-10 14:17:44,891 [INFO    ] HTTP Request: POST https://cleaner.dadata.ru/api/v1/clean/address "HTTP/1.1 200 "
2023-08-10 14:17:45,026 [INFO    ] HTTP Request: POST https://cleaner.dadata.ru/api/v1/clean/address "HTTP/1.1 200 "
2023-08-10 14:17:45,127 [INFO    ] HTTP Request: POST https://cleaner.dadata.ru/api/v1/clean/address "HTTP/1.1 200 "
2023-08-10 14:17:45,287 [INFO    ] HTTP Request: POST https://cleaner.dadata.ru/api/v1/clean/address "HTTP/1.1 200 "
2023-08-10 14:17:45,390 [INFO    ] HTTP Request: POST https://cleaner.dadata.ru/api/v1/clean/address "HTTP/1.1 200 "
2023-08-10 14:17:45,476 [INFO    ] HTTP Request: POST https://cleaner.dadata.ru/api/v1/clean/address "HTTP/1.1 200 "
2023-08-10 14:17:45,586 [INFO    ] HTTP Request: POST https://cleaner.dadata.ru/api/v1/clean/address "HTTP/1.1 200 "
2023-08-10 14:17:45,698 [INFO    ] HTTP Request: POST https://cleaner.dadata.ru/api/v1/clean/address "HTTP/1.1 200 "
2023-08-10 14:17:45,801 [INFO    ] HTTP Request: POST https://cleaner.dadata.ru/api/v1/clean/address "HTTP/1.1 200 "
2023-08-10 14:17:45,902 [INFO    ] HTTP Request: POST https://cleaner.dadata.ru/api/v1/clean/address "HTTP/1.1 200 "
2023-08-10 14:17:46,091 [INFO    ] HTTP Request: POST https://cleaner.dadata.ru/api/v1/clean/address "HTTP/1.1 200 "
2023-08-10 14:17:46,213 [INFO    ] HTTP Request: POST https://cleaner.dadata.ru/api/v1/clean/address "HTTP/1.1 200 "
2023-08-10 14:17:46,335 [INFO    ] HTTP Request: POST https://cleaner.dadata.ru/api/v1/clean/address "HTTP/1.1 200 "
2023-08-10 14:17:46,518 [INFO    ] HTTP Request: POST https://cleaner.dadata.ru/api/v1/clean/address "HTTP/1.1 200 "
2023-08-10 14:17:46,649 [INFO    ] HTTP Request: POST https://cleaner.dadata.ru/api/v1/clean/address "HTTP/1.1 200 "
2023-08-10 14:17:46,728 [INFO    ] HTTP Request: POST https://cleaner.dadata.ru/api/v1/clean/address "HTTP/1.1 200 "
2023-08-10 14:17:46,928 [INFO    ] HTTP Request: POST https://cleaner.dadata.ru/api/v1/clean/address "HTTP/1.1 200 "
2023-08-10 14:17:47,046 [INFO    ] HTTP Request: POST https://cleaner.dadata.ru/api/v1/clean/address "HTTP/1.1 200 "
2023-08-10 14:17:47,189 [INFO    ] HTTP Request: POST https://cleaner.dadata.ru/api/v1/clean/address "HTTP/1.1 200 "
2023-08-10 14:17:47,267 [INFO    ] HTTP Request: POST https://cleaner.dadata.ru/api/v1/clean/address "HTTP/1.1 200 "
2023-08-10 14:17:47,426 [INFO    ] HTTP Request: POST https://cleaner.dadata.ru/api/v1/clean/address "HTTP/1.1 200 "
2023-08-10 14:17:47,532 [INFO    ] HTTP Request: POST https://cleaner.dadata.ru/api/v1/clean/address "HTTP/1.1 200 "
2023-08-10 14:17:47,680 [INFO    ] HTTP Request: POST https://cleaner.dadata.ru/api/v1/clean/address "HTTP/1.1 200 "
2023-08-10 14:17:47,763 [INFO    ] HTTP Request: POST https://cleaner.dadata.ru/api/v1/clean/address "HTTP/1.1 200 "
2023-08-10 14:17:47,915 [INFO    ] HTTP Request: POST https://cleaner.dadata.ru/api/v1/clean/address "HTTP/1.1 200 "
2023-08-10 14:17:48,145 [INFO    ] HTTP Request: POST https://cleaner.dadata.ru/api/v1/clean/address "HTTP/1.1 200 "
2023-08-10 14:17:48,234 [INFO    ] HTTP Request: POST https://cleaner.dadata.ru/api/v1/clean/address "HTTP/1.1 200 "
2023-08-10 14:17:48,324 [INFO    ] HTTP Request: POST https://cleaner.dadata.ru/api/v1/clean/address "HTTP/1.1 200 "
2023-08-10 14:17:48,469 [INFO    ] HTTP Request: POST https://cleaner.dadata.ru/api/v1/clean/address "HTTP/1.1 200 "
2023-08-10 14:17:48,692 [INFO    ] HTTP Request: POST https://cleaner.dadata.ru/api/v1/clean/address "HTTP/1.1 200 "
2023-08-10 14:17:48,778 [INFO    ] HTTP Request: POST https://cleaner.dadata.ru/api/v1/clean/address "HTTP/1.1 200 "
2023-08-10 14:17:48,926 [INFO    ] HTTP Request: POST https://cleaner.dadata.ru/api/v1/clean/address "HTTP/1.1 200 "
2023-08-10 14:17:49,057 [INFO    ] HTTP Request: POST https://cleaner.dadata.ru/api/v1/clean/address "HTTP/1.1 200 "
2023-08-10 14:17:49,362 [INFO    ] HTTP Request: POST https://cleaner.dadata.ru/api/v1/clean/address "HTTP/1.1 200 "
2023-08-10 14:17:49,365 [INFO    ] 430it [00:10, 42.12it/s]
2023-08-10 14:17:49,488 [INFO    ] HTTP Request: POST https://cleaner.dadata.ru/api/v1/clean/address "HTTP/1.1 200 "
2023-08-10 14:17:49,610 [INFO    ] HTTP Request: POST https://cleaner.dadata.ru/api/v1/clean/address "HTTP/1.1 200 "
2023-08-10 14:17:49,815 [INFO    ] HTTP Request: POST https://cleaner.dadata.ru/api/v1/clean/address "HTTP/1.1 200 "
2023-08-10 14:17:49,898 [INFO    ] HTTP Request: POST https://cleaner.dadata.ru/api/v1/clean/address "HTTP/1.1 200 "
2023-08-10 14:17:49,982 [INFO    ] HTTP Request: POST https://cleaner.dadata.ru/api/v1/clean/address "HTTP/1.1 200 "
2023-08-10 14:17:50,073 [INFO    ] HTTP Request: POST https://cleaner.dadata.ru/api/v1/clean/address "HTTP/1.1 200 "
2023-08-10 14:17:50,204 [INFO    ] HTTP Request: POST https://cleaner.dadata.ru/api/v1/clean/address "HTTP/1.1 200 "
2023-08-10 14:17:50,410 [INFO    ] HTTP Request: POST https://cleaner.dadata.ru/api/v1/clean/address "HTTP/1.1 200 "
2023-08-10 14:17:50,483 [INFO    ] HTTP Request: POST https://cleaner.dadata.ru/api/v1/clean/address "HTTP/1.1 200 "
2023-08-10 14:17:50,651 [INFO    ] HTTP Request: POST https://cleaner.dadata.ru/api/v1/clean/address "HTTP/1.1 200 "
2023-08-10 14:17:50,860 [INFO    ] HTTP Request: POST https://cleaner.dadata.ru/api/v1/clean/address "HTTP/1.1 200 "
2023-08-10 14:17:50,993 [INFO    ] HTTP Request: POST https://cleaner.dadata.ru/api/v1/clean/address "HTTP/1.1 200 "
2023-08-10 14:17:51,212 [INFO    ] HTTP Request: POST https://cleaner.dadata.ru/api/v1/clean/address "HTTP/1.1 200 "
2023-08-10 14:17:51,294 [INFO    ] HTTP Request: POST https://cleaner.dadata.ru/api/v1/clean/address "HTTP/1.1 200 "
2023-08-10 14:17:51,343 [INFO    ] HTTP Request: POST https://cleaner.dadata.ru/api/v1/clean/address "HTTP/1.1 200 "
2023-08-10 14:17:51,573 [INFO    ] HTTP Request: POST https://cleaner.dadata.ru/api/v1/clean/address "HTTP/1.1 200 "
2023-08-10 14:17:51,791 [INFO    ] HTTP Request: POST https://cleaner.dadata.ru/api/v1/clean/address "HTTP/1.1 200 "
2023-08-10 14:17:51,850 [INFO    ] HTTP Request: POST https://cleaner.dadata.ru/api/v1/clean/address "HTTP/1.1 200 "
2023-08-10 14:17:52,007 [INFO    ] HTTP Request: POST https://cleaner.dadata.ru/api/v1/clean/address "HTTP/1.1 200 "
2023-08-10 14:17:52,216 [INFO    ] HTTP Request: POST https://cleaner.dadata.ru/api/v1/clean/address "HTTP/1.1 200 "
2023-08-10 14:17:52,305 [INFO    ] HTTP Request: POST https://cleaner.dadata.ru/api/v1/clean/address "HTTP/1.1 200 "
2023-08-10 14:17:52,384 [INFO    ] HTTP Request: POST https://cleaner.dadata.ru/api/v1/clean/address "HTTP/1.1 200 "
2023-08-10 14:17:52,454 [INFO    ] HTTP Request: POST https://cleaner.dadata.ru/api/v1/clean/address "HTTP/1.1 200 "
2023-08-10 14:17:52,563 [INFO    ] HTTP Request: POST https://cleaner.dadata.ru/api/v1/clean/address "HTTP/1.1 200 "
2023-08-10 14:17:52,664 [INFO    ] HTTP Request: POST https://cleaner.dadata.ru/api/v1/clean/address "HTTP/1.1 200 "
2023-08-10 14:17:52,728 [INFO    ] HTTP Request: POST https://cleaner.dadata.ru/api/v1/clean/address "HTTP/1.1 200 "
2023-08-10 14:17:52,868 [INFO    ] HTTP Request: POST https://cleaner.dadata.ru/api/v1/clean/address "HTTP/1.1 200 "
2023-08-10 14:17:53,158 [INFO    ] HTTP Request: POST https://cleaner.dadata.ru/api/v1/clean/address "HTTP/1.1 200 "
2023-08-10 14:17:53,261 [INFO    ] HTTP Request: POST https://cleaner.dadata.ru/api/v1/clean/address "HTTP/1.1 200 "
2023-08-10 14:17:53,342 [INFO    ] HTTP Request: POST https://cleaner.dadata.ru/api/v1/clean/address "HTTP/1.1 200 "
2023-08-10 14:17:53,525 [INFO    ] HTTP Request: POST https://cleaner.dadata.ru/api/v1/clean/address "HTTP/1.1 200 "
2023-08-10 14:17:53,590 [INFO    ] HTTP Request: POST https://cleaner.dadata.ru/api/v1/clean/address "HTTP/1.1 200 "
2023-08-10 14:17:53,647 [INFO    ] HTTP Request: POST https://cleaner.dadata.ru/api/v1/clean/address "HTTP/1.1 200 "
2023-08-10 14:17:53,786 [INFO    ] HTTP Request: POST https://cleaner.dadata.ru/api/v1/clean/address "HTTP/1.1 200 "
2023-08-10 14:17:53,892 [INFO    ] HTTP Request: POST https://cleaner.dadata.ru/api/v1/clean/address "HTTP/1.1 200 "
2023-08-10 14:17:53,988 [INFO    ] HTTP Request: POST https://cleaner.dadata.ru/api/v1/clean/address "HTTP/1.1 200 "
2023-08-10 14:17:54,086 [INFO    ] HTTP Request: POST https://cleaner.dadata.ru/api/v1/clean/address "HTTP/1.1 200 "
2023-08-10 14:17:54,192 [INFO    ] HTTP Request: POST https://cleaner.dadata.ru/api/v1/clean/address "HTTP/1.1 200 "
2023-08-10 14:17:54,312 [INFO    ] HTTP Request: POST https://cleaner.dadata.ru/api/v1/clean/address "HTTP/1.1 200 "
2023-08-10 14:17:54,417 [INFO    ] HTTP Request: POST https://cleaner.dadata.ru/api/v1/clean/address "HTTP/1.1 200 "
2023-08-10 14:17:54,477 [INFO    ] HTTP Request: POST https://cleaner.dadata.ru/api/v1/clean/address "HTTP/1.1 200 "
2023-08-10 14:17:54,589 [INFO    ] HTTP Request: POST https://cleaner.dadata.ru/api/v1/clean/address "HTTP/1.1 200 "
2023-08-10 14:17:54,702 [INFO    ] HTTP Request: POST https://cleaner.dadata.ru/api/v1/clean/address "HTTP/1.1 200 "
2023-08-10 14:17:54,960 [INFO    ] HTTP Request: POST https://cleaner.dadata.ru/api/v1/clean/address "HTTP/1.1 200 "
2023-08-10 14:17:55,068 [INFO    ] HTTP Request: POST https://cleaner.dadata.ru/api/v1/clean/address "HTTP/1.1 200 "
2023-08-10 14:17:55,190 [INFO    ] HTTP Request: POST https://cleaner.dadata.ru/api/v1/clean/address "HTTP/1.1 200 "
2023-08-10 14:17:55,315 [INFO    ] HTTP Request: POST https://cleaner.dadata.ru/api/v1/clean/address "HTTP/1.1 200 "
2023-08-10 14:17:55,379 [INFO    ] HTTP Request: POST https://cleaner.dadata.ru/api/v1/clean/address "HTTP/1.1 200 "
2023-08-10 14:17:55,559 [INFO    ] HTTP Request: POST https://cleaner.dadata.ru/api/v1/clean/address "HTTP/1.1 200 "
2023-08-10 14:17:55,629 [INFO    ] HTTP Request: POST https://cleaner.dadata.ru/api/v1/clean/address "HTTP/1.1 200 "
2023-08-10 14:17:55,835 [INFO    ] HTTP Request: POST https://cleaner.dadata.ru/api/v1/clean/address "HTTP/1.1 200 "
2023-08-10 14:17:55,883 [INFO    ] HTTP Request: POST https://cleaner.dadata.ru/api/v1/clean/address "HTTP/1.1 200 "
2023-08-10 14:17:56,009 [INFO    ] HTTP Request: POST https://cleaner.dadata.ru/api/v1/clean/address "HTTP/1.1 200 "
2023-08-10 14:17:56,085 [INFO    ] HTTP Request: POST https://cleaner.dadata.ru/api/v1/clean/address "HTTP/1.1 200 "
2023-08-10 14:17:56,203 [INFO    ] HTTP Request: POST https://cleaner.dadata.ru/api/v1/clean/address "HTTP/1.1 200 "
2023-08-10 14:17:56,368 [INFO    ] HTTP Request: POST https://cleaner.dadata.ru/api/v1/clean/address "HTTP/1.1 200 "
2023-08-10 14:17:56,451 [INFO    ] HTTP Request: POST https://cleaner.dadata.ru/api/v1/clean/address "HTTP/1.1 200 "
2023-08-10 14:17:56,514 [INFO    ] HTTP Request: POST https://cleaner.dadata.ru/api/v1/clean/address "HTTP/1.1 200 "
2023-08-10 14:17:56,639 [INFO    ] HTTP Request: POST https://cleaner.dadata.ru/api/v1/clean/address "HTTP/1.1 200 "
2023-08-10 14:17:56,716 [INFO    ] HTTP Request: POST https://cleaner.dadata.ru/api/v1/clean/address "HTTP/1.1 200 "
2023-08-10 14:17:56,792 [INFO    ] HTTP Request: POST https://cleaner.dadata.ru/api/v1/clean/address "HTTP/1.1 200 "
2023-08-10 14:17:56,914 [INFO    ] HTTP Request: POST https://cleaner.dadata.ru/api/v1/clean/address "HTTP/1.1 200 "
2023-08-10 14:17:57,023 [INFO    ] HTTP Request: POST https://cleaner.dadata.ru/api/v1/clean/address "HTTP/1.1 200 "
2023-08-10 14:17:57,282 [INFO    ] HTTP Request: POST https://cleaner.dadata.ru/api/v1/clean/address "HTTP/1.1 200 "
2023-08-10 14:17:57,409 [INFO    ] HTTP Request: POST https://cleaner.dadata.ru/api/v1/clean/address "HTTP/1.1 200 "
2023-08-10 14:17:57,518 [INFO    ] HTTP Request: POST https://cleaner.dadata.ru/api/v1/clean/address "HTTP/1.1 200 "
2023-08-10 14:17:57,620 [INFO    ] HTTP Request: POST https://cleaner.dadata.ru/api/v1/clean/address "HTTP/1.1 200 "
2023-08-10 14:17:57,790 [INFO    ] HTTP Request: POST https://cleaner.dadata.ru/api/v1/clean/address "HTTP/1.1 200 "
2023-08-10 14:17:57,902 [INFO    ] HTTP Request: POST https://cleaner.dadata.ru/api/v1/clean/address "HTTP/1.1 200 "
2023-08-10 14:17:57,972 [INFO    ] HTTP Request: POST https://cleaner.dadata.ru/api/v1/clean/address "HTTP/1.1 200 "
2023-08-10 14:17:58,057 [INFO    ] HTTP Request: POST https://cleaner.dadata.ru/api/v1/clean/address "HTTP/1.1 200 "
2023-08-10 14:17:58,121 [INFO    ] HTTP Request: POST https://cleaner.dadata.ru/api/v1/clean/address "HTTP/1.1 200 "
2023-08-10 14:17:58,211 [INFO    ] HTTP Request: POST https://cleaner.dadata.ru/api/v1/clean/address "HTTP/1.1 200 "
2023-08-10 14:17:58,351 [INFO    ] HTTP Request: POST https://cleaner.dadata.ru/api/v1/clean/address "HTTP/1.1 200 "
2023-08-10 14:17:58,438 [INFO    ] HTTP Request: POST https://cleaner.dadata.ru/api/v1/clean/address "HTTP/1.1 200 "
2023-08-10 14:17:58,516 [INFO    ] HTTP Request: POST https://cleaner.dadata.ru/api/v1/clean/address "HTTP/1.1 200 "
2023-08-10 14:17:58,672 [INFO    ] HTTP Request: POST https://cleaner.dadata.ru/api/v1/clean/address "HTTP/1.1 200 "
2023-08-10 14:17:58,785 [INFO    ] HTTP Request: POST https://cleaner.dadata.ru/api/v1/clean/address "HTTP/1.1 200 "
2023-08-10 14:17:58,864 [INFO    ] HTTP Request: POST https://cleaner.dadata.ru/api/v1/clean/address "HTTP/1.1 200 "
2023-08-10 14:17:58,993 [INFO    ] HTTP Request: POST https://cleaner.dadata.ru/api/v1/clean/address "HTTP/1.1 200 "
2023-08-10 14:17:59,222 [INFO    ] HTTP Request: POST https://cleaner.dadata.ru/api/v1/clean/address "HTTP/1.1 200 "
2023-08-10 14:17:59,306 [INFO    ] HTTP Request: POST https://cleaner.dadata.ru/api/v1/clean/address "HTTP/1.1 200 "
2023-08-10 14:17:59,424 [INFO    ] HTTP Request: POST https://cleaner.dadata.ru/api/v1/clean/address "HTTP/1.1 200 "
2023-08-10 14:17:59,537 [INFO    ] HTTP Request: POST https://cleaner.dadata.ru/api/v1/clean/address "HTTP/1.1 200 "
2023-08-10 14:17:59,639 [INFO    ] HTTP Request: POST https://cleaner.dadata.ru/api/v1/clean/address "HTTP/1.1 200 "
2023-08-10 14:17:59,819 [INFO    ] HTTP Request: POST https://cleaner.dadata.ru/api/v1/clean/address "HTTP/1.1 200 "
2023-08-10 14:17:59,886 [INFO    ] HTTP Request: POST https://cleaner.dadata.ru/api/v1/clean/address "HTTP/1.1 200 "
2023-08-10 14:17:59,977 [INFO    ] HTTP Request: POST https://cleaner.dadata.ru/api/v1/clean/address "HTTP/1.1 200 "
2023-08-10 14:18:00,108 [INFO    ] HTTP Request: POST https://cleaner.dadata.ru/api/v1/clean/address "HTTP/1.1 200 "
2023-08-10 14:18:00,196 [INFO    ] HTTP Request: POST https://cleaner.dadata.ru/api/v1/clean/address "HTTP/1.1 200 "
2023-08-10 14:18:00,535 [INFO    ] HTTP Request: POST https://cleaner.dadata.ru/api/v1/clean/address "HTTP/1.1 200 "
2023-08-10 14:18:00,668 [INFO    ] HTTP Request: POST https://cleaner.dadata.ru/api/v1/clean/address "HTTP/1.1 200 "
2023-08-10 14:18:00,747 [INFO    ] HTTP Request: POST https://cleaner.dadata.ru/api/v1/clean/address "HTTP/1.1 200 "
2023-08-10 14:18:00,913 [INFO    ] HTTP Request: POST https://cleaner.dadata.ru/api/v1/clean/address "HTTP/1.1 200 "
2023-08-10 14:18:01,054 [INFO    ] HTTP Request: POST https://cleaner.dadata.ru/api/v1/clean/address "HTTP/1.1 200 "
2023-08-10 14:18:01,183 [INFO    ] HTTP Request: POST https://cleaner.dadata.ru/api/v1/clean/address "HTTP/1.1 200 "
2023-08-10 14:18:01,358 [INFO    ] HTTP Request: POST https://cleaner.dadata.ru/api/v1/clean/address "HTTP/1.1 200 "
2023-08-10 14:18:01,470 [INFO    ] HTTP Request: POST https://cleaner.dadata.ru/api/v1/clean/address "HTTP/1.1 200 "
2023-08-10 14:18:01,615 [INFO    ] HTTP Request: POST https://cleaner.dadata.ru/api/v1/clean/address "HTTP/1.1 200 "
2023-08-10 14:18:01,728 [INFO    ] HTTP Request: POST https://cleaner.dadata.ru/api/v1/clean/address "HTTP/1.1 200 "
2023-08-10 14:18:01,862 [INFO    ] HTTP Request: POST https://cleaner.dadata.ru/api/v1/clean/address "HTTP/1.1 200 "
2023-08-10 14:18:01,980 [INFO    ] HTTP Request: POST https://cleaner.dadata.ru/api/v1/clean/address "HTTP/1.1 200 "
2023-08-10 14:18:02,064 [INFO    ] HTTP Request: POST https://cleaner.dadata.ru/api/v1/clean/address "HTTP/1.1 200 "
2023-08-10 14:18:02,147 [INFO    ] HTTP Request: POST https://cleaner.dadata.ru/api/v1/clean/address "HTTP/1.1 200 "
2023-08-10 14:18:02,218 [INFO    ] HTTP Request: POST https://cleaner.dadata.ru/api/v1/clean/address "HTTP/1.1 200 "
2023-08-10 14:18:02,306 [INFO    ] HTTP Request: POST https://cleaner.dadata.ru/api/v1/clean/address "HTTP/1.1 200 "
2023-08-10 14:18:02,393 [INFO    ] HTTP Request: POST https://cleaner.dadata.ru/api/v1/clean/address "HTTP/1.1 200 "
2023-08-10 14:18:02,481 [INFO    ] HTTP Request: POST https://cleaner.dadata.ru/api/v1/clean/address "HTTP/1.1 200 "
2023-08-10 14:18:02,557 [INFO    ] HTTP Request: POST https://cleaner.dadata.ru/api/v1/clean/address "HTTP/1.1 200 "
2023-08-10 14:18:02,639 [INFO    ] HTTP Request: POST https://cleaner.dadata.ru/api/v1/clean/address "HTTP/1.1 200 "
2023-08-10 14:18:02,746 [INFO    ] HTTP Request: POST https://cleaner.dadata.ru/api/v1/clean/address "HTTP/1.1 200 "
2023-08-10 14:18:02,879 [INFO    ] HTTP Request: POST https://cleaner.dadata.ru/api/v1/clean/address "HTTP/1.1 200 "
2023-08-10 14:18:02,974 [INFO    ] HTTP Request: POST https://cleaner.dadata.ru/api/v1/clean/address "HTTP/1.1 200 "
2023-08-10 14:18:03,061 [INFO    ] HTTP Request: POST https://cleaner.dadata.ru/api/v1/clean/address "HTTP/1.1 200 "
2023-08-10 14:18:03,178 [INFO    ] HTTP Request: POST https://cleaner.dadata.ru/api/v1/clean/address "HTTP/1.1 200 "
2023-08-10 14:18:03,272 [INFO    ] HTTP Request: POST https://cleaner.dadata.ru/api/v1/clean/address "HTTP/1.1 200 "
2023-08-10 14:18:03,377 [INFO    ] HTTP Request: POST https://cleaner.dadata.ru/api/v1/clean/address "HTTP/1.1 200 "
2023-08-10 14:18:03,492 [INFO    ] HTTP Request: POST https://cleaner.dadata.ru/api/v1/clean/address "HTTP/1.1 200 "
2023-08-10 14:18:03,563 [INFO    ] 430it [00:24, 42.12it/s]
2023-08-10 14:18:03,747 [INFO    ] HTTP Request: POST https://cleaner.dadata.ru/api/v1/clean/address "HTTP/1.1 200 "
2023-08-10 14:18:03,750 [INFO    ] 744it [00:24, 28.56it/s]
2023-08-10 14:18:03,833 [INFO    ] HTTP Request: POST https://cleaner.dadata.ru/api/v1/clean/address "HTTP/1.1 200 "
2023-08-10 14:18:04,000 [INFO    ] HTTP Request: POST https://cleaner.dadata.ru/api/v1/clean/address "HTTP/1.1 200 "
2023-08-10 14:18:04,069 [INFO    ] HTTP Request: POST https://cleaner.dadata.ru/api/v1/clean/address "HTTP/1.1 200 "
2023-08-10 14:18:04,237 [INFO    ] HTTP Request: POST https://cleaner.dadata.ru/api/v1/clean/address "HTTP/1.1 200 "
2023-08-10 14:18:04,388 [INFO    ] HTTP Request: POST https://cleaner.dadata.ru/api/v1/clean/address "HTTP/1.1 200 "
2023-08-10 14:18:04,511 [INFO    ] HTTP Request: POST https://cleaner.dadata.ru/api/v1/clean/address "HTTP/1.1 200 "
2023-08-10 14:18:04,597 [INFO    ] HTTP Request: POST https://cleaner.dadata.ru/api/v1/clean/address "HTTP/1.1 200 "
2023-08-10 14:18:04,883 [INFO    ] HTTP Request: POST https://cleaner.dadata.ru/api/v1/clean/address "HTTP/1.1 200 "
2023-08-10 14:18:05,130 [INFO    ] HTTP Request: POST https://cleaner.dadata.ru/api/v1/clean/address "HTTP/1.1 200 "
2023-08-10 14:18:05,213 [INFO    ] HTTP Request: POST https://cleaner.dadata.ru/api/v1/clean/address "HTTP/1.1 200 "
2023-08-10 14:18:05,385 [INFO    ] HTTP Request: POST https://cleaner.dadata.ru/api/v1/clean/address "HTTP/1.1 200 "
2023-08-10 14:18:05,448 [INFO    ] HTTP Request: POST https://cleaner.dadata.ru/api/v1/clean/address "HTTP/1.1 200 "
2023-08-10 14:18:05,579 [INFO    ] HTTP Request: POST https://cleaner.dadata.ru/api/v1/clean/address "HTTP/1.1 200 "
2023-08-10 14:18:05,627 [INFO    ] HTTP Request: POST https://cleaner.dadata.ru/api/v1/clean/address "HTTP/1.1 200 "
2023-08-10 14:18:05,773 [INFO    ] HTTP Request: POST https://cleaner.dadata.ru/api/v1/clean/address "HTTP/1.1 200 "
2023-08-10 14:18:05,900 [INFO    ] HTTP Request: POST https://cleaner.dadata.ru/api/v1/clean/address "HTTP/1.1 200 "
2023-08-10 14:18:05,999 [INFO    ] HTTP Request: POST https://cleaner.dadata.ru/api/v1/clean/address "HTTP/1.1 200 "
2023-08-10 14:18:06,070 [INFO    ] HTTP Request: POST https://cleaner.dadata.ru/api/v1/clean/address "HTTP/1.1 200 "
2023-08-10 14:18:06,205 [INFO    ] HTTP Request: POST https://cleaner.dadata.ru/api/v1/clean/address "HTTP/1.1 200 "
2023-08-10 14:18:06,267 [INFO    ] HTTP Request: POST https://cleaner.dadata.ru/api/v1/clean/address "HTTP/1.1 200 "
2023-08-10 14:18:06,392 [INFO    ] HTTP Request: POST https://cleaner.dadata.ru/api/v1/clean/address "HTTP/1.1 200 "
2023-08-10 14:18:06,510 [INFO    ] HTTP Request: POST https://cleaner.dadata.ru/api/v1/clean/address "HTTP/1.1 200 "
2023-08-10 14:18:06,576 [INFO    ] HTTP Request: POST https://cleaner.dadata.ru/api/v1/clean/address "HTTP/1.1 200 "
2023-08-10 14:18:06,775 [INFO    ] HTTP Request: POST https://cleaner.dadata.ru/api/v1/clean/address "HTTP/1.1 200 "
2023-08-10 14:18:06,860 [INFO    ] HTTP Request: POST https://cleaner.dadata.ru/api/v1/clean/address "HTTP/1.1 200 "
2023-08-10 14:18:07,094 [INFO    ] HTTP Request: POST https://cleaner.dadata.ru/api/v1/clean/address "HTTP/1.1 200 "
2023-08-10 14:18:07,273 [INFO    ] HTTP Request: POST https://cleaner.dadata.ru/api/v1/clean/address "HTTP/1.1 200 "
2023-08-10 14:18:07,452 [INFO    ] HTTP Request: POST https://cleaner.dadata.ru/api/v1/clean/address "HTTP/1.1 200 "
2023-08-10 14:18:07,519 [INFO    ] HTTP Request: POST https://cleaner.dadata.ru/api/v1/clean/address "HTTP/1.1 200 "
2023-08-10 14:18:07,706 [INFO    ] HTTP Request: POST https://cleaner.dadata.ru/api/v1/clean/address "HTTP/1.1 200 "
2023-08-10 14:18:07,792 [INFO    ] HTTP Request: POST https://cleaner.dadata.ru/api/v1/clean/address "HTTP/1.1 200 "
2023-08-10 14:18:07,904 [INFO    ] HTTP Request: POST https://cleaner.dadata.ru/api/v1/clean/address "HTTP/1.1 200 "
2023-08-10 14:18:07,994 [INFO    ] HTTP Request: POST https://cleaner.dadata.ru/api/v1/clean/address "HTTP/1.1 200 "
2023-08-10 14:18:08,136 [INFO    ] HTTP Request: POST https://cleaner.dadata.ru/api/v1/clean/address "HTTP/1.1 200 "
2023-08-10 14:18:08,301 [INFO    ] HTTP Request: POST https://cleaner.dadata.ru/api/v1/clean/address "HTTP/1.1 200 "
2023-08-10 14:18:08,408 [INFO    ] HTTP Request: POST https://cleaner.dadata.ru/api/v1/clean/address "HTTP/1.1 200 "
2023-08-10 14:18:08,471 [INFO    ] HTTP Request: POST https://cleaner.dadata.ru/api/v1/clean/address "HTTP/1.1 200 "
2023-08-10 14:18:08,476 [INFO    ] 830it [00:29, 28.31it/s]
2023-08-10 14:18:08,476 [INFO    ] 
2023-08-10 14:18:08,476 [INFO    ] dadata con closed succesfully
2023-08-10 14:18:08,478 [INFO    ] обращение к DDT по 669/830 адресам из cian заняло 0:00:31.589596
2023-08-10 14:18:08,490 [INFO    ] обращение к DDT выполнено для 1131/2056 новых объявлений, найден fias для 809
2023-08-10 14:18:27,325 [INFO    ] уникальных троек по h_fias_id, ad_id, d_id, в таблице с районами и houses_jkh_ddt/id: 1131
2023-08-10 14:18:27,326 [INFO    ] выгрузка данных в таблицу realty
2023-08-10 14:18:28,025 [INFO    ] Добавлено районов к объявлениям realty: 3 - было 1358 стало 1361
2023-08-10 14:18:28,025 [INFO    ] Есть несовпадения районов c jkh, обновление районов в jkh для 4 записей
2023-08-10 14:18:34,307 [INFO    ] Временная таблица temp_jkh_houses создана
2023-08-10 14:18:37,557 [INFO    ] Обновление данных jkh_houses завершено
2023-08-10 14:18:38,828 [INFO    ] все новые объявления добавлены
2023-08-10 14:18:40,035 [INFO    ] Успешно обработан файл циан 09-08-23 (без дублей).csv для prices
2023-08-10 14:18:40,035 [INFO    ] Выгрузка в таблицу prices обработанного файла из cian: циан 09-08-23 (без дублей).csv
2023-08-10 14:18:50,210 [INFO    ] данные cian загружены успешно
2023-08-10 14:18:50,294 [INFO    ] обработка файла 09-08-23 (без дублей).csv для авито
2023-08-10 14:19:24,239 [INFO    ] Успешно обработан файл 09-08-23 (без дублей).csv для realty
2023-08-10 14:19:24,299 [INFO    ] Выгрузка в таблицу realty обработанного файла из авито: 09-08-23 (без дублей).csv
2023-08-10 14:19:24,387 [INFO    ] Временная таблица очищена
2023-08-10 14:19:25,783 [INFO    ] Загрузка новых объявлений в таблицу
2023-08-10 14:19:25,874 [INFO    ] 129300 существующих и 4776 новых объявлений
2023-08-10 14:19:25,919 [INFO    ] temp таблица очищена, загружаются данные
2023-08-10 14:20:01,780 [INFO    ] обновлена таблица realty
2023-08-10 14:20:03,294 [INFO    ] обновлены районы в таблице realty
2023-08-10 14:20:06,870 [INFO    ] Обновление существующих данных realty завершено
2023-08-10 14:20:23,066 [INFO    ] из новых объяв найдено по адресу 1214, запрос в ddt для 1135 уник. адресов из 3562
2023-08-10 14:20:23,067 [INFO    ] обновление районов для найденных в realty по адресу новых объявлений:
2023-08-10 14:20:23,315 [INFO    ] обнаружено 648 районов для 648 новых объявлений, найденных по адресу из 1214
2023-08-10 14:20:23,320 [INFO    ] 43 районов осталось незаполнено
2023-08-10 14:20:23,321 [INFO    ] переход к обновлению оставшихся (не найденных по адресу) 3562 новых объявлений (1135 адресов) для avito
2023-08-10 14:20:23,334 [INFO    ] загрузка данных dadata из /var/www/yadisk_loader/saved_data_csv/avito_dadata_request.csv
2023-08-10 14:20:23,676 [INFO    ] удалось загрузить исторические данные dadata
2023-08-10 14:20:25,681 [INFO    ] количество запросов к dadata составит: 1135
2023-08-10 14:20:25,682 [INFO    ] 0%|          | 0/453 [00:00<?, ?it/s]
2023-08-10 14:20:25,828 [INFO    ] HTTP Request: POST https://cleaner.dadata.ru/api/v1/clean/address "HTTP/1.1 200 "
2023-08-10 14:20:25,899 [INFO    ] HTTP Request: POST https://cleaner.dadata.ru/api/v1/clean/address "HTTP/1.1 200 "
2023-08-10 14:20:25,989 [INFO    ] HTTP Request: POST https://cleaner.dadata.ru/api/v1/clean/address "HTTP/1.1 200 "
2023-08-10 14:20:26,066 [INFO    ] HTTP Request: POST https://cleaner.dadata.ru/api/v1/clean/address "HTTP/1.1 200 "
2023-08-10 14:20:26,173 [INFO    ] HTTP Request: POST https://cleaner.dadata.ru/api/v1/clean/address "HTTP/1.1 200 "
2023-08-10 14:20:26,278 [INFO    ] HTTP Request: POST https://cleaner.dadata.ru/api/v1/clean/address "HTTP/1.1 200 "
2023-08-10 14:20:26,375 [INFO    ] HTTP Request: POST https://cleaner.dadata.ru/api/v1/clean/address "HTTP/1.1 200 "
2023-08-10 14:20:26,475 [INFO    ] HTTP Request: POST https://cleaner.dadata.ru/api/v1/clean/address "HTTP/1.1 200 "
2023-08-10 14:20:26,584 [INFO    ] HTTP Request: POST https://cleaner.dadata.ru/api/v1/clean/address "HTTP/1.1 200 "
2023-08-10 14:20:26,763 [INFO    ] HTTP Request: POST https://cleaner.dadata.ru/api/v1/clean/address "HTTP/1.1 200 "
2023-08-10 14:20:26,939 [INFO    ] HTTP Request: POST https://cleaner.dadata.ru/api/v1/clean/address "HTTP/1.1 200 "
2023-08-10 14:20:27,040 [INFO    ] HTTP Request: POST https://cleaner.dadata.ru/api/v1/clean/address "HTTP/1.1 200 "
2023-08-10 14:20:27,171 [INFO    ] HTTP Request: POST https://cleaner.dadata.ru/api/v1/clean/address "HTTP/1.1 200 "
2023-08-10 14:20:27,280 [INFO    ] HTTP Request: POST https://cleaner.dadata.ru/api/v1/clean/address "HTTP/1.1 200 "
2023-08-10 14:20:27,402 [INFO    ] HTTP Request: POST https://cleaner.dadata.ru/api/v1/clean/address "HTTP/1.1 200 "
2023-08-10 14:20:27,508 [INFO    ] HTTP Request: POST https://cleaner.dadata.ru/api/v1/clean/address "HTTP/1.1 200 "
2023-08-10 14:20:27,632 [INFO    ] HTTP Request: POST https://cleaner.dadata.ru/api/v1/clean/address "HTTP/1.1 200 "
2023-08-10 14:20:27,744 [INFO    ] HTTP Request: POST https://cleaner.dadata.ru/api/v1/clean/address "HTTP/1.1 200 "
2023-08-10 14:20:27,842 [INFO    ] HTTP Request: POST https://cleaner.dadata.ru/api/v1/clean/address "HTTP/1.1 200 "
2023-08-10 14:20:27,928 [INFO    ] HTTP Request: POST https://cleaner.dadata.ru/api/v1/clean/address "HTTP/1.1 200 "
2023-08-10 14:20:28,030 [INFO    ] HTTP Request: POST https://cleaner.dadata.ru/api/v1/clean/address "HTTP/1.1 200 "
2023-08-10 14:20:28,126 [INFO    ] HTTP Request: POST https://cleaner.dadata.ru/api/v1/clean/address "HTTP/1.1 200 "
2023-08-10 14:20:28,298 [INFO    ] HTTP Request: POST https://cleaner.dadata.ru/api/v1/clean/address "HTTP/1.1 200 "
2023-08-10 14:20:28,390 [INFO    ] HTTP Request: POST https://cleaner.dadata.ru/api/v1/clean/address "HTTP/1.1 200 "
2023-08-10 14:20:28,547 [INFO    ] HTTP Request: POST https://cleaner.dadata.ru/api/v1/clean/address "HTTP/1.1 200 "
2023-08-10 14:20:28,652 [INFO    ] HTTP Request: POST https://cleaner.dadata.ru/api/v1/clean/address "HTTP/1.1 200 "
2023-08-10 14:20:28,790 [INFO    ] HTTP Request: POST https://cleaner.dadata.ru/api/v1/clean/address "HTTP/1.1 200 "
2023-08-10 14:20:28,920 [INFO    ] HTTP Request: POST https://cleaner.dadata.ru/api/v1/clean/address "HTTP/1.1 200 "
2023-08-10 14:20:29,013 [INFO    ] HTTP Request: POST https://cleaner.dadata.ru/api/v1/clean/address "HTTP/1.1 200 "
2023-08-10 14:20:29,081 [INFO    ] HTTP Request: POST https://cleaner.dadata.ru/api/v1/clean/address "HTTP/1.1 200 "
2023-08-10 14:20:29,187 [INFO    ] HTTP Request: POST https://cleaner.dadata.ru/api/v1/clean/address "HTTP/1.1 200 "
2023-08-10 14:20:29,364 [INFO    ] HTTP Request: POST https://cleaner.dadata.ru/api/v1/clean/address "HTTP/1.1 200 "
2023-08-10 14:20:29,425 [INFO    ] HTTP Request: POST https://cleaner.dadata.ru/api/v1/clean/address "HTTP/1.1 200 "
2023-08-10 14:20:29,533 [INFO    ] HTTP Request: POST https://cleaner.dadata.ru/api/v1/clean/address "HTTP/1.1 200 "
2023-08-10 14:20:29,628 [INFO    ] HTTP Request: POST https://cleaner.dadata.ru/api/v1/clean/address "HTTP/1.1 200 "
2023-08-10 14:20:29,713 [INFO    ] HTTP Request: POST https://cleaner.dadata.ru/api/v1/clean/address "HTTP/1.1 200 "
2023-08-10 14:20:29,824 [INFO    ] HTTP Request: POST https://cleaner.dadata.ru/api/v1/clean/address "HTTP/1.1 200 "
2023-08-10 14:20:29,912 [INFO    ] HTTP Request: POST https://cleaner.dadata.ru/api/v1/clean/address "HTTP/1.1 200 "
2023-08-10 14:20:29,968 [INFO    ] HTTP Request: POST https://cleaner.dadata.ru/api/v1/clean/address "HTTP/1.1 200 "
2023-08-10 14:20:30,054 [INFO    ] HTTP Request: POST https://cleaner.dadata.ru/api/v1/clean/address "HTTP/1.1 200 "
2023-08-10 14:20:30,259 [INFO    ] HTTP Request: POST https://cleaner.dadata.ru/api/v1/clean/address "HTTP/1.1 200 "
2023-08-10 14:20:30,307 [INFO    ] HTTP Request: POST https://cleaner.dadata.ru/api/v1/clean/address "HTTP/1.1 200 "
2023-08-10 14:20:30,483 [INFO    ] HTTP Request: POST https://cleaner.dadata.ru/api/v1/clean/address "HTTP/1.1 200 "
2023-08-10 14:20:30,553 [INFO    ] HTTP Request: POST https://cleaner.dadata.ru/api/v1/clean/address "HTTP/1.1 200 "
2023-08-10 14:20:30,633 [INFO    ] HTTP Request: POST https://cleaner.dadata.ru/api/v1/clean/address "HTTP/1.1 200 "
2023-08-10 14:20:30,716 [INFO    ] HTTP Request: POST https://cleaner.dadata.ru/api/v1/clean/address "HTTP/1.1 200 "
2023-08-10 14:20:30,776 [INFO    ] HTTP Request: POST https://cleaner.dadata.ru/api/v1/clean/address "HTTP/1.1 200 "
2023-08-10 14:20:30,876 [INFO    ] HTTP Request: POST https://cleaner.dadata.ru/api/v1/clean/address "HTTP/1.1 200 "
2023-08-10 14:20:31,055 [INFO    ] HTTP Request: POST https://cleaner.dadata.ru/api/v1/clean/address "HTTP/1.1 200 "
2023-08-10 14:20:31,155 [INFO    ] HTTP Request: POST https://cleaner.dadata.ru/api/v1/clean/address "HTTP/1.1 200 "
2023-08-10 14:20:31,210 [INFO    ] HTTP Request: POST https://cleaner.dadata.ru/api/v1/clean/address "HTTP/1.1 200 "
2023-08-10 14:20:31,326 [INFO    ] HTTP Request: POST https://cleaner.dadata.ru/api/v1/clean/address "HTTP/1.1 200 "
2023-08-10 14:20:31,416 [INFO    ] HTTP Request: POST https://cleaner.dadata.ru/api/v1/clean/address "HTTP/1.1 200 "
2023-08-10 14:20:31,497 [INFO    ] HTTP Request: POST https://cleaner.dadata.ru/api/v1/clean/address "HTTP/1.1 200 "
2023-08-10 14:20:31,552 [INFO    ] HTTP Request: POST https://cleaner.dadata.ru/api/v1/clean/address "HTTP/1.1 200 "
2023-08-10 14:20:31,798 [INFO    ] HTTP Request: POST https://cleaner.dadata.ru/api/v1/clean/address "HTTP/1.1 200 "
2023-08-10 14:20:31,877 [INFO    ] HTTP Request: POST https://cleaner.dadata.ru/api/v1/clean/address "HTTP/1.1 200 "
2023-08-10 14:20:31,937 [INFO    ] HTTP Request: POST https://cleaner.dadata.ru/api/v1/clean/address "HTTP/1.1 200 "
2023-08-10 14:20:32,155 [INFO    ] HTTP Request: POST https://cleaner.dadata.ru/api/v1/clean/address "HTTP/1.1 200 "
2023-08-10 14:20:32,199 [INFO    ] HTTP Request: POST https://cleaner.dadata.ru/api/v1/clean/address "HTTP/1.1 200 "
2023-08-10 14:20:32,329 [INFO    ] HTTP Request: POST https://cleaner.dadata.ru/api/v1/clean/address "HTTP/1.1 200 "
2023-08-10 14:20:32,402 [INFO    ] HTTP Request: POST https://cleaner.dadata.ru/api/v1/clean/address "HTTP/1.1 200 "
2023-08-10 14:20:32,470 [INFO    ] HTTP Request: POST https://cleaner.dadata.ru/api/v1/clean/address "HTTP/1.1 200 "
2023-08-10 14:20:32,542 [INFO    ] HTTP Request: POST https://cleaner.dadata.ru/api/v1/clean/address "HTTP/1.1 200 "
2023-08-10 14:20:32,599 [INFO    ] HTTP Request: POST https://cleaner.dadata.ru/api/v1/clean/address "HTTP/1.1 200 "
2023-08-10 14:20:32,717 [INFO    ] HTTP Request: POST https://cleaner.dadata.ru/api/v1/clean/address "HTTP/1.1 200 "
2023-08-10 14:20:32,806 [INFO    ] HTTP Request: POST https://cleaner.dadata.ru/api/v1/clean/address "HTTP/1.1 200 "
2023-08-10 14:20:33,003 [INFO    ] HTTP Request: POST https://cleaner.dadata.ru/api/v1/clean/address "HTTP/1.1 200 "
2023-08-10 14:20:33,089 [INFO    ] HTTP Request: POST https://cleaner.dadata.ru/api/v1/clean/address "HTTP/1.1 200 "
2023-08-10 14:20:33,183 [INFO    ] HTTP Request: POST https://cleaner.dadata.ru/api/v1/clean/address "HTTP/1.1 200 "
2023-08-10 14:20:33,264 [INFO    ] HTTP Request: POST https://cleaner.dadata.ru/api/v1/clean/address "HTTP/1.1 200 "
2023-08-10 14:20:33,333 [INFO    ] HTTP Request: POST https://cleaner.dadata.ru/api/v1/clean/address "HTTP/1.1 200 "
2023-08-10 14:20:33,434 [INFO    ] HTTP Request: POST https://cleaner.dadata.ru/api/v1/clean/address "HTTP/1.1 200 "
2023-08-10 14:20:33,601 [INFO    ] HTTP Request: POST https://cleaner.dadata.ru/api/v1/clean/address "HTTP/1.1 200 "
2023-08-10 14:20:33,655 [INFO    ] HTTP Request: POST https://cleaner.dadata.ru/api/v1/clean/address "HTTP/1.1 200 "
2023-08-10 14:20:34,053 [INFO    ] HTTP Request: POST https://cleaner.dadata.ru/api/v1/clean/address "HTTP/1.1 200 "
2023-08-10 14:20:34,165 [INFO    ] HTTP Request: POST https://cleaner.dadata.ru/api/v1/clean/address "HTTP/1.1 200 "
2023-08-10 14:20:34,234 [INFO    ] HTTP Request: POST https://cleaner.dadata.ru/api/v1/clean/address "HTTP/1.1 200 "
2023-08-10 14:20:34,281 [INFO    ] HTTP Request: POST https://cleaner.dadata.ru/api/v1/clean/address "HTTP/1.1 200 "
2023-08-10 14:20:34,403 [INFO    ] HTTP Request: POST https://cleaner.dadata.ru/api/v1/clean/address "HTTP/1.1 200 "
2023-08-10 14:20:34,455 [INFO    ] HTTP Request: POST https://cleaner.dadata.ru/api/v1/clean/address "HTTP/1.1 200 "
2023-08-10 14:20:34,566 [INFO    ] HTTP Request: POST https://cleaner.dadata.ru/api/v1/clean/address "HTTP/1.1 200 "
2023-08-10 14:20:34,648 [INFO    ] HTTP Request: POST https://cleaner.dadata.ru/api/v1/clean/address "HTTP/1.1 200 "
2023-08-10 14:20:34,738 [INFO    ] HTTP Request: POST https://cleaner.dadata.ru/api/v1/clean/address "HTTP/1.1 200 "
2023-08-10 14:20:34,801 [INFO    ] HTTP Request: POST https://cleaner.dadata.ru/api/v1/clean/address "HTTP/1.1 200 "
2023-08-10 14:20:35,008 [INFO    ] HTTP Request: POST https://cleaner.dadata.ru/api/v1/clean/address "HTTP/1.1 200 "
2023-08-10 14:20:35,114 [INFO    ] HTTP Request: POST https://cleaner.dadata.ru/api/v1/clean/address "HTTP/1.1 200 "
2023-08-10 14:20:35,205 [INFO    ] HTTP Request: POST https://cleaner.dadata.ru/api/v1/clean/address "HTTP/1.1 200 "
2023-08-10 14:20:35,265 [INFO    ] HTTP Request: POST https://cleaner.dadata.ru/api/v1/clean/address "HTTP/1.1 200 "
2023-08-10 14:20:35,396 [INFO    ] HTTP Request: POST https://cleaner.dadata.ru/api/v1/clean/address "HTTP/1.1 200 "
2023-08-10 14:20:35,466 [INFO    ] HTTP Request: POST https://cleaner.dadata.ru/api/v1/clean/address "HTTP/1.1 200 "
2023-08-10 14:20:35,510 [INFO    ] HTTP Request: POST https://cleaner.dadata.ru/api/v1/clean/address "HTTP/1.1 200 "
2023-08-10 14:20:35,813 [INFO    ] HTTP Request: POST https://cleaner.dadata.ru/api/v1/clean/address "HTTP/1.1 200 "
2023-08-10 14:20:35,816 [INFO    ] 32%|###2      | 146/453 [00:10<00:21, 14.41it/s]
2023-08-10 14:20:35,918 [INFO    ] HTTP Request: POST https://cleaner.dadata.ru/api/v1/clean/address "HTTP/1.1 200 "
2023-08-10 14:20:36,007 [INFO    ] HTTP Request: POST https://cleaner.dadata.ru/api/v1/clean/address "HTTP/1.1 200 "
2023-08-10 14:20:36,072 [INFO    ] HTTP Request: POST https://cleaner.dadata.ru/api/v1/clean/address "HTTP/1.1 200 "
2023-08-10 14:20:36,127 [INFO    ] HTTP Request: POST https://cleaner.dadata.ru/api/v1/clean/address "HTTP/1.1 200 "
2023-08-10 14:20:36,270 [INFO    ] HTTP Request: POST https://cleaner.dadata.ru/api/v1/clean/address "HTTP/1.1 200 "
2023-08-10 14:20:36,328 [INFO    ] HTTP Request: POST https://cleaner.dadata.ru/api/v1/clean/address "HTTP/1.1 200 "
2023-08-10 14:20:36,438 [INFO    ] HTTP Request: POST https://cleaner.dadata.ru/api/v1/clean/address "HTTP/1.1 200 "
2023-08-10 14:20:36,601 [INFO    ] HTTP Request: POST https://cleaner.dadata.ru/api/v1/clean/address "HTTP/1.1 200 "
2023-08-10 14:20:36,687 [INFO    ] HTTP Request: POST https://cleaner.dadata.ru/api/v1/clean/address "HTTP/1.1 200 "
2023-08-10 14:20:36,760 [INFO    ] HTTP Request: POST https://cleaner.dadata.ru/api/v1/clean/address "HTTP/1.1 200 "
2023-08-10 14:20:36,813 [INFO    ] HTTP Request: POST https://cleaner.dadata.ru/api/v1/clean/address "HTTP/1.1 200 "
2023-08-10 14:20:36,988 [INFO    ] HTTP Request: POST https://cleaner.dadata.ru/api/v1/clean/address "HTTP/1.1 200 "
2023-08-10 14:20:37,059 [INFO    ] HTTP Request: POST https://cleaner.dadata.ru/api/v1/clean/address "HTTP/1.1 200 "
2023-08-10 14:20:37,135 [INFO    ] HTTP Request: POST https://cleaner.dadata.ru/api/v1/clean/address "HTTP/1.1 200 "
2023-08-10 14:20:37,185 [INFO    ] HTTP Request: POST https://cleaner.dadata.ru/api/v1/clean/address "HTTP/1.1 200 "
2023-08-10 14:20:37,418 [INFO    ] HTTP Request: POST https://cleaner.dadata.ru/api/v1/clean/address "HTTP/1.1 200 "
2023-08-10 14:20:37,468 [INFO    ] HTTP Request: POST https://cleaner.dadata.ru/api/v1/clean/address "HTTP/1.1 200 "
2023-08-10 14:20:37,552 [INFO    ] HTTP Request: POST https://cleaner.dadata.ru/api/v1/clean/address "HTTP/1.1 200 "
2023-08-10 14:20:37,660 [INFO    ] HTTP Request: POST https://cleaner.dadata.ru/api/v1/clean/address "HTTP/1.1 200 "
2023-08-10 14:20:37,826 [INFO    ] HTTP Request: POST https://cleaner.dadata.ru/api/v1/clean/address "HTTP/1.1 200 "
2023-08-10 14:20:37,986 [INFO    ] HTTP Request: POST https://cleaner.dadata.ru/api/v1/clean/address "HTTP/1.1 200 "
2023-08-10 14:20:38,102 [INFO    ] HTTP Request: POST https://cleaner.dadata.ru/api/v1/clean/address "HTTP/1.1 200 "
2023-08-10 14:20:38,267 [INFO    ] HTTP Request: POST https://cleaner.dadata.ru/api/v1/clean/address "HTTP/1.1 200 "
2023-08-10 14:20:38,330 [INFO    ] HTTP Request: POST https://cleaner.dadata.ru/api/v1/clean/address "HTTP/1.1 200 "
2023-08-10 14:20:38,438 [INFO    ] HTTP Request: POST https://cleaner.dadata.ru/api/v1/clean/address "HTTP/1.1 200 "
2023-08-10 14:20:38,495 [INFO    ] HTTP Request: POST https://cleaner.dadata.ru/api/v1/clean/address "HTTP/1.1 200 "
2023-08-10 14:20:38,651 [INFO    ] HTTP Request: POST https://cleaner.dadata.ru/api/v1/clean/address "HTTP/1.1 200 "
2023-08-10 14:20:38,710 [INFO    ] HTTP Request: POST https://cleaner.dadata.ru/api/v1/clean/address "HTTP/1.1 200 "
2023-08-10 14:20:38,798 [INFO    ] HTTP Request: POST https://cleaner.dadata.ru/api/v1/clean/address "HTTP/1.1 200 "
2023-08-10 14:20:38,910 [INFO    ] HTTP Request: POST https://cleaner.dadata.ru/api/v1/clean/address "HTTP/1.1 200 "
2023-08-10 14:20:38,984 [INFO    ] HTTP Request: POST https://cleaner.dadata.ru/api/v1/clean/address "HTTP/1.1 200 "
2023-08-10 14:20:39,108 [INFO    ] HTTP Request: POST https://cleaner.dadata.ru/api/v1/clean/address "HTTP/1.1 200 "
2023-08-10 14:20:39,223 [INFO    ] HTTP Request: POST https://cleaner.dadata.ru/api/v1/clean/address "HTTP/1.1 200 "
2023-08-10 14:20:39,346 [INFO    ] HTTP Request: POST https://cleaner.dadata.ru/api/v1/clean/address "HTTP/1.1 200 "
2023-08-10 14:20:39,391 [INFO    ] HTTP Request: POST https://cleaner.dadata.ru/api/v1/clean/address "HTTP/1.1 200 "
2023-08-10 14:20:39,510 [INFO    ] HTTP Request: POST https://cleaner.dadata.ru/api/v1/clean/address "HTTP/1.1 200 "
2023-08-10 14:20:39,560 [INFO    ] HTTP Request: POST https://cleaner.dadata.ru/api/v1/clean/address "HTTP/1.1 200 "
2023-08-10 14:20:39,750 [INFO    ] HTTP Request: POST https://cleaner.dadata.ru/api/v1/clean/address "HTTP/1.1 200 "
2023-08-10 14:20:39,850 [INFO    ] HTTP Request: POST https://cleaner.dadata.ru/api/v1/clean/address "HTTP/1.1 200 "
2023-08-10 14:20:39,984 [INFO    ] HTTP Request: POST https://cleaner.dadata.ru/api/v1/clean/address "HTTP/1.1 200 "
2023-08-10 14:20:40,092 [INFO    ] HTTP Request: POST https://cleaner.dadata.ru/api/v1/clean/address "HTTP/1.1 200 "
2023-08-10 14:20:40,425 [INFO    ] HTTP Request: POST https://cleaner.dadata.ru/api/v1/clean/address "HTTP/1.1 200 "
2023-08-10 14:20:40,484 [INFO    ] HTTP Request: POST https://cleaner.dadata.ru/api/v1/clean/address "HTTP/1.1 200 "
2023-08-10 14:20:40,581 [INFO    ] HTTP Request: POST https://cleaner.dadata.ru/api/v1/clean/address "HTTP/1.1 200 "
2023-08-10 14:20:40,689 [INFO    ] HTTP Request: POST https://cleaner.dadata.ru/api/v1/clean/address "HTTP/1.1 200 "
2023-08-10 14:20:40,907 [INFO    ] HTTP Request: POST https://cleaner.dadata.ru/api/v1/clean/address "HTTP/1.1 200 "
2023-08-10 14:20:41,236 [INFO    ] HTTP Request: POST https://cleaner.dadata.ru/api/v1/clean/address "HTTP/1.1 200 "
2023-08-10 14:20:41,325 [INFO    ] HTTP Request: POST https://cleaner.dadata.ru/api/v1/clean/address "HTTP/1.1 200 "
2023-08-10 14:20:41,405 [INFO    ] HTTP Request: POST https://cleaner.dadata.ru/api/v1/clean/address "HTTP/1.1 200 "
2023-08-10 14:20:41,551 [INFO    ] HTTP Request: POST https://cleaner.dadata.ru/api/v1/clean/address "HTTP/1.1 200 "
2023-08-10 14:20:41,604 [INFO    ] HTTP Request: POST https://cleaner.dadata.ru/api/v1/clean/address "HTTP/1.1 200 "
2023-08-10 14:20:41,708 [INFO    ] HTTP Request: POST https://cleaner.dadata.ru/api/v1/clean/address "HTTP/1.1 200 "
2023-08-10 14:20:41,837 [INFO    ] HTTP Request: POST https://cleaner.dadata.ru/api/v1/clean/address "HTTP/1.1 200 "
2023-08-10 14:20:41,891 [INFO    ] HTTP Request: POST https://cleaner.dadata.ru/api/v1/clean/address "HTTP/1.1 200 "
2023-08-10 14:20:42,009 [INFO    ] HTTP Request: POST https://cleaner.dadata.ru/api/v1/clean/address "HTTP/1.1 200 "
2023-08-10 14:20:42,108 [INFO    ] HTTP Request: POST https://cleaner.dadata.ru/api/v1/clean/address "HTTP/1.1 200 "
2023-08-10 14:20:42,206 [INFO    ] HTTP Request: POST https://cleaner.dadata.ru/api/v1/clean/address "HTTP/1.1 200 "
2023-08-10 14:20:42,270 [INFO    ] HTTP Request: POST https://cleaner.dadata.ru/api/v1/clean/address "HTTP/1.1 200 "
2023-08-10 14:20:42,738 [INFO    ] HTTP Request: POST https://cleaner.dadata.ru/api/v1/clean/address "HTTP/1.1 200 "
2023-08-10 14:20:43,048 [INFO    ] HTTP Request: POST https://cleaner.dadata.ru/api/v1/clean/address "HTTP/1.1 200 "
2023-08-10 14:20:43,244 [INFO    ] HTTP Request: POST https://cleaner.dadata.ru/api/v1/clean/address "HTTP/1.1 200 "
2023-08-10 14:20:43,363 [INFO    ] HTTP Request: POST https://cleaner.dadata.ru/api/v1/clean/address "HTTP/1.1 200 "
2023-08-10 14:20:43,426 [INFO    ] HTTP Request: POST https://cleaner.dadata.ru/api/v1/clean/address "HTTP/1.1 200 "
2023-08-10 14:20:43,528 [INFO    ] HTTP Request: POST https://cleaner.dadata.ru/api/v1/clean/address "HTTP/1.1 200 "
2023-08-10 14:20:43,646 [INFO    ] HTTP Request: POST https://cleaner.dadata.ru/api/v1/clean/address "HTTP/1.1 200 "
2023-08-10 14:20:43,718 [INFO    ] HTTP Request: POST https://cleaner.dadata.ru/api/v1/clean/address "HTTP/1.1 200 "
2023-08-10 14:20:43,863 [INFO    ] HTTP Request: POST https://cleaner.dadata.ru/api/v1/clean/address "HTTP/1.1 200 "
2023-08-10 14:20:43,916 [INFO    ] HTTP Request: POST https://cleaner.dadata.ru/api/v1/clean/address "HTTP/1.1 200 "
2023-08-10 14:20:44,134 [INFO    ] HTTP Request: POST https://cleaner.dadata.ru/api/v1/clean/address "HTTP/1.1 200 "
2023-08-10 14:20:44,249 [INFO    ] HTTP Request: POST https://cleaner.dadata.ru/api/v1/clean/address "HTTP/1.1 200 "
2023-08-10 14:20:44,338 [INFO    ] HTTP Request: POST https://cleaner.dadata.ru/api/v1/clean/address "HTTP/1.1 200 "
2023-08-10 14:20:44,397 [INFO    ] HTTP Request: POST https://cleaner.dadata.ru/api/v1/clean/address "HTTP/1.1 200 "
2023-08-10 14:20:44,492 [INFO    ] HTTP Request: POST https://cleaner.dadata.ru/api/v1/clean/address "HTTP/1.1 200 "
2023-08-10 14:20:44,663 [INFO    ] HTTP Request: POST https://cleaner.dadata.ru/api/v1/clean/address "HTTP/1.1 200 "
2023-08-10 14:20:44,765 [INFO    ] HTTP Request: POST https://cleaner.dadata.ru/api/v1/clean/address "HTTP/1.1 200 "
2023-08-10 14:20:44,835 [INFO    ] HTTP Request: POST https://cleaner.dadata.ru/api/v1/clean/address "HTTP/1.1 200 "
2023-08-10 14:20:44,887 [INFO    ] HTTP Request: POST https://cleaner.dadata.ru/api/v1/clean/address "HTTP/1.1 200 "
2023-08-10 14:20:45,006 [INFO    ] HTTP Request: POST https://cleaner.dadata.ru/api/v1/clean/address "HTTP/1.1 200 "
2023-08-10 14:20:45,064 [INFO    ] HTTP Request: POST https://cleaner.dadata.ru/api/v1/clean/address "HTTP/1.1 200 "
2023-08-10 14:20:45,198 [INFO    ] HTTP Request: POST https://cleaner.dadata.ru/api/v1/clean/address "HTTP/1.1 200 "
2023-08-10 14:20:45,361 [INFO    ] HTTP Request: POST https://cleaner.dadata.ru/api/v1/clean/address "HTTP/1.1 200 "
2023-08-10 14:20:45,423 [INFO    ] HTTP Request: POST https://cleaner.dadata.ru/api/v1/clean/address "HTTP/1.1 200 "
2023-08-10 14:20:45,507 [INFO    ] HTTP Request: POST https://cleaner.dadata.ru/api/v1/clean/address "HTTP/1.1 200 "
2023-08-10 14:20:45,569 [INFO    ] HTTP Request: POST https://cleaner.dadata.ru/api/v1/clean/address "HTTP/1.1 200 "
2023-08-10 14:20:45,624 [INFO    ] HTTP Request: POST https://cleaner.dadata.ru/api/v1/clean/address "HTTP/1.1 200 "
2023-08-10 14:20:45,729 [INFO    ] HTTP Request: POST https://cleaner.dadata.ru/api/v1/clean/address "HTTP/1.1 200 "
2023-08-10 14:20:45,843 [INFO    ] HTTP Request: POST https://cleaner.dadata.ru/api/v1/clean/address "HTTP/1.1 200 "
2023-08-10 14:20:45,846 [INFO    ] 87%|########6 | 394/453 [00:20<00:02, 20.45it/s]
2023-08-10 14:20:45,969 [INFO    ] HTTP Request: POST https://cleaner.dadata.ru/api/v1/clean/address "HTTP/1.1 200 "
2023-08-10 14:20:46,126 [INFO    ] HTTP Request: POST https://cleaner.dadata.ru/api/v1/clean/address "HTTP/1.1 200 "
2023-08-10 14:20:46,248 [INFO    ] HTTP Request: POST https://cleaner.dadata.ru/api/v1/clean/address "HTTP/1.1 200 "
2023-08-10 14:20:46,380 [INFO    ] HTTP Request: POST https://cleaner.dadata.ru/api/v1/clean/address "HTTP/1.1 200 "
2023-08-10 14:20:46,501 [INFO    ] HTTP Request: POST https://cleaner.dadata.ru/api/v1/clean/address "HTTP/1.1 200 "
2023-08-10 14:20:46,574 [INFO    ] HTTP Request: POST https://cleaner.dadata.ru/api/v1/clean/address "HTTP/1.1 200 "
2023-08-10 14:20:46,754 [INFO    ] HTTP Request: POST https://cleaner.dadata.ru/api/v1/clean/address "HTTP/1.1 200 "
2023-08-10 14:20:46,859 [INFO    ] HTTP Request: POST https://cleaner.dadata.ru/api/v1/clean/address "HTTP/1.1 200 "
2023-08-10 14:20:46,935 [INFO    ] HTTP Request: POST https://cleaner.dadata.ru/api/v1/clean/address "HTTP/1.1 200 "
2023-08-10 14:20:47,055 [INFO    ] HTTP Request: POST https://cleaner.dadata.ru/api/v1/clean/address "HTTP/1.1 200 "
2023-08-10 14:20:47,181 [INFO    ] HTTP Request: POST https://cleaner.dadata.ru/api/v1/clean/address "HTTP/1.1 200 "
2023-08-10 14:20:47,282 [INFO    ] HTTP Request: POST https://cleaner.dadata.ru/api/v1/clean/address "HTTP/1.1 200 "
2023-08-10 14:20:47,397 [INFO    ] HTTP Request: POST https://cleaner.dadata.ru/api/v1/clean/address "HTTP/1.1 200 "
2023-08-10 14:20:47,563 [INFO    ] HTTP Request: POST https://cleaner.dadata.ru/api/v1/clean/address "HTTP/1.1 200 "
2023-08-10 14:20:47,627 [INFO    ] HTTP Request: POST https://cleaner.dadata.ru/api/v1/clean/address "HTTP/1.1 200 "
2023-08-10 14:20:47,811 [INFO    ] HTTP Request: POST https://cleaner.dadata.ru/api/v1/clean/address "HTTP/1.1 200 "
2023-08-10 14:20:47,876 [INFO    ] HTTP Request: POST https://cleaner.dadata.ru/api/v1/clean/address "HTTP/1.1 200 "
2023-08-10 14:20:47,945 [INFO    ] HTTP Request: POST https://cleaner.dadata.ru/api/v1/clean/address "HTTP/1.1 200 "
2023-08-10 14:20:47,992 [INFO    ] HTTP Request: POST https://cleaner.dadata.ru/api/v1/clean/address "HTTP/1.1 200 "
2023-08-10 14:20:48,095 [INFO    ] HTTP Request: POST https://cleaner.dadata.ru/api/v1/clean/address "HTTP/1.1 200 "
2023-08-10 14:20:48,266 [INFO    ] HTTP Request: POST https://cleaner.dadata.ru/api/v1/clean/address "HTTP/1.1 200 "
2023-08-10 14:20:48,315 [INFO    ] HTTP Request: POST https://cleaner.dadata.ru/api/v1/clean/address "HTTP/1.1 200 "
2023-08-10 14:20:48,409 [INFO    ] HTTP Request: POST https://cleaner.dadata.ru/api/v1/clean/address "HTTP/1.1 200 "
2023-08-10 14:20:48,520 [INFO    ] HTTP Request: POST https://cleaner.dadata.ru/api/v1/clean/address "HTTP/1.1 200 "
2023-08-10 14:20:48,591 [INFO    ] HTTP Request: POST https://cleaner.dadata.ru/api/v1/clean/address "HTTP/1.1 200 "
2023-08-10 14:20:48,641 [INFO    ] HTTP Request: POST https://cleaner.dadata.ru/api/v1/clean/address "HTTP/1.1 200 "
2023-08-10 14:20:48,912 [INFO    ] HTTP Request: POST https://cleaner.dadata.ru/api/v1/clean/address "HTTP/1.1 200 "
2023-08-10 14:20:48,965 [INFO    ] HTTP Request: POST https://cleaner.dadata.ru/api/v1/clean/address "HTTP/1.1 200 "
2023-08-10 14:20:49,135 [INFO    ] HTTP Request: POST https://cleaner.dadata.ru/api/v1/clean/address "HTTP/1.1 200 "
2023-08-10 14:20:49,207 [INFO    ] HTTP Request: POST https://cleaner.dadata.ru/api/v1/clean/address "HTTP/1.1 200 "
2023-08-10 14:20:49,261 [INFO    ] HTTP Request: POST https://cleaner.dadata.ru/api/v1/clean/address "HTTP/1.1 200 "
2023-08-10 14:20:49,420 [INFO    ] HTTP Request: POST https://cleaner.dadata.ru/api/v1/clean/address "HTTP/1.1 200 "
2023-08-10 14:20:49,498 [INFO    ] HTTP Request: POST https://cleaner.dadata.ru/api/v1/clean/address "HTTP/1.1 200 "
2023-08-10 14:20:49,605 [INFO    ] HTTP Request: POST https://cleaner.dadata.ru/api/v1/clean/address "HTTP/1.1 200 "
2023-08-10 14:20:49,751 [INFO    ] HTTP Request: POST https://cleaner.dadata.ru/api/v1/clean/address "HTTP/1.1 200 "
2023-08-10 14:20:49,856 [INFO    ] HTTP Request: POST https://cleaner.dadata.ru/api/v1/clean/address "HTTP/1.1 200 "
2023-08-10 14:20:49,923 [INFO    ] HTTP Request: POST https://cleaner.dadata.ru/api/v1/clean/address "HTTP/1.1 200 "
2023-08-10 14:20:50,032 [INFO    ] HTTP Request: POST https://cleaner.dadata.ru/api/v1/clean/address "HTTP/1.1 200 "
2023-08-10 14:20:50,157 [INFO    ] HTTP Request: POST https://cleaner.dadata.ru/api/v1/clean/address "HTTP/1.1 200 "
2023-08-10 14:20:50,224 [INFO    ] HTTP Request: POST https://cleaner.dadata.ru/api/v1/clean/address "HTTP/1.1 200 "
2023-08-10 14:20:50,312 [INFO    ] HTTP Request: POST https://cleaner.dadata.ru/api/v1/clean/address "HTTP/1.1 200 "
2023-08-10 14:20:50,364 [INFO    ] HTTP Request: POST https://cleaner.dadata.ru/api/v1/clean/address "HTTP/1.1 200 "
2023-08-10 14:20:50,463 [INFO    ] HTTP Request: POST https://cleaner.dadata.ru/api/v1/clean/address "HTTP/1.1 200 "
2023-08-10 14:20:50,594 [INFO    ] HTTP Request: POST https://cleaner.dadata.ru/api/v1/clean/address "HTTP/1.1 200 "
2023-08-10 14:20:50,711 [INFO    ] HTTP Request: POST https://cleaner.dadata.ru/api/v1/clean/address "HTTP/1.1 200 "
2023-08-10 14:20:50,815 [INFO    ] HTTP Request: POST https://cleaner.dadata.ru/api/v1/clean/address "HTTP/1.1 200 "
2023-08-10 14:20:50,868 [INFO    ] HTTP Request: POST https://cleaner.dadata.ru/api/v1/clean/address "HTTP/1.1 200 "
2023-08-10 14:20:51,033 [INFO    ] HTTP Request: POST https://cleaner.dadata.ru/api/v1/clean/address "HTTP/1.1 200 "
2023-08-10 14:20:51,100 [INFO    ] HTTP Request: POST https://cleaner.dadata.ru/api/v1/clean/address "HTTP/1.1 200 "
2023-08-10 14:20:51,156 [INFO    ] HTTP Request: POST https://cleaner.dadata.ru/api/v1/clean/address "HTTP/1.1 200 "
2023-08-10 14:20:51,555 [INFO    ] HTTP Request: POST https://cleaner.dadata.ru/api/v1/clean/address "HTTP/1.1 200 "
2023-08-10 14:20:51,633 [INFO    ] HTTP Request: POST https://cleaner.dadata.ru/api/v1/clean/address "HTTP/1.1 200 "
2023-08-10 14:20:51,778 [INFO    ] HTTP Request: POST https://cleaner.dadata.ru/api/v1/clean/address "HTTP/1.1 200 "
2023-08-10 14:20:51,855 [INFO    ] HTTP Request: POST https://cleaner.dadata.ru/api/v1/clean/address "HTTP/1.1 200 "
2023-08-10 14:20:52,005 [INFO    ] HTTP Request: POST https://cleaner.dadata.ru/api/v1/clean/address "HTTP/1.1 200 "
2023-08-10 14:20:52,218 [INFO    ] HTTP Request: POST https://cleaner.dadata.ru/api/v1/clean/address "HTTP/1.1 200 "
2023-08-10 14:20:52,360 [INFO    ] HTTP Request: POST https://cleaner.dadata.ru/api/v1/clean/address "HTTP/1.1 200 "
2023-08-10 14:20:52,423 [INFO    ] HTTP Request: POST https://cleaner.dadata.ru/api/v1/clean/address "HTTP/1.1 200 "
2023-08-10 14:20:52,529 [INFO    ] HTTP Request: POST https://cleaner.dadata.ru/api/v1/clean/address "HTTP/1.1 200 "
2023-08-10 14:20:52,598 [INFO    ] HTTP Request: POST https://cleaner.dadata.ru/api/v1/clean/address "HTTP/1.1 200 "
2023-08-10 14:20:52,685 [INFO    ] HTTP Request: POST https://cleaner.dadata.ru/api/v1/clean/address "HTTP/1.1 200 "
2023-08-10 14:20:52,779 [INFO    ] HTTP Request: POST https://cleaner.dadata.ru/api/v1/clean/address "HTTP/1.1 200 "
2023-08-10 14:20:53,090 [INFO    ] HTTP Request: POST https://cleaner.dadata.ru/api/v1/clean/address "HTTP/1.1 200 "
2023-08-10 14:20:53,384 [INFO    ] HTTP Request: POST https://cleaner.dadata.ru/api/v1/clean/address "HTTP/1.1 200 "
2023-08-10 14:20:53,481 [INFO    ] HTTP Request: POST https://cleaner.dadata.ru/api/v1/clean/address "HTTP/1.1 200 "
2023-08-10 14:20:53,556 [INFO    ] HTTP Request: POST https://cleaner.dadata.ru/api/v1/clean/address "HTTP/1.1 200 "
2023-08-10 14:20:53,651 [INFO    ] HTTP Request: POST https://cleaner.dadata.ru/api/v1/clean/address "HTTP/1.1 200 "
2023-08-10 14:20:53,720 [INFO    ] HTTP Request: POST https://cleaner.dadata.ru/api/v1/clean/address "HTTP/1.1 200 "
2023-08-10 14:20:53,781 [INFO    ] HTTP Request: POST https://cleaner.dadata.ru/api/v1/clean/address "HTTP/1.1 200 "
2023-08-10 14:20:53,893 [INFO    ] HTTP Request: POST https://cleaner.dadata.ru/api/v1/clean/address "HTTP/1.1 200 "
2023-08-10 14:20:53,984 [INFO    ] HTTP Request: POST https://cleaner.dadata.ru/api/v1/clean/address "HTTP/1.1 200 "
2023-08-10 14:20:54,155 [INFO    ] HTTP Request: POST https://cleaner.dadata.ru/api/v1/clean/address "HTTP/1.1 200 "
2023-08-10 14:20:54,306 [INFO    ] HTTP Request: POST https://cleaner.dadata.ru/api/v1/clean/address "HTTP/1.1 200 "
2023-08-10 14:20:54,435 [INFO    ] HTTP Request: POST https://cleaner.dadata.ru/api/v1/clean/address "HTTP/1.1 200 "
2023-08-10 14:20:54,490 [INFO    ] HTTP Request: POST https://cleaner.dadata.ru/api/v1/clean/address "HTTP/1.1 200 "
2023-08-10 14:20:54,662 [INFO    ] HTTP Request: POST https://cleaner.dadata.ru/api/v1/clean/address "HTTP/1.1 200 "
2023-08-10 14:20:54,895 [INFO    ] HTTP Request: POST https://cleaner.dadata.ru/api/v1/clean/address "HTTP/1.1 200 "
2023-08-10 14:20:54,970 [INFO    ] HTTP Request: POST https://cleaner.dadata.ru/api/v1/clean/address "HTTP/1.1 200 "
2023-08-10 14:20:55,074 [INFO    ] HTTP Request: POST https://cleaner.dadata.ru/api/v1/clean/address "HTTP/1.1 200 "
2023-08-10 14:20:55,173 [INFO    ] HTTP Request: POST https://cleaner.dadata.ru/api/v1/clean/address "HTTP/1.1 200 "
2023-08-10 14:20:55,277 [INFO    ] HTTP Request: POST https://cleaner.dadata.ru/api/v1/clean/address "HTTP/1.1 200 "
2023-08-10 14:20:55,372 [INFO    ] HTTP Request: POST https://cleaner.dadata.ru/api/v1/clean/address "HTTP/1.1 200 "
2023-08-10 14:20:55,480 [INFO    ] HTTP Request: POST https://cleaner.dadata.ru/api/v1/clean/address "HTTP/1.1 200 "
2023-08-10 14:20:55,681 [INFO    ] HTTP Request: POST https://cleaner.dadata.ru/api/v1/clean/address "HTTP/1.1 200 "
2023-08-10 14:20:55,940 [INFO    ] HTTP Request: POST https://cleaner.dadata.ru/api/v1/clean/address "HTTP/1.1 200 "
2023-08-10 14:20:55,942 [INFO    ] 647it [00:30, 22.56it/s]
2023-08-10 14:20:56,007 [INFO    ] HTTP Request: POST https://cleaner.dadata.ru/api/v1/clean/address "HTTP/1.1 200 "
2023-08-10 14:20:56,172 [INFO    ] HTTP Request: POST https://cleaner.dadata.ru/api/v1/clean/address "HTTP/1.1 200 "
2023-08-10 14:20:56,350 [INFO    ] HTTP Request: POST https://cleaner.dadata.ru/api/v1/clean/address "HTTP/1.1 200 "
2023-08-10 14:20:56,461 [INFO    ] HTTP Request: POST https://cleaner.dadata.ru/api/v1/clean/address "HTTP/1.1 200 "
2023-08-10 14:20:56,696 [INFO    ] HTTP Request: POST https://cleaner.dadata.ru/api/v1/clean/address "HTTP/1.1 200 "
2023-08-10 14:20:56,907 [INFO    ] HTTP Request: POST https://cleaner.dadata.ru/api/v1/clean/address "HTTP/1.1 200 "
2023-08-10 14:20:57,011 [INFO    ] HTTP Request: POST https://cleaner.dadata.ru/api/v1/clean/address "HTTP/1.1 200 "
2023-08-10 14:20:57,124 [INFO    ] HTTP Request: POST https://cleaner.dadata.ru/api/v1/clean/address "HTTP/1.1 200 "
2023-08-10 14:20:57,270 [INFO    ] HTTP Request: POST https://cleaner.dadata.ru/api/v1/clean/address "HTTP/1.1 200 "
2023-08-10 14:20:57,348 [INFO    ] HTTP Request: POST https://cleaner.dadata.ru/api/v1/clean/address "HTTP/1.1 200 "
2023-08-10 14:20:57,520 [INFO    ] HTTP Request: POST https://cleaner.dadata.ru/api/v1/clean/address "HTTP/1.1 200 "
2023-08-10 14:20:57,614 [INFO    ] HTTP Request: POST https://cleaner.dadata.ru/api/v1/clean/address "HTTP/1.1 200 "
2023-08-10 14:20:57,741 [INFO    ] HTTP Request: POST https://cleaner.dadata.ru/api/v1/clean/address "HTTP/1.1 200 "
2023-08-10 14:20:58,025 [INFO    ] HTTP Request: POST https://cleaner.dadata.ru/api/v1/clean/address "HTTP/1.1 200 "
2023-08-10 14:20:58,118 [INFO    ] HTTP Request: POST https://cleaner.dadata.ru/api/v1/clean/address "HTTP/1.1 200 "
2023-08-10 14:20:58,187 [INFO    ] HTTP Request: POST https://cleaner.dadata.ru/api/v1/clean/address "HTTP/1.1 200 "
2023-08-10 14:20:58,384 [INFO    ] HTTP Request: POST https://cleaner.dadata.ru/api/v1/clean/address "HTTP/1.1 200 "
2023-08-10 14:20:58,462 [INFO    ] HTTP Request: POST https://cleaner.dadata.ru/api/v1/clean/address "HTTP/1.1 200 "
2023-08-10 14:20:58,600 [INFO    ] HTTP Request: POST https://cleaner.dadata.ru/api/v1/clean/address "HTTP/1.1 200 "
2023-08-10 14:20:58,724 [INFO    ] HTTP Request: POST https://cleaner.dadata.ru/api/v1/clean/address "HTTP/1.1 200 "
2023-08-10 14:20:58,860 [INFO    ] HTTP Request: POST https://cleaner.dadata.ru/api/v1/clean/address "HTTP/1.1 200 "
2023-08-10 14:20:58,982 [INFO    ] HTTP Request: POST https://cleaner.dadata.ru/api/v1/clean/address "HTTP/1.1 200 "
2023-08-10 14:20:59,088 [INFO    ] HTTP Request: POST https://cleaner.dadata.ru/api/v1/clean/address "HTTP/1.1 200 "
2023-08-10 14:20:59,238 [INFO    ] HTTP Request: POST https://cleaner.dadata.ru/api/v1/clean/address "HTTP/1.1 200 "
2023-08-10 14:20:59,365 [INFO    ] HTTP Request: POST https://cleaner.dadata.ru/api/v1/clean/address "HTTP/1.1 200 "
2023-08-10 14:20:59,645 [INFO    ] HTTP Request: POST https://cleaner.dadata.ru/api/v1/clean/address "HTTP/1.1 200 "
2023-08-10 14:20:59,922 [INFO    ] HTTP Request: POST https://cleaner.dadata.ru/api/v1/clean/address "HTTP/1.1 200 "
2023-08-10 14:21:00,035 [INFO    ] HTTP Request: POST https://cleaner.dadata.ru/api/v1/clean/address "HTTP/1.1 200 "
2023-08-10 14:21:00,173 [INFO    ] HTTP Request: POST https://cleaner.dadata.ru/api/v1/clean/address "HTTP/1.1 200 "
2023-08-10 14:21:00,278 [INFO    ] HTTP Request: POST https://cleaner.dadata.ru/api/v1/clean/address "HTTP/1.1 200 "
2023-08-10 14:21:00,394 [INFO    ] HTTP Request: POST https://cleaner.dadata.ru/api/v1/clean/address "HTTP/1.1 200 "
2023-08-10 14:21:00,527 [INFO    ] HTTP Request: POST https://cleaner.dadata.ru/api/v1/clean/address "HTTP/1.1 200 "
2023-08-10 14:21:00,656 [INFO    ] HTTP Request: POST https://cleaner.dadata.ru/api/v1/clean/address "HTTP/1.1 200 "
2023-08-10 14:21:00,729 [INFO    ] HTTP Request: POST https://cleaner.dadata.ru/api/v1/clean/address "HTTP/1.1 200 "
2023-08-10 14:21:00,872 [INFO    ] HTTP Request: POST https://cleaner.dadata.ru/api/v1/clean/address "HTTP/1.1 200 "
2023-08-10 14:21:01,090 [INFO    ] HTTP Request: POST https://cleaner.dadata.ru/api/v1/clean/address "HTTP/1.1 200 "
2023-08-10 14:21:01,165 [INFO    ] HTTP Request: POST https://cleaner.dadata.ru/api/v1/clean/address "HTTP/1.1 200 "
2023-08-10 14:21:01,274 [INFO    ] HTTP Request: POST https://cleaner.dadata.ru/api/v1/clean/address "HTTP/1.1 200 "
2023-08-10 14:21:01,406 [INFO    ] HTTP Request: POST https://cleaner.dadata.ru/api/v1/clean/address "HTTP/1.1 200 "
2023-08-10 14:21:01,487 [INFO    ] HTTP Request: POST https://cleaner.dadata.ru/api/v1/clean/address "HTTP/1.1 200 "
2023-08-10 14:21:01,580 [INFO    ] HTTP Request: POST https://cleaner.dadata.ru/api/v1/clean/address "HTTP/1.1 200 "
2023-08-10 14:21:01,696 [INFO    ] HTTP Request: POST https://cleaner.dadata.ru/api/v1/clean/address "HTTP/1.1 200 "
2023-08-10 14:21:01,818 [INFO    ] HTTP Request: POST https://cleaner.dadata.ru/api/v1/clean/address "HTTP/1.1 200 "
2023-08-10 14:21:01,928 [INFO    ] HTTP Request: POST https://cleaner.dadata.ru/api/v1/clean/address "HTTP/1.1 200 "
2023-08-10 14:21:02,038 [INFO    ] HTTP Request: POST https://cleaner.dadata.ru/api/v1/clean/address "HTTP/1.1 200 "
2023-08-10 14:21:02,125 [INFO    ] HTTP Request: POST https://cleaner.dadata.ru/api/v1/clean/address "HTTP/1.1 200 "
2023-08-10 14:21:02,270 [INFO    ] HTTP Request: POST https://cleaner.dadata.ru/api/v1/clean/address "HTTP/1.1 200 "
2023-08-10 14:21:02,377 [INFO    ] HTTP Request: POST https://cleaner.dadata.ru/api/v1/clean/address "HTTP/1.1 200 "
2023-08-10 14:21:02,499 [INFO    ] HTTP Request: POST https://cleaner.dadata.ru/api/v1/clean/address "HTTP/1.1 200 "
2023-08-10 14:21:02,550 [INFO    ] HTTP Request: POST https://cleaner.dadata.ru/api/v1/clean/address "HTTP/1.1 200 "
2023-08-10 14:21:02,707 [INFO    ] HTTP Request: POST https://cleaner.dadata.ru/api/v1/clean/address "HTTP/1.1 200 "
2023-08-10 14:21:02,795 [INFO    ] HTTP Request: POST https://cleaner.dadata.ru/api/v1/clean/address "HTTP/1.1 200 "
2023-08-10 14:21:02,946 [INFO    ] HTTP Request: POST https://cleaner.dadata.ru/api/v1/clean/address "HTTP/1.1 200 "
2023-08-10 14:21:03,024 [INFO    ] HTTP Request: POST https://cleaner.dadata.ru/api/v1/clean/address "HTTP/1.1 200 "
2023-08-10 14:21:03,180 [INFO    ] HTTP Request: POST https://cleaner.dadata.ru/api/v1/clean/address "HTTP/1.1 200 "
2023-08-10 14:21:03,315 [INFO    ] HTTP Request: POST https://cleaner.dadata.ru/api/v1/clean/address "HTTP/1.1 200 "
2023-08-10 14:21:03,507 [INFO    ] HTTP Request: POST https://cleaner.dadata.ru/api/v1/clean/address "HTTP/1.1 200 "
2023-08-10 14:21:03,636 [INFO    ] HTTP Request: POST https://cleaner.dadata.ru/api/v1/clean/address "HTTP/1.1 200 "
2023-08-10 14:21:03,738 [INFO    ] HTTP Request: POST https://cleaner.dadata.ru/api/v1/clean/address "HTTP/1.1 200 "
2023-08-10 14:21:03,874 [INFO    ] HTTP Request: POST https://cleaner.dadata.ru/api/v1/clean/address "HTTP/1.1 200 "
2023-08-10 14:21:04,030 [INFO    ] HTTP Request: POST https://cleaner.dadata.ru/api/v1/clean/address "HTTP/1.1 200 "
2023-08-10 14:21:04,096 [INFO    ] HTTP Request: POST https://cleaner.dadata.ru/api/v1/clean/address "HTTP/1.1 200 "
2023-08-10 14:21:04,285 [INFO    ] HTTP Request: POST https://cleaner.dadata.ru/api/v1/clean/address "HTTP/1.1 200 "
2023-08-10 14:21:04,470 [INFO    ] HTTP Request: POST https://cleaner.dadata.ru/api/v1/clean/address "HTTP/1.1 200 "
2023-08-10 14:21:04,665 [INFO    ] HTTP Request: POST https://cleaner.dadata.ru/api/v1/clean/address "HTTP/1.1 200 "
2023-08-10 14:21:04,736 [INFO    ] HTTP Request: POST https://cleaner.dadata.ru/api/v1/clean/address "HTTP/1.1 200 "
2023-08-10 14:21:04,818 [INFO    ] HTTP Request: POST https://cleaner.dadata.ru/api/v1/clean/address "HTTP/1.1 200 "
2023-08-10 14:21:04,979 [INFO    ] HTTP Request: POST https://cleaner.dadata.ru/api/v1/clean/address "HTTP/1.1 200 "
2023-08-10 14:21:05,084 [INFO    ] HTTP Request: POST https://cleaner.dadata.ru/api/v1/clean/address "HTTP/1.1 200 "
2023-08-10 14:21:05,175 [INFO    ] HTTP Request: POST https://cleaner.dadata.ru/api/v1/clean/address "HTTP/1.1 200 "
2023-08-10 14:21:05,304 [INFO    ] HTTP Request: POST https://cleaner.dadata.ru/api/v1/clean/address "HTTP/1.1 200 "
2023-08-10 14:21:05,369 [INFO    ] HTTP Request: POST https://cleaner.dadata.ru/api/v1/clean/address "HTTP/1.1 200 "
2023-08-10 14:21:05,637 [INFO    ] HTTP Request: POST https://cleaner.dadata.ru/api/v1/clean/address "HTTP/1.1 200 "
2023-08-10 14:21:05,716 [INFO    ] HTTP Request: POST https://cleaner.dadata.ru/api/v1/clean/address "HTTP/1.1 200 "
2023-08-10 14:21:05,812 [INFO    ] HTTP Request: POST https://cleaner.dadata.ru/api/v1/clean/address "HTTP/1.1 200 "
2023-08-10 14:21:05,913 [INFO    ] HTTP Request: POST https://cleaner.dadata.ru/api/v1/clean/address "HTTP/1.1 200 "
2023-08-10 14:21:06,078 [INFO    ] HTTP Request: POST https://cleaner.dadata.ru/api/v1/clean/address "HTTP/1.1 200 "
2023-08-10 14:21:06,081 [INFO    ] 954it [00:40, 25.62it/s]
2023-08-10 14:21:06,182 [INFO    ] HTTP Request: POST https://cleaner.dadata.ru/api/v1/clean/address "HTTP/1.1 200 "
2023-08-10 14:21:06,253 [INFO    ] HTTP Request: POST https://cleaner.dadata.ru/api/v1/clean/address "HTTP/1.1 200 "
2023-08-10 14:21:06,405 [INFO    ] HTTP Request: POST https://cleaner.dadata.ru/api/v1/clean/address "HTTP/1.1 200 "
2023-08-10 14:21:06,609 [INFO    ] HTTP Request: POST https://cleaner.dadata.ru/api/v1/clean/address "HTTP/1.1 200 "
2023-08-10 14:21:06,694 [INFO    ] HTTP Request: POST https://cleaner.dadata.ru/api/v1/clean/address "HTTP/1.1 200 "
2023-08-10 14:21:06,793 [INFO    ] HTTP Request: POST https://cleaner.dadata.ru/api/v1/clean/address "HTTP/1.1 200 "
2023-08-10 14:21:06,896 [INFO    ] HTTP Request: POST https://cleaner.dadata.ru/api/v1/clean/address "HTTP/1.1 200 "
2023-08-10 14:21:06,963 [INFO    ] HTTP Request: POST https://cleaner.dadata.ru/api/v1/clean/address "HTTP/1.1 200 "
2023-08-10 14:21:07,040 [INFO    ] HTTP Request: POST https://cleaner.dadata.ru/api/v1/clean/address "HTTP/1.1 200 "
2023-08-10 14:21:07,171 [INFO    ] HTTP Request: POST https://cleaner.dadata.ru/api/v1/clean/address "HTTP/1.1 200 "
2023-08-10 14:21:07,295 [INFO    ] HTTP Request: POST https://cleaner.dadata.ru/api/v1/clean/address "HTTP/1.1 200 "
2023-08-10 14:21:07,389 [INFO    ] HTTP Request: POST https://cleaner.dadata.ru/api/v1/clean/address "HTTP/1.1 200 "
2023-08-10 14:21:07,588 [INFO    ] HTTP Request: POST https://cleaner.dadata.ru/api/v1/clean/address "HTTP/1.1 200 "
2023-08-10 14:21:07,666 [INFO    ] HTTP Request: POST https://cleaner.dadata.ru/api/v1/clean/address "HTTP/1.1 200 "
2023-08-10 14:21:07,863 [INFO    ] HTTP Request: POST https://cleaner.dadata.ru/api/v1/clean/address "HTTP/1.1 200 "
2023-08-10 14:21:07,945 [INFO    ] HTTP Request: POST https://cleaner.dadata.ru/api/v1/clean/address "HTTP/1.1 200 "
2023-08-10 14:21:08,069 [INFO    ] HTTP Request: POST https://cleaner.dadata.ru/api/v1/clean/address "HTTP/1.1 200 "
2023-08-10 14:21:08,152 [INFO    ] HTTP Request: POST https://cleaner.dadata.ru/api/v1/clean/address "HTTP/1.1 200 "
2023-08-10 14:21:08,237 [INFO    ] HTTP Request: POST https://cleaner.dadata.ru/api/v1/clean/address "HTTP/1.1 200 "
2023-08-10 14:21:08,329 [INFO    ] HTTP Request: POST https://cleaner.dadata.ru/api/v1/clean/address "HTTP/1.1 200 "
2023-08-10 14:21:08,406 [INFO    ] HTTP Request: POST https://cleaner.dadata.ru/api/v1/clean/address "HTTP/1.1 200 "
2023-08-10 14:21:08,504 [INFO    ] HTTP Request: POST https://cleaner.dadata.ru/api/v1/clean/address "HTTP/1.1 200 "
2023-08-10 14:21:08,636 [INFO    ] HTTP Request: POST https://cleaner.dadata.ru/api/v1/clean/address "HTTP/1.1 200 "
2023-08-10 14:21:08,735 [INFO    ] HTTP Request: POST https://cleaner.dadata.ru/api/v1/clean/address "HTTP/1.1 200 "
2023-08-10 14:21:08,843 [INFO    ] HTTP Request: POST https://cleaner.dadata.ru/api/v1/clean/address "HTTP/1.1 200 "
2023-08-10 14:21:08,924 [INFO    ] HTTP Request: POST https://cleaner.dadata.ru/api/v1/clean/address "HTTP/1.1 200 "
2023-08-10 14:21:09,159 [INFO    ] HTTP Request: POST https://cleaner.dadata.ru/api/v1/clean/address "HTTP/1.1 200 "
2023-08-10 14:21:09,419 [INFO    ] HTTP Request: POST https://cleaner.dadata.ru/api/v1/clean/address "HTTP/1.1 200 "
2023-08-10 14:21:09,504 [INFO    ] HTTP Request: POST https://cleaner.dadata.ru/api/v1/clean/address "HTTP/1.1 200 "
2023-08-10 14:21:09,583 [INFO    ] HTTP Request: POST https://cleaner.dadata.ru/api/v1/clean/address "HTTP/1.1 200 "
2023-08-10 14:21:09,668 [INFO    ] HTTP Request: POST https://cleaner.dadata.ru/api/v1/clean/address "HTTP/1.1 200 "
2023-08-10 14:21:09,770 [INFO    ] HTTP Request: POST https://cleaner.dadata.ru/api/v1/clean/address "HTTP/1.1 200 "
2023-08-10 14:21:09,899 [INFO    ] HTTP Request: POST https://cleaner.dadata.ru/api/v1/clean/address "HTTP/1.1 200 "
2023-08-10 14:21:10,034 [INFO    ] HTTP Request: POST https://cleaner.dadata.ru/api/v1/clean/address "HTTP/1.1 200 "
2023-08-10 14:21:10,116 [INFO    ] HTTP Request: POST https://cleaner.dadata.ru/api/v1/clean/address "HTTP/1.1 200 "
2023-08-10 14:21:10,555 [INFO    ] HTTP Request: POST https://cleaner.dadata.ru/api/v1/clean/address "HTTP/1.1 200 "
2023-08-10 14:21:10,619 [INFO    ] HTTP Request: POST https://cleaner.dadata.ru/api/v1/clean/address "HTTP/1.1 200 "
2023-08-10 14:21:10,810 [INFO    ] HTTP Request: POST https://cleaner.dadata.ru/api/v1/clean/address "HTTP/1.1 200 "
2023-08-10 14:21:10,973 [INFO    ] HTTP Request: POST https://cleaner.dadata.ru/api/v1/clean/address "HTTP/1.1 200 "
2023-08-10 14:21:11,042 [INFO    ] HTTP Request: POST https://cleaner.dadata.ru/api/v1/clean/address "HTTP/1.1 200 "
2023-08-10 14:21:11,628 [INFO    ] HTTP Request: POST https://cleaner.dadata.ru/api/v1/clean/address "HTTP/1.1 200 "
2023-08-10 14:21:11,698 [INFO    ] HTTP Request: POST https://cleaner.dadata.ru/api/v1/clean/address "HTTP/1.1 200 "
2023-08-10 14:21:11,799 [INFO    ] HTTP Request: POST https://cleaner.dadata.ru/api/v1/clean/address "HTTP/1.1 200 "
2023-08-10 14:21:11,867 [INFO    ] HTTP Request: POST https://cleaner.dadata.ru/api/v1/clean/address "HTTP/1.1 200 "
2023-08-10 14:21:11,997 [INFO    ] HTTP Request: POST https://cleaner.dadata.ru/api/v1/clean/address "HTTP/1.1 200 "
2023-08-10 14:21:12,230 [INFO    ] HTTP Request: POST https://cleaner.dadata.ru/api/v1/clean/address "HTTP/1.1 200 "
2023-08-10 14:21:12,327 [INFO    ] HTTP Request: POST https://cleaner.dadata.ru/api/v1/clean/address "HTTP/1.1 200 "
2023-08-10 14:21:12,398 [INFO    ] HTTP Request: POST https://cleaner.dadata.ru/api/v1/clean/address "HTTP/1.1 200 "
2023-08-10 14:21:12,492 [INFO    ] HTTP Request: POST https://cleaner.dadata.ru/api/v1/clean/address "HTTP/1.1 200 "
2023-08-10 14:21:12,547 [INFO    ] HTTP Request: POST https://cleaner.dadata.ru/api/v1/clean/address "HTTP/1.1 200 "
2023-08-10 14:21:12,682 [INFO    ] HTTP Request: POST https://cleaner.dadata.ru/api/v1/clean/address "HTTP/1.1 200 "
2023-08-10 14:21:12,806 [INFO    ] HTTP Request: POST https://cleaner.dadata.ru/api/v1/clean/address "HTTP/1.1 200 "
2023-08-10 14:21:12,946 [INFO    ] HTTP Request: POST https://cleaner.dadata.ru/api/v1/clean/address "HTTP/1.1 200 "
2023-08-10 14:21:13,043 [INFO    ] HTTP Request: POST https://cleaner.dadata.ru/api/v1/clean/address "HTTP/1.1 200 "
2023-08-10 14:21:13,180 [INFO    ] HTTP Request: POST https://cleaner.dadata.ru/api/v1/clean/address "HTTP/1.1 200 "
2023-08-10 14:21:13,250 [INFO    ] HTTP Request: POST https://cleaner.dadata.ru/api/v1/clean/address "HTTP/1.1 200 "
2023-08-10 14:21:13,319 [INFO    ] HTTP Request: POST https://cleaner.dadata.ru/api/v1/clean/address "HTTP/1.1 200 "
2023-08-10 14:21:13,331 [INFO    ] 1135it [00:47, 23.82it/s]
2023-08-10 14:21:13,331 [INFO    ] 
2023-08-10 14:21:13,332 [INFO    ] dadata con closed succesfully
2023-08-10 14:21:13,333 [INFO    ] обращение к DDT по 1081/1135 адресам из avito заняло 0:00:50.011732
2023-08-10 14:21:13,349 [INFO    ] обращение к DDT выполнено для 3282/3562 новых объявлений, найден fias для 2579
2023-08-10 14:21:33,905 [INFO    ] уникальных троек по h_fias_id, ad_id, d_id, в таблице с районами и houses_jkh_ddt/id: 3282
2023-08-10 14:21:33,906 [INFO    ] выгрузка данных в таблицу realty
2023-08-10 14:21:35,040 [INFO    ] Добавлено районов к объявлениям realty: 773 - было 0 стало 773
2023-08-10 14:21:35,040 [INFO    ] Есть несовпадения районов c jkh, обновление районов в jkh для 0 записей
2023-08-10 14:21:38,135 [INFO    ] Временная таблица temp_jkh_houses очищена
2023-08-10 14:21:41,451 [INFO    ] Обновление данных jkh_houses завершено
2023-08-10 14:21:43,124 [INFO    ] все новые объявления добавлены
2023-08-10 14:21:44,589 [INFO    ] Успешно обработан файл 09-08-23 (без дублей).csv для prices
2023-08-10 14:21:44,589 [INFO    ] Выгрузка в таблицу prices обработанного файла из авито: 09-08-23 (без дублей).csv
2023-08-10 14:21:56,643 [INFO    ] данные avito загружены успешно
2023-08-10 14:21:56,983 [INFO    ] Новые данные загружены по файлам ['09-08-23 (без дублей).csv'] из авито и ['циан 09-08-23 (без дублей).csv'] из циана за 0:07:50.708747
2023-08-10 14:21:57,047 [INFO    ] HTTP Request: GET https://dadata.ru/api/v2/profile/balance "HTTP/1.1 200 OK"
2023-08-10 14:21:57,411 [INFO    ] отчет отправлен в tg
2023-08-10 14:21:57,561 [INFO    ] сохранение лог-файла
