2023-06-03 09:41:41,306 [INFO    ] Скрипт запущен: 2023-06-03 09:41:41.306168
2023-06-03 09:41:41,350 [INFO    ] Connected (version 2.0, client OpenSSH_7.4p1)
2023-06-03 09:41:41,459 [INFO    ] Authentication (publickey) failed.
2023-06-03 09:41:41,472 [INFO    ] Connected (version 2.0, client OpenSSH_7.4p1)
2023-06-03 09:41:41,547 [INFO    ] Authentication (password) successful!
2023-06-03 09:41:41,577 [INFO    ] connected to host 5.188.28.225 base app_nedvizhka_db
2023-06-03 09:41:41,728 [INFO    ] yandex token valid
2023-06-03 09:41:43,552 [INFO    ] Успешно загружено 1 файлов с личного диска: ['циан 17-05-23 (без дублей).csv'] для cian
2023-06-03 09:41:43,552 [INFO    ] ready to process files [], ['циан 17-05-23 (без дублей).csv']
2023-06-03 09:41:43,552 [INFO    ] обработка файла циан 17-05-23 (без дублей).csv для cian
2023-06-03 09:41:44,679 [INFO    ] обработка district_id:
2023-06-03 09:41:44,681 [INFO    ] districts_update:   0%|          | 0/121065 [00:00<?, ?it/s]
2023-06-03 09:41:59,682 [INFO    ] districts_update:  12%|#2        | 14640/121065 [00:15<01:49, 975.94it/s]
2023-06-03 09:42:14,683 [INFO    ] districts_update:  24%|##4       | 29359/121065 [00:30<01:33, 979.04it/s]
2023-06-03 09:42:24,730 [INFO    ] districts_update:  32%|###2      | 39161/121065 [00:40<01:23, 979.04it/s]
2023-06-03 09:42:29,683 [INFO    ] districts_update:  36%|###6      | 44088/121065 [00:45<01:18, 980.36it/s]
2023-06-03 09:42:44,684 [INFO    ] districts_update:  49%|####8     | 59298/121065 [01:00<01:02, 993.63it/s]
2023-06-03 09:42:54,738 [INFO    ] districts_update:  57%|#####7    | 69130/121065 [01:10<00:52, 993.63it/s]
2023-06-03 09:42:59,684 [INFO    ] districts_update:  61%|######1   | 74176/121065 [01:15<00:47, 992.98it/s]
2023-06-03 09:43:14,743 [INFO    ] districts_update:  74%|#######3  | 88997/121065 [01:30<00:32, 992.98it/s]
2023-06-03 09:43:14,744 [INFO    ] districts_update:  74%|#######3  | 88998/121065 [01:30<00:32, 990.00it/s]
2023-06-03 09:43:24,744 [INFO    ] districts_update:  82%|########1 | 98966/121065 [01:40<00:22, 990.00it/s]
2023-06-03 09:43:29,744 [INFO    ] districts_update:  86%|########5 | 103902/121065 [01:45<00:17, 991.17it/s]
2023-06-03 09:43:44,745 [INFO    ] districts_update:  98%|#########8| 118944/121065 [02:00<00:02, 994.85it/s]
2023-06-03 09:43:46,956 [INFO    ] districts_update: 100%|##########| 121065/121065 [02:02<00:00, 990.11it/s]
2023-06-03 09:43:46,956 [INFO    ] district add from realty
2023-06-03 09:43:48,086 [INFO    ] Успешно обработан файл циан 17-05-23 (без дублей).csv для realty
2023-06-03 09:43:48,094 [INFO    ] Выгрузка в таблицу realty обработанного файла из cian: циан 17-05-23 (без дублей).csv
2023-06-03 09:43:48,169 [INFO    ] Временная таблица очищена
2023-06-03 09:43:56,927 [INFO    ] Загрузка новых объявлений в таблицу
2023-06-03 09:43:57,140 [INFO    ] 117165 существующих и 3900 новых объявлений
2023-06-03 09:44:43,944 [INFO    ] обновлена таблица realty
2023-06-03 09:44:51,844 [INFO    ] обновлены районы в таблице realty
2023-06-03 09:44:58,168 [INFO    ] Обновление существующих данных realty завершено
2023-06-03 09:45:10,866 [INFO    ] из новых объявлений удалось найти по адресу 1064, запрос в ddt для 850 по уник. адресу из 2836
2023-06-03 09:45:10,867 [INFO    ] обновление районов для найденных в realty по адресу новых объявлений:
2023-06-03 09:45:11,042 [INFO    ] обнаружено 133 районов для 133 новых объявлений, найденных по адресу из 188
2023-06-03 09:45:11,047 [INFO    ] 129 районов осталось незаполнено
2023-06-03 09:45:11,048 [INFO    ] переход к обновлению оставшихся (не найденных по адресу) 2836 новых объявлений (850 адресов) для cian
2023-06-03 09:45:11,060 [INFO    ] попытка загрузить данные dadata из /var/www/yadisk_loader/saved_data_csv/cian_dadata_request_2023_05_17.csv
2023-06-03 09:45:11,115 [INFO    ] удалось загрузить исторические данные dadata
2023-06-03 09:45:14,121 [INFO    ] количество запросов к dadata составит: 149
2023-06-03 09:45:14,121 [INFO    ] 0%|          | 0/149 [00:00<?, ?it/s]
2023-06-03 09:45:14,167 [INFO    ] 850it [00:00, 18612.93it/s]
2023-06-03 09:45:14,167 [INFO    ] dadata con closed succesfully
2023-06-03 09:45:14,168 [INFO    ] обращение к DDT по 701/850 адресам из cian заняло 0:00:03.120389
2023-06-03 09:45:14,175 [INFO    ] обращение к DDT выполнено для 1428/2836 новых объявлений, найден fias для 1030
2023-06-03 09:45:23,708 [INFO    ] уникальных троек по h_fias_id, ad_id, d_id, в таблице с районами и houses_jkh_ddt/id: 1428
2023-06-03 09:45:23,709 [INFO    ] выгрузка данных в таблицу realty
2023-06-03 09:45:24,680 [INFO    ] Добавлено районов к объявлениям realty: 1 - было 1966 стало 1967
2023-06-03 09:45:24,680 [INFO    ] Есть несовпадения районов c jkh, обновление районов в jkh для 87 записей
2023-06-03 09:45:27,783 [INFO    ] Временная таблица temp_jkh_houses очищена
2023-06-03 09:45:31,238 [INFO    ] Обновление данных jkh_houses завершено
2023-06-03 09:45:32,811 [INFO    ] все новые объявления добавлены
2023-06-03 09:45:34,167 [INFO    ] Успешно обработан файл циан 17-05-23 (без дублей).csv для prices
2023-06-03 09:45:34,168 [INFO    ] Выгрузка в таблицу prices обработанного файла из cian: циан 17-05-23 (без дублей).csv
2023-06-03 09:45:43,301 [INFO    ] Новые данные загружены по файлам [] из авито и ['циан 17-05-23 (без дублей).csv'] из циана за 0:04:01.995467
2023-06-03 09:47:30,894 [INFO    ] нет новых данных для загрузки
