2023-06-06 14:20:45,750 [INFO    ] Скрипт запущен: 2023-06-06 14:20:45.750690
2023-06-06 14:20:45,783 [INFO    ] Connected (version 2.0, client OpenSSH_7.4p1)
2023-06-06 14:20:45,831 [INFO    ] Authentication (publickey) failed.
2023-06-06 14:20:45,835 [INFO    ] Connected (version 2.0, client OpenSSH_7.4p1)
2023-06-06 14:20:45,886 [INFO    ] Authentication (password) successful!
2023-06-06 14:20:45,916 [INFO    ] connected to host 92.53.64.66 base app_nedvizhka_db
2023-06-06 14:20:46,310 [INFO    ] yandex token valid
2023-06-06 14:20:46,841 [INFO    ] Успешно загружено 0 файлов с личного диска: [] для avito
2023-06-06 14:20:47,095 [INFO    ] yandex token valid
2023-06-06 14:20:49,677 [INFO    ] Успешно загружено 1 файлов с личного диска: ['циан 17-05-23 (без дублей).csv'] для cian
2023-06-06 14:20:49,678 [INFO    ] ready to process files [], ['циан 17-05-23 (без дублей).csv']
2023-06-06 14:20:49,678 [INFO    ] обработка файла циан 17-05-23 (без дублей).csv для cian
2023-06-06 14:20:50,805 [INFO    ] обработка district_id:
2023-06-06 14:20:50,808 [INFO    ] districts_update:   0%|          | 0/121065 [00:00<?, ?it/s]
2023-06-06 14:21:05,809 [INFO    ] districts_update:  12%|#2        | 14888/121065 [00:15<01:46, 992.48it/s]
2023-06-06 14:21:20,810 [INFO    ] districts_update:  25%|##4       | 29923/121065 [00:30<01:31, 998.24it/s]
2023-06-06 14:21:30,811 [INFO    ] districts_update:  33%|###2      | 39915/121065 [00:40<01:21, 998.24it/s]
2023-06-06 14:21:35,810 [INFO    ] districts_update:  37%|###7      | 44909/121065 [00:45<01:16, 998.61it/s]
2023-06-06 14:21:50,811 [INFO    ] districts_update:  50%|####9     | 60231/121065 [01:00<01:00, 1007.63it/s]
2023-06-06 14:22:00,874 [INFO    ] districts_update:  58%|#####8    | 70361/121065 [01:10<00:50, 1007.63it/s]
2023-06-06 14:22:05,812 [INFO    ] districts_update:  62%|######2   | 75470/121065 [01:15<00:45, 1010.60it/s]
2023-06-06 14:22:20,884 [INFO    ] districts_update:  75%|#######4  | 90709/121065 [01:30<00:30, 1010.76it/s]
2023-06-06 14:22:30,916 [INFO    ] districts_update:  83%|########3 | 100864/121065 [01:40<00:19, 1010.76it/s]
2023-06-06 14:22:35,884 [INFO    ] districts_update:  87%|########7 | 105842/121065 [01:45<00:15, 1010.13it/s]
2023-06-06 14:22:50,885 [INFO    ] districts_update: 100%|#########9| 121025/121065 [02:00<00:00, 1010.77it/s]
2023-06-06 14:22:50,962 [INFO    ] districts_update: 100%|##########| 121065/121065 [02:00<00:00, 1007.58it/s]
2023-06-06 14:22:50,963 [INFO    ] district add from realty
2023-06-06 14:22:51,699 [INFO    ] Успешно обработан файл циан 17-05-23 (без дублей).csv для realty
2023-06-06 14:22:51,707 [INFO    ] Выгрузка в таблицу realty обработанного файла из cian: циан 17-05-23 (без дублей).csv
2023-06-06 14:22:51,794 [INFO    ] Временная таблица очищена
2023-06-06 14:22:56,997 [INFO    ] Загрузка новых объявлений в таблицу
2023-06-06 14:22:57,209 [INFO    ] 117165 существующих и 3900 новых объявлений
2023-06-06 14:23:36,089 [INFO    ] обновлена таблица realty
2023-06-06 14:23:49,087 [INFO    ] обновлены районы в таблице realty
2023-06-06 14:23:55,622 [INFO    ] Обновление существующих данных realty завершено
2023-06-06 14:24:11,244 [INFO    ] из новых объявлений удалось найти по адресу 1064, запрос в ddt для 850 по уник. адресу из 2836
2023-06-06 14:24:11,244 [INFO    ] обновление районов для найденных в realty по адресу новых объявлений:
2023-06-06 14:24:11,380 [INFO    ] обнаружено 133 районов для 133 новых объявлений, найденных по адресу из 188
2023-06-06 14:24:11,385 [INFO    ] 129 районов осталось незаполнено
2023-06-06 14:24:11,386 [INFO    ] переход к обновлению оставшихся (не найденных по адресу) 2836 новых объявлений (850 адресов) для cian
2023-06-06 14:24:11,401 [INFO    ] попытка загрузить данные dadata из /var/www/yadisk_loader/saved_data_csv/cian_dadata_request_2023_05_17.csv
2023-06-06 14:24:11,442 [INFO    ] удалось загрузить исторические данные dadata
2023-06-06 14:24:14,445 [INFO    ] количество запросов к dadata составит: 149
2023-06-06 14:24:14,446 [INFO    ] 0%|          | 0/149 [00:00<?, ?it/s]
2023-06-06 14:24:14,496 [INFO    ] 850it [00:00, 17157.26it/s]
2023-06-06 14:24:14,496 [INFO    ] dadata con closed succesfully
2023-06-06 14:24:14,497 [INFO    ] обращение к DDT по 701/850 адресам из cian заняло 0:00:03.111351
2023-06-06 14:24:14,504 [INFO    ] обращение к DDT выполнено для 1428/2836 новых объявлений, найден fias для 1030
2023-06-06 14:24:20,518 [INFO    ] уникальных троек по h_fias_id, ad_id, d_id, в таблице с районами и houses_jkh_ddt/id: 1428
2023-06-06 14:24:20,519 [INFO    ] выгрузка данных в таблицу realty
2023-06-06 14:24:21,490 [INFO    ] Добавлено районов к объявлениям realty: 1 - было 1966 стало 1967
2023-06-06 14:24:21,490 [INFO    ] Есть несовпадения районов c jkh, обновление районов в jkh для 87 записей
2023-06-06 14:24:24,627 [INFO    ] Временная таблица temp_jkh_houses очищена
2023-06-06 14:24:28,170 [INFO    ] Обновление данных jkh_houses завершено
2023-06-06 14:24:29,639 [INFO    ] все новые объявления добавлены
2023-06-06 14:24:31,079 [INFO    ] Успешно обработан файл циан 17-05-23 (без дублей).csv для prices
2023-06-06 14:24:31,080 [INFO    ] Выгрузка в таблицу prices обработанного файла из cian: циан 17-05-23 (без дублей).csv
2023-06-06 14:24:40,080 [INFO    ] Новые данные загружены по файлам [] из авито и ['циан 17-05-23 (без дублей).csv'] из циана за 0:03:54.329619
