2023-06-06 14:26:41,617 [INFO    ] Скрипт запущен: 2023-06-06 14:26:41.617917
2023-06-06 14:26:41,651 [INFO    ] Connected (version 2.0, client OpenSSH_7.4p1)
2023-06-06 14:26:41,699 [INFO    ] Authentication (publickey) failed.
2023-06-06 14:26:41,703 [INFO    ] Connected (version 2.0, client OpenSSH_7.4p1)
2023-06-06 14:26:41,754 [INFO    ] Authentication (password) successful!
2023-06-06 14:26:41,784 [INFO    ] connected to host 92.53.64.66 base app_nedvizhka_db
2023-06-06 14:26:42,067 [INFO    ] yandex token valid
2023-06-06 14:26:45,140 [INFO    ] Успешно загружено 1 файлов с личного диска: ['01-06-23 (без дублей).csv'] для avito
2023-06-06 14:26:45,315 [INFO    ] yandex token valid
2023-06-06 14:26:48,141 [INFO    ] Успешно загружено 1 файлов с личного диска: ['циан 01-06-23 (без дублей).csv'] для cian
2023-06-06 14:26:48,141 [INFO    ] ready to process files ['01-06-23 (без дублей).csv'], ['циан 01-06-23 (без дублей).csv']
2023-06-06 14:26:48,141 [INFO    ] обработка файла циан 01-06-23 (без дублей).csv для cian
2023-06-06 14:26:49,245 [INFO    ] обработка district_id:
2023-06-06 14:26:49,247 [INFO    ] districts_update:   0%|          | 0/117074 [00:00<?, ?it/s]
2023-06-06 14:27:04,248 [INFO    ] districts_update:  13%|#2        | 14843/117074 [00:15<01:43, 989.48it/s]
2023-06-06 14:27:19,269 [INFO    ] districts_update:  25%|##5       | 29686/117074 [00:30<01:28, 988.73it/s]
2023-06-06 14:27:29,285 [INFO    ] districts_update:  34%|###3      | 39628/117074 [00:40<01:18, 988.73it/s]
2023-06-06 14:27:34,269 [INFO    ] districts_update:  38%|###8      | 44727/117074 [00:45<01:12, 995.11it/s]
2023-06-06 14:27:49,269 [INFO    ] districts_update:  51%|#####1    | 60007/117074 [01:00<00:56, 1004.41it/s]
2023-06-06 14:27:59,294 [INFO    ] districts_update:  60%|#####9    | 70189/117074 [01:10<00:46, 1004.41it/s]
2023-06-06 14:28:04,270 [INFO    ] districts_update:  64%|######4   | 75191/117074 [01:15<00:41, 1007.22it/s]
2023-06-06 14:28:19,270 [INFO    ] districts_update:  77%|#######7  | 90586/117074 [01:30<00:26, 1013.72it/s]
2023-06-06 14:28:29,295 [INFO    ] districts_update:  86%|########6 | 100736/117074 [01:40<00:16, 1013.72it/s]
2023-06-06 14:28:34,270 [INFO    ] districts_update:  90%|######### | 105794/117074 [01:45<00:11, 1013.75it/s]
2023-06-06 14:28:45,408 [INFO    ] districts_update: 100%|##########| 117074/117074 [01:56<00:00, 1007.87it/s]
2023-06-06 14:28:45,408 [INFO    ] district add from realty
2023-06-06 14:28:46,143 [INFO    ] Успешно обработан файл циан 01-06-23 (без дублей).csv для realty
2023-06-06 14:28:46,150 [INFO    ] Выгрузка в таблицу realty обработанного файла из cian: циан 01-06-23 (без дублей).csv
2023-06-06 14:28:46,238 [INFO    ] Временная таблица очищена
2023-06-06 14:28:51,347 [INFO    ] Загрузка новых объявлений в таблицу
2023-06-06 14:28:51,559 [INFO    ] 96266 существующих и 20808 новых объявлений
2023-06-06 14:29:23,801 [INFO    ] обновлена таблица realty
2023-06-06 14:29:31,329 [INFO    ] обновлены районы в таблице realty
2023-06-06 14:29:33,521 [INFO    ] Обновление существующих данных realty завершено
2023-06-06 14:30:02,845 [INFO    ] из новых объявлений удалось найти по адресу 10009, запрос в ddt для 4839 по уник. адресу из 10799
2023-06-06 14:30:02,845 [INFO    ] обновление районов для найденных в realty по адресу новых объявлений:
2023-06-06 14:30:03,079 [INFO    ] обнаружено 643 районов для 643 новых объявлений, найденных по адресу из 1465
2023-06-06 14:30:03,094 [INFO    ] 634 районов осталось незаполнено
2023-06-06 14:30:03,098 [INFO    ] переход к обновлению оставшихся (не найденных по адресу) 10799 новых объявлений (4839 адресов) для cian
2023-06-06 14:30:03,111 [INFO    ] попытка загрузить данные dadata из /var/www/yadisk_loader/saved_data_csv/cian_dadata_request_2023_06_01.csv
2023-06-06 14:30:03,327 [INFO    ] удалось загрузить исторические данные dadata
2023-06-06 14:30:06,338 [INFO    ] количество запросов к dadata составит: 642
2023-06-06 14:30:06,340 [INFO    ] 0%|          | 0/642 [00:00<?, ?it/s]
2023-06-06 14:30:06,705 [INFO    ] 4839it [00:00, 13257.47it/s]
2023-06-06 14:30:06,705 [INFO    ] dadata con closed succesfully
2023-06-06 14:30:06,708 [INFO    ] обращение к DDT по 4197/4839 адресам из cian заняло 0:00:03.609745
2023-06-06 14:30:06,725 [INFO    ] обращение к DDT выполнено для 7713/10799 новых объявлений, найден fias для 6293
2023-06-06 14:30:17,192 [INFO    ] уникальных троек по h_fias_id, ad_id, d_id, в таблице с районами и houses_jkh_ddt/id: 7713
2023-06-06 14:30:17,193 [INFO    ] выгрузка данных в таблицу realty
2023-06-06 14:30:21,304 [INFO    ] Добавлено районов к объявлениям realty: 9 - было 8030 стало 8039
2023-06-06 14:30:21,304 [INFO    ] Есть несовпадения районов c jkh, обновление районов в jkh для 897 записей
2023-06-06 14:30:24,443 [INFO    ] Временная таблица temp_jkh_houses очищена
2023-06-06 14:30:28,015 [INFO    ] Обновление данных jkh_houses завершено
2023-06-06 14:30:34,481 [INFO    ] все новые объявления добавлены
2023-06-06 14:30:35,833 [INFO    ] Успешно обработан файл циан 01-06-23 (без дублей).csv для prices
2023-06-06 14:30:35,833 [INFO    ] Выгрузка в таблицу prices обработанного файла из cian: циан 01-06-23 (без дублей).csv
2023-06-06 14:30:44,566 [INFO    ] обработка файла 01-06-23 (без дублей).csv для авито
2023-06-06 14:31:30,373 [INFO    ] Успешно обработан файл 01-06-23 (без дублей).csv для realty
2023-06-06 14:31:30,404 [INFO    ] Выгрузка в таблицу realty обработанного файла из авито: 01-06-23 (без дублей).csv
2023-06-06 14:31:30,491 [INFO    ] Временная таблица очищена
2023-06-06 14:31:30,999 [INFO    ] Загрузка новых объявлений в таблицу
2023-06-06 14:31:31,029 [INFO    ] 43392 существующих и 9775 новых объявлений
2023-06-06 14:31:42,815 [INFO    ] обновлена таблица realty
2023-06-06 14:31:43,197 [INFO    ] обновлены районы в таблице realty
2023-06-06 14:31:43,426 [INFO    ] Обновление существующих данных realty завершено
2023-06-06 14:31:47,440 [INFO    ] из новых объявлений удалось найти по адресу 3360, запрос в ddt для 2650 по уник. адресу из 6415
2023-06-06 14:31:47,440 [INFO    ] обновление районов для найденных в realty по адресу новых объявлений:
2023-06-06 14:31:47,683 [INFO    ] обнаружено 1876 районов для 1876 новых объявлений, найденных по адресу из 3360
2023-06-06 14:31:47,690 [INFO    ] 0 районов осталось незаполнено
2023-06-06 14:31:47,691 [INFO    ] переход к обновлению оставшихся (не найденных по адресу) 6415 новых объявлений (2650 адресов) для avito
2023-06-06 14:31:47,704 [INFO    ] попытка загрузить данные dadata из /var/www/yadisk_loader/saved_data_csv/avito_dadata_request_2023_06_01.csv
2023-06-06 14:31:47,905 [INFO    ] удалось загрузить исторические данные dadata
2023-06-06 14:31:50,913 [INFO    ] количество запросов к dadata составит: 159
2023-06-06 14:31:50,914 [INFO    ] 0%|          | 0/159 [00:00<?, ?it/s]
2023-06-06 14:31:51,072 [INFO    ] 2650it [00:00, 16790.60it/s]
2023-06-06 14:31:51,072 [INFO    ] dadata con closed succesfully
2023-06-06 14:31:51,074 [INFO    ] обращение к DDT по 2491/2650 адресам из avito заняло 0:00:03.382636
2023-06-06 14:31:51,084 [INFO    ] обращение к DDT выполнено для 5696/6415 новых объявлений, найден fias для 4215
2023-06-06 14:32:00,812 [INFO    ] уникальных троек по h_fias_id, ad_id, d_id, в таблице с районами и houses_jkh_ddt/id: 5696
2023-06-06 14:32:00,813 [INFO    ] выгрузка данных в таблицу realty
2023-06-06 14:32:02,774 [INFO    ] Добавлено районов к объявлениям realty: 1432 - было 0 стало 1432
2023-06-06 14:32:02,774 [INFO    ] Есть несовпадения районов c jkh, обновление районов в jkh для 0 записей
2023-06-06 14:32:05,866 [INFO    ] Временная таблица temp_jkh_houses очищена
2023-06-06 14:32:09,009 [INFO    ] Обновление данных jkh_houses завершено
2023-06-06 14:32:12,646 [INFO    ] все новые объявления добавлены
2023-06-06 14:32:13,224 [INFO    ] Успешно обработан файл 01-06-23 (без дублей).csv для prices
2023-06-06 14:32:13,224 [INFO    ] Выгрузка в таблицу prices обработанного файла из авито: 01-06-23 (без дублей).csv
2023-06-06 14:32:17,184 [INFO    ] Новые данные загружены по файлам ['01-06-23 (без дублей).csv'] из авито и ['циан 01-06-23 (без дублей).csv'] из циана за 0:05:35.566858
