2023-08-06 07:26:05,297 [INFO    ] Скрипт запущен: 2023-08-06 07:26:05.297673
2023-08-06 07:26:05,330 [INFO    ] Connected (version 2.0, client OpenSSH_7.4p1)
2023-08-06 07:26:05,379 [INFO    ] Authentication (publickey) failed.
2023-08-06 07:26:05,385 [INFO    ] Connected (version 2.0, client OpenSSH_7.4p1)
2023-08-06 07:26:05,438 [INFO    ] Authentication (password) successful!
2023-08-06 07:26:05,449 [INFO    ] connected to host 92.53.64.66 base app_nedvizhka_db
2023-08-06 07:26:05,567 [INFO    ] yandex token valid
2023-08-06 07:26:07,229 [INFO    ] Успешно загружено 1 файлов с личного диска: ['05-08-23 (без дублей).csv'] для avito
2023-08-06 07:26:08,357 [INFO    ] yandex token valid
2023-08-06 07:26:10,131 [INFO    ] Успешно загружено 1 файлов с личного диска: ['циан 05-08-23 (без дублей).csv'] для cian
2023-08-06 07:26:10,131 [INFO    ] ready to process files ['05-08-23 (без дублей).csv'], ['циан 05-08-23 (без дублей).csv']
2023-08-06 07:26:10,347 [INFO    ] обработка файла циан 05-08-23 (без дублей).csv для cian
2023-08-06 07:26:11,546 [INFO    ] обработка district_id:
2023-08-06 07:26:11,548 [INFO    ] districts_update:   0%|          | 0/121515 [00:00<?, ?it/s]
2023-08-06 07:26:26,548 [INFO    ] districts_update:  12%|#2        | 15011/121515 [00:15<01:46, 1000.70it/s]
2023-08-06 07:26:41,549 [INFO    ] districts_update:  25%|##4       | 30133/121515 [00:30<01:30, 1005.07it/s]
2023-08-06 07:26:51,551 [INFO    ] districts_update:  33%|###3      | 40279/121515 [00:40<01:20, 1005.07it/s]
2023-08-06 07:26:56,549 [INFO    ] districts_update:  37%|###7      | 45389/121515 [00:45<01:15, 1010.53it/s]
2023-08-06 07:27:11,563 [INFO    ] districts_update:  50%|####9     | 60378/121515 [01:00<01:00, 1010.53it/s]
2023-08-06 07:27:11,564 [INFO    ] districts_update:  50%|####9     | 60379/121515 [01:00<01:00, 1005.72it/s]
2023-08-06 07:27:21,564 [INFO    ] districts_update:  58%|#####8    | 70544/121515 [01:10<00:50, 1005.72it/s]
2023-08-06 07:27:26,564 [INFO    ] districts_update:  62%|######2   | 75521/121515 [01:15<00:45, 1007.07it/s]
2023-08-06 07:27:41,641 [INFO    ] districts_update:  74%|#######4  | 90484/121515 [01:30<00:30, 1007.07it/s]
2023-08-06 07:27:41,642 [INFO    ] districts_update:  74%|#######4  | 90485/121515 [01:30<00:30, 1002.08it/s]
2023-08-06 07:27:51,643 [INFO    ] districts_update:  82%|########2 | 99950/121515 [01:40<00:21, 1002.08it/s]
2023-08-06 07:27:56,642 [INFO    ] districts_update:  86%|########6 | 104909/121515 [01:45<00:16, 988.86it/s]
2023-08-06 07:28:11,643 [INFO    ] districts_update:  99%|#########8| 120114/121515 [02:00<00:01, 996.73it/s]
2023-08-06 07:28:13,067 [INFO    ] districts_update: 100%|##########| 121515/121515 [02:01<00:00, 999.97it/s]
2023-08-06 07:28:13,067 [INFO    ] district add from realty
2023-08-06 07:28:13,899 [INFO    ] Успешно обработан файл циан 05-08-23 (без дублей).csv для realty
2023-08-06 07:28:13,948 [INFO    ] Выгрузка в таблицу realty обработанного файла из cian: циан 05-08-23 (без дублей).csv
2023-08-06 07:28:14,217 [INFO    ] Временная таблица создана
2023-08-06 07:28:21,381 [INFO    ] Загрузка новых объявлений в таблицу
2023-08-06 07:28:21,612 [INFO    ] 112647 существующих и 8868 новых объявлений
2023-08-06 07:28:21,659 [INFO    ] temp таблица очищена, загружаются данные
2023-08-06 07:29:03,325 [INFO    ] обновлена таблица realty
2023-08-06 07:29:13,863 [INFO    ] обновлены районы в таблице realty
2023-08-06 07:29:19,811 [INFO    ] Обновление существующих данных realty завершено
2023-08-06 07:29:19,904 [INFO    ] не удалось найти совпадения по адресу для новых объявлений, переход к запросу в dadata
2023-08-06 07:29:19,917 [INFO    ] загрузка данных dadata из /var/www/yadisk_loader/saved_data_csv/cian_dadata_request.csv
2023-08-06 07:29:20,183 [INFO    ] удалось загрузить исторические данные dadata
2023-08-06 07:29:22,190 [INFO    ] количество запросов к dadata составит: 2785
2023-08-06 07:29:22,191 [INFO    ] 0%|          | 0/77 [00:00<?, ?it/s]
2023-08-06 07:29:28,026 [INFO    ] 2785it [00:05, 477.28it/s]
2023-08-06 07:29:28,026 [INFO    ] dadata con closed succesfully
2023-08-06 07:29:28,028 [INFO    ] обращение к DDT по 2708/2785 адресам из cian заняло 0:00:08.124084
2023-08-06 07:29:28,057 [INFO    ] обращение к DDT выполнено для 8239/8868 новых объявлений, найден fias для 8002
2023-08-06 07:29:52,258 [INFO    ] уникальных троек по h_fias_id, ad_id, d_id, в таблице с районами и houses_jkh_ddt/id: 8239
2023-08-06 07:29:52,260 [INFO    ] выгрузка данных в таблицу realty
2023-08-06 07:29:54,912 [INFO    ] Добавлено районов к объявлениям realty: 0 - было 8868 стало 8868
2023-08-06 07:29:54,912 [INFO    ] Есть несовпадения районов c jkh, обновление районов в jkh для 0 записей
2023-08-06 07:30:01,345 [INFO    ] Временная таблица temp_jkh_houses создана
2023-08-06 07:30:04,574 [INFO    ] Обновление данных jkh_houses завершено
2023-08-06 07:30:07,499 [INFO    ] все новые объявления добавлены
2023-08-06 07:30:08,819 [INFO    ] Успешно обработан файл циан 05-08-23 (без дублей).csv для prices
2023-08-06 07:30:08,819 [INFO    ] Выгрузка в таблицу prices обработанного файла из cian: циан 05-08-23 (без дублей).csv
2023-08-06 07:30:20,166 [INFO    ] данные cian загружены успешно
2023-08-06 07:30:20,254 [INFO    ] обработка файла 05-08-23 (без дублей).csv для авито
2023-08-06 07:30:53,112 [INFO    ] Успешно обработан файл 05-08-23 (без дублей).csv для realty
2023-08-06 07:30:53,171 [INFO    ] Выгрузка в таблицу realty обработанного файла из авито: 05-08-23 (без дублей).csv
2023-08-06 07:30:53,259 [INFO    ] Временная таблица очищена
2023-08-06 07:30:54,580 [INFO    ] Загрузка новых объявлений в таблицу
2023-08-06 07:30:54,667 [INFO    ] 125633 существующих и 8162 новых объявлений
2023-08-06 07:30:54,710 [INFO    ] temp таблица очищена, загружаются данные
2023-08-06 07:31:29,479 [INFO    ] обновлена таблица realty
2023-08-06 07:31:30,752 [INFO    ] обновлены районы в таблице realty
2023-08-06 07:31:33,178 [INFO    ] Обновление существующих данных realty завершено
2023-08-06 07:31:33,440 [INFO    ] не удалось найти совпадения по адресу для новых объявлений, переход к запросу в dadata
2023-08-06 07:31:33,453 [INFO    ] загрузка данных dadata из /var/www/yadisk_loader/saved_data_csv/avito_dadata_request.csv
2023-08-06 07:31:33,793 [INFO    ] удалось загрузить исторические данные dadata
2023-08-06 07:31:35,800 [INFO    ] количество запросов к dadata составит: 2480
2023-08-06 07:31:35,801 [INFO    ] 0%|          | 0/68 [00:00<?, ?it/s]
2023-08-06 07:31:41,200 [INFO    ] 2480it [00:05, 459.36it/s]
2023-08-06 07:31:41,200 [INFO    ] dadata con closed succesfully
2023-08-06 07:31:41,202 [INFO    ] обращение к DDT по 2412/2480 адресам из avito заняло 0:00:07.761854
2023-08-06 07:31:41,227 [INFO    ] обращение к DDT выполнено для 7499/8162 новых объявлений, найден fias для 5691
2023-08-06 07:32:03,473 [INFO    ] уникальных троек по h_fias_id, ad_id, d_id, в таблице с районами и houses_jkh_ddt/id: 7499
2023-08-06 07:32:03,475 [INFO    ] выгрузка данных в таблицу realty
2023-08-06 07:32:05,978 [INFO    ] Добавлено районов к объявлениям realty: 4323 - было 0 стало 4323
2023-08-06 07:32:05,979 [INFO    ] Есть несовпадения районов c jkh, обновление районов в jkh для 0 записей
2023-08-06 07:32:09,115 [INFO    ] Временная таблица temp_jkh_houses очищена
2023-08-06 07:32:12,346 [INFO    ] Обновление данных jkh_houses завершено
2023-08-06 07:32:14,943 [INFO    ] все новые объявления добавлены
2023-08-06 07:32:16,403 [INFO    ] Успешно обработан файл 05-08-23 (без дублей).csv для prices
2023-08-06 07:32:16,403 [INFO    ] Выгрузка в таблицу prices обработанного файла из авито: 05-08-23 (без дублей).csv
2023-08-06 07:32:28,632 [INFO    ] данные avito загружены успешно
2023-08-06 07:32:29,031 [INFO    ] Новые данные загружены по файлам ['05-08-23 (без дублей).csv'] из авито и ['циан 05-08-23 (без дублей).csv'] из циана за 0:06:23.733637
2023-08-06 07:32:29,096 [INFO    ] HTTP Request: GET https://dadata.ru/api/v2/profile/balance "HTTP/1.1 200 OK"
2023-08-06 07:32:29,347 [INFO    ] отчет отправлен в tg
