2023-05-30 14:35:42,183 [INFO    ] Скрипт запущен: 2023-05-30 14:35:42.183907
2023-05-30 14:35:42,236 [INFO    ] Connected (version 2.0, client OpenSSH_7.4p1)
2023-05-30 14:35:42,315 [INFO    ] Authentication (publickey) failed.
2023-05-30 14:35:42,333 [INFO    ] Connected (version 2.0, client OpenSSH_7.4p1)
2023-05-30 14:35:42,426 [INFO    ] Authentication (password) successful!
2023-05-30 14:35:42,456 [INFO    ] connected to host 5.188.28.225 base app_nedvizhka_db
2023-05-30 14:35:42,868 [INFO    ] yandex token valid
2023-05-30 14:35:45,530 [INFO    ] Успешно загружено 1 файлов с личного диска: ['циан 17-05-23 (без дублей).csv'] для cian
2023-05-30 14:35:45,530 [INFO    ] ready to process files [], ['циан 17-05-23 (без дублей).csv']
2023-05-30 14:35:45,530 [INFO    ] обработка файла циан 17-05-23 (без дублей).csv для cian
2023-05-30 14:35:46,651 [INFO    ] обработка district_id:
2023-05-30 14:35:46,653 [INFO    ] districts_update:   0%|          | 0/121065 [00:00<?, ?it/s]
2023-05-30 14:36:01,653 [INFO    ] districts_update:  12%|#2        | 14999/121065 [00:15<01:46, 999.92it/s]
2023-05-30 14:36:16,654 [INFO    ] districts_update:  25%|##4       | 30064/121065 [00:30<01:30, 1002.48it/s]
2023-05-30 14:36:26,737 [INFO    ] districts_update:  33%|###3      | 40154/121065 [00:40<01:20, 1002.48it/s]
2023-05-30 14:36:31,654 [INFO    ] districts_update:  37%|###7      | 45076/121065 [00:45<01:15, 1001.71it/s]
2023-05-30 14:36:46,655 [INFO    ] districts_update:  50%|####9     | 60382/121065 [01:00<01:00, 1009.08it/s]
2023-05-30 14:36:56,768 [INFO    ] districts_update:  58%|#####8    | 70393/121065 [01:10<00:50, 1009.08it/s]
2023-05-30 14:37:01,656 [INFO    ] districts_update:  62%|######2   | 75518/121065 [01:15<00:45, 1009.05it/s]
2023-05-30 14:37:16,657 [INFO    ] districts_update:  75%|#######5  | 90929/121065 [01:30<00:29, 1015.27it/s]
2023-05-30 14:37:26,824 [INFO    ] districts_update:  84%|########3 | 101380/121065 [01:40<00:19, 1015.27it/s]
2023-05-30 14:37:31,657 [INFO    ] districts_update:  88%|########7 | 106214/121065 [01:45<00:14, 1016.48it/s]
2023-05-30 14:37:46,174 [INFO    ] districts_update: 100%|##########| 121065/121065 [01:59<00:00, 1012.92it/s]
2023-05-30 14:37:46,174 [INFO    ] district add from realty
2023-05-30 14:37:47,331 [INFO    ] Успешно обработан файл циан 17-05-23 (без дублей).csv для realty
2023-05-30 14:37:47,339 [INFO    ] Выгрузка в таблицу realty обработанного файла из cian: циан 17-05-23 (без дублей).csv
2023-05-30 14:37:47,423 [INFO    ] Временная таблица очищена
2023-05-30 14:37:55,526 [INFO    ] Загрузка новых объявлений в таблицу
2023-05-30 14:37:55,737 [INFO    ] 117165 существующих и 3900 новых объявлений
2023-05-30 14:38:43,519 [INFO    ] обновлена таблица realty
2023-05-30 14:38:53,074 [INFO    ] обновлены районы в таблице realty
2023-05-30 14:38:56,792 [INFO    ] Обновление существующих данных realty завершено
2023-05-30 14:39:08,893 [INFO    ] из новых объявлений удалось найти по адресу 1064, запрос в ddt для 850 по уник. адресу из 2836
2023-05-30 14:39:08,893 [INFO    ] обновление районов для найденных в realty по адресу новых объявлений:
2023-05-30 14:39:09,070 [INFO    ] обнаружено 133 районов для 133 новых объявлений, найденных по адресу из 188
2023-05-30 14:39:09,075 [INFO    ] 129 районов осталось незаполнено
2023-05-30 14:39:09,076 [INFO    ] переход к обновлению оставшихся (не найденных по адресу) 2836 новых объявлений (850 адресов) для cian
2023-05-30 14:39:09,089 [INFO    ] попытка загрузить данные dadata из /var/www/yadisk_loader/saved_data_csv/cian_dadata_request_2023_05_17.csv
2023-05-30 14:39:09,124 [INFO    ] удалось загрузить исторические данные dadata
2023-05-30 14:39:12,130 [INFO    ] количество запросов к dadata составит: 149
2023-05-30 14:39:12,131 [INFO    ] 0%|          | 0/149 [00:00<?, ?it/s]
2023-05-30 14:39:12,193 [INFO    ] 850it [00:00, 13757.81it/s]
2023-05-30 14:39:12,193 [INFO    ] dadata con closed succesfully
2023-05-30 14:39:12,194 [INFO    ] обращение к DDT по 701/850 адресам из cian заняло 0:00:03.118095
2023-05-30 14:39:12,198 [INFO    ] Index(['source_id', 'ad_id', 'city_id', 'district_id', 'type_id', 'addr',
       'square', 'floor', 'house_floors', 'link', 'date', 'status', 'version',
       'offer_from', 'status_new', 'house_fias_id', 'data', 'geo_lat',
       'geo_lon', 'street', 'house', 'qc', 'result', 'qc_geo'],
      dtype='object')
2023-05-30 14:39:12,200 [INFO    ] обращение к DDT выполнено для 1428/2836 новых объявлений, найден fias для 1030
2023-05-30 14:39:29,166 [INFO    ] уникальных троек по h_fias_id, ad_id, d_id, в таблице с районами и houses_jkh_ddt/id: 1428
2023-05-30 14:39:29,167 [INFO    ] выгрузка данных в таблицу realty
2023-05-30 14:39:30,146 [INFO    ] Добавлено районов к объявлениям realty: 1 - было 1966 стало 1967
2023-05-30 14:39:30,146 [INFO    ] Есть несовпадения районов c jkh, обновление районов в jkh для 87 записей
2023-05-30 14:39:33,243 [INFO    ] Временная таблица temp_jkh_houses очищена
2023-05-30 14:39:36,691 [INFO    ] Обновление данных jkh_houses завершено
2023-05-30 14:39:38,348 [INFO    ] все новые объявления добавлены
2023-05-30 14:39:39,900 [INFO    ] Успешно обработан файл циан 17-05-23 (без дублей).csv для prices
2023-05-30 14:39:39,900 [INFO    ] Выгрузка в таблицу prices обработанного файла из cian: циан 17-05-23 (без дублей).csv
2023-05-30 14:39:49,091 [INFO    ] Новые данные загружены по файлам [] из авито и ['циан 17-05-23 (без дублей).csv'] из циана за 0:04:06.907075
2023-05-30 14:39:58,823 [INFO    ] нет новых данных для загрузки
