2023-05-14 17:50:13,369 [INFO    ] Скрипт запущен: 2023-05-14 17:50:13.369656
2023-05-14 17:50:13,402 [INFO    ] Connected (version 2.0, client OpenSSH_7.4p1)
2023-05-14 17:50:13,451 [INFO    ] Authentication (publickey) failed.
2023-05-14 17:50:13,455 [INFO    ] Connected (version 2.0, client OpenSSH_7.4p1)
2023-05-14 17:50:13,506 [INFO    ] Authentication (password) successful!
2023-05-14 17:50:13,535 [INFO    ] connected to host 92.53.64.66 base app_nedvizhka_db
2023-05-14 17:50:13,686 [INFO    ] yandex token valid
2023-05-14 17:50:16,490 [INFO    ] Успешно загружено 1 файлов с личного диска: ['13-05-23 (без дублей).csv'] для avito
2023-05-14 17:50:16,633 [INFO    ] yandex token valid
2023-05-14 17:50:17,059 [INFO    ] Успешно загружено 0 файлов с личного диска: [] для cian
2023-05-14 17:50:17,059 [INFO    ] ready to process files ['13-05-23 (без дублей).csv'], []
2023-05-14 17:50:17,063 [INFO    ] обработка файла 13-05-23 (без дублей).csv для авито
2023-05-14 17:51:00,467 [INFO    ] Успешно обработан файл 13-05-23 (без дублей).csv для realty
2023-05-14 17:51:00,498 [INFO    ] Выгрузка в таблицу realty обработанного файла из авито: 13-05-23 (без дублей).csv
2023-05-14 17:51:00,587 [INFO    ] Временная таблица очищена
2023-05-14 17:51:00,950 [INFO    ] Загрузка новых объявлений в таблицу
2023-05-14 17:51:00,981 [INFO    ] 49773 существующих и 3054 новых объявлений
2023-05-14 17:51:13,516 [INFO    ] обновлена таблица realty
2023-05-14 17:51:13,904 [INFO    ] обновлены районы в таблице realty
2023-05-14 17:51:14,045 [INFO    ] Обновление существующих данных realty завершено
2023-05-14 17:51:14,045 [INFO    ] не было обнаружено пересечений в данных, переход к добавлению цен в prices
2023-05-14 17:51:14,046 [INFO    ] будет обработано 3054 новых объявлений для avito
2023-05-14 17:51:14,058 [INFO    ] попытка загрузить данные dadata из /var/www/yadisk_loader/saved_data_csv/avito_dadata_request_2023_05_13.csv
2023-05-14 17:51:14,116 [INFO    ] удалось загрузить исторические данные dadata
2023-05-14 17:51:14,117 [INFO    ] количество запросов к dadata составит: 319
2023-05-14 17:51:24,127 [INFO    ] 0%|          | 0/3054 [00:00<?, ?it/s]
2023-05-14 17:51:24,309 [INFO    ] 100%|##########| 3054/3054 [00:00<00:00, 16793.05it/s]
2023-05-14 17:51:24,309 [INFO    ] dadata con closed succesfully
2023-05-14 17:51:24,309 [INFO    ] обращение к дадата по 2735/3054 записям из avito заняло 0:00:10.263175
2023-05-14 17:51:31,050 [INFO    ] уникальных троек по h_fias_id, ad_id, d_id, в таблице с районами и houses_jkh_ddt/id: 2735
2023-05-14 17:51:31,050 [INFO    ] выгрузка данных в таблицу realty
2023-05-14 17:51:32,028 [INFO    ] Добавлено районов к объявлениям realty: 1141 - было 0 стало 1141
2023-05-14 17:51:32,028 [INFO    ] Есть несовпадения районов c jkh, обновление районов в jkh для 0 записей
2023-05-14 17:51:35,163 [INFO    ] Временная таблица temp_jkh_houses очищена
2023-05-14 17:51:38,391 [INFO    ] Обновление данных jkh_houses завершено
2023-05-14 17:51:39,554 [INFO    ] новые объявления добавлены, переход к обновлению существующих
2023-05-14 17:51:40,164 [INFO    ] Успешно обработан файл 13-05-23 (без дублей).csv для prices
2023-05-14 17:51:40,164 [INFO    ] Выгрузка в таблицу prices обработанного файла из авито: 13-05-23 (без дублей).csv
2023-05-14 17:51:44,521 [INFO    ] Новые данные загружены по файлам ['13-05-23 (без дублей).csv'] из авито и [] из циана за 0:01:31.151477
