2023-04-28 12:37:29,100 [INFO    ] Connected (version 2.0, client OpenSSH_7.4p1)
2023-04-28 12:37:29,152 [INFO    ] Authentication (publickey) failed.
2023-04-28 12:37:29,155 [INFO    ] Connected (version 2.0, client OpenSSH_7.4p1)
2023-04-28 12:37:29,206 [INFO    ] Authentication (password) successful!
2023-04-28 12:37:29,236 [INFO    ] connected to host 92.53.64.66 base app_nedvizhka_db
2023-04-28 12:37:45,355 [INFO    ] Успешно загружено 1 файлов с диска https://disk.yandex.ru/d/sVgz0GiqjhCsNg: ['циан 25-04-23 (без дублей).csv']
2023-04-28 12:37:45,358 [INFO    ] ready to process files [], ['циан 25-04-23 (без дублей).csv']
2023-04-28 12:37:45,358 [INFO    ] обработка файла циан 25-04-23 (без дублей).csv для cian
2023-04-28 12:37:46,457 [INFO    ] обработка district_id:
2023-04-28 12:37:46,459 [INFO    ] districts_update:   0%|          | 0/126378 [00:00<?, ?it/s]
2023-04-28 12:38:01,460 [INFO    ] districts_update:  13%|#2        | 15987/126378 [00:15<01:43, 1065.76it/s]
2023-04-28 12:38:16,469 [INFO    ] districts_update:  25%|##5       | 31686/126378 [00:30<01:28, 1065.76it/s]
2023-04-28 12:38:16,470 [INFO    ] districts_update:  25%|##5       | 31687/126378 [00:30<01:29, 1054.12it/s]
2023-04-28 12:38:26,470 [INFO    ] districts_update:  34%|###3      | 42615/126378 [00:40<01:19, 1054.12it/s]
2023-04-28 12:38:31,470 [INFO    ] districts_update:  37%|###7      | 47340/126378 [00:45<01:15, 1049.28it/s]
2023-04-28 12:38:46,471 [INFO    ] districts_update:  51%|#####     | 64062/126378 [01:00<00:57, 1075.12it/s]
2023-04-28 12:38:56,483 [INFO    ] districts_update:  58%|#####8    | 73464/126378 [01:10<00:49, 1075.12it/s]
2023-04-28 12:39:01,471 [INFO    ] districts_update:  62%|######1   | 78205/126378 [01:15<00:46, 1027.43it/s]
2023-04-28 12:39:16,486 [INFO    ] districts_update:  73%|#######3  | 92296/126378 [01:30<00:33, 1027.43it/s]
2023-04-28 12:39:16,487 [INFO    ] districts_update:  73%|#######3  | 92297/126378 [01:30<00:34, 997.17it/s]
2023-04-28 12:39:26,487 [INFO    ] districts_update:  80%|########  | 101706/126378 [01:40<00:24, 997.17it/s]
2023-04-28 12:39:31,487 [INFO    ] districts_update:  84%|########4 | 106438/126378 [01:45<00:20, 979.37it/s]
2023-04-28 12:39:46,487 [INFO    ] districts_update:  96%|#########5| 120810/126378 [02:00<00:05, 972.61it/s]
2023-04-28 12:39:52,320 [INFO    ] districts_update: 100%|##########| 126378/126378 [02:05<00:00, 1004.12it/s]
2023-04-28 12:39:52,320 [INFO    ] district add from realty
2023-04-28 12:39:53,082 [INFO    ] Успешно обработан файл циан 25-04-23 (без дублей).csv для realty
2023-04-28 12:39:53,090 [INFO    ] Выгрузка в таблицу realty обработанного файла из cian: циан 25-04-23 (без дублей).csv
2023-04-28 12:39:53,178 [INFO    ] Временная таблица очищена
2023-04-28 12:39:57,319 [INFO    ] Загрузка новых объявлений в таблицу
2023-04-28 12:39:57,465 [INFO    ] 94607 существующих и 31771 новых объявлений
2023-04-28 12:40:29,748 [INFO    ] Обновление существующих данных realty завершено
2023-04-28 12:40:29,748 [INFO    ] тестовый запуск - будет обработано 31771 новых объявлений для cian
2023-04-28 12:40:30,254 [INFO    ] удалось загрузить исторические данные dadata
2023-04-28 12:40:30,259 [INFO    ] количество запросов к dadata составит: 2141
2023-04-28 12:40:40,269 [INFO    ] 0%|          | 0/31771 [00:00<?, ?it/s]
2023-04-28 12:40:45,291 [INFO    ] 100%|##########| 31771/31771 [00:05<00:00, 6326.67it/s]
2023-04-28 12:40:45,291 [INFO    ] обращение к дадата по 29630/31771 записям из cian заняло 0:00:15.543102
2023-04-28 12:41:07,475 [INFO    ] уникальных троек по h_fias_id, ad_id, d_id, в таблице с районами и houses_jkh_ddt/id: 8748
2023-04-28 12:41:07,475 [INFO    ] выгрузка данных в таблицу realty
2023-04-28 12:41:22,484 [INFO    ] Получены несовпадения районов c jkh, обновление районов в jkh_houses для 8743 записей
2023-04-28 12:41:29,204 [INFO    ] Временная таблица temp_jkh_houses создана
2023-04-28 12:41:33,137 [INFO    ] Обновление данных jkh_houses завершено
2023-04-28 12:41:44,081 [INFO    ] новые объявления добавлены, переход к обновлению существующих
2023-04-28 12:41:45,660 [INFO    ] Успешно обработан файл циан 25-04-23 (без дублей).csv для prices
2023-04-28 12:41:45,660 [INFO    ] Выгрузка в таблицу prices обработанного файла из cian: циан 25-04-23 (без дублей).csv
2023-04-28 12:41:56,203 [INFO    ] Новые данные загружены по файлам [] из авито и ['циан 25-04-23 (без дублей).csv'] из циана за 0:04:27.136415
2023-04-28 12:42:09,883 [INFO    ] нет новых данных для загрузки
