2024-01-09 15:00:32,163 [INFO    ] Скрипт запущен: 2024-01-09 15:00:32.162865
2024-01-09 15:00:32,248 [INFO    ] Connected (version 2.0, client OpenSSH_7.4p1)
2024-01-09 15:00:32,351 [INFO    ] Authentication (publickey) failed.
2024-01-09 15:00:32,367 [INFO    ] Connected (version 2.0, client OpenSSH_7.4p1)
2024-01-09 15:00:32,430 [INFO    ] Authentication (password) successful!
2024-01-09 15:00:32,431 [INFO    ] connected to host 92.53.64.66 base preprod_nedvizhka_db
2024-01-09 15:00:33,616 [INFO    ] yandex token valid
2024-01-09 15:00:36,595 [INFO    ] Успешно загружено 1 файлов с личного диска: ['08-01-24 (без дублей).csv'] для avito
2024-01-09 15:00:36,769 [INFO    ] yandex token valid
2024-01-09 15:00:38,704 [INFO    ] Успешно загружено 1 файлов с личного диска: ['циан 08-01-24 (без дублей).csv'] для cian
2024-01-09 15:00:38,704 [INFO    ] ready to process files ['08-01-24 (без дублей).csv'], ['циан 08-01-24 (без дублей).csv']
2024-01-09 15:01:02,485 [INFO    ] обновлен status_new в таблице realty
2024-01-09 15:01:16,745 [INFO    ] обновлен status_new в таблице prices
2024-01-09 15:01:16,746 [INFO    ] обработка файла циан 08-01-24 (без дублей).csv для cian
2024-01-09 15:01:18,024 [INFO    ] обработка district_id:
2024-01-09 15:01:18,026 [INFO    ] districts_update:   0%|          | 0/110618 [00:00<?, ?it/s]
2024-01-09 15:01:33,028 [INFO    ] districts_update:  12%|#2        | 13644/110618 [00:15<01:46, 909.53it/s]
2024-01-09 15:01:48,028 [INFO    ] districts_update:  26%|##5       | 28388/110618 [00:30<01:26, 952.69it/s]
2024-01-09 15:01:58,311 [INFO    ] districts_update:  35%|###4      | 38513/110618 [00:40<01:15, 952.69it/s]
2024-01-09 15:02:03,028 [INFO    ] districts_update:  39%|###9      | 43263/110618 [00:45<01:09, 970.47it/s]
2024-01-09 15:02:18,316 [INFO    ] districts_update:  52%|#####2    | 57669/110618 [01:00<00:54, 970.47it/s]
2024-01-09 15:02:18,316 [INFO    ] districts_update:  52%|#####2    | 57670/110618 [01:00<00:55, 959.25it/s]
2024-01-09 15:02:28,322 [INFO    ] districts_update:  61%|######    | 67065/110618 [01:10<00:45, 959.25it/s]
2024-01-09 15:02:33,317 [INFO    ] districts_update:  65%|######5   | 72101/110618 [01:15<00:40, 960.25it/s]
2024-01-09 15:02:48,337 [INFO    ] districts_update:  78%|#######8  | 86426/110618 [01:30<00:25, 960.25it/s]
2024-01-09 15:02:48,338 [INFO    ] districts_update:  78%|#######8  | 86427/110618 [01:30<00:25, 958.04it/s]
2024-01-09 15:02:58,356 [INFO    ] districts_update:  87%|########7 | 96364/110618 [01:40<00:14, 958.04it/s]
2024-01-09 15:03:03,338 [INFO    ] districts_update:  91%|#########1| 101144/110618 [01:45<00:09, 965.55it/s]
2024-01-09 15:03:13,022 [INFO    ] districts_update: 100%|##########| 110618/110618 [01:54<00:00, 961.93it/s]
2024-01-09 15:03:13,022 [INFO    ] 
2024-01-09 15:03:13,036 [INFO    ] district add from realty
2024-01-09 15:03:14,777 [INFO    ] Успешно обработан файл циан 08-01-24 (без дублей).csv для realty
2024-01-09 15:03:14,792 [INFO    ] Выгрузка в таблицу realty обработанного файла из cian: циан 08-01-24 (без дублей).csv
2024-01-09 15:03:15,114 [INFO    ] Временная таблица создана
2024-01-09 15:03:29,800 [INFO    ] Загрузка новых объявлений в таблицу
2024-01-09 15:03:30,047 [INFO    ] 108963 существующих и 1655 новых объявлений
2024-01-09 15:03:30,092 [INFO    ] temp таблица очищена, загружаются данные
2024-01-09 15:04:39,287 [INFO    ] обновлена таблица realty
2024-01-09 15:05:12,410 [INFO    ] обновлены районы в таблице realty
2024-01-09 15:05:18,155 [INFO    ] Обновление существующих данных realty завершено
2024-01-09 15:05:56,483 [INFO    ] из новых объяв найдено по адресу 419, запрос в ddt для 480 уник. адресов из 1236
2024-01-09 15:05:56,483 [INFO    ] обновление районов для найденных в realty по адресу новых объявлений:
2024-01-09 15:05:56,659 [INFO    ] обнаружено 13 районов для 18 новых объявлений, найденных по адресу из 23
2024-01-09 15:05:56,681 [INFO    ] 11 районов осталось незаполнено
2024-01-09 15:05:56,682 [INFO    ] переход к обновлению оставшихся (не найденных по адресу) 1236 новых объявлений (480 адресов) для cian
2024-01-09 15:05:56,710 [INFO    ] загрузка данных dadata из /var/www/yadisk_loader/saved_data_csv/cian_dadata_request.csv
2024-01-09 15:05:57,518 [INFO    ] удалось загрузить исторические данные dadata
2024-01-09 15:05:59,526 [INFO    ] количество запросов к dadata составит: 480
2024-01-09 15:05:59,531 [INFO    ] 0%|          | 0/151 [00:00<?, ?it/s]
2024-01-09 15:06:00,880 [INFO    ] 480it [00:01, 355.89it/s]
2024-01-09 15:06:00,880 [INFO    ] 
2024-01-09 15:06:00,880 [INFO    ] dadata con closed succesfully
2024-01-09 15:06:00,881 [INFO    ] обращение к DDT по 331/480 адресам из cian заняло 0:00:04.199005
2024-01-09 15:06:00,898 [INFO    ] обращение к DDT выполнено для 559/1236 новых объявлений, найден fias для 350
2024-01-09 15:07:13,123 [INFO    ] уникальных троек по h_fias_id, ad_id, d_id, в таблице с районами и houses_jkh_ddt/id: 559
2024-01-09 15:07:13,125 [INFO    ] выгрузка данных в таблицу realty
2024-01-09 15:07:13,565 [INFO    ] Добавлено районов к объявлениям realty: 0 - было 765 стало 765
2024-01-09 15:07:13,565 [INFO    ] Есть несовпадения районов c jkh, обновление районов в jkh для 1 записей
2024-01-09 15:07:19,820 [INFO    ] Временная таблица temp_jkh_houses создана
2024-01-09 15:07:23,266 [INFO    ] Обновление данных jkh_houses завершено
2024-01-09 15:07:24,139 [INFO    ] все новые объявления добавлены
2024-01-09 15:07:25,583 [INFO    ] Успешно обработан файл циан 08-01-24 (без дублей).csv для prices
2024-01-09 15:07:25,583 [INFO    ] Выгрузка в таблицу prices обработанного файла из cian: циан 08-01-24 (без дублей).csv
2024-01-09 15:07:37,888 [INFO    ] данные cian загружены успешно
2024-01-09 15:07:37,974 [INFO    ] обработка файла 08-01-24 (без дублей).csv для авито
2024-01-09 15:08:22,882 [INFO    ] Успешно обработан файл 08-01-24 (без дублей).csv для realty
2024-01-09 15:08:22,943 [INFO    ] Выгрузка в таблицу realty обработанного файла из авито: 08-01-24 (без дублей).csv
2024-01-09 15:08:23,075 [INFO    ] Временная таблица очищена
