2023-10-22 15:00:55,327 [INFO    ] Скрипт запущен: 2023-10-22 15:00:55.327923
2023-10-22 15:00:55,361 [INFO    ] Connected (version 2.0, client OpenSSH_7.4p1)
2023-10-22 15:00:55,411 [INFO    ] Authentication (publickey) failed.
2023-10-22 15:00:55,415 [INFO    ] Connected (version 2.0, client OpenSSH_7.4p1)
2023-10-22 15:00:55,466 [INFO    ] Authentication (password) successful!
2023-10-22 15:00:55,497 [INFO    ] connected to host 92.53.64.66 base preprod_nedvizhka_db
2023-10-22 15:00:55,874 [INFO    ] yandex token valid
2023-10-22 15:00:58,015 [INFO    ] Успешно загружено 1 файлов с личного диска: ['21-10-23 (без дублей).csv'] для avito
2023-10-22 15:00:58,165 [INFO    ] yandex token valid
2023-10-22 15:00:59,901 [INFO    ] Успешно загружено 1 файлов с личного диска: ['циан 21-10-23 (без дублей).csv'] для cian
2023-10-22 15:00:59,901 [INFO    ] ready to process files ['21-10-23 (без дублей).csv'], ['циан 21-10-23 (без дублей).csv']
2023-10-22 15:01:01,383 [INFO    ] обновлен status_new в таблице realty
2023-10-22 15:01:04,576 [INFO    ] обновлен status_new в таблице prices
2023-10-22 15:01:04,576 [INFO    ] обработка файла циан 21-10-23 (без дублей).csv для cian
2023-10-22 15:01:05,634 [INFO    ] обработка district_id:
2023-10-22 15:01:05,636 [INFO    ] districts_update:   0%|          | 0/109630 [00:00<?, ?it/s]
2023-10-22 15:01:20,636 [INFO    ] districts_update:  13%|#3        | 14259/109630 [00:15<01:40, 950.57it/s]
2023-10-22 15:01:35,637 [INFO    ] districts_update:  28%|##7       | 30190/109630 [00:30<01:18, 1016.13it/s]
2023-10-22 15:01:45,645 [INFO    ] districts_update:  37%|###6      | 40277/109630 [00:40<01:08, 1016.13it/s]
2023-10-22 15:01:50,638 [INFO    ] districts_update:  41%|####      | 44947/109630 [00:45<01:04, 1001.35it/s]
2023-10-22 15:02:05,649 [INFO    ] districts_update:  54%|#####4    | 59447/109630 [01:00<00:50, 1001.35it/s]
2023-10-22 15:02:05,650 [INFO    ] districts_update:  54%|#####4    | 59448/109630 [01:00<00:50, 987.37it/s]
2023-10-22 15:02:15,657 [INFO    ] districts_update:  63%|######2   | 68908/109630 [01:10<00:41, 987.37it/s]
2023-10-22 15:02:20,651 [INFO    ] districts_update:  67%|######6   | 73408/109630 [01:15<00:37, 966.91it/s]
2023-10-22 15:02:35,651 [INFO    ] districts_update:  81%|########  | 88718/109630 [01:30<00:21, 985.17it/s]
2023-10-22 15:02:45,673 [INFO    ] districts_update:  90%|########9 | 98450/109630 [01:40<00:11, 985.17it/s]
2023-10-22 15:02:50,652 [INFO    ] districts_update:  94%|#########4| 103480/109630 [01:45<00:06, 984.81it/s]
2023-10-22 15:02:56,923 [INFO    ] districts_update: 100%|##########| 109630/109630 [01:51<00:00, 985.11it/s]
2023-10-22 15:02:56,923 [INFO    ] 
2023-10-22 15:02:56,930 [INFO    ] district add from realty
2023-10-22 15:02:57,914 [INFO    ] Успешно обработан файл циан 21-10-23 (без дублей).csv для realty
2023-10-22 15:02:57,961 [INFO    ] Выгрузка в таблицу realty обработанного файла из cian: циан 21-10-23 (без дублей).csv
2023-10-22 15:02:58,138 [INFO    ] Временная таблица очищена
2023-10-22 15:03:06,866 [INFO    ] Загрузка новых объявлений в таблицу
2023-10-22 15:03:07,078 [INFO    ] 107319 существующих и 2311 новых объявлений
2023-10-22 15:03:07,123 [INFO    ] temp таблица очищена, загружаются данные
2023-10-22 15:03:48,746 [INFO    ] обновлена таблица realty
2023-10-22 15:04:10,813 [INFO    ] обновлены районы в таблице realty
2023-10-22 15:04:17,208 [INFO    ] Обновление существующих данных realty завершено
2023-10-22 15:04:47,456 [INFO    ] из новых объяв найдено по адресу 716, запрос в ddt для 565 уник. адресов из 1595
2023-10-22 15:04:47,456 [INFO    ] обновление районов для найденных в realty по адресу новых объявлений:
2023-10-22 15:04:47,597 [INFO    ] обнаружено 28 районов для 36 новых объявлений, найденных по адресу из 58
2023-10-22 15:04:47,602 [INFO    ] 23 районов осталось незаполнено
2023-10-22 15:04:47,603 [INFO    ] переход к обновлению оставшихся (не найденных по адресу) 1595 новых объявлений (565 адресов) для cian
2023-10-22 15:04:47,616 [INFO    ] загрузка данных dadata из /var/www/yadisk_loader/saved_data_csv/cian_dadata_request.csv
2023-10-22 15:04:48,209 [INFO    ] удалось загрузить исторические данные dadata
2023-10-22 15:04:50,215 [INFO    ] количество запросов к dadata составит: 565
2023-10-22 15:04:50,216 [INFO    ] 0%|          | 0/140 [00:00<?, ?it/s]
2023-10-22 15:04:51,470 [INFO    ] 565it [00:01, 450.84it/s]
2023-10-22 15:04:51,470 [INFO    ] 
2023-10-22 15:04:51,470 [INFO    ] dadata con closed succesfully
2023-10-22 15:04:51,471 [INFO    ] обращение к DDT по 425/565 адресам из cian заняло 0:00:03.868107
2023-10-22 15:04:51,481 [INFO    ] обращение к DDT выполнено для 894/1595 новых объявлений, найден fias для 669
2023-10-22 15:05:13,613 [INFO    ] уникальных троек по h_fias_id, ad_id, d_id, в таблице с районами и houses_jkh_ddt/id: 894
2023-10-22 15:05:13,614 [INFO    ] выгрузка данных в таблицу realty
2023-10-22 15:05:14,160 [INFO    ] Добавлено районов к объявлениям realty: 0 - было 1043 стало 1043
2023-10-22 15:05:14,160 [INFO    ] Есть несовпадения районов c jkh, обновление районов в jkh для 6 записей
2023-10-22 15:05:17,295 [INFO    ] Временная таблица temp_jkh_houses очищена
2023-10-22 15:05:20,549 [INFO    ] Обновление данных jkh_houses завершено
2023-10-22 15:05:21,452 [INFO    ] все новые объявления добавлены
2023-10-22 15:05:22,613 [INFO    ] Успешно обработан файл циан 21-10-23 (без дублей).csv для prices
2023-10-22 15:05:22,613 [INFO    ] Выгрузка в таблицу prices обработанного файла из cian: циан 21-10-23 (без дублей).csv
2023-10-22 15:05:33,295 [INFO    ] данные cian загружены успешно
2023-10-22 15:05:33,382 [INFO    ] обработка файла 21-10-23 (без дублей).csv для авито
2023-10-22 15:06:19,106 [INFO    ] Успешно обработан файл 21-10-23 (без дублей).csv для realty
2023-10-22 15:06:19,185 [INFO    ] Выгрузка в таблицу realty обработанного файла из авито: 21-10-23 (без дублей).csv
2023-10-22 15:06:19,275 [INFO    ] Временная таблица очищена
2023-10-22 15:06:22,516 [INFO    ] Загрузка новых объявлений в таблицу
2023-10-22 15:06:22,677 [INFO    ] 164961 существующих и 12738 новых объявлений
2023-10-22 15:06:22,723 [INFO    ] temp таблица очищена, загружаются данные
2023-10-22 15:07:20,703 [INFO    ] обновлена таблица realty
2023-10-22 15:07:23,058 [INFO    ] обновлены районы в таблице realty
2023-10-22 15:07:29,542 [INFO    ] Обновление существующих данных realty завершено
2023-10-22 15:07:56,858 [INFO    ] из новых объяв найдено по адресу 5100, запрос в ddt для 3365 уник. адресов из 7638
2023-10-22 15:07:56,859 [INFO    ] обновление районов для найденных в realty по адресу новых объявлений:
2023-10-22 15:07:57,150 [INFO    ] обнаружено 1663 районов для 2841 новых объявлений, найденных по адресу из 5100
2023-10-22 15:07:57,157 [INFO    ] 1180 районов осталось незаполнено
2023-10-22 15:07:57,159 [INFO    ] переход к обновлению оставшихся (не найденных по адресу) 7638 новых объявлений (3365 адресов) для avito
2023-10-22 15:07:57,172 [INFO    ] загрузка данных dadata из /var/www/yadisk_loader/saved_data_csv/avito_dadata_request.csv
2023-10-22 15:07:58,176 [INFO    ] удалось загрузить исторические данные dadata
2023-10-22 15:08:00,187 [INFO    ] количество запросов к dadata составит: 3365
2023-10-22 15:08:00,189 [INFO    ] 0%|          | 0/353 [00:00<?, ?it/s]
2023-10-22 15:08:10,191 [INFO    ] 3238it [00:10, 323.76it/s]
2023-10-22 15:08:10,606 [INFO    ] 3365it [00:10, 323.04it/s]
2023-10-22 15:08:10,606 [INFO    ] 
2023-10-22 15:08:10,606 [INFO    ] dadata con closed succesfully
2023-10-22 15:08:10,609 [INFO    ] обращение к DDT по 3176/3365 адресам из avito заняло 0:00:13.449582
2023-10-22 15:08:10,640 [INFO    ] обращение к DDT выполнено для 7044/7638 новых объявлений, найден fias для 4536
2023-10-22 15:08:40,753 [INFO    ] уникальных троек по h_fias_id, ad_id, d_id, в таблице с районами и houses_jkh_ddt/id: 7044
2023-10-22 15:08:40,755 [INFO    ] выгрузка данных в таблицу realty
2023-10-22 15:08:43,245 [INFO    ] Добавлено районов к объявлениям realty: 851 - было 0 стало 851
2023-10-22 15:08:43,245 [INFO    ] Есть несовпадения районов c jkh, обновление районов в jkh для 0 записей
2023-10-22 15:08:46,383 [INFO    ] Временная таблица temp_jkh_houses очищена
2023-10-22 15:08:49,528 [INFO    ] Обновление данных jkh_houses завершено
2023-10-22 15:08:56,644 [INFO    ] все новые объявления добавлены
2023-10-22 15:08:58,865 [INFO    ] Успешно обработан файл 21-10-23 (без дублей).csv для prices
2023-10-22 15:08:58,865 [INFO    ] Выгрузка в таблицу prices обработанного файла из авито: 21-10-23 (без дублей).csv
2023-10-22 15:09:16,348 [INFO    ] данные avito загружены успешно
2023-10-22 15:09:16,795 [INFO    ] Новые данные загружены по файлам ['21-10-23 (без дублей).csv'] из авито и ['циан 21-10-23 (без дублей).csv'] из циана за 0:08:21.467886
2023-10-22 15:09:16,861 [INFO    ] HTTP Request: GET https://dadata.ru/api/v2/profile/balance "HTTP/1.1 200 OK"
2023-10-22 15:09:16,862 [INFO    ] сохранение лог-файла
