2023-11-07 15:00:28,471 [INFO    ] Скрипт запущен: 2023-11-07 15:00:28.471050
2023-11-07 15:00:28,562 [INFO    ] Connected (version 2.0, client OpenSSH_7.4p1)
2023-11-07 15:00:28,633 [INFO    ] Authentication (publickey) failed.
2023-11-07 15:00:28,649 [INFO    ] Connected (version 2.0, client OpenSSH_7.4p1)
2023-11-07 15:00:28,740 [INFO    ] Authentication (password) successful!
2023-11-07 15:00:28,861 [INFO    ] connected to host 92.53.64.66 base preprod_nedvizhka_db
2023-11-07 15:00:29,030 [INFO    ] yandex token valid
2023-11-07 15:00:32,589 [INFO    ] Успешно загружено 1 файлов с личного диска: ['06-11-23 (без дублей).csv'] для avito
2023-11-07 15:00:32,788 [INFO    ] yandex token valid
2023-11-07 15:00:34,809 [INFO    ] Успешно загружено 1 файлов с личного диска: ['циан 06-11-23 (без дублей).csv'] для cian
2023-11-07 15:00:34,809 [INFO    ] ready to process files ['06-11-23 (без дублей).csv'], ['циан 06-11-23 (без дублей).csv']
2023-11-07 15:00:48,087 [INFO    ] обновлен status_new в таблице realty
2023-11-07 15:02:12,909 [INFO    ] обновлен status_new в таблице prices
2023-11-07 15:02:12,913 [INFO    ] обработка файла циан 06-11-23 (без дублей).csv для cian
2023-11-07 15:02:14,409 [INFO    ] обработка district_id:
2023-11-07 15:02:14,438 [INFO    ] districts_update:   0%|          | 0/111091 [00:00<?, ?it/s]
2023-11-07 15:02:29,438 [INFO    ] districts_update:  13%|#2        | 13935/111091 [00:15<01:44, 928.98it/s]
2023-11-07 15:02:44,439 [INFO    ] districts_update:  26%|##5       | 28781/111091 [00:30<01:25, 964.69it/s]
2023-11-07 15:02:54,461 [INFO    ] districts_update:  36%|###5      | 39677/111091 [00:40<01:14, 964.69it/s]
2023-11-07 15:02:59,440 [INFO    ] districts_update:  40%|####      | 44605/111091 [00:45<01:06, 1005.86it/s]
2023-11-07 15:03:14,473 [INFO    ] districts_update:  53%|#####3    | 59298/111091 [01:00<00:51, 1005.86it/s]
2023-11-07 15:03:14,474 [INFO    ] districts_update:  53%|#####3    | 59299/111091 [01:00<00:52, 994.61it/s]
2023-11-07 15:03:24,477 [INFO    ] districts_update:  62%|######2   | 69030/111091 [01:10<00:42, 994.61it/s]
2023-11-07 15:03:29,474 [INFO    ] districts_update:  67%|######6   | 73963/111091 [01:15<00:37, 988.48it/s]
2023-11-07 15:03:44,474 [INFO    ] districts_update:  80%|#######9  | 88775/111091 [01:30<00:22, 988.13it/s]
2023-11-07 15:03:54,487 [INFO    ] districts_update:  89%|########8 | 98696/111091 [01:40<00:12, 988.13it/s]
2023-11-07 15:03:59,474 [INFO    ] districts_update:  93%|#########3| 103603/111091 [01:45<00:07, 988.26it/s]
2023-11-07 15:04:06,998 [INFO    ] districts_update: 100%|##########| 111091/111091 [01:52<00:00, 986.95it/s]
2023-11-07 15:04:06,999 [INFO    ] 
2023-11-07 15:04:07,008 [INFO    ] district add from realty
2023-11-07 15:04:09,153 [INFO    ] Успешно обработан файл циан 06-11-23 (без дублей).csv для realty
2023-11-07 15:04:09,165 [INFO    ] Выгрузка в таблицу realty обработанного файла из cian: циан 06-11-23 (без дублей).csv
2023-11-07 15:04:09,348 [INFO    ] Временная таблица очищена
2023-11-07 15:04:21,022 [INFO    ] Загрузка новых объявлений в таблицу
2023-11-07 15:04:21,242 [INFO    ] 103288 существующих и 7803 новых объявлений
2023-11-07 15:04:21,245 [INFO    ] temp таблица очищена, загружаются данные
2023-11-07 15:05:06,247 [INFO    ] обновлена таблица realty
2023-11-07 15:05:43,432 [INFO    ] обновлены районы в таблице realty
2023-11-07 15:05:54,177 [INFO    ] Обновление существующих данных realty завершено
2023-11-07 15:06:25,279 [INFO    ] из новых объяв найдено по адресу 3373, запрос в ddt для 1797 уник. адресов из 4430
2023-11-07 15:06:25,280 [INFO    ] обновление районов для найденных в realty по адресу новых объявлений:
2023-11-07 15:06:25,388 [INFO    ] обнаружено 128 районов для 156 новых объявлений, найденных по адресу из 208
2023-11-07 15:06:25,395 [INFO    ] 88 районов осталось незаполнено
2023-11-07 15:06:25,396 [INFO    ] переход к обновлению оставшихся (не найденных по адресу) 4430 новых объявлений (1797 адресов) для cian
2023-11-07 15:06:25,410 [INFO    ] загрузка данных dadata из /var/www/yadisk_loader/saved_data_csv/cian_dadata_request.csv
2023-11-07 15:06:26,073 [INFO    ] удалось загрузить исторические данные dadata
2023-11-07 15:06:28,082 [INFO    ] количество запросов к dadata составит: 1797
2023-11-07 15:06:28,083 [INFO    ] 0%|          | 0/307 [00:00<?, ?it/s]
2023-11-07 15:06:32,510 [INFO    ] 1797it [00:04, 405.92it/s]
2023-11-07 15:06:32,510 [INFO    ] 
2023-11-07 15:06:32,510 [INFO    ] dadata con closed succesfully
2023-11-07 15:06:32,512 [INFO    ] обращение к DDT по 1496/1797 адресам из cian заняло 0:00:07.115660
2023-11-07 15:06:32,530 [INFO    ] обращение к DDT выполнено для 2727/4430 новых объявлений, найден fias для 1993
2023-11-07 15:07:26,607 [INFO    ] уникальных троек по h_fias_id, ad_id, d_id, в таблице с районами и houses_jkh_ddt/id: 2727
2023-11-07 15:07:26,609 [INFO    ] выгрузка данных в таблицу realty
2023-11-07 15:07:28,072 [INFO    ] Добавлено районов к объявлениям realty: 7 - было 3294 стало 3301
2023-11-07 15:07:28,072 [INFO    ] Есть несовпадения районов c jkh, обновление районов в jkh для 42 записей
2023-11-07 15:07:31,173 [INFO    ] Временная таблица temp_jkh_houses очищена
2023-11-07 15:07:34,732 [INFO    ] Обновление данных jkh_houses завершено
2023-11-07 15:07:37,925 [INFO    ] все новые объявления добавлены
2023-11-07 15:07:39,353 [INFO    ] Успешно обработан файл циан 06-11-23 (без дублей).csv для prices
2023-11-07 15:07:39,353 [INFO    ] Выгрузка в таблицу prices обработанного файла из cian: циан 06-11-23 (без дублей).csv
2023-11-07 15:07:54,629 [INFO    ] данные cian загружены успешно
2023-11-07 15:07:54,715 [INFO    ] обработка файла 06-11-23 (без дублей).csv для авито
2023-11-07 15:08:37,707 [INFO    ] Успешно обработан файл 06-11-23 (без дублей).csv для realty
2023-11-07 15:08:37,744 [INFO    ] Выгрузка в таблицу realty обработанного файла из авито: 06-11-23 (без дублей).csv
2023-11-07 15:08:37,876 [INFO    ] Временная таблица очищена
2023-11-07 15:08:42,142 [INFO    ] Загрузка новых объявлений в таблицу
2023-11-07 15:08:42,296 [INFO    ] 161750 существующих и 13942 новых объявлений
2023-11-07 15:08:42,344 [INFO    ] temp таблица очищена, загружаются данные
2023-11-07 15:10:31,662 [INFO    ] обновлена таблица realty
2023-11-07 15:10:33,802 [INFO    ] обновлены районы в таблице realty
2023-11-07 15:10:54,388 [INFO    ] Обновление существующих данных realty завершено
2023-11-07 15:11:23,325 [INFO    ] из новых объяв найдено по адресу 4214, запрос в ddt для 2659 уник. адресов из 9728
2023-11-07 15:11:23,327 [INFO    ] обновление районов для найденных в realty по адресу новых объявлений:
2023-11-07 15:11:23,793 [INFO    ] обнаружено 1342 районов для 2217 новых объявлений, найденных по адресу из 4214
2023-11-07 15:11:23,805 [INFO    ] 879 районов осталось незаполнено
2023-11-07 15:11:23,807 [INFO    ] переход к обновлению оставшихся (не найденных по адресу) 9728 новых объявлений (2659 адресов) для avito
2023-11-07 15:11:23,822 [INFO    ] загрузка данных dadata из /var/www/yadisk_loader/saved_data_csv/avito_dadata_request.csv
2023-11-07 15:11:24,954 [INFO    ] удалось загрузить исторические данные dadata
2023-11-07 15:11:26,974 [INFO    ] количество запросов к dadata составит: 2659
2023-11-07 15:11:26,986 [INFO    ] 0%|          | 0/269 [00:00<?, ?it/s]
2023-11-07 15:11:35,134 [INFO    ] 2659it [00:08, 326.35it/s]
2023-11-07 15:11:35,134 [INFO    ] 
2023-11-07 15:11:35,134 [INFO    ] dadata con closed succesfully
2023-11-07 15:11:35,136 [INFO    ] обращение к DDT по 2482/2659 адресам из avito заняло 0:00:11.329098
2023-11-07 15:11:35,169 [INFO    ] обращение к DDT выполнено для 8761/9728 новых объявлений, найден fias для 4460
2023-11-07 15:12:40,225 [INFO    ] уникальных троек по h_fias_id, ad_id, d_id, в таблице с районами и houses_jkh_ddt/id: 8761
2023-11-07 15:12:40,227 [INFO    ] выгрузка данных в таблицу realty
2023-11-07 15:12:43,256 [INFO    ] Добавлено районов к объявлениям realty: 820 - было 0 стало 820
2023-11-07 15:12:43,256 [INFO    ] Есть несовпадения районов c jkh, обновление районов в jkh для 0 записей
2023-11-07 15:12:46,381 [INFO    ] Временная таблица temp_jkh_houses очищена
2023-11-07 15:12:49,756 [INFO    ] Обновление данных jkh_houses завершено
2023-11-07 15:12:54,533 [INFO    ] все новые объявления добавлены
2023-11-07 15:12:56,630 [INFO    ] Успешно обработан файл 06-11-23 (без дублей).csv для prices
2023-11-07 15:12:56,630 [INFO    ] Выгрузка в таблицу prices обработанного файла из авито: 06-11-23 (без дублей).csv
2023-11-07 15:13:13,417 [INFO    ] данные avito загружены успешно
2023-11-07 15:13:13,885 [INFO    ] Новые данные загружены по файлам ['06-11-23 (без дублей).csv'] из авито и ['циан 06-11-23 (без дублей).csv'] из циана за 0:12:45.414453
2023-11-07 15:13:13,998 [INFO    ] HTTP Request: GET https://dadata.ru/api/v2/profile/balance "HTTP/1.1 200 OK"
2023-11-07 15:13:14,002 [INFO    ] сохранение лог-файла
