2024-01-07 15:00:21,640 [INFO    ] Скрипт запущен: 2024-01-07 15:00:21.639999
2024-01-07 15:00:21,722 [INFO    ] Connected (version 2.0, client OpenSSH_7.4p1)
2024-01-07 15:00:21,788 [INFO    ] Authentication (publickey) failed.
2024-01-07 15:00:21,794 [INFO    ] Connected (version 2.0, client OpenSSH_7.4p1)
2024-01-07 15:00:21,877 [INFO    ] Authentication (password) successful!
2024-01-07 15:00:21,879 [INFO    ] connected to host 92.53.64.66 base preprod_nedvizhka_db
2024-01-07 15:00:22,094 [INFO    ] yandex token valid
2024-01-07 15:00:24,595 [INFO    ] Успешно загружено 1 файлов с личного диска: ['06-01-24 (без дублей).csv'] для avito
2024-01-07 15:00:24,742 [INFO    ] yandex token valid
2024-01-07 15:00:27,157 [INFO    ] Успешно загружено 1 файлов с личного диска: ['циан 06-01-24 (без дублей).csv'] для cian
2024-01-07 15:00:27,157 [INFO    ] ready to process files ['06-01-24 (без дублей).csv'], ['циан 06-01-24 (без дублей).csv']
2024-01-07 15:00:45,728 [INFO    ] обновлен status_new в таблице realty
2024-01-07 15:00:58,658 [INFO    ] обновлен status_new в таблице prices
2024-01-07 15:00:58,663 [INFO    ] обработка файла циан 06-01-24 (без дублей).csv для cian
2024-01-07 15:00:59,924 [INFO    ] обработка district_id:
2024-01-07 15:00:59,926 [INFO    ] districts_update:   0%|          | 0/112405 [00:00<?, ?it/s]
2024-01-07 15:01:14,926 [INFO    ] districts_update:  12%|#1        | 13474/112405 [00:15<01:50, 898.26it/s]
2024-01-07 15:01:29,926 [INFO    ] districts_update:  25%|##4       | 27751/112405 [00:30<01:31, 929.75it/s]
2024-01-07 15:01:43,331 [INFO    ] districts_update:  37%|###6      | 41490/112405 [00:43<01:16, 929.75it/s]
2024-01-07 15:01:44,926 [INFO    ] districts_update:  38%|###8      | 43071/112405 [00:45<01:11, 971.56it/s]
2024-01-07 15:02:00,762 [INFO    ] districts_update:  52%|#####1    | 58391/112405 [01:00<00:55, 969.88it/s]
2024-01-07 15:02:13,343 [INFO    ] districts_update:  62%|######2   | 70151/112405 [01:13<00:43, 969.88it/s]
2024-01-07 15:02:15,762 [INFO    ] districts_update:  65%|######4   | 72859/112405 [01:15<00:40, 967.97it/s]
2024-01-07 15:02:30,885 [INFO    ] districts_update:  78%|#######7  | 87327/112405 [01:30<00:26, 964.15it/s]
2024-01-07 15:02:43,350 [INFO    ] districts_update:  89%|########8 | 99695/112405 [01:43<00:13, 964.15it/s]
2024-01-07 15:02:45,886 [INFO    ] districts_update:  91%|######### | 102184/112405 [01:45<00:10, 972.67it/s]
2024-01-07 15:02:56,398 [INFO    ] districts_update: 100%|##########| 112405/112405 [01:56<00:00, 965.08it/s]
2024-01-07 15:02:56,399 [INFO    ] 
2024-01-07 15:02:56,464 [INFO    ] district add from realty
2024-01-07 15:02:58,464 [INFO    ] Успешно обработан файл циан 06-01-24 (без дублей).csv для realty
2024-01-07 15:02:58,480 [INFO    ] Выгрузка в таблицу realty обработанного файла из cian: циан 06-01-24 (без дублей).csv
2024-01-07 15:02:58,739 [INFO    ] Временная таблица создана
2024-01-07 15:03:13,887 [INFO    ] Загрузка новых объявлений в таблицу
2024-01-07 15:03:14,137 [INFO    ] 110665 существующих и 1740 новых объявлений
2024-01-07 15:03:14,183 [INFO    ] temp таблица очищена, загружаются данные
2024-01-07 15:04:50,845 [INFO    ] обновлена таблица realty
2024-01-07 15:05:16,951 [INFO    ] обновлены районы в таблице realty
2024-01-07 15:05:30,850 [INFO    ] Обновление существующих данных realty завершено
2024-01-07 15:06:09,730 [INFO    ] из новых объяв найдено по адресу 448, запрос в ddt для 486 уник. адресов из 1292
2024-01-07 15:06:09,730 [INFO    ] обновление районов для найденных в realty по адресу новых объявлений:
2024-01-07 15:06:09,794 [INFO    ] обнаружено 17 районов для 24 новых объявлений, найденных по адресу из 46
2024-01-07 15:06:09,799 [INFO    ] 15 районов осталось незаполнено
2024-01-07 15:06:09,799 [INFO    ] переход к обновлению оставшихся (не найденных по адресу) 1292 новых объявлений (486 адресов) для cian
2024-01-07 15:06:09,813 [INFO    ] загрузка данных dadata из /var/www/yadisk_loader/saved_data_csv/cian_dadata_request.csv
2024-01-07 15:06:10,684 [INFO    ] удалось загрузить исторические данные dadata
2024-01-07 15:06:12,694 [INFO    ] количество запросов к dadata составит: 486
2024-01-07 15:06:12,699 [INFO    ] 0%|          | 0/133 [00:00<?, ?it/s]
2024-01-07 15:06:13,994 [INFO    ] 486it [00:01, 375.27it/s]
2024-01-07 15:06:13,994 [INFO    ] 
2024-01-07 15:06:13,994 [INFO    ] dadata con closed succesfully
2024-01-07 15:06:13,995 [INFO    ] обращение к DDT по 357/486 адресам из cian заняло 0:00:04.195757
2024-01-07 15:06:14,014 [INFO    ] обращение к DDT выполнено для 639/1292 новых объявлений, найден fias для 366
2024-01-07 15:07:16,580 [INFO    ] уникальных троек по h_fias_id, ad_id, d_id, в таблице с районами и houses_jkh_ddt/id: 639
2024-01-07 15:07:16,581 [INFO    ] выгрузка данных в таблицу realty
2024-01-07 15:07:17,024 [INFO    ] Добавлено районов к объявлениям realty: 0 - было 804 стало 804
2024-01-07 15:07:17,024 [INFO    ] Есть несовпадения районов c jkh, обновление районов в jkh для 1 записей
2024-01-07 15:07:23,361 [INFO    ] Временная таблица temp_jkh_houses создана
2024-01-07 15:07:26,949 [INFO    ] Обновление данных jkh_houses завершено
2024-01-07 15:07:28,012 [INFO    ] все новые объявления добавлены
2024-01-07 15:07:29,461 [INFO    ] Успешно обработан файл циан 06-01-24 (без дублей).csv для prices
2024-01-07 15:07:29,461 [INFO    ] Выгрузка в таблицу prices обработанного файла из cian: циан 06-01-24 (без дублей).csv
2024-01-07 15:07:48,341 [INFO    ] данные cian загружены успешно
2024-01-07 15:07:48,433 [INFO    ] обработка файла 06-01-24 (без дублей).csv для авито
2024-01-07 15:08:33,885 [INFO    ] Успешно обработан файл 06-01-24 (без дублей).csv для realty
2024-01-07 15:08:33,944 [INFO    ] Выгрузка в таблицу realty обработанного файла из авито: 06-01-24 (без дублей).csv
2024-01-07 15:08:34,089 [INFO    ] Временная таблица очищена
2024-01-07 15:08:39,450 [INFO    ] Загрузка новых объявлений в таблицу
2024-01-07 15:08:39,640 [INFO    ] 172554 существующих и 1045 новых объявлений
2024-01-07 15:08:39,688 [INFO    ] temp таблица очищена, загружаются данные
2024-01-07 15:09:44,994 [INFO    ] обновлена таблица realty
2024-01-07 15:09:47,441 [INFO    ] обновлены районы в таблице realty
2024-01-07 15:09:54,551 [INFO    ] Обновление существующих данных realty завершено
2024-01-07 15:10:28,225 [INFO    ] из новых объяв найдено по адресу 282, запрос в ddt для 403 уник. адресов из 763
2024-01-07 15:10:28,225 [INFO    ] обновление районов для найденных в realty по адресу новых объявлений:
2024-01-07 15:10:28,541 [INFO    ] обнаружено 160 районов для 244 новых объявлений, найденных по адресу из 282
2024-01-07 15:10:28,569 [INFO    ] 87 районов осталось незаполнено
2024-01-07 15:10:28,570 [INFO    ] переход к обновлению оставшихся (не найденных по адресу) 763 новых объявлений (403 адресов) для avito
2024-01-07 15:10:28,597 [INFO    ] загрузка данных dadata из /var/www/yadisk_loader/saved_data_csv/avito_dadata_request.csv
2024-01-07 15:10:29,889 [INFO    ] удалось загрузить исторические данные dadata
2024-01-07 15:10:31,899 [INFO    ] количество запросов к dadata составит: 403
2024-01-07 15:10:31,905 [INFO    ] 0%|          | 0/64 [00:00<?, ?it/s]
2024-01-07 15:10:33,236 [INFO    ] 403it [00:01, 302.80it/s]
2024-01-07 15:10:33,236 [INFO    ] 
2024-01-07 15:10:33,236 [INFO    ] dadata con closed succesfully
2024-01-07 15:10:33,237 [INFO    ] обращение к DDT по 382/403 адресам из avito заняло 0:00:04.667202
2024-01-07 15:10:33,249 [INFO    ] обращение к DDT выполнено для 653/763 новых объявлений, найден fias для 461
2024-01-07 15:11:40,487 [INFO    ] уникальных троек по h_fias_id, ad_id, d_id, в таблице с районами и houses_jkh_ddt/id: 653
2024-01-07 15:11:40,492 [INFO    ] выгрузка данных в таблицу realty
2024-01-07 15:11:40,791 [INFO    ] Добавлено районов к объявлениям realty: 86 - было 0 стало 86
2024-01-07 15:11:40,791 [INFO    ] Есть несовпадения районов c jkh, обновление районов в jkh для 0 записей
2024-01-07 15:11:43,958 [INFO    ] Временная таблица temp_jkh_houses очищена
2024-01-07 15:11:47,253 [INFO    ] Обновление данных jkh_houses завершено
2024-01-07 15:11:48,153 [INFO    ] все новые объявления добавлены
2024-01-07 15:11:50,237 [INFO    ] Успешно обработан файл 06-01-24 (без дублей).csv для prices
2024-01-07 15:11:50,237 [INFO    ] Выгрузка в таблицу prices обработанного файла из авито: 06-01-24 (без дублей).csv
2024-01-07 15:12:07,602 [INFO    ] данные avito загружены успешно
2024-01-07 15:12:08,148 [INFO    ] Новые данные загружены по файлам ['06-01-24 (без дублей).csv'] из авито и ['циан 06-01-24 (без дублей).csv'] из циана за 0:11:46.508893
2024-01-07 15:12:08,259 [INFO    ] HTTP Request: GET https://dadata.ru/api/v2/profile/balance "HTTP/1.1 200 OK"
2024-01-07 15:12:08,264 [INFO    ] сохранение лог-файла
