2023-12-13 15:00:40,091 [INFO    ] Скрипт запущен: 2023-12-13 15:00:40.091254
2023-12-13 15:00:40,169 [INFO    ] Connected (version 2.0, client OpenSSH_7.4p1)
2023-12-13 15:00:40,232 [INFO    ] Authentication (publickey) failed.
2023-12-13 15:00:40,248 [INFO    ] Connected (version 2.0, client OpenSSH_7.4p1)
2023-12-13 15:00:40,339 [INFO    ] Authentication (password) successful!
2023-12-13 15:00:40,341 [INFO    ] connected to host 92.53.64.66 base preprod_nedvizhka_db
2023-12-13 15:00:40,565 [INFO    ] yandex token valid
2023-12-13 15:00:43,796 [INFO    ] Успешно загружено 1 файлов с личного диска: ['12-12-23 (без дублей).csv'] для avito
2023-12-13 15:00:43,958 [INFO    ] yandex token valid
2023-12-13 15:00:46,352 [INFO    ] Успешно загружено 1 файлов с личного диска: ['циан 12-12-23 (без дублей).csv'] для cian
2023-12-13 15:00:46,352 [INFO    ] ready to process files ['12-12-23 (без дублей).csv'], ['циан 12-12-23 (без дублей).csv']
2023-12-13 15:01:07,002 [INFO    ] обновлен status_new в таблице realty
2023-12-13 15:01:38,888 [INFO    ] обновлен status_new в таблице prices
2023-12-13 15:01:38,891 [INFO    ] обработка файла циан 12-12-23 (без дублей).csv для cian
2023-12-13 15:01:40,143 [INFO    ] обработка district_id:
2023-12-13 15:01:40,144 [INFO    ] districts_update:   0%|          | 0/123948 [00:00<?, ?it/s]
2023-12-13 15:01:45,460 [INFO    ] добавлен новый район "Тепличный Совхоз" в districts функцией district_from_rn_mkrn
2023-12-13 15:01:55,144 [INFO    ] districts_update:  11%|#         | 13194/123948 [00:15<02:05, 879.59it/s]
2023-12-13 15:02:10,145 [INFO    ] districts_update:  22%|##1       | 27065/123948 [00:30<01:46, 906.12it/s]
2023-12-13 15:02:20,427 [INFO    ] districts_update:  31%|###1      | 38491/123948 [00:40<01:34, 906.12it/s]
2023-12-13 15:02:25,145 [INFO    ] districts_update:  35%|###4      | 43108/123948 [00:45<01:22, 980.72it/s]
2023-12-13 15:02:40,445 [INFO    ] districts_update:  47%|####6     | 57912/123948 [01:00<01:07, 980.72it/s]
2023-12-13 15:02:40,445 [INFO    ] districts_update:  47%|####6     | 57913/123948 [01:00<01:07, 975.51it/s]
2023-12-13 15:02:50,446 [INFO    ] districts_update:  55%|#####4    | 67604/123948 [01:10<00:57, 975.51it/s]
2023-12-13 15:02:55,446 [INFO    ] districts_update:  58%|#####8    | 72243/123948 [01:15<00:53, 968.25it/s]
2023-12-13 15:03:10,446 [INFO    ] districts_update:  70%|######9   | 86656/123948 [01:30<00:38, 965.74it/s]
2023-12-13 15:03:20,475 [INFO    ] districts_update:  78%|#######7  | 96629/123948 [01:40<00:28, 965.74it/s]
2023-12-13 15:03:25,446 [INFO    ] districts_update:  82%|########1 | 101163/123948 [01:45<00:23, 966.19it/s]
2023-12-13 15:03:40,471 [INFO    ] districts_update:  93%|#########3| 115670/123948 [02:00<00:08, 965.98it/s]
2023-12-13 15:03:49,183 [INFO    ] districts_update: 100%|##########| 123948/123948 [02:09<00:00, 960.55it/s]
2023-12-13 15:03:49,183 [INFO    ] 
2023-12-13 15:03:49,190 [INFO    ] district add from realty
2023-12-13 15:03:51,476 [INFO    ] Успешно обработан файл циан 12-12-23 (без дублей).csv для realty
2023-12-13 15:03:51,494 [INFO    ] Выгрузка в таблицу realty обработанного файла из cian: циан 12-12-23 (без дублей).csv
2023-12-13 15:03:51,901 [INFO    ] Временная таблица создана
2023-12-13 15:04:05,848 [INFO    ] Загрузка новых объявлений в таблицу
2023-12-13 15:04:06,108 [INFO    ] 117344 существующих и 6604 новых объявлений
2023-12-13 15:04:06,156 [INFO    ] temp таблица очищена, загружаются данные
2023-12-13 15:05:26,042 [INFO    ] обновлена таблица realty
2023-12-13 15:05:43,543 [INFO    ] обновлены районы в таблице realty
2023-12-13 15:05:58,155 [INFO    ] Обновление существующих данных realty завершено
2023-12-13 15:06:35,592 [INFO    ] из новых объяв найдено по адресу 1030, запрос в ddt для 902 уник. адресов из 5574
2023-12-13 15:06:35,594 [INFO    ] обновление районов для найденных в realty по адресу новых объявлений:
2023-12-13 15:06:35,741 [INFO    ] обнаружено 44 районов для 58 новых объявлений, найденных по адресу из 64
2023-12-13 15:06:35,747 [INFO    ] 34 районов осталось незаполнено
2023-12-13 15:06:35,748 [INFO    ] переход к обновлению оставшихся (не найденных по адресу) 5574 новых объявлений (902 адресов) для cian
2023-12-13 15:06:35,762 [INFO    ] загрузка данных dadata из /var/www/yadisk_loader/saved_data_csv/cian_dadata_request.csv
2023-12-13 15:06:36,609 [INFO    ] удалось загрузить исторические данные dadata
2023-12-13 15:06:38,625 [INFO    ] количество запросов к dadata составит: 902
2023-12-13 15:06:38,630 [INFO    ] 0%|          | 0/201 [00:00<?, ?it/s]
2023-12-13 15:06:40,971 [INFO    ] 902it [00:02, 385.34it/s]
2023-12-13 15:06:40,971 [INFO    ] 
2023-12-13 15:06:40,972 [INFO    ] dadata con closed succesfully
2023-12-13 15:06:40,973 [INFO    ] обращение к DDT по 704/902 адресам из cian заняло 0:00:05.224681
2023-12-13 15:06:40,990 [INFO    ] обращение к DDT выполнено для 2895/5574 новых объявлений, найден fias для 1792
2023-12-13 15:07:45,762 [INFO    ] уникальных троек по h_fias_id, ad_id, d_id, в таблице с районами и houses_jkh_ddt/id: 2895
2023-12-13 15:07:45,766 [INFO    ] выгрузка данных в таблицу realty
2023-12-13 15:07:47,672 [INFO    ] Добавлено районов к объявлениям realty: 1 - было 3444 стало 3445
2023-12-13 15:07:47,673 [INFO    ] Есть несовпадения районов c jkh, обновление районов в jkh для 5 записей
2023-12-13 15:07:54,015 [INFO    ] Временная таблица temp_jkh_houses создана
2023-12-13 15:07:57,513 [INFO    ] Обновление данных jkh_houses завершено
2023-12-13 15:08:00,142 [INFO    ] все новые объявления добавлены
2023-12-13 15:08:01,557 [INFO    ] Успешно обработан файл циан 12-12-23 (без дублей).csv для prices
2023-12-13 15:08:01,557 [INFO    ] Выгрузка в таблицу prices обработанного файла из cian: циан 12-12-23 (без дублей).csv
2023-12-13 15:08:12,583 [INFO    ] данные cian загружены успешно
2023-12-13 15:08:12,626 [INFO    ] обработка файла 12-12-23 (без дублей).csv для авито
2023-12-13 15:08:58,147 [INFO    ] Успешно обработан файл 12-12-23 (без дублей).csv для realty
2023-12-13 15:08:58,207 [INFO    ] Выгрузка в таблицу realty обработанного файла из авито: 12-12-23 (без дублей).csv
2023-12-13 15:08:58,300 [INFO    ] Временная таблица очищена
2023-12-13 15:09:03,105 [INFO    ] Загрузка новых объявлений в таблицу
2023-12-13 15:09:03,281 [INFO    ] 171275 существующих и 4209 новых объявлений
2023-12-13 15:09:03,328 [INFO    ] temp таблица очищена, загружаются данные
2023-12-13 15:10:04,426 [INFO    ] обновлена таблица realty
2023-12-13 15:10:06,434 [INFO    ] обновлены районы в таблице realty
2023-12-13 15:10:15,545 [INFO    ] Обновление существующих данных realty завершено
2023-12-13 15:10:48,226 [INFO    ] из новых объяв найдено по адресу 1121, запрос в ddt для 1012 уник. адресов из 3088
2023-12-13 15:10:48,227 [INFO    ] обновление районов для найденных в realty по адресу новых объявлений:
2023-12-13 15:10:48,575 [INFO    ] обнаружено 485 районов для 788 новых объявлений, найденных по адресу из 1121
2023-12-13 15:10:48,590 [INFO    ] 312 районов осталось незаполнено
2023-12-13 15:10:48,591 [INFO    ] переход к обновлению оставшихся (не найденных по адресу) 3088 новых объявлений (1012 адресов) для avito
2023-12-13 15:10:48,610 [INFO    ] загрузка данных dadata из /var/www/yadisk_loader/saved_data_csv/avito_dadata_request.csv
2023-12-13 15:10:49,878 [INFO    ] удалось загрузить исторические данные dadata
2023-12-13 15:10:51,890 [INFO    ] количество запросов к dadata составит: 1012
2023-12-13 15:10:51,895 [INFO    ] 0%|          | 0/74 [00:00<?, ?it/s]
2023-12-13 15:10:55,205 [INFO    ] 1012it [00:03, 305.81it/s]
2023-12-13 15:10:55,205 [INFO    ] 
2023-12-13 15:10:55,205 [INFO    ] dadata con closed succesfully
2023-12-13 15:10:55,206 [INFO    ] обращение к DDT по 947/1012 адресам из avito заняло 0:00:06.614947
2023-12-13 15:10:55,221 [INFO    ] обращение к DDT выполнено для 2922/3088 новых объявлений, найден fias для 2022
2023-12-13 15:12:02,145 [INFO    ] уникальных троек по h_fias_id, ad_id, d_id, в таблице с районами и houses_jkh_ddt/id: 2922
2023-12-13 15:12:02,151 [INFO    ] выгрузка данных в таблицу realty
2023-12-13 15:12:03,135 [INFO    ] Добавлено районов к объявлениям realty: 186 - было 0 стало 186
2023-12-13 15:12:03,136 [INFO    ] Есть несовпадения районов c jkh, обновление районов в jkh для 0 записей
2023-12-13 15:12:06,249 [INFO    ] Временная таблица temp_jkh_houses очищена
2023-12-13 15:12:09,549 [INFO    ] Обновление данных jkh_houses завершено
2023-12-13 15:12:11,669 [INFO    ] все новые объявления добавлены
2023-12-13 15:12:13,783 [INFO    ] Успешно обработан файл 12-12-23 (без дублей).csv для prices
2023-12-13 15:12:13,783 [INFO    ] Выгрузка в таблицу prices обработанного файла из авито: 12-12-23 (без дублей).csv
2023-12-13 15:12:28,980 [INFO    ] данные avito загружены успешно
2023-12-13 15:12:29,516 [INFO    ] Новые данные загружены по файлам ['12-12-23 (без дублей).csv'] из авито и ['циан 12-12-23 (без дублей).csv'] из циана за 0:11:49.425423
2023-12-13 15:12:29,629 [INFO    ] HTTP Request: GET https://dadata.ru/api/v2/profile/balance "HTTP/1.1 200 OK"
2023-12-13 15:12:29,633 [INFO    ] сохранение лог-файла
