2023-12-23 15:01:15,266 [INFO    ] Скрипт запущен: 2023-12-23 15:01:15.266491
2023-12-23 15:01:15,312 [INFO    ] Connected (version 2.0, client OpenSSH_7.4p1)
2023-12-23 15:01:15,373 [INFO    ] Authentication (publickey) failed.
2023-12-23 15:01:15,376 [INFO    ] Connected (version 2.0, client OpenSSH_7.4p1)
2023-12-23 15:01:15,434 [INFO    ] Authentication (password) successful!
2023-12-23 15:01:15,435 [INFO    ] connected to host 92.53.64.66 base preprod_nedvizhka_db
2023-12-23 15:01:15,600 [INFO    ] yandex token valid
2023-12-23 15:01:19,061 [INFO    ] Успешно загружено 1 файлов с личного диска: ['22-12-23 (без дублей).csv'] для avito
2023-12-23 15:01:19,182 [INFO    ] yandex token valid
2023-12-23 15:01:33,559 [INFO    ] Успешно загружено 7 файлов с личного диска: ['циан 16-12-23 (без дублей).csv', 'циан 17-12-23 (без дублей).csv', 'циан 18-12-23 (без дублей).csv', 'циан 19-12-23 (без дублей).csv', 'циан 20-12-23 (без дублей).csv', 'циан 21-12-23 (без дублей).csv', 'циан 22-12-23 (без дублей).csv'] для cian
2023-12-23 15:01:33,559 [INFO    ] ready to process files ['22-12-23 (без дублей).csv'], ['циан 16-12-23 (без дублей).csv', 'циан 17-12-23 (без дублей).csv', 'циан 18-12-23 (без дублей).csv', 'циан 19-12-23 (без дублей).csv', 'циан 20-12-23 (без дублей).csv', 'циан 21-12-23 (без дублей).csv', 'циан 22-12-23 (без дублей).csv']
2023-12-23 15:01:43,997 [INFO    ] обновлен status_new в таблице realty
2023-12-23 15:01:57,154 [INFO    ] обновлен status_new в таблице prices
2023-12-23 15:01:57,157 [INFO    ] обработка файла циан 16-12-23 (без дублей).csv для cian
2023-12-23 15:01:57,185 [ERROR   ] Traceback (most recent call last):
  File "/var/www/yadisk_loader/main_utils.py", line 972, in process_realty
    saved_file = pd.read_csv(saved_files[f_ind], delimiter=',', encoding='utf8')
  File "/var/www/yadisk_loader/yadisk_venv/lib/python3.9/site-packages/pandas/util/_decorators.py", line 211, in wrapper
    return func(*args, **kwargs)
  File "/var/www/yadisk_loader/yadisk_venv/lib/python3.9/site-packages/pandas/util/_decorators.py", line 331, in wrapper
    return func(*args, **kwargs)
  File "/var/www/yadisk_loader/yadisk_venv/lib/python3.9/site-packages/pandas/io/parsers/readers.py", line 950, in read_csv
    return _read(filepath_or_buffer, kwds)
  File "/var/www/yadisk_loader/yadisk_venv/lib/python3.9/site-packages/pandas/io/parsers/readers.py", line 611, in _read
    return parser.read(nrows)
  File "/var/www/yadisk_loader/yadisk_venv/lib/python3.9/site-packages/pandas/io/parsers/readers.py", line 1778, in read
    ) = self._engine.read(  # type: ignore[attr-defined]
  File "/var/www/yadisk_loader/yadisk_venv/lib/python3.9/site-packages/pandas/io/parsers/c_parser_wrapper.py", line 230, in read
    chunks = self._reader.read_low_memory(nrows)
  File "pandas/_libs/parsers.pyx", line 808, in pandas._libs.parsers.TextReader.read_low_memory
  File "pandas/_libs/parsers.pyx", line 866, in pandas._libs.parsers.TextReader._read_rows
  File "pandas/_libs/parsers.pyx", line 852, in pandas._libs.parsers.TextReader._tokenize_rows
  File "pandas/_libs/parsers.pyx", line 1973, in pandas._libs.parsers.raise_parser_error
pandas.errors.ParserError: Error tokenizing data. C error: Expected 6 fields in line 164, saw 7


During handling of the above exception, another exception occurred:

Traceback (most recent call last):
  File "/var/www/yadisk_loader/main_utils.py", line 976, in process_realty
    saved_file = pd.read_csv(f_name, delimiter=';', encoding='utf8')
NameError: name 'f_name' is not defined

2023-12-23 15:01:57,192 [ERROR   ] Файл циан 16-12-23 (без дублей).csv не удалось обнаружить для realty
2023-12-23 15:01:57,193 [ERROR   ] Ошибка при обработке файлов из CIAN циан 16-12-23 (без дублей).csv. Перезапуск скрипта...
2023-12-23 15:01:57,256 [INFO    ] обработка файла 22-12-23 (без дублей).csv для авито
2023-12-23 15:02:46,233 [INFO    ] Успешно обработан файл 22-12-23 (без дублей).csv для realty
2023-12-23 15:02:46,295 [INFO    ] Выгрузка в таблицу realty обработанного файла из авито: 22-12-23 (без дублей).csv
2023-12-23 15:02:46,650 [INFO    ] Временная таблица создана
2023-12-23 15:02:53,289 [INFO    ] Загрузка новых объявлений в таблицу
2023-12-23 15:02:53,568 [INFO    ] 180661 существующих и 3343 новых объявлений
2023-12-23 15:02:53,615 [INFO    ] temp таблица очищена, загружаются данные
2023-12-23 15:04:13,946 [INFO    ] обновлена таблица realty
2023-12-23 15:04:20,124 [INFO    ] обновлены районы в таблице realty
2023-12-23 15:04:30,292 [INFO    ] Обновление существующих данных realty завершено
2023-12-23 15:05:05,857 [INFO    ] из новых объяв найдено по адресу 725, запрос в ddt для 828 уник. адресов из 2618
2023-12-23 15:05:05,858 [INFO    ] обновление районов для найденных в realty по адресу новых объявлений:
2023-12-23 15:05:06,184 [INFO    ] обнаружено 351 районов для 605 новых объявлений, найденных по адресу из 725
2023-12-23 15:05:06,200 [INFO    ] 262 районов осталось незаполнено
2023-12-23 15:05:06,201 [INFO    ] переход к обновлению оставшихся (не найденных по адресу) 2618 новых объявлений (828 адресов) для avito
2023-12-23 15:05:06,219 [INFO    ] загрузка данных dadata из /var/www/yadisk_loader/saved_data_csv/avito_dadata_request.csv
2023-12-23 15:05:07,498 [INFO    ] удалось загрузить исторические данные dadata
2023-12-23 15:05:09,511 [INFO    ] количество запросов к dadata составит: 828
2023-12-23 15:05:09,517 [INFO    ] 0%|          | 0/46 [00:00<?, ?it/s]
2023-12-23 15:05:12,463 [INFO    ] 828it [00:02, 281.08it/s]
2023-12-23 15:05:12,463 [INFO    ] 
2023-12-23 15:05:12,463 [INFO    ] dadata con closed succesfully
2023-12-23 15:05:12,464 [INFO    ] обращение к DDT по 788/828 адресам из avito заняло 0:00:06.263151
2023-12-23 15:05:12,478 [INFO    ] обращение к DDT выполнено для 2170/2618 новых объявлений, найден fias для 1150
2023-12-23 15:06:26,295 [INFO    ] уникальных троек по h_fias_id, ad_id, d_id, в таблице с районами и houses_jkh_ddt/id: 2170
2023-12-23 15:06:26,297 [INFO    ] выгрузка данных в таблицу realty
2023-12-23 15:06:27,245 [INFO    ] Добавлено районов к объявлениям realty: 395 - было 0 стало 395
2023-12-23 15:06:27,245 [INFO    ] Есть несовпадения районов c jkh, обновление районов в jkh для 0 записей
2023-12-23 15:06:33,503 [INFO    ] Временная таблица temp_jkh_houses создана
2023-12-23 15:06:36,839 [INFO    ] Обновление данных jkh_houses завершено
2023-12-23 15:06:38,182 [INFO    ] все новые объявления добавлены
2023-12-23 15:06:40,213 [INFO    ] Успешно обработан файл 22-12-23 (без дублей).csv для prices
2023-12-23 15:06:40,213 [INFO    ] Выгрузка в таблицу prices обработанного файла из авито: 22-12-23 (без дублей).csv
2023-12-23 15:06:58,975 [INFO    ] данные avito загружены успешно
2023-12-23 15:07:00,561 [INFO    ] Новые данные загружены по файлам ['22-12-23 (без дублей).csv'] из авито и ['циан 16-12-23 (без дублей).csv', 'циан 17-12-23 (без дублей).csv', 'циан 18-12-23 (без дублей).csv', 'циан 19-12-23 (без дублей).csv', 'циан 20-12-23 (без дублей).csv', 'циан 21-12-23 (без дублей).csv', 'циан 22-12-23 (без дублей).csv'] из циана за 0:05:45.294904
2023-12-23 15:07:00,668 [INFO    ] HTTP Request: GET https://dadata.ru/api/v2/profile/balance "HTTP/1.1 200 OK"
2023-12-23 15:07:00,671 [INFO    ] сохранение лог-файла
