2024-01-15 16:22:13,080 [INFO    ] Скрипт запущен: 2024-01-15 16:22:13.080275
2024-01-15 16:22:13,113 [INFO    ] Connected (version 2.0, client OpenSSH_7.4p1)
2024-01-15 16:22:13,164 [INFO    ] Authentication (publickey) failed.
2024-01-15 16:22:13,169 [INFO    ] Connected (version 2.0, client OpenSSH_7.4p1)
2024-01-15 16:22:13,246 [INFO    ] Authentication (password) successful!
2024-01-15 16:22:13,297 [INFO    ] connected to host 92.53.64.66 base app_nedvizhka_db
2024-01-15 16:22:13,511 [INFO    ] yandex token valid
2024-01-15 16:22:17,314 [INFO    ] Успешно загружено 1 файлов с личного диска: ['14-01-24 (без дублей).csv'] для avito
2024-01-15 16:22:17,712 [INFO    ] yandex token valid
2024-01-15 16:22:19,840 [INFO    ] Успешно загружено 1 файлов с личного диска: ['циан 14-01-24 (без дублей).csv'] для cian
2024-01-15 16:22:19,840 [INFO    ] ready to process files ['14-01-24 (без дублей).csv'], ['циан 14-01-24 (без дублей).csv']
2024-01-15 16:22:32,719 [INFO    ] обновлен status_new в таблице realty
2024-01-15 16:23:59,160 [INFO    ] обновлен status_new в таблице prices
2024-01-15 16:23:59,160 [INFO    ] обработка файла циан 14-01-24 (без дублей).csv для cian
2024-01-15 16:24:00,394 [INFO    ] обработка district_id:
2024-01-15 16:24:00,412 [INFO    ] districts_update:   0%|          | 0/111265 [00:00<?, ?it/s]
2024-01-15 16:24:15,413 [INFO    ] districts_update:  13%|#2        | 13954/111265 [00:15<01:44, 930.23it/s]
2024-01-15 16:24:30,413 [INFO    ] districts_update:  27%|##6       | 29984/111265 [00:30<01:20, 1011.64it/s]
2024-01-15 16:24:40,449 [INFO    ] districts_update:  36%|###5      | 39861/111265 [00:40<01:10, 1011.64it/s]
2024-01-15 16:24:45,414 [INFO    ] districts_update:  40%|####      | 44745/111265 [00:45<01:06, 999.03it/s]
2024-01-15 16:25:00,513 [INFO    ] districts_update:  53%|#####3    | 59506/111265 [01:00<00:52, 990.54it/s]
2024-01-15 16:25:10,518 [INFO    ] districts_update:  62%|######1   | 68665/111265 [01:10<00:43, 990.54it/s]
2024-01-15 16:25:15,514 [INFO    ] districts_update:  66%|######6   | 73655/111265 [01:15<00:38, 973.50it/s]
2024-01-15 16:25:30,514 [INFO    ] districts_update:  79%|#######9  | 88386/111265 [01:30<00:23, 976.40it/s]
2024-01-15 16:25:40,539 [INFO    ] districts_update:  88%|########8 | 97922/111265 [01:40<00:13, 976.40it/s]
2024-01-15 16:25:45,515 [INFO    ] districts_update:  92%|#########2| 102589/111265 [01:45<00:08, 966.74it/s]
2024-01-15 16:25:54,378 [INFO    ] districts_update: 100%|##########| 111265/111265 [01:53<00:00, 976.30it/s]
2024-01-15 16:25:54,378 [INFO    ] 
2024-01-15 16:25:54,450 [INFO    ] district add from realty
2024-01-15 16:25:56,738 [INFO    ] Успешно обработан файл циан 14-01-24 (без дублей).csv для realty
2024-01-15 16:25:56,746 [INFO    ] Выгрузка в таблицу realty обработанного файла из cian: циан 14-01-24 (без дублей).csv
2024-01-15 16:25:56,994 [INFO    ] Временная таблица очищена
2024-01-15 16:26:11,359 [INFO    ] Загрузка новых объявлений в таблицу
2024-01-15 16:26:11,612 [INFO    ] 111265 существующих и 0 новых объявлений
2024-01-15 16:26:11,665 [INFO    ] temp таблица очищена, загружаются данные
2024-01-15 16:27:17,298 [INFO    ] обновлена таблица realty
2024-01-15 16:27:42,718 [INFO    ] обновлены районы в таблице realty
2024-01-15 16:27:53,201 [INFO    ] Обновление существующих данных realty завершено
2024-01-15 16:27:53,206 [ERROR   ] Traceback (most recent call last):
  File "/var/www/yadisk_loader/main_utils.py", line 390, in load_and_update_realty_db
    if len(df_realty_new.city_id.unique()) > 1 else str('('+str(df_realty_new.city_id.unique()[0])+')'),
IndexError: index 0 is out of bounds for axis 0 with size 0

2024-01-15 16:27:53,206 [INFO    ] какая то хуйня 393 main_utils нужен фикс: 
 []
2024-01-15 16:27:53,222 [INFO    ] не удалось найти совпадения по адресу для новых объявлений, переход к запросу в dadata
2024-01-15 16:27:53,253 [INFO    ] загрузка данных dadata из /var/www/yadisk_loader/saved_data_csv/cian_dadata_request.csv
2024-01-15 16:27:54,289 [INFO    ] удалось загрузить исторические данные dadata
2024-01-15 16:27:56,297 [INFO    ] количество запросов к dadata составит: 0
2024-01-15 16:27:56,298 [INFO    ] 0it [00:00, ?it/s]
2024-01-15 16:27:56,298 [INFO    ] 0it [00:00, ?it/s]
2024-01-15 16:27:56,298 [INFO    ] 
2024-01-15 16:27:56,298 [INFO    ] dadata con closed succesfully
2024-01-15 16:27:56,298 [INFO    ] обращение к DDT по 0/0 адресам из cian заняло 0:00:03.069668
2024-01-15 16:27:56,341 [INFO    ] обращение к DDT выполнено для 0/0 новых объявлений, найден fias для 0
2024-01-15 16:28:53,707 [INFO    ] уникальных троек по h_fias_id, ad_id, d_id, в таблице с районами и houses_jkh_ddt/id: 1
2024-01-15 16:28:53,708 [INFO    ] нет новых записей с houses_jkh_ddt/id, добавляю результаты парсинга as is
2024-01-15 16:28:55,215 [INFO    ] Успешно обработан файл циан 14-01-24 (без дублей).csv для prices
2024-01-15 16:28:55,215 [INFO    ] Выгрузка в таблицу prices обработанного файла из cian: циан 14-01-24 (без дублей).csv
2024-01-15 16:29:06,048 [INFO    ] данные cian загружены успешно
2024-01-15 16:29:06,126 [INFO    ] обработка файла 14-01-24 (без дублей).csv для авито
2024-01-15 16:29:51,806 [INFO    ] Успешно обработан файл 14-01-24 (без дублей).csv для realty
2024-01-15 16:29:51,843 [INFO    ] Выгрузка в таблицу realty обработанного файла из авито: 14-01-24 (без дублей).csv
2024-01-15 16:29:51,976 [INFO    ] Временная таблица очищена
2024-01-15 16:29:59,244 [INFO    ] Загрузка новых объявлений в таблицу
2024-01-15 16:29:59,470 [INFO    ] 178993 существующих и 0 новых объявлений
2024-01-15 16:29:59,515 [INFO    ] temp таблица очищена, загружаются данные
2024-01-15 16:31:43,726 [INFO    ] обновлена таблица realty
2024-01-15 16:31:45,941 [INFO    ] обновлены районы в таблице realty
2024-01-15 16:31:59,292 [INFO    ] Обновление существующих данных realty завершено
2024-01-15 16:31:59,293 [ERROR   ] Traceback (most recent call last):
  File "/var/www/yadisk_loader/main_utils.py", line 390, in load_and_update_realty_db
    if len(df_realty_new.city_id.unique()) > 1 else str('('+str(df_realty_new.city_id.unique()[0])+')'),
IndexError: index 0 is out of bounds for axis 0 with size 0

2024-01-15 16:31:59,293 [INFO    ] какая то хуйня 393 main_utils нужен фикс: 
 []
2024-01-15 16:31:59,298 [INFO    ] не удалось найти совпадения по адресу для новых объявлений, переход к запросу в dadata
2024-01-15 16:31:59,313 [INFO    ] загрузка данных dadata из /var/www/yadisk_loader/saved_data_csv/avito_dadata_request.csv
2024-01-15 16:32:00,973 [INFO    ] удалось загрузить исторические данные dadata
2024-01-15 16:32:02,996 [INFO    ] количество запросов к dadata составит: 0
2024-01-15 16:32:02,996 [INFO    ] 0it [00:00, ?it/s]
2024-01-15 16:32:02,997 [INFO    ] 0it [00:00, ?it/s]
2024-01-15 16:32:02,997 [INFO    ] 
2024-01-15 16:32:02,997 [INFO    ] dadata con closed succesfully
2024-01-15 16:32:02,997 [INFO    ] обращение к DDT по 0/0 адресам из avito заняло 0:00:03.699013
2024-01-15 16:32:03,001 [INFO    ] обращение к DDT выполнено для 0/0 новых объявлений, найден fias для 0
2024-01-15 16:33:18,931 [INFO    ] уникальных троек по h_fias_id, ad_id, d_id, в таблице с районами и houses_jkh_ddt/id: 1
2024-01-15 16:33:18,939 [INFO    ] нет новых записей с houses_jkh_ddt/id, добавляю результаты парсинга as is
2024-01-15 16:33:21,258 [INFO    ] Успешно обработан файл 14-01-24 (без дублей).csv для prices
2024-01-15 16:33:21,258 [INFO    ] Выгрузка в таблицу prices обработанного файла из авито: 14-01-24 (без дублей).csv
2024-01-15 16:33:39,203 [INFO    ] данные avito загружены успешно
2024-01-15 16:33:39,668 [INFO    ] Новые данные загружены по файлам ['14-01-24 (без дублей).csv'] из авито и ['циан 14-01-24 (без дублей).csv'] из циана за 0:11:26.587843
2024-01-15 16:33:39,776 [INFO    ] HTTP Request: GET https://dadata.ru/api/v2/profile/balance "HTTP/1.1 200 OK"
2024-01-15 16:33:39,829 [ERROR   ] Traceback (most recent call last):
  File "/var/www/yadisk_loader/report_utils.py", line 148, in report_text
    i[1] = " ".join(i[1].replace(' ', '').replace('(', ' (').split())
IndexError: list index out of range

2024-01-15 16:33:40,161 [INFO    ] отчет отправлен в tg
2024-01-15 16:33:40,332 [INFO    ] сохранение лог-файла
