2023-10-27 15:00:40,289 [INFO    ] Скрипт запущен: 2023-10-27 15:00:40.289457
2023-10-27 15:00:40,353 [INFO    ] Connected (version 2.0, client OpenSSH_7.4p1)
2023-10-27 15:00:40,419 [INFO    ] Authentication (publickey) failed.
2023-10-27 15:00:40,424 [INFO    ] Connected (version 2.0, client OpenSSH_7.4p1)
2023-10-27 15:00:40,478 [INFO    ] Authentication (password) successful!
2023-10-27 15:00:40,479 [INFO    ] connected to host 92.53.64.66 base preprod_nedvizhka_db
2023-10-27 15:00:40,677 [INFO    ] yandex token valid
2023-10-27 15:00:43,524 [INFO    ] Успешно загружено 1 файлов с личного диска: ['26-10-23 (без дублей).csv'] для avito
2023-10-27 15:00:43,961 [INFO    ] yandex token valid
2023-10-27 15:00:53,350 [INFO    ] Успешно загружено 1 файлов с личного диска: ['циан 26-10-23 (без дублей).csv'] для cian
2023-10-27 15:00:53,350 [INFO    ] ready to process files ['26-10-23 (без дублей).csv'], ['циан 26-10-23 (без дублей).csv']
2023-10-27 15:01:37,063 [INFO    ] обновлен status_new в таблице realty
2023-10-27 15:02:13,917 [INFO    ] обновлен status_new в таблице prices
2023-10-27 15:02:13,918 [INFO    ] обработка файла циан 26-10-23 (без дублей).csv для cian
2023-10-27 15:02:15,158 [INFO    ] обработка district_id:
2023-10-27 15:02:15,159 [INFO    ] districts_update:   0%|          | 0/110994 [00:00<?, ?it/s]
2023-10-27 15:02:30,160 [INFO    ] districts_update:  11%|#1        | 12752/110994 [00:15<01:55, 850.06it/s]
2023-10-27 15:02:43,319 [INFO    ] districts_update:  22%|##2       | 24435/110994 [00:28<01:41, 850.06it/s]
2023-10-27 15:02:45,160 [INFO    ] districts_update:  24%|##3       | 26278/110994 [00:30<01:36, 880.44it/s]
2023-10-27 15:03:00,161 [INFO    ] districts_update:  36%|###6      | 40467/110994 [00:45<01:17, 910.33it/s]
2023-10-27 15:03:13,333 [INFO    ] districts_update:  47%|####6     | 51660/110994 [00:58<01:05, 910.33it/s]
2023-10-27 15:03:15,161 [INFO    ] districts_update:  48%|####8     | 53371/110994 [01:00<01:04, 890.57it/s]
2023-10-27 15:03:30,302 [INFO    ] districts_update:  60%|#####9    | 66275/110994 [01:15<00:51, 876.68it/s]
2023-10-27 15:03:43,336 [INFO    ] districts_update:  70%|######9   | 77222/110994 [01:28<00:38, 876.68it/s]
2023-10-27 15:03:45,302 [INFO    ] districts_update:  71%|#######   | 78728/110994 [01:30<00:37, 860.89it/s]
2023-10-27 15:04:00,303 [INFO    ] districts_update:  83%|########2 | 92120/110994 [01:45<00:21, 871.30it/s]
2023-10-27 15:04:13,345 [INFO    ] districts_update:  93%|#########2| 103213/110994 [01:58<00:08, 871.30it/s]
2023-10-27 15:04:15,304 [INFO    ] districts_update:  94%|#########4| 104879/110994 [02:00<00:07, 864.70it/s]
2023-10-27 15:04:22,332 [INFO    ] districts_update: 100%|##########| 110994/110994 [02:07<00:00, 872.78it/s]
2023-10-27 15:04:22,332 [INFO    ] 
2023-10-27 15:04:22,338 [INFO    ] district add from realty
2023-10-27 15:04:24,312 [INFO    ] Успешно обработан файл циан 26-10-23 (без дублей).csv для realty
2023-10-27 15:04:24,386 [INFO    ] Выгрузка в таблицу realty обработанного файла из cian: циан 26-10-23 (без дублей).csv
2023-10-27 15:04:24,788 [INFO    ] Временная таблица создана
2023-10-27 15:04:47,785 [INFO    ] Загрузка новых объявлений в таблицу
2023-10-27 15:04:48,046 [INFO    ] 107600 существующих и 3394 новых объявлений
2023-10-27 15:04:48,091 [INFO    ] temp таблица очищена, загружаются данные
2023-10-27 15:07:45,136 [INFO    ] обновлена таблица realty
2023-10-27 15:08:35,926 [INFO    ] обновлены районы в таблице realty
2023-10-27 15:08:48,857 [INFO    ] Обновление существующих данных realty завершено
2023-10-27 15:09:25,205 [INFO    ] из новых объяв найдено по адресу 1111, запрос в ddt для 871 уник. адресов из 2283
2023-10-27 15:09:25,206 [INFO    ] обновление районов для найденных в realty по адресу новых объявлений:
2023-10-27 15:09:25,362 [INFO    ] обнаружено 57 районов для 64 новых объявлений, найденных по адресу из 78
2023-10-27 15:09:25,369 [INFO    ] 36 районов осталось незаполнено
2023-10-27 15:09:25,370 [INFO    ] переход к обновлению оставшихся (не найденных по адресу) 2283 новых объявлений (871 адресов) для cian
2023-10-27 15:09:25,391 [INFO    ] загрузка данных dadata из /var/www/yadisk_loader/saved_data_csv/cian_dadata_request.csv
2023-10-27 15:09:26,096 [INFO    ] удалось загрузить исторические данные dadata
2023-10-27 15:09:28,104 [INFO    ] количество запросов к dadata составит: 871
2023-10-27 15:09:28,106 [INFO    ] 0%|          | 0/175 [00:00<?, ?it/s]
2023-10-27 15:09:30,707 [INFO    ] 871it [00:02, 334.87it/s]
2023-10-27 15:09:30,707 [INFO    ] 
2023-10-27 15:09:30,707 [INFO    ] dadata con closed succesfully
2023-10-27 15:09:30,708 [INFO    ] обращение к DDT по 698/871 адресам из cian заняло 0:00:05.338246
2023-10-27 15:09:30,727 [INFO    ] обращение к DDT выполнено для 1373/2283 новых объявлений, найден fias для 1038
2023-10-27 15:10:32,031 [INFO    ] уникальных троек по h_fias_id, ad_id, d_id, в таблице с районами и houses_jkh_ddt/id: 1373
2023-10-27 15:10:32,035 [INFO    ] выгрузка данных в таблицу realty
2023-10-27 15:10:32,879 [INFO    ] Добавлено районов к объявлениям realty: 2 - было 1719 стало 1721
2023-10-27 15:10:32,879 [INFO    ] Есть несовпадения районов c jkh, обновление районов в jkh для 16 записей
2023-10-27 15:10:39,269 [INFO    ] Временная таблица temp_jkh_houses создана
2023-10-27 15:10:42,700 [INFO    ] Обновление данных jkh_houses завершено
2023-10-27 15:10:45,040 [INFO    ] все новые объявления добавлены
2023-10-27 15:10:46,870 [INFO    ] Успешно обработан файл циан 26-10-23 (без дублей).csv для prices
2023-10-27 15:10:46,870 [INFO    ] Выгрузка в таблицу prices обработанного файла из cian: циан 26-10-23 (без дублей).csv
2023-10-27 15:11:16,033 [INFO    ] данные cian загружены успешно
2023-10-27 15:11:16,118 [INFO    ] обработка файла 26-10-23 (без дублей).csv для авито
2023-10-27 15:12:04,979 [INFO    ] Успешно обработан файл 26-10-23 (без дублей).csv для realty
2023-10-27 15:12:05,098 [INFO    ] Выгрузка в таблицу realty обработанного файла из авито: 26-10-23 (без дублей).csv
2023-10-27 15:12:05,188 [INFO    ] Временная таблица очищена
2023-10-27 15:12:11,484 [INFO    ] Загрузка новых объявлений в таблицу
2023-10-27 15:12:11,676 [INFO    ] 177898 существующих и 3436 новых объявлений
2023-10-27 15:12:11,719 [INFO    ] temp таблица очищена, загружаются данные
2023-10-27 15:15:52,770 [INFO    ] обновлена таблица realty
2023-10-27 15:15:54,854 [INFO    ] обновлены районы в таблице realty
2023-10-27 15:16:37,881 [INFO    ] Обновление существующих данных realty завершено
2023-10-27 15:17:08,786 [INFO    ] из новых объяв найдено по адресу 1151, запрос в ddt для 1012 уник. адресов из 2285
2023-10-27 15:17:08,787 [INFO    ] обновление районов для найденных в realty по адресу новых объявлений:
2023-10-27 15:17:09,604 [INFO    ] обнаружено 516 районов для 831 новых объявлений, найденных по адресу из 1151
2023-10-27 15:17:09,612 [INFO    ] 316 районов осталось незаполнено
2023-10-27 15:17:09,612 [INFO    ] переход к обновлению оставшихся (не найденных по адресу) 2285 новых объявлений (1012 адресов) для avito
2023-10-27 15:17:09,632 [INFO    ] загрузка данных dadata из /var/www/yadisk_loader/saved_data_csv/avito_dadata_request.csv
2023-10-27 15:17:10,711 [INFO    ] удалось загрузить исторические данные dadata
2023-10-27 15:17:12,721 [INFO    ] количество запросов к dadata составит: 1012
2023-10-27 15:17:12,722 [INFO    ] 0%|          | 0/101 [00:00<?, ?it/s]
2023-10-27 15:17:16,388 [INFO    ] 1012it [00:03, 276.06it/s]
2023-10-27 15:17:16,388 [INFO    ] 
2023-10-27 15:17:16,388 [INFO    ] dadata con closed succesfully
2023-10-27 15:17:16,389 [INFO    ] обращение к DDT по 919/1012 адресам из avito заняло 0:00:06.777016
2023-10-27 15:17:16,405 [INFO    ] обращение к DDT выполнено для 1639/2285 новых объявлений, найден fias для 1026
2023-10-27 15:18:04,260 [INFO    ] уникальных троек по h_fias_id, ad_id, d_id, в таблице с районами и houses_jkh_ddt/id: 1639
2023-10-27 15:18:04,262 [INFO    ] выгрузка данных в таблицу realty
2023-10-27 15:18:05,067 [INFO    ] Добавлено районов к объявлениям realty: 268 - было 0 стало 268
2023-10-27 15:18:05,068 [INFO    ] Есть несовпадения районов c jkh, обновление районов в jkh для 0 записей
2023-10-27 15:18:08,203 [INFO    ] Временная таблица temp_jkh_houses очищена
2023-10-27 15:18:11,560 [INFO    ] Обновление данных jkh_houses завершено
2023-10-27 15:18:14,640 [INFO    ] все новые объявления добавлены
2023-10-27 15:18:16,976 [INFO    ] Успешно обработан файл 26-10-23 (без дублей).csv для prices
2023-10-27 15:18:16,976 [INFO    ] Выгрузка в таблицу prices обработанного файла из авито: 26-10-23 (без дублей).csv
2023-10-27 15:19:02,188 [INFO    ] данные avito загружены успешно
2023-10-27 15:19:02,683 [INFO    ] Новые данные загружены по файлам ['26-10-23 (без дублей).csv'] из авито и ['циан 26-10-23 (без дублей).csv'] из циана за 0:18:22.394486
2023-10-27 15:19:02,757 [INFO    ] HTTP Request: GET https://dadata.ru/api/v2/profile/balance "HTTP/1.1 200 OK"
2023-10-27 15:19:02,759 [INFO    ] сохранение лог-файла
