2023-12-03 15:00:38,235 [INFO    ] Скрипт запущен: 2023-12-03 15:00:38.235151
2023-12-03 15:00:38,326 [INFO    ] Connected (version 2.0, client OpenSSH_7.4p1)
2023-12-03 15:00:38,397 [INFO    ] Authentication (publickey) failed.
2023-12-03 15:00:38,412 [INFO    ] Connected (version 2.0, client OpenSSH_7.4p1)
2023-12-03 15:00:38,504 [INFO    ] Authentication (password) successful!
2023-12-03 15:00:38,505 [INFO    ] connected to host 92.53.64.66 base preprod_nedvizhka_db
2023-12-03 15:00:38,802 [INFO    ] yandex token valid
2023-12-03 15:00:43,117 [INFO    ] Успешно загружено 1 файлов с личного диска: ['02-12-23 (без дублей).csv'] для avito
2023-12-03 15:00:43,294 [INFO    ] yandex token valid
2023-12-03 15:00:48,128 [INFO    ] Успешно загружено 2 файлов с личного диска: ['циан 01-12-23 (без дублей).csv', 'циан 02-12-23 (без дублей).csv'] для cian
2023-12-03 15:00:48,129 [INFO    ] ready to process files ['02-12-23 (без дублей).csv'], ['циан 01-12-23 (без дублей).csv', 'циан 02-12-23 (без дублей).csv']
2023-12-03 15:00:53,707 [INFO    ] обновлен status_new в таблице realty
2023-12-03 15:02:12,425 [INFO    ] обновлен status_new в таблице prices
2023-12-03 15:02:12,426 [INFO    ] обработка файла циан 01-12-23 (без дублей).csv для cian
2023-12-03 15:02:12,442 [ERROR   ] Traceback (most recent call last):
  File "/var/www/yadisk_loader/main_utils.py", line 971, in process_realty
    saved_file = pd.read_csv(saved_files[f_ind], delimiter=',', encoding='utf8')
  File "/var/www/yadisk_loader/yadisk_venv/lib/python3.9/site-packages/pandas/util/_decorators.py", line 211, in wrapper
    return func(*args, **kwargs)
  File "/var/www/yadisk_loader/yadisk_venv/lib/python3.9/site-packages/pandas/util/_decorators.py", line 331, in wrapper
    return func(*args, **kwargs)
  File "/var/www/yadisk_loader/yadisk_venv/lib/python3.9/site-packages/pandas/io/parsers/readers.py", line 950, in read_csv
    return _read(filepath_or_buffer, kwds)
  File "/var/www/yadisk_loader/yadisk_venv/lib/python3.9/site-packages/pandas/io/parsers/readers.py", line 611, in _read
    return parser.read(nrows)
  File "/var/www/yadisk_loader/yadisk_venv/lib/python3.9/site-packages/pandas/io/parsers/readers.py", line 1778, in read
    ) = self._engine.read(  # type: ignore[attr-defined]
  File "/var/www/yadisk_loader/yadisk_venv/lib/python3.9/site-packages/pandas/io/parsers/c_parser_wrapper.py", line 230, in read
    chunks = self._reader.read_low_memory(nrows)
  File "pandas/_libs/parsers.pyx", line 808, in pandas._libs.parsers.TextReader.read_low_memory
  File "pandas/_libs/parsers.pyx", line 866, in pandas._libs.parsers.TextReader._read_rows
  File "pandas/_libs/parsers.pyx", line 852, in pandas._libs.parsers.TextReader._tokenize_rows
  File "pandas/_libs/parsers.pyx", line 1973, in pandas._libs.parsers.raise_parser_error
pandas.errors.ParserError: Error tokenizing data. C error: Expected 6 fields in line 19, saw 7


2023-12-03 15:02:12,443 [ERROR   ] Файл циан 01-12-23 (без дублей).csv не удалось обнаружить для realty
2023-12-03 15:02:12,443 [ERROR   ] Ошибка при обработке файлов из CIAN циан 01-12-23 (без дублей).csv. Перезапуск скрипта...
2023-12-03 15:02:12,520 [INFO    ] обработка файла 02-12-23 (без дублей).csv для авито
2023-12-03 15:02:58,450 [INFO    ] Успешно обработан файл 02-12-23 (без дублей).csv для realty
2023-12-03 15:02:58,510 [INFO    ] Выгрузка в таблицу realty обработанного файла из авито: 02-12-23 (без дублей).csv
2023-12-03 15:02:58,820 [INFO    ] Временная таблица создана
2023-12-03 15:03:04,282 [INFO    ] Загрузка новых объявлений в таблицу
2023-12-03 15:03:04,451 [INFO    ] 171904 существующих и 4124 новых объявлений
2023-12-03 15:03:04,496 [INFO    ] temp таблица очищена, загружаются данные
2023-12-03 15:04:01,814 [INFO    ] обновлена таблица realty
2023-12-03 15:04:08,536 [INFO    ] обновлены районы в таблице realty
2023-12-03 15:04:16,698 [INFO    ] Обновление существующих данных realty завершено
2023-12-03 15:04:49,316 [INFO    ] из новых объяв найдено по адресу 613, запрос в ddt для 719 уник. адресов из 3511
2023-12-03 15:04:49,317 [INFO    ] обновление районов для найденных в realty по адресу новых объявлений:
2023-12-03 15:04:49,674 [INFO    ] обнаружено 296 районов для 470 новых объявлений, найденных по адресу из 613
2023-12-03 15:04:49,694 [INFO    ] 176 районов осталось незаполнено
2023-12-03 15:04:49,696 [INFO    ] переход к обновлению оставшихся (не найденных по адресу) 3511 новых объявлений (719 адресов) для avito
2023-12-03 15:04:49,716 [INFO    ] загрузка данных dadata из /var/www/yadisk_loader/saved_data_csv/avito_dadata_request.csv
2023-12-03 15:04:50,983 [INFO    ] удалось загрузить исторические данные dadata
2023-12-03 15:04:52,996 [INFO    ] количество запросов к dadata составит: 719
2023-12-03 15:04:53,004 [INFO    ] 0%|          | 0/62 [00:00<?, ?it/s]
2023-12-03 15:04:55,278 [INFO    ] 719it [00:02, 316.26it/s]
2023-12-03 15:04:55,278 [INFO    ] 
2023-12-03 15:04:55,278 [INFO    ] dadata con closed succesfully
2023-12-03 15:04:55,280 [INFO    ] обращение к DDT по 663/719 адресам из avito заняло 0:00:05.583698
2023-12-03 15:04:55,300 [INFO    ] обращение к DDT выполнено для 2707/3511 новых объявлений, найден fias для 1325
2023-12-03 15:05:57,985 [INFO    ] уникальных троек по h_fias_id, ad_id, d_id, в таблице с районами и houses_jkh_ddt/id: 2707
2023-12-03 15:05:57,987 [INFO    ] выгрузка данных в таблицу realty
2023-12-03 15:05:59,112 [INFO    ] Добавлено районов к объявлениям realty: 112 - было 0 стало 112
2023-12-03 15:05:59,112 [INFO    ] Есть несовпадения районов c jkh, обновление районов в jkh для 0 записей
2023-12-03 15:06:05,760 [INFO    ] Временная таблица temp_jkh_houses создана
2023-12-03 15:06:09,187 [INFO    ] Обновление данных jkh_houses завершено
2023-12-03 15:06:10,908 [INFO    ] все новые объявления добавлены
2023-12-03 15:06:12,796 [INFO    ] Успешно обработан файл 02-12-23 (без дублей).csv для prices
2023-12-03 15:06:12,796 [INFO    ] Выгрузка в таблицу prices обработанного файла из авито: 02-12-23 (без дублей).csv
2023-12-03 15:06:29,149 [INFO    ] данные avito загружены успешно
2023-12-03 15:06:29,686 [INFO    ] Новые данные загружены по файлам ['02-12-23 (без дублей).csv'] из авито и ['циан 01-12-23 (без дублей).csv', 'циан 02-12-23 (без дублей).csv'] из циана за 0:05:51.451072
2023-12-03 15:06:29,793 [INFO    ] HTTP Request: GET https://dadata.ru/api/v2/profile/balance "HTTP/1.1 200 OK"
2023-12-03 15:06:29,795 [INFO    ] сохранение лог-файла
