2023-12-10 15:01:11,965 [INFO    ] Скрипт запущен: 2023-12-10 15:01:11.965476
2023-12-10 15:01:12,051 [INFO    ] Connected (version 2.0, client OpenSSH_7.4p1)
2023-12-10 15:01:12,114 [INFO    ] Authentication (publickey) failed.
2023-12-10 15:01:12,120 [INFO    ] Connected (version 2.0, client OpenSSH_7.4p1)
2023-12-10 15:01:12,200 [INFO    ] Authentication (password) successful!
2023-12-10 15:01:12,202 [INFO    ] connected to host 92.53.64.66 base preprod_nedvizhka_db
2023-12-10 15:01:12,447 [INFO    ] yandex token valid
2023-12-10 15:01:15,356 [INFO    ] Успешно загружено 1 файлов с личного диска: ['09-12-23 (без дублей).csv'] для avito
2023-12-10 15:01:15,558 [INFO    ] yandex token valid
2023-12-10 15:01:17,269 [INFO    ] Успешно загружено 1 файлов с личного диска: ['циан 09-12-23 (без дублей).csv'] для cian
2023-12-10 15:01:17,269 [INFO    ] ready to process files ['09-12-23 (без дублей).csv'], ['циан 09-12-23 (без дублей).csv']
2023-12-10 15:01:31,882 [INFO    ] обновлен status_new в таблице realty
2023-12-10 15:02:53,278 [INFO    ] обновлен status_new в таблице prices
2023-12-10 15:02:53,281 [INFO    ] обработка файла циан 09-12-23 (без дублей).csv для cian
2023-12-10 15:02:54,438 [INFO    ] обработка district_id:
2023-12-10 15:02:54,440 [INFO    ] districts_update:   0%|          | 0/120361 [00:00<?, ?it/s]
2023-12-10 15:03:09,441 [INFO    ] districts_update:  11%|#1        | 13516/120361 [00:15<01:58, 901.05it/s]
2023-12-10 15:03:23,973 [INFO    ] districts_update:  23%|##3       | 27817/120361 [00:29<01:42, 901.05it/s]
2023-12-10 15:03:24,441 [INFO    ] districts_update:  24%|##3       | 28329/120361 [00:30<01:36, 951.91it/s]
2023-12-10 15:03:39,442 [INFO    ] districts_update:  37%|###6      | 44062/120361 [00:45<01:16, 996.18it/s]
2023-12-10 15:03:53,985 [INFO    ] districts_update:  49%|####8     | 58388/120361 [00:59<01:02, 996.18it/s]
2023-12-10 15:03:54,442 [INFO    ] districts_update:  49%|####8     | 58807/120361 [01:00<01:02, 990.96it/s]
2023-12-10 15:04:09,506 [INFO    ] districts_update:  61%|######1   | 73552/120361 [01:15<00:47, 986.57it/s]
2023-12-10 15:04:23,995 [INFO    ] districts_update:  73%|#######2  | 87300/120361 [01:29<00:33, 986.57it/s]
2023-12-10 15:04:24,507 [INFO    ] districts_update:  73%|#######2  | 87848/120361 [01:30<00:33, 975.18it/s]
2023-12-10 15:04:39,507 [INFO    ] districts_update:  85%|########5 | 102852/120361 [01:45<00:17, 983.37it/s]
2023-12-10 15:04:54,001 [INFO    ] districts_update:  97%|#########7| 117059/120361 [01:59<00:03, 983.37it/s]
2023-12-10 15:04:54,507 [INFO    ] districts_update:  98%|#########7| 117583/120361 [02:00<00:02, 982.95it/s]
2023-12-10 15:04:57,298 [INFO    ] districts_update: 100%|##########| 120361/120361 [02:02<00:00, 979.69it/s]
2023-12-10 15:04:57,298 [INFO    ] 
2023-12-10 15:04:57,306 [INFO    ] district add from realty
2023-12-10 15:04:59,133 [INFO    ] Успешно обработан файл циан 09-12-23 (без дублей).csv для realty
2023-12-10 15:04:59,151 [INFO    ] Выгрузка в таблицу realty обработанного файла из cian: циан 09-12-23 (без дублей).csv
2023-12-10 15:04:59,561 [INFO    ] Временная таблица создана
2023-12-10 15:05:13,289 [INFO    ] Загрузка новых объявлений в таблицу
2023-12-10 15:05:13,546 [INFO    ] 116701 существующих и 3659 новых объявлений
2023-12-10 15:05:13,592 [INFO    ] temp таблица очищена, загружаются данные
2023-12-10 15:06:51,224 [INFO    ] обновлена таблица realty
2023-12-10 15:07:23,357 [INFO    ] обновлены районы в таблице realty
2023-12-10 15:07:35,312 [INFO    ] Обновление существующих данных realty завершено
2023-12-10 15:08:12,128 [INFO    ] из новых объяв найдено по адресу 1071, запрос в ddt для 747 уник. адресов из 2588
2023-12-10 15:08:12,129 [INFO    ] обновление районов для найденных в realty по адресу новых объявлений:
2023-12-10 15:08:12,303 [INFO    ] обнаружено 49 районов для 57 новых объявлений, найденных по адресу из 94
2023-12-10 15:08:12,321 [INFO    ] 26 районов осталось незаполнено
2023-12-10 15:08:12,323 [INFO    ] переход к обновлению оставшихся (не найденных по адресу) 2588 новых объявлений (747 адресов) для cian
2023-12-10 15:08:12,341 [INFO    ] загрузка данных dadata из /var/www/yadisk_loader/saved_data_csv/cian_dadata_request.csv
2023-12-10 15:08:13,135 [INFO    ] удалось загрузить исторические данные dadata
2023-12-10 15:08:15,146 [INFO    ] количество запросов к dadata составит: 747
2023-12-10 15:08:15,151 [INFO    ] 0%|          | 0/183 [00:00<?, ?it/s]
2023-12-10 15:08:17,335 [INFO    ] 747it [00:02, 342.04it/s]
2023-12-10 15:08:17,335 [INFO    ] 
2023-12-10 15:08:17,336 [INFO    ] dadata con closed succesfully
2023-12-10 15:08:17,337 [INFO    ] обращение к DDT по 581/747 адресам из cian заняло 0:00:05.013966
2023-12-10 15:08:17,350 [INFO    ] обращение к DDT выполнено для 1310/2588 новых объявлений, найден fias для 856
2023-12-10 15:09:16,618 [INFO    ] уникальных троек по h_fias_id, ad_id, d_id, в таблице с районами и houses_jkh_ddt/id: 1310
2023-12-10 15:09:16,623 [INFO    ] выгрузка данных в таблицу realty
2023-12-10 15:09:17,467 [INFO    ] Добавлено районов к объявлениям realty: 3 - было 1737 стало 1740
2023-12-10 15:09:17,467 [INFO    ] Есть несовпадения районов c jkh, обновление районов в jkh для 5 записей
2023-12-10 15:09:23,761 [INFO    ] Временная таблица temp_jkh_houses создана
2023-12-10 15:09:27,231 [INFO    ] Обновление данных jkh_houses завершено
2023-12-10 15:09:28,843 [INFO    ] все новые объявления добавлены
2023-12-10 15:09:30,480 [INFO    ] Успешно обработан файл циан 09-12-23 (без дублей).csv для prices
2023-12-10 15:09:30,480 [INFO    ] Выгрузка в таблицу prices обработанного файла из cian: циан 09-12-23 (без дублей).csv
2023-12-10 15:09:42,353 [INFO    ] данные cian загружены успешно
2023-12-10 15:09:42,453 [INFO    ] обработка файла 09-12-23 (без дублей).csv для авито
2023-12-10 15:10:31,536 [INFO    ] Успешно обработан файл 09-12-23 (без дублей).csv для realty
2023-12-10 15:10:31,600 [INFO    ] Выгрузка в таблицу realty обработанного файла из авито: 09-12-23 (без дублей).csv
2023-12-10 15:10:31,744 [INFO    ] Временная таблица очищена
2023-12-10 15:10:36,981 [INFO    ] Загрузка новых объявлений в таблицу
2023-12-10 15:10:37,158 [INFO    ] 184330 существующих и 3582 новых объявлений
2023-12-10 15:10:37,213 [INFO    ] temp таблица очищена, загружаются данные
2023-12-10 15:11:39,098 [INFO    ] обновлена таблица realty
2023-12-10 15:11:42,475 [INFO    ] обновлены районы в таблице realty
2023-12-10 15:11:54,906 [INFO    ] Обновление существующих данных realty завершено
2023-12-10 15:12:27,498 [INFO    ] из новых объяв найдено по адресу 1129, запрос в ddt для 739 уник. адресов из 2453
2023-12-10 15:12:27,499 [INFO    ] обновление районов для найденных в realty по адресу новых объявлений:
2023-12-10 15:12:27,974 [INFO    ] обнаружено 320 районов для 496 новых объявлений, найденных по адресу из 1129
2023-12-10 15:12:27,993 [INFO    ] 180 районов осталось незаполнено
2023-12-10 15:12:27,994 [INFO    ] переход к обновлению оставшихся (не найденных по адресу) 2453 новых объявлений (739 адресов) для avito
2023-12-10 15:12:28,013 [INFO    ] загрузка данных dadata из /var/www/yadisk_loader/saved_data_csv/avito_dadata_request.csv
2023-12-10 15:12:29,256 [INFO    ] удалось загрузить исторические данные dadata
2023-12-10 15:12:31,269 [INFO    ] количество запросов к dadata составит: 739
2023-12-10 15:12:31,273 [INFO    ] 0%|          | 0/75 [00:00<?, ?it/s]
2023-12-10 15:12:33,645 [INFO    ] 739it [00:02, 311.67it/s]
2023-12-10 15:12:33,645 [INFO    ] 
2023-12-10 15:12:33,645 [INFO    ] dadata con closed succesfully
2023-12-10 15:12:33,646 [INFO    ] обращение к DDT по 680/739 адресам из avito заняло 0:00:05.651820
2023-12-10 15:12:33,659 [INFO    ] обращение к DDT выполнено для 2044/2453 новых объявлений, найден fias для 910
2023-12-10 15:13:39,161 [INFO    ] уникальных троек по h_fias_id, ad_id, d_id, в таблице с районами и houses_jkh_ddt/id: 2044
2023-12-10 15:13:39,167 [INFO    ] выгрузка данных в таблицу realty
2023-12-10 15:13:39,940 [INFO    ] Добавлено районов к объявлениям realty: 91 - было 0 стало 91
2023-12-10 15:13:39,941 [INFO    ] Есть несовпадения районов c jkh, обновление районов в jkh для 0 записей
2023-12-10 15:13:43,109 [INFO    ] Временная таблица temp_jkh_houses очищена
2023-12-10 15:13:46,564 [INFO    ] Обновление данных jkh_houses завершено
2023-12-10 15:13:48,113 [INFO    ] все новые объявления добавлены
2023-12-10 15:13:50,407 [INFO    ] Успешно обработан файл 09-12-23 (без дублей).csv для prices
2023-12-10 15:13:50,407 [INFO    ] Выгрузка в таблицу prices обработанного файла из авито: 09-12-23 (без дублей).csv
2023-12-10 15:14:08,976 [INFO    ] данные avito загружены успешно
2023-12-10 15:14:09,537 [INFO    ] Новые данные загружены по файлам ['09-12-23 (без дублей).csv'] из авито и ['циан 09-12-23 (без дублей).csv'] из циана за 0:12:57.572012
2023-12-10 15:14:09,640 [INFO    ] HTTP Request: GET https://dadata.ru/api/v2/profile/balance "HTTP/1.1 200 OK"
2023-12-10 15:14:09,643 [INFO    ] сохранение лог-файла
