2023-12-21 15:01:13,477 [INFO    ] Скрипт запущен: 2023-12-21 15:01:13.477089
2023-12-21 15:01:13,564 [INFO    ] Connected (version 2.0, client OpenSSH_7.4p1)
2023-12-21 15:01:13,636 [INFO    ] Authentication (publickey) failed.
2023-12-21 15:01:13,654 [INFO    ] Connected (version 2.0, client OpenSSH_7.4p1)
2023-12-21 15:01:13,749 [INFO    ] Authentication (password) successful!
2023-12-21 15:01:13,752 [INFO    ] connected to host 92.53.64.66 base preprod_nedvizhka_db
2023-12-21 15:01:13,952 [INFO    ] yandex token valid
2023-12-21 15:01:17,707 [INFO    ] Успешно загружено 1 файлов с личного диска: ['20-12-23 (без дублей).csv'] для avito
2023-12-21 15:01:18,126 [INFO    ] yandex token valid
2023-12-21 15:01:29,735 [INFO    ] Успешно загружено 5 файлов с личного диска: ['циан 16-12-23 (без дублей).csv', 'циан 17-12-23 (без дублей).csv', 'циан 18-12-23 (без дублей).csv', 'циан 19-12-23 (без дублей).csv', 'циан 20-12-23 (без дублей).csv'] для cian
2023-12-21 15:01:29,828 [INFO    ] ready to process files ['20-12-23 (без дублей).csv'], ['циан 16-12-23 (без дублей).csv', 'циан 17-12-23 (без дублей).csv', 'циан 18-12-23 (без дублей).csv', 'циан 19-12-23 (без дублей).csv', 'циан 20-12-23 (без дублей).csv']
2023-12-21 15:01:40,075 [INFO    ] обновлен status_new в таблице realty
2023-12-21 15:01:51,449 [INFO    ] обновлен status_new в таблице prices
2023-12-21 15:01:51,454 [INFO    ] обработка файла циан 16-12-23 (без дублей).csv для cian
2023-12-21 15:01:51,525 [ERROR   ] Traceback (most recent call last):
  File "/var/www/yadisk_loader/main_utils.py", line 972, in process_realty
    saved_file = pd.read_csv(saved_files[f_ind], delimiter=',', encoding='utf8')
  File "/var/www/yadisk_loader/yadisk_venv/lib/python3.9/site-packages/pandas/util/_decorators.py", line 211, in wrapper
    return func(*args, **kwargs)
  File "/var/www/yadisk_loader/yadisk_venv/lib/python3.9/site-packages/pandas/util/_decorators.py", line 331, in wrapper
    return func(*args, **kwargs)
  File "/var/www/yadisk_loader/yadisk_venv/lib/python3.9/site-packages/pandas/io/parsers/readers.py", line 950, in read_csv
    return _read(filepath_or_buffer, kwds)
  File "/var/www/yadisk_loader/yadisk_venv/lib/python3.9/site-packages/pandas/io/parsers/readers.py", line 611, in _read
    return parser.read(nrows)
  File "/var/www/yadisk_loader/yadisk_venv/lib/python3.9/site-packages/pandas/io/parsers/readers.py", line 1778, in read
    ) = self._engine.read(  # type: ignore[attr-defined]
  File "/var/www/yadisk_loader/yadisk_venv/lib/python3.9/site-packages/pandas/io/parsers/c_parser_wrapper.py", line 230, in read
    chunks = self._reader.read_low_memory(nrows)
  File "pandas/_libs/parsers.pyx", line 808, in pandas._libs.parsers.TextReader.read_low_memory
  File "pandas/_libs/parsers.pyx", line 866, in pandas._libs.parsers.TextReader._read_rows
  File "pandas/_libs/parsers.pyx", line 852, in pandas._libs.parsers.TextReader._tokenize_rows
  File "pandas/_libs/parsers.pyx", line 1973, in pandas._libs.parsers.raise_parser_error
pandas.errors.ParserError: Error tokenizing data. C error: Expected 6 fields in line 164, saw 7


During handling of the above exception, another exception occurred:

Traceback (most recent call last):
  File "/var/www/yadisk_loader/main_utils.py", line 976, in process_realty
    saved_file = pd.read_csv(f_name, delimiter=';', encoding='utf8')
NameError: name 'f_name' is not defined

2023-12-21 15:01:51,531 [ERROR   ] Файл циан 16-12-23 (без дублей).csv не удалось обнаружить для realty
2023-12-21 15:01:51,531 [ERROR   ] Ошибка при обработке файлов из CIAN циан 16-12-23 (без дублей).csv. Перезапуск скрипта...
2023-12-21 15:01:51,585 [INFO    ] обработка файла 20-12-23 (без дублей).csv для авито
2023-12-21 15:02:39,882 [INFO    ] Успешно обработан файл 20-12-23 (без дублей).csv для realty
2023-12-21 15:02:39,944 [INFO    ] Выгрузка в таблицу realty обработанного файла из авито: 20-12-23 (без дублей).csv
2023-12-21 15:02:40,262 [INFO    ] Временная таблица создана
2023-12-21 15:02:45,479 [INFO    ] Загрузка новых объявлений в таблицу
2023-12-21 15:02:45,662 [INFO    ] 178838 существующих и 4862 новых объявлений
2023-12-21 15:02:45,708 [INFO    ] temp таблица очищена, загружаются данные
2023-12-21 15:03:49,787 [INFO    ] обновлена таблица realty
2023-12-21 15:03:52,898 [INFO    ] обновлены районы в таблице realty
2023-12-21 15:04:01,702 [INFO    ] Обновление существующих данных realty завершено
2023-12-21 15:04:38,222 [INFO    ] из новых объяв найдено по адресу 1508, запрос в ddt для 864 уник. адресов из 3354
2023-12-21 15:04:38,223 [INFO    ] обновление районов для найденных в realty по адресу новых объявлений:
2023-12-21 15:04:38,640 [INFO    ] обнаружено 424 районов для 624 новых объявлений, найденных по адресу из 1508
2023-12-21 15:04:38,657 [INFO    ] 207 районов осталось незаполнено
2023-12-21 15:04:38,659 [INFO    ] переход к обновлению оставшихся (не найденных по адресу) 3354 новых объявлений (864 адресов) для avito
2023-12-21 15:04:38,686 [INFO    ] загрузка данных dadata из /var/www/yadisk_loader/saved_data_csv/avito_dadata_request.csv
2023-12-21 15:04:40,009 [INFO    ] удалось загрузить исторические данные dadata
2023-12-21 15:04:42,024 [INFO    ] количество запросов к dadata составит: 864
2023-12-21 15:04:42,042 [INFO    ] 0%|          | 0/64 [00:00<?, ?it/s]
2023-12-21 15:04:44,922 [INFO    ] 864it [00:02, 300.04it/s]
2023-12-21 15:04:44,922 [INFO    ] 
2023-12-21 15:04:44,923 [INFO    ] dadata con closed succesfully
2023-12-21 15:04:44,924 [INFO    ] обращение к DDT по 810/864 адресам из avito заняло 0:00:06.265035
2023-12-21 15:04:44,939 [INFO    ] обращение к DDT выполнено для 2980/3354 новых объявлений, найден fias для 1122
2023-12-21 15:05:53,862 [INFO    ] уникальных троек по h_fias_id, ad_id, d_id, в таблице с районами и houses_jkh_ddt/id: 2980
2023-12-21 15:05:53,865 [INFO    ] выгрузка данных в таблицу realty
2023-12-21 15:05:54,947 [INFO    ] Добавлено районов к объявлениям realty: 182 - было 0 стало 182
2023-12-21 15:05:54,947 [INFO    ] Есть несовпадения районов c jkh, обновление районов в jkh для 0 записей
2023-12-21 15:06:01,324 [INFO    ] Временная таблица temp_jkh_houses создана
2023-12-21 15:06:04,701 [INFO    ] Обновление данных jkh_houses завершено
2023-12-21 15:06:06,612 [INFO    ] все новые объявления добавлены
2023-12-21 15:06:08,699 [INFO    ] Успешно обработан файл 20-12-23 (без дублей).csv для prices
2023-12-21 15:06:08,699 [INFO    ] Выгрузка в таблицу prices обработанного файла из авито: 20-12-23 (без дублей).csv
2023-12-21 15:06:29,302 [INFO    ] данные avito загружены успешно
2023-12-21 15:06:29,760 [INFO    ] Новые данные загружены по файлам ['20-12-23 (без дублей).csv'] из авито и ['циан 16-12-23 (без дублей).csv', 'циан 17-12-23 (без дублей).csv', 'циан 18-12-23 (без дублей).csv', 'циан 19-12-23 (без дублей).csv', 'циан 20-12-23 (без дублей).csv'] из циана за 0:05:16.282912
2023-12-21 15:06:29,863 [INFO    ] HTTP Request: GET https://dadata.ru/api/v2/profile/balance "HTTP/1.1 200 OK"
2023-12-21 15:06:29,868 [INFO    ] сохранение лог-файла
