2023-10-24 15:00:32,677 [INFO    ] Скрипт запущен: 2023-10-24 15:00:32.677781
2023-10-24 15:00:32,723 [INFO    ] Connected (version 2.0, client OpenSSH_7.4p1)
2023-10-24 15:00:32,780 [INFO    ] Authentication (publickey) failed.
2023-10-24 15:00:32,783 [INFO    ] Connected (version 2.0, client OpenSSH_7.4p1)
2023-10-24 15:00:32,837 [INFO    ] Authentication (password) successful!
2023-10-24 15:00:32,837 [INFO    ] connected to host 92.53.64.66 base preprod_nedvizhka_db
2023-10-24 15:00:33,061 [INFO    ] yandex token valid
2023-10-24 15:00:37,606 [INFO    ] Успешно загружено 1 файлов с личного диска: ['23-10-23 (без дублей).csv'] для avito
2023-10-24 15:00:37,910 [INFO    ] yandex token valid
2023-10-24 15:00:41,239 [INFO    ] Успешно загружено 1 файлов с личного диска: ['циан 23-10-23 (без дублей).csv'] для cian
2023-10-24 15:00:41,239 [INFO    ] ready to process files ['23-10-23 (без дублей).csv'], ['циан 23-10-23 (без дублей).csv']
2023-10-24 15:01:11,380 [INFO    ] обновлен status_new в таблице realty
2023-10-24 15:01:45,750 [INFO    ] обновлен status_new в таблице prices
2023-10-24 15:01:45,756 [INFO    ] обработка файла циан 23-10-23 (без дублей).csv для cian
2023-10-24 15:01:46,893 [INFO    ] обработка district_id:
2023-10-24 15:01:46,894 [INFO    ] districts_update:   0%|          | 0/109227 [00:00<?, ?it/s]
2023-10-24 15:02:01,895 [INFO    ] districts_update:  12%|#1        | 12956/109227 [00:15<01:51, 863.70it/s]
2023-10-24 15:02:16,895 [INFO    ] districts_update:  24%|##4       | 26676/109227 [00:30<01:32, 893.68it/s]
2023-10-24 15:02:28,543 [INFO    ] districts_update:  34%|###4      | 37404/109227 [00:41<01:20, 893.68it/s]
2023-10-24 15:02:31,896 [INFO    ] districts_update:  37%|###7      | 40491/109227 [00:45<01:15, 906.14it/s]
2023-10-24 15:02:48,173 [INFO    ] districts_update:  50%|####9     | 54306/109227 [01:01<01:02, 882.34it/s]
2023-10-24 15:02:58,557 [INFO    ] districts_update:  58%|#####7    | 63140/109227 [01:11<00:52, 882.34it/s]
2023-10-24 15:03:03,173 [INFO    ] districts_update:  62%|######1   | 67330/109227 [01:16<00:47, 877.37it/s]
2023-10-24 15:03:18,379 [INFO    ] districts_update:  74%|#######3  | 80354/109227 [01:31<00:33, 870.32it/s]
2023-10-24 15:03:28,588 [INFO    ] districts_update:  82%|########1 | 89216/109227 [01:41<00:22, 870.32it/s]
2023-10-24 15:03:33,380 [INFO    ] districts_update:  86%|########5 | 93433/109227 [01:46<00:18, 870.83it/s]
2023-10-24 15:03:48,591 [INFO    ] districts_update:  97%|#########7| 106327/109227 [02:01<00:03, 870.83it/s]
2023-10-24 15:03:48,592 [INFO    ] districts_update:  97%|#########7| 106328/109227 [02:01<00:03, 863.45it/s]
2023-10-24 15:03:51,803 [INFO    ] districts_update: 100%|##########| 109227/109227 [02:04<00:00, 874.46it/s]
2023-10-24 15:03:51,803 [INFO    ] 
2023-10-24 15:03:51,810 [INFO    ] district add from realty
2023-10-24 15:03:53,788 [INFO    ] Успешно обработан файл циан 23-10-23 (без дублей).csv для realty
2023-10-24 15:03:53,860 [INFO    ] Выгрузка в таблицу realty обработанного файла из cian: циан 23-10-23 (без дублей).csv
2023-10-24 15:03:54,191 [INFO    ] Временная таблица создана
2023-10-24 15:04:14,823 [INFO    ] Загрузка новых объявлений в таблицу
2023-10-24 15:04:15,082 [INFO    ] 106270 существующих и 2957 новых объявлений
2023-10-24 15:04:15,127 [INFO    ] temp таблица очищена, загружаются данные
2023-10-24 15:07:27,396 [INFO    ] обновлена таблица realty
2023-10-24 15:08:24,263 [INFO    ] обновлены районы в таблице realty
2023-10-24 15:08:40,332 [INFO    ] Обновление существующих данных realty завершено
2023-10-24 15:09:15,180 [INFO    ] из новых объяв найдено по адресу 1203, запрос в ddt для 762 уник. адресов из 1754
2023-10-24 15:09:15,180 [INFO    ] обновление районов для найденных в realty по адресу новых объявлений:
2023-10-24 15:09:15,242 [INFO    ] обнаружено 66 районов для 78 новых объявлений, найденных по адресу из 98
2023-10-24 15:09:15,249 [INFO    ] 45 районов осталось незаполнено
2023-10-24 15:09:15,250 [INFO    ] переход к обновлению оставшихся (не найденных по адресу) 1754 новых объявлений (762 адресов) для cian
2023-10-24 15:09:15,267 [INFO    ] загрузка данных dadata из /var/www/yadisk_loader/saved_data_csv/cian_dadata_request.csv
2023-10-24 15:09:15,931 [INFO    ] удалось загрузить исторические данные dadata
2023-10-24 15:09:17,937 [INFO    ] количество запросов к dadata составит: 762
2023-10-24 15:09:17,938 [INFO    ] 0%|          | 0/153 [00:00<?, ?it/s]
2023-10-24 15:09:20,345 [INFO    ] 762it [00:02, 316.65it/s]
2023-10-24 15:09:20,345 [INFO    ] 
2023-10-24 15:09:20,345 [INFO    ] dadata con closed succesfully
2023-10-24 15:09:20,346 [INFO    ] обращение к DDT по 610/762 адресам из cian заняло 0:00:05.096011
2023-10-24 15:09:20,359 [INFO    ] обращение к DDT выполнено для 1036/1754 новых объявлений, найден fias для 727
2023-10-24 15:10:05,491 [INFO    ] уникальных троек по h_fias_id, ad_id, d_id, в таблице с районами и houses_jkh_ddt/id: 1036
2023-10-24 15:10:05,493 [INFO    ] выгрузка данных в таблицу realty
2023-10-24 15:10:06,155 [INFO    ] Добавлено районов к объявлениям realty: 0 - было 1336 стало 1336
2023-10-24 15:10:06,155 [INFO    ] Есть несовпадения районов c jkh, обновление районов в jkh для 12 записей
2023-10-24 15:10:12,527 [INFO    ] Временная таблица temp_jkh_houses создана
2023-10-24 15:10:15,955 [INFO    ] Обновление данных jkh_houses завершено
2023-10-24 15:10:19,762 [INFO    ] все новые объявления добавлены
2023-10-24 15:10:21,405 [INFO    ] Успешно обработан файл циан 23-10-23 (без дублей).csv для prices
2023-10-24 15:10:21,405 [INFO    ] Выгрузка в таблицу prices обработанного файла из cian: циан 23-10-23 (без дублей).csv
2023-10-24 15:10:49,702 [INFO    ] данные cian загружены успешно
2023-10-24 15:10:49,786 [INFO    ] обработка файла 23-10-23 (без дублей).csv для авито
2023-10-24 15:11:40,450 [INFO    ] Успешно обработан файл 23-10-23 (без дублей).csv для realty
2023-10-24 15:11:40,562 [INFO    ] Выгрузка в таблицу realty обработанного файла из авито: 23-10-23 (без дублей).csv
2023-10-24 15:11:40,651 [INFO    ] Временная таблица очищена
2023-10-24 15:11:47,438 [INFO    ] Загрузка новых объявлений в таблицу
2023-10-24 15:11:47,633 [INFO    ] 175834 существующих и 3313 новых объявлений
2023-10-24 15:11:47,679 [INFO    ] temp таблица очищена, загружаются данные
2023-10-24 15:15:06,700 [INFO    ] обновлена таблица realty
2023-10-24 15:15:08,785 [INFO    ] обновлены районы в таблице realty
2023-10-24 15:15:40,292 [INFO    ] Обновление существующих данных realty завершено
2023-10-24 15:16:11,286 [INFO    ] из новых объяв найдено по адресу 1218, запрос в ddt для 998 уник. адресов из 2095
2023-10-24 15:16:11,286 [INFO    ] обновление районов для найденных в realty по адресу новых объявлений:
2023-10-24 15:16:12,197 [INFO    ] обнаружено 549 районов для 868 новых объявлений, найденных по адресу из 1218
2023-10-24 15:16:12,203 [INFO    ] 319 районов осталось незаполнено
2023-10-24 15:16:12,203 [INFO    ] переход к обновлению оставшихся (не найденных по адресу) 2095 новых объявлений (998 адресов) для avito
2023-10-24 15:16:12,218 [INFO    ] загрузка данных dadata из /var/www/yadisk_loader/saved_data_csv/avito_dadata_request.csv
2023-10-24 15:16:13,328 [INFO    ] удалось загрузить исторические данные dadata
2023-10-24 15:16:15,339 [INFO    ] количество запросов к dadata составит: 998
2023-10-24 15:16:15,340 [INFO    ] 0%|          | 0/75 [00:00<?, ?it/s]
2023-10-24 15:16:18,259 [INFO    ] 998it [00:02, 341.89it/s]
2023-10-24 15:16:18,259 [INFO    ] 
2023-10-24 15:16:18,259 [INFO    ] dadata con closed succesfully
2023-10-24 15:16:18,261 [INFO    ] обращение к DDT по 929/998 адресам из avito заняло 0:00:06.057257
2023-10-24 15:16:18,273 [INFO    ] обращение к DDT выполнено для 1709/2095 новых объявлений, найден fias для 943
2023-10-24 15:17:06,557 [INFO    ] уникальных троек по h_fias_id, ad_id, d_id, в таблице с районами и houses_jkh_ddt/id: 1709
2023-10-24 15:17:06,559 [INFO    ] выгрузка данных в таблицу realty
2023-10-24 15:17:07,288 [INFO    ] Добавлено районов к объявлениям realty: 234 - было 0 стало 234
2023-10-24 15:17:07,288 [INFO    ] Есть несовпадения районов c jkh, обновление районов в jkh для 0 записей
2023-10-24 15:17:10,427 [INFO    ] Временная таблица temp_jkh_houses очищена
2023-10-24 15:17:13,744 [INFO    ] Обновление данных jkh_houses завершено
2023-10-24 15:17:16,513 [INFO    ] все новые объявления добавлены
2023-10-24 15:17:18,967 [INFO    ] Успешно обработан файл 23-10-23 (без дублей).csv для prices
2023-10-24 15:17:18,967 [INFO    ] Выгрузка в таблицу prices обработанного файла из авито: 23-10-23 (без дублей).csv
2023-10-24 15:18:14,722 [INFO    ] данные avito загружены успешно
2023-10-24 15:18:15,163 [INFO    ] Новые данные загружены по файлам ['23-10-23 (без дублей).csv'] из авито и ['циан 23-10-23 (без дублей).csv'] из циана за 0:17:42.485643
2023-10-24 15:18:15,238 [INFO    ] HTTP Request: GET https://dadata.ru/api/v2/profile/balance "HTTP/1.1 200 OK"
2023-10-24 15:18:15,240 [INFO    ] сохранение лог-файла
