2024-01-04 11:19:04,816 [INFO    ] Скрипт запущен: 2024-01-04 11:19:04.816680
2024-01-04 11:19:04,850 [INFO    ] Connected (version 2.0, client OpenSSH_7.4p1)
2024-01-04 11:19:04,901 [INFO    ] Authentication (publickey) failed.
2024-01-04 11:19:04,905 [INFO    ] Connected (version 2.0, client OpenSSH_7.4p1)
2024-01-04 11:19:04,961 [INFO    ] Authentication (password) successful!
2024-01-04 11:19:05,024 [INFO    ] connected to host 92.53.64.66 base preprod_nedvizhka_db
2024-01-04 11:19:05,182 [INFO    ] yandex token valid
2024-01-04 11:19:07,930 [INFO    ] Успешно загружено 1 файлов с личного диска: ['03-01-24 (без дублей).csv'] для avito
2024-01-04 11:19:08,046 [INFO    ] yandex token valid
2024-01-04 11:19:08,669 [INFO    ] Успешно загружено 0 файлов с личного диска: [] для cian
2024-01-04 11:19:08,669 [INFO    ] ready to process files ['03-01-24 (без дублей).csv'], []
2024-01-04 11:19:15,849 [INFO    ] обновлен status_new в таблице realty
2024-01-04 11:19:30,615 [INFO    ] обновлен status_new в таблице prices
2024-01-04 11:19:30,702 [INFO    ] обработка файла 03-01-24 (без дублей).csv для авито
2024-01-04 11:20:11,044 [INFO    ] Успешно обработан файл 03-01-24 (без дублей).csv для realty
2024-01-04 11:20:11,086 [INFO    ] Выгрузка в таблицу realty обработанного файла из авито: 03-01-24 (без дублей).csv
2024-01-04 11:20:11,216 [INFO    ] Временная таблица очищена
2024-01-04 11:20:17,190 [INFO    ] Загрузка новых объявлений в таблицу
2024-01-04 11:20:17,366 [INFO    ] 149493 существующих и 7561 новых объявлений
2024-01-04 11:20:17,412 [INFO    ] temp таблица очищена, загружаются данные
2024-01-04 11:21:46,141 [INFO    ] обновлена таблица realty
2024-01-04 11:21:48,489 [INFO    ] обновлены районы в таблице realty
2024-01-04 11:21:55,856 [INFO    ] Обновление существующих данных realty завершено
2024-01-04 11:22:32,515 [INFO    ] из новых объяв найдено по адресу 2561, запрос в ddt для 2650 уник. адресов из 5000
2024-01-04 11:22:32,516 [INFO    ] обновление районов для найденных в realty по адресу новых объявлений:
2024-01-04 11:22:32,934 [INFO    ] обнаружено 952 районов для 1633 новых объявлений, найденных по адресу из 2561
2024-01-04 11:22:32,940 [INFO    ] 693 районов осталось незаполнено
2024-01-04 11:22:32,942 [INFO    ] переход к обновлению оставшихся (не найденных по адресу) 5000 новых объявлений (2650 адресов) для avito
2024-01-04 11:22:32,955 [INFO    ] загрузка данных dadata из /var/www/yadisk_loader/saved_data_csv/avito_dadata_request.csv
2024-01-04 11:22:34,314 [INFO    ] удалось загрузить исторические данные dadata
2024-01-04 11:22:36,328 [INFO    ] количество запросов к dadata составит: 2650
2024-01-04 11:22:36,334 [INFO    ] 0%|          | 0/286 [00:00<?, ?it/s]
2024-01-04 11:22:46,160 [INFO    ] 2650it [00:09, 269.69it/s]
2024-01-04 11:22:46,161 [INFO    ] 
2024-01-04 11:22:46,161 [INFO    ] dadata con closed succesfully
2024-01-04 11:22:46,162 [INFO    ] обращение к DDT по 2551/2650 адресам из avito заняло 0:00:13.220559
2024-01-04 11:22:46,186 [INFO    ] обращение к DDT выполнено для 4415/5000 новых объявлений, найден fias для 3035
2024-01-04 11:23:55,962 [INFO    ] уникальных троек по h_fias_id, ad_id, d_id, в таблице с районами и houses_jkh_ddt/id: 4415
2024-01-04 11:23:55,964 [INFO    ] выгрузка данных в таблицу realty
2024-01-04 11:23:57,542 [INFO    ] Добавлено районов к объявлениям realty: 755 - было 0 стало 755
2024-01-04 11:23:57,542 [INFO    ] Есть несовпадения районов c jkh, обновление районов в jkh для 0 записей
2024-01-04 11:24:00,618 [INFO    ] Временная таблица temp_jkh_houses очищена
2024-01-04 11:24:03,996 [INFO    ] Обновление данных jkh_houses завершено
2024-01-04 11:24:07,181 [INFO    ] все новые объявления добавлены
2024-01-04 11:24:09,147 [INFO    ] Успешно обработан файл 03-01-24 (без дублей).csv для prices
2024-01-04 11:24:09,147 [INFO    ] Выгрузка в таблицу prices обработанного файла из авито: 03-01-24 (без дублей).csv
2024-01-04 11:24:24,440 [INFO    ] данные avito загружены успешно
2024-01-04 11:24:24,990 [INFO    ] Новые данные загружены по файлам ['03-01-24 (без дублей).csv'] из авито и [] из циана за 0:05:20.173261
2024-01-04 11:24:25,093 [INFO    ] HTTP Request: GET https://dadata.ru/api/v2/profile/balance "HTTP/1.1 200 OK"
2024-01-04 11:24:25,094 [INFO    ] сохранение лог-файла
