2023-10-09 15:00:00,133 [INFO    ] Скрипт запущен: 2023-10-09 15:00:00.133309
2023-10-09 15:00:00,176 [INFO    ] Connected (version 2.0, client OpenSSH_7.4p1)
2023-10-09 15:00:00,231 [INFO    ] Authentication (publickey) failed.
2023-10-09 15:00:00,234 [INFO    ] Connected (version 2.0, client OpenSSH_7.4p1)
2023-10-09 15:00:00,286 [INFO    ] Authentication (password) successful!
2023-10-09 15:00:00,286 [INFO    ] connected to host 92.53.64.66 base preprod_nedvizhka_db
2023-10-09 15:00:00,454 [INFO    ] yandex token valid
2023-10-09 15:00:03,253 [INFO    ] Успешно загружено 1 файлов с личного диска: ['08-10-23 (без дублей).csv'] для avito
2023-10-09 15:00:03,393 [INFO    ] yandex token valid
2023-10-09 15:00:07,033 [INFO    ] Успешно загружено 1 файлов с личного диска: ['циан 08-10-23 (без дублей).csv'] для cian
2023-10-09 15:00:07,033 [INFO    ] ready to process files ['08-10-23 (без дублей).csv'], ['циан 08-10-23 (без дублей).csv']
2023-10-09 15:00:15,134 [INFO    ] обновлен status_new в таблице realty
2023-10-09 15:01:00,027 [INFO    ] обновлен status_new в таблице prices
2023-10-09 15:01:00,033 [INFO    ] обработка файла циан 08-10-23 (без дублей).csv для cian
2023-10-09 15:01:01,130 [INFO    ] обработка district_id:
2023-10-09 15:01:01,131 [INFO    ] districts_update:   0%|          | 0/111273 [00:00<?, ?it/s]
2023-10-09 15:01:16,131 [INFO    ] districts_update:  13%|#2        | 14446/111273 [00:15<01:40, 963.03it/s]
2023-10-09 15:01:26,310 [INFO    ] districts_update:  22%|##1       | 24425/111273 [00:25<01:30, 963.03it/s]
2023-10-09 15:01:31,132 [INFO    ] districts_update:  27%|##6       | 30011/111273 [00:30<01:20, 1006.90it/s]
2023-10-09 15:01:46,133 [INFO    ] districts_update:  41%|####1     | 45812/111273 [00:45<01:03, 1028.12it/s]
2023-10-09 15:01:56,319 [INFO    ] districts_update:  50%|#####     | 55986/111273 [00:55<00:53, 1028.12it/s]
2023-10-09 15:02:01,133 [INFO    ] districts_update:  55%|#####4    | 60825/111273 [01:00<00:49, 1017.35it/s]
2023-10-09 15:02:16,326 [INFO    ] districts_update:  68%|######8   | 75735/111273 [01:15<00:34, 1017.35it/s]
2023-10-09 15:02:16,326 [INFO    ] districts_update:  68%|######8   | 75736/111273 [01:15<00:35, 1004.29it/s]
2023-10-09 15:02:26,342 [INFO    ] districts_update:  77%|#######7  | 86129/111273 [01:25<00:25, 1004.29it/s]
2023-10-09 15:02:31,327 [INFO    ] districts_update:  82%|########1 | 91166/111273 [01:30<00:19, 1012.54it/s]
2023-10-09 15:02:46,345 [INFO    ] districts_update:  96%|#########5| 106352/111273 [01:45<00:04, 1012.54it/s]
2023-10-09 15:02:46,345 [INFO    ] districts_update:  96%|#########5| 106353/111273 [01:45<00:04, 1012.11it/s]
2023-10-09 15:02:51,131 [INFO    ] districts_update: 100%|##########| 111273/111273 [01:50<00:00, 1011.57it/s]
2023-10-09 15:02:51,132 [INFO    ] 
2023-10-09 15:02:51,140 [INFO    ] district add from realty
2023-10-09 15:02:52,537 [INFO    ] Успешно обработан файл циан 08-10-23 (без дублей).csv для realty
2023-10-09 15:02:52,593 [INFO    ] Выгрузка в таблицу realty обработанного файла из cian: циан 08-10-23 (без дублей).csv
2023-10-09 15:02:52,912 [INFO    ] Временная таблица создана
2023-10-09 15:03:02,581 [INFO    ] Загрузка новых объявлений в таблицу
2023-10-09 15:03:02,777 [INFO    ] 109660 существующих и 1613 новых объявлений
2023-10-09 15:03:02,823 [INFO    ] temp таблица очищена, загружаются данные
2023-10-09 15:03:44,338 [INFO    ] обновлена таблица realty
2023-10-09 15:04:03,428 [INFO    ] обновлены районы в таблице realty
2023-10-09 15:04:05,667 [INFO    ] Обновление существующих данных realty завершено
2023-10-09 15:04:32,377 [INFO    ] из новых объяв найдено по адресу 428, запрос в ddt для 405 уник. адресов из 1185
2023-10-09 15:04:32,378 [INFO    ] обновление районов для найденных в realty по адресу новых объявлений:
2023-10-09 15:04:32,517 [INFO    ] обнаружено 34 районов для 34 новых объявлений, найденных по адресу из 37
2023-10-09 15:04:32,522 [INFO    ] 30 районов осталось незаполнено
2023-10-09 15:04:32,522 [INFO    ] переход к обновлению оставшихся (не найденных по адресу) 1185 новых объявлений (405 адресов) для cian
2023-10-09 15:04:32,536 [INFO    ] загрузка данных dadata из /var/www/yadisk_loader/saved_data_csv/cian_dadata_request.csv
2023-10-09 15:04:33,065 [INFO    ] удалось загрузить исторические данные dadata
2023-10-09 15:04:35,071 [INFO    ] количество запросов к dadata составит: 405
2023-10-09 15:04:35,072 [INFO    ] 0%|          | 0/105 [00:00<?, ?it/s]
2023-10-09 15:04:35,932 [INFO    ] 405it [00:00, 471.17it/s]
2023-10-09 15:04:35,932 [INFO    ] 
2023-10-09 15:04:35,932 [INFO    ] dadata con closed succesfully
2023-10-09 15:04:35,933 [INFO    ] обращение к DDT по 300/405 адресам из cian заняло 0:00:03.410443
2023-10-09 15:04:35,942 [INFO    ] обращение к DDT выполнено для 611/1185 новых объявлений, найден fias для 415
2023-10-09 15:05:24,863 [INFO    ] уникальных троек по h_fias_id, ad_id, d_id, в таблице с районами и houses_jkh_ddt/id: 611
2023-10-09 15:05:24,866 [INFO    ] выгрузка данных в таблицу realty
2023-10-09 15:05:25,268 [INFO    ] Добавлено районов к объявлениям realty: 2 - было 718 стало 720
2023-10-09 15:05:25,268 [INFO    ] Есть несовпадения районов c jkh, обновление районов в jkh для 3 записей
2023-10-09 15:05:31,660 [INFO    ] Временная таблица temp_jkh_houses создана
2023-10-09 15:05:35,089 [INFO    ] Обновление данных jkh_houses завершено
2023-10-09 15:05:35,796 [INFO    ] все новые объявления добавлены
2023-10-09 15:05:37,133 [INFO    ] Успешно обработан файл циан 08-10-23 (без дублей).csv для prices
2023-10-09 15:05:37,133 [INFO    ] Выгрузка в таблицу prices обработанного файла из cian: циан 08-10-23 (без дублей).csv
2023-10-09 15:05:47,170 [INFO    ] данные cian загружены успешно
2023-10-09 15:05:47,258 [INFO    ] обработка файла 08-10-23 (без дублей).csv для авито
2023-10-09 15:06:30,049 [INFO    ] Успешно обработан файл 08-10-23 (без дублей).csv для realty
2023-10-09 15:06:30,139 [INFO    ] Выгрузка в таблицу realty обработанного файла из авито: 08-10-23 (без дублей).csv
2023-10-09 15:06:30,227 [INFO    ] Временная таблица очищена
2023-10-09 15:06:33,007 [INFO    ] Загрузка новых объявлений в таблицу
2023-10-09 15:06:33,157 [INFO    ] 173949 существующих и 1478 новых объявлений
2023-10-09 15:06:33,203 [INFO    ] temp таблица очищена, загружаются данные
2023-10-09 15:07:25,054 [INFO    ] обновлена таблица realty
2023-10-09 15:07:27,016 [INFO    ] обновлены районы в таблице realty
2023-10-09 15:07:34,114 [INFO    ] Обновление существующих данных realty завершено
2023-10-09 15:07:59,148 [INFO    ] из новых объяв найдено по адресу 428, запрос в ddt для 465 уник. адресов из 1050
2023-10-09 15:07:59,149 [INFO    ] обновление районов для найденных в realty по адресу новых объявлений:
2023-10-09 15:07:59,377 [INFO    ] обнаружено 372 районов для 372 новых объявлений, найденных по адресу из 428
2023-10-09 15:07:59,382 [INFO    ] 16 районов осталось незаполнено
2023-10-09 15:07:59,383 [INFO    ] переход к обновлению оставшихся (не найденных по адресу) 1050 новых объявлений (465 адресов) для avito
2023-10-09 15:07:59,396 [INFO    ] загрузка данных dadata из /var/www/yadisk_loader/saved_data_csv/avito_dadata_request.csv
2023-10-09 15:08:00,297 [INFO    ] удалось загрузить исторические данные dadata
2023-10-09 15:08:02,305 [INFO    ] количество запросов к dadata составит: 465
2023-10-09 15:08:02,330 [INFO    ] 0%|          | 0/38 [00:00<?, ?it/s]
2023-10-09 15:08:03,542 [INFO    ] 465it [00:01, 383.83it/s]
2023-10-09 15:08:03,542 [INFO    ] 
2023-10-09 15:08:03,542 [INFO    ] dadata con closed succesfully
2023-10-09 15:08:03,543 [INFO    ] обращение к DDT по 427/465 адресам из avito заняло 0:00:04.160112
2023-10-09 15:08:03,553 [INFO    ] обращение к DDT выполнено для 919/1050 новых объявлений, найден fias для 566
2023-10-09 15:08:29,296 [INFO    ] уникальных троек по h_fias_id, ad_id, d_id, в таблице с районами и houses_jkh_ddt/id: 919
2023-10-09 15:08:29,297 [INFO    ] выгрузка данных в таблицу realty
2023-10-09 15:08:29,630 [INFO    ] Добавлено районов к объявлениям realty: 111 - было 0 стало 111
2023-10-09 15:08:29,630 [INFO    ] Есть несовпадения районов c jkh, обновление районов в jkh для 0 записей
2023-10-09 15:08:32,767 [INFO    ] Временная таблица temp_jkh_houses очищена
2023-10-09 15:08:35,957 [INFO    ] Обновление данных jkh_houses завершено
2023-10-09 15:08:36,794 [INFO    ] все новые объявления добавлены
2023-10-09 15:08:38,805 [INFO    ] Успешно обработан файл 08-10-23 (без дублей).csv для prices
2023-10-09 15:08:38,805 [INFO    ] Выгрузка в таблицу prices обработанного файла из авито: 08-10-23 (без дублей).csv
2023-10-09 15:08:55,926 [INFO    ] данные avito загружены успешно
2023-10-09 15:08:56,327 [INFO    ] Новые данные загружены по файлам ['08-10-23 (без дублей).csv'] из авито и ['циан 08-10-23 (без дублей).csv'] из циана за 0:08:56.194226
2023-10-09 15:08:56,395 [INFO    ] HTTP Request: GET https://dadata.ru/api/v2/profile/balance "HTTP/1.1 200 OK"
2023-10-09 15:08:56,397 [INFO    ] сохранение лог-файла
