2024-01-05 15:00:59,425 [INFO    ] Скрипт запущен: 2024-01-05 15:00:59.425625
2024-01-05 15:00:59,471 [INFO    ] Connected (version 2.0, client OpenSSH_7.4p1)
2024-01-05 15:00:59,540 [INFO    ] Authentication (publickey) failed.
2024-01-05 15:00:59,544 [INFO    ] Connected (version 2.0, client OpenSSH_7.4p1)
2024-01-05 15:00:59,594 [INFO    ] Authentication (password) successful!
2024-01-05 15:00:59,595 [INFO    ] connected to host 92.53.64.66 base preprod_nedvizhka_db
2024-01-05 15:00:59,737 [INFO    ] yandex token valid
2024-01-05 15:01:02,976 [INFO    ] Успешно загружено 1 файлов с личного диска: ['04-01-24 (без дублей).csv'] для avito
2024-01-05 15:01:03,185 [INFO    ] yandex token valid
2024-01-05 15:01:05,501 [INFO    ] Успешно загружено 1 файлов с личного диска: ['циан 04-01-24 (без дублей).csv'] для cian
2024-01-05 15:01:05,501 [INFO    ] ready to process files ['04-01-24 (без дублей).csv'], ['циан 04-01-24 (без дублей).csv']
2024-01-05 15:01:16,160 [INFO    ] обновлен status_new в таблице realty
2024-01-05 15:01:26,866 [INFO    ] обновлен status_new в таблице prices
2024-01-05 15:01:26,869 [INFO    ] обработка файла циан 04-01-24 (без дублей).csv для cian
2024-01-05 15:01:28,178 [INFO    ] обработка district_id:
2024-01-05 15:01:28,187 [INFO    ] districts_update:   0%|          | 0/112881 [00:00<?, ?it/s]
2024-01-05 15:01:43,187 [INFO    ] districts_update:  12%|#2        | 13845/112881 [00:15<01:47, 922.98it/s]
2024-01-05 15:01:58,188 [INFO    ] districts_update:  25%|##5       | 28699/112881 [00:30<01:27, 962.55it/s]
2024-01-05 15:02:08,249 [INFO    ] districts_update:  35%|###4      | 39111/112881 [00:40<01:16, 962.55it/s]
2024-01-05 15:02:13,188 [INFO    ] districts_update:  39%|###9      | 44119/112881 [00:45<01:09, 992.42it/s]
2024-01-05 15:02:28,263 [INFO    ] districts_update:  52%|#####1    | 58575/112881 [01:00<00:54, 992.42it/s]
2024-01-05 15:02:28,264 [INFO    ] districts_update:  52%|#####1    | 58576/112881 [01:00<00:55, 979.17it/s]
2024-01-05 15:02:38,271 [INFO    ] districts_update:  61%|######    | 68436/112881 [01:10<00:45, 979.17it/s]
2024-01-05 15:02:43,264 [INFO    ] districts_update:  65%|######4   | 72995/112881 [01:15<00:41, 972.70it/s]
2024-01-05 15:02:58,265 [INFO    ] districts_update:  78%|#######7  | 87721/112881 [01:30<00:25, 975.76it/s]
2024-01-05 15:03:08,276 [INFO    ] districts_update:  87%|########6 | 97948/112881 [01:40<00:15, 975.76it/s]
2024-01-05 15:03:13,266 [INFO    ] districts_update:  91%|#########1| 102729/112881 [01:45<00:10, 983.84it/s]
2024-01-05 15:03:23,443 [INFO    ] districts_update: 100%|##########| 112881/112881 [01:55<00:00, 979.39it/s]
2024-01-05 15:03:23,444 [INFO    ] 
2024-01-05 15:03:23,451 [INFO    ] district add from realty
2024-01-05 15:03:25,583 [INFO    ] Успешно обработан файл циан 04-01-24 (без дублей).csv для realty
2024-01-05 15:03:25,590 [INFO    ] Выгрузка в таблицу realty обработанного файла из cian: циан 04-01-24 (без дублей).csv
2024-01-05 15:03:25,976 [INFO    ] Временная таблица создана
2024-01-05 15:03:41,027 [INFO    ] Загрузка новых объявлений в таблицу
2024-01-05 15:03:41,288 [INFO    ] 110863 существующих и 2018 новых объявлений
2024-01-05 15:03:41,336 [INFO    ] temp таблица очищена, загружаются данные
2024-01-05 15:04:37,716 [INFO    ] обновлена таблица realty
2024-01-05 15:05:41,738 [INFO    ] обновлены районы в таблице realty
2024-01-05 15:05:44,734 [INFO    ] Обновление существующих данных realty завершено
2024-01-05 15:06:24,230 [INFO    ] из новых объяв найдено по адресу 356, запрос в ddt для 508 уник. адресов из 1662
2024-01-05 15:06:24,230 [INFO    ] обновление районов для найденных в realty по адресу новых объявлений:
2024-01-05 15:06:24,379 [INFO    ] обнаружено 15 районов для 23 новых объявлений, найденных по адресу из 25
2024-01-05 15:06:24,385 [INFO    ] 17 районов осталось незаполнено
2024-01-05 15:06:24,385 [INFO    ] переход к обновлению оставшихся (не найденных по адресу) 1662 новых объявлений (508 адресов) для cian
2024-01-05 15:06:24,399 [INFO    ] загрузка данных dadata из /var/www/yadisk_loader/saved_data_csv/cian_dadata_request.csv
2024-01-05 15:06:25,274 [INFO    ] удалось загрузить исторические данные dadata
2024-01-05 15:06:27,284 [INFO    ] количество запросов к dadata составит: 508
2024-01-05 15:06:27,289 [INFO    ] 0%|          | 0/165 [00:00<?, ?it/s]
2024-01-05 15:06:28,603 [INFO    ] 508it [00:01, 386.54it/s]
2024-01-05 15:06:28,603 [INFO    ] 
2024-01-05 15:06:28,603 [INFO    ] dadata con closed succesfully
2024-01-05 15:06:28,604 [INFO    ] обращение к DDT по 347/508 адресам из cian заняло 0:00:04.219107
2024-01-05 15:06:28,615 [INFO    ] обращение к DDT выполнено для 718/1662 новых объявлений, найден fias для 456
2024-01-05 15:07:32,894 [INFO    ] уникальных троек по h_fias_id, ad_id, d_id, в таблице с районами и houses_jkh_ddt/id: 718
2024-01-05 15:07:32,898 [INFO    ] выгрузка данных в таблицу realty
2024-01-05 15:07:33,499 [INFO    ] Добавлено районов к объявлениям realty: 3 - было 1008 стало 1011
2024-01-05 15:07:33,499 [INFO    ] Есть несовпадения районов c jkh, обновление районов в jkh для 1 записей
2024-01-05 15:07:39,848 [INFO    ] Временная таблица temp_jkh_houses создана
2024-01-05 15:07:42,914 [INFO    ] Обновление данных jkh_houses завершено
2024-01-05 15:07:43,957 [INFO    ] все новые объявления добавлены
2024-01-05 15:07:45,528 [INFO    ] Успешно обработан файл циан 04-01-24 (без дублей).csv для prices
2024-01-05 15:07:45,528 [INFO    ] Выгрузка в таблицу prices обработанного файла из cian: циан 04-01-24 (без дублей).csv
2024-01-05 15:07:57,980 [INFO    ] данные cian загружены успешно
2024-01-05 15:07:58,073 [INFO    ] обработка файла 04-01-24 (без дублей).csv для авито
2024-01-05 15:08:43,566 [INFO    ] Успешно обработан файл 04-01-24 (без дублей).csv для realty
2024-01-05 15:08:43,615 [INFO    ] Выгрузка в таблицу realty обработанного файла из авито: 04-01-24 (без дублей).csv
2024-01-05 15:08:43,748 [INFO    ] Временная таблица очищена
2024-01-05 15:08:50,284 [INFO    ] Загрузка новых объявлений в таблицу
2024-01-05 15:08:50,468 [INFO    ] 166283 существующих и 6779 новых объявлений
2024-01-05 15:08:50,516 [INFO    ] temp таблица очищена, загружаются данные
2024-01-05 15:10:32,489 [INFO    ] обновлена таблица realty
2024-01-05 15:10:36,230 [INFO    ] обновлены районы в таблице realty
2024-01-05 15:10:59,338 [INFO    ] Обновление существующих данных realty завершено
2024-01-05 15:11:34,713 [INFO    ] из новых объяв найдено по адресу 787, запрос в ddt для 617 уник. адресов из 5992
2024-01-05 15:11:34,715 [INFO    ] обновление районов для найденных в realty по адресу новых объявлений:
2024-01-05 15:11:34,999 [INFO    ] обнаружено 200 районов для 319 новых объявлений, найденных по адресу из 787
2024-01-05 15:11:35,028 [INFO    ] 124 районов осталось незаполнено
2024-01-05 15:11:35,031 [INFO    ] переход к обновлению оставшихся (не найденных по адресу) 5992 новых объявлений (617 адресов) для avito
2024-01-05 15:11:35,056 [INFO    ] загрузка данных dadata из /var/www/yadisk_loader/saved_data_csv/avito_dadata_request.csv
2024-01-05 15:11:36,477 [INFO    ] удалось загрузить исторические данные dadata
2024-01-05 15:11:38,494 [INFO    ] количество запросов к dadata составит: 617
2024-01-05 15:11:38,499 [INFO    ] 0%|          | 0/77 [00:00<?, ?it/s]
2024-01-05 15:11:40,557 [INFO    ] 617it [00:02, 299.84it/s]
2024-01-05 15:11:40,557 [INFO    ] 
2024-01-05 15:11:40,557 [INFO    ] dadata con closed succesfully
2024-01-05 15:11:40,558 [INFO    ] обращение к DDT по 584/617 адресам из avito заняло 0:00:05.526609
2024-01-05 15:11:40,577 [INFO    ] обращение к DDT выполнено для 5581/5992 новых объявлений, найден fias для 2286
2024-01-05 15:12:53,537 [INFO    ] уникальных троек по h_fias_id, ad_id, d_id, в таблице с районами и houses_jkh_ddt/id: 5581
2024-01-05 15:12:53,542 [INFO    ] выгрузка данных в таблицу realty
2024-01-05 15:12:55,437 [INFO    ] Добавлено районов к объявлениям realty: 159 - было 0 стало 159
2024-01-05 15:12:55,437 [INFO    ] Есть несовпадения районов c jkh, обновление районов в jkh для 0 записей
2024-01-05 15:12:58,553 [INFO    ] Временная таблица temp_jkh_houses очищена
2024-01-05 15:13:01,931 [INFO    ] Обновление данных jkh_houses завершено
2024-01-05 15:13:04,362 [INFO    ] все новые объявления добавлены
2024-01-05 15:13:06,426 [INFO    ] Успешно обработан файл 04-01-24 (без дублей).csv для prices
2024-01-05 15:13:06,426 [INFO    ] Выгрузка в таблицу prices обработанного файла из авито: 04-01-24 (без дублей).csv
2024-01-05 15:13:22,944 [INFO    ] данные avito загружены успешно
2024-01-05 15:13:23,464 [INFO    ] Новые данные загружены по файлам ['04-01-24 (без дублей).csv'] из авито и ['циан 04-01-24 (без дублей).csv'] из циана за 0:12:24.039122
2024-01-05 15:13:23,572 [INFO    ] HTTP Request: GET https://dadata.ru/api/v2/profile/balance "HTTP/1.1 200 OK"
2024-01-05 15:13:23,574 [INFO    ] сохранение лог-файла
