2023-10-11 15:00:39,518 [INFO    ] Скрипт запущен: 2023-10-11 15:00:39.517944
2023-10-11 15:00:39,569 [INFO    ] Connected (version 2.0, client OpenSSH_7.4p1)
2023-10-11 15:00:39,619 [INFO    ] Authentication (publickey) failed.
2023-10-11 15:00:39,622 [INFO    ] Connected (version 2.0, client OpenSSH_7.4p1)
2023-10-11 15:00:39,673 [INFO    ] Authentication (password) successful!
2023-10-11 15:00:39,674 [INFO    ] connected to host 92.53.64.66 base preprod_nedvizhka_db
2023-10-11 15:00:39,848 [INFO    ] yandex token valid
2023-10-11 15:00:43,154 [INFO    ] Успешно загружено 1 файлов с личного диска: ['10-10-23 (без дублей).csv'] для avito
2023-10-11 15:00:43,305 [INFO    ] yandex token valid
2023-10-11 15:00:45,250 [INFO    ] Успешно загружено 1 файлов с личного диска: ['циан 10-10-23 (без дублей).csv'] для cian
2023-10-11 15:00:45,250 [INFO    ] ready to process files ['10-10-23 (без дублей).csv'], ['циан 10-10-23 (без дублей).csv']
2023-10-11 15:00:52,002 [INFO    ] обновлен status_new в таблице realty
2023-10-11 15:01:56,628 [INFO    ] обновлен status_new в таблице prices
2023-10-11 15:01:56,639 [INFO    ] обработка файла циан 10-10-23 (без дублей).csv для cian
2023-10-11 15:01:57,766 [INFO    ] обработка district_id:
2023-10-11 15:01:57,766 [INFO    ] districts_update:   0%|          | 0/110731 [00:00<?, ?it/s]
2023-10-11 15:02:12,767 [INFO    ] districts_update:  13%|#2        | 14199/110731 [00:15<01:41, 946.56it/s]
2023-10-11 15:02:27,767 [INFO    ] districts_update:  27%|##6       | 29795/110731 [00:30<01:20, 1001.36it/s]
2023-10-11 15:02:38,884 [INFO    ] districts_update:  38%|###7      | 41649/110731 [00:41<01:08, 1001.36it/s]
2023-10-11 15:02:42,767 [INFO    ] districts_update:  41%|####1     | 45548/110731 [00:45<01:03, 1023.65it/s]
2023-10-11 15:02:58,538 [INFO    ] districts_update:  55%|#####5    | 61301/110731 [01:00<00:48, 1013.56it/s]
2023-10-11 15:03:08,889 [INFO    ] districts_update:  64%|######4   | 71358/110731 [01:11<00:38, 1013.56it/s]
2023-10-11 15:03:13,539 [INFO    ] districts_update:  69%|######8   | 75955/110731 [01:15<00:34, 1000.51it/s]
2023-10-11 15:03:28,540 [INFO    ] districts_update:  82%|########2 | 91323/110731 [01:30<00:19, 1008.59it/s]
2023-10-11 15:03:38,900 [INFO    ] districts_update:  92%|#########1| 101720/110731 [01:41<00:08, 1008.59it/s]
2023-10-11 15:03:43,541 [INFO    ] districts_update:  96%|#########6| 106363/110731 [01:45<00:04, 1006.65it/s]
2023-10-11 15:03:47,878 [INFO    ] districts_update: 100%|##########| 110731/110731 [01:50<00:00, 1005.62it/s]
2023-10-11 15:03:47,879 [INFO    ] 
2023-10-11 15:03:47,885 [INFO    ] district add from realty
2023-10-11 15:03:48,912 [INFO    ] Успешно обработан файл циан 10-10-23 (без дублей).csv для realty
2023-10-11 15:03:48,966 [INFO    ] Выгрузка в таблицу realty обработанного файла из cian: циан 10-10-23 (без дублей).csv
2023-10-11 15:03:49,196 [INFO    ] Временная таблица создана
2023-10-11 15:03:58,124 [INFO    ] Загрузка новых объявлений в таблицу
2023-10-11 15:03:58,333 [INFO    ] 107446 существующих и 3285 новых объявлений
2023-10-11 15:03:58,379 [INFO    ] temp таблица очищена, загружаются данные
2023-10-11 15:04:40,003 [INFO    ] обновлена таблица realty
2023-10-11 15:05:04,328 [INFO    ] обновлены районы в таблице realty
2023-10-11 15:05:06,511 [INFO    ] Обновление существующих данных realty завершено
2023-10-11 15:05:33,399 [INFO    ] из новых объяв найдено по адресу 1191, запрос в ddt для 777 уник. адресов из 2094
2023-10-11 15:05:33,401 [INFO    ] обновление районов для найденных в realty по адресу новых объявлений:
2023-10-11 15:05:33,545 [INFO    ] обнаружено 58 районов для 58 новых объявлений, найденных по адресу из 76
2023-10-11 15:05:33,550 [INFO    ] 45 районов осталось незаполнено
2023-10-11 15:05:33,551 [INFO    ] переход к обновлению оставшихся (не найденных по адресу) 2094 новых объявлений (777 адресов) для cian
2023-10-11 15:05:33,565 [INFO    ] загрузка данных dadata из /var/www/yadisk_loader/saved_data_csv/cian_dadata_request.csv
2023-10-11 15:05:34,102 [INFO    ] удалось загрузить исторические данные dadata
2023-10-11 15:05:36,109 [INFO    ] количество запросов к dadata составит: 777
2023-10-11 15:05:36,110 [INFO    ] 0%|          | 0/185 [00:00<?, ?it/s]
2023-10-11 15:05:37,895 [INFO    ] 777it [00:01, 435.30it/s]
2023-10-11 15:05:37,895 [INFO    ] 
2023-10-11 15:05:37,895 [INFO    ] dadata con closed succesfully
2023-10-11 15:05:37,896 [INFO    ] обращение к DDT по 592/777 адресам из cian заняло 0:00:04.345152
2023-10-11 15:05:37,908 [INFO    ] обращение к DDT выполнено для 1150/2094 новых объявлений, найден fias для 810
2023-10-11 15:06:00,425 [INFO    ] уникальных троек по h_fias_id, ad_id, d_id, в таблице с районами и houses_jkh_ddt/id: 1150
2023-10-11 15:06:00,426 [INFO    ] выгрузка данных в таблицу realty
2023-10-11 15:06:01,121 [INFO    ] Добавлено районов к объявлениям realty: 4 - было 1348 стало 1352
2023-10-11 15:06:01,121 [INFO    ] Есть несовпадения районов c jkh, обновление районов в jkh для 14 записей
2023-10-11 15:06:07,738 [INFO    ] Временная таблица temp_jkh_houses создана
2023-10-11 15:06:11,092 [INFO    ] Обновление данных jkh_houses завершено
2023-10-11 15:06:12,515 [INFO    ] все новые объявления добавлены
2023-10-11 15:06:13,814 [INFO    ] Успешно обработан файл циан 10-10-23 (без дублей).csv для prices
2023-10-11 15:06:13,814 [INFO    ] Выгрузка в таблицу prices обработанного файла из cian: циан 10-10-23 (без дублей).csv
2023-10-11 15:06:23,837 [INFO    ] данные cian загружены успешно
2023-10-11 15:06:23,882 [INFO    ] обработка файла 10-10-23 (без дублей).csv для авито
2023-10-11 15:07:06,599 [INFO    ] Успешно обработан файл 10-10-23 (без дублей).csv для realty
2023-10-11 15:07:06,688 [INFO    ] Выгрузка в таблицу realty обработанного файла из авито: 10-10-23 (без дублей).csv
2023-10-11 15:07:06,775 [INFO    ] Временная таблица очищена
2023-10-11 15:07:09,788 [INFO    ] Загрузка новых объявлений в таблицу
2023-10-11 15:07:09,941 [INFO    ] 168925 существующих и 5643 новых объявлений
2023-10-11 15:07:09,986 [INFO    ] temp таблица очищена, загружаются данные
2023-10-11 15:08:02,426 [INFO    ] обновлена таблица realty
2023-10-11 15:08:04,407 [INFO    ] обновлены районы в таблице realty
2023-10-11 15:08:12,014 [INFO    ] Обновление существующих данных realty завершено
2023-10-11 15:08:37,534 [INFO    ] из новых объяв найдено по адресу 1246, запрос в ddt для 1115 уник. адресов из 4397
2023-10-11 15:08:37,539 [INFO    ] обновление районов для найденных в realty по адресу новых объявлений:
2023-10-11 15:08:37,813 [INFO    ] обнаружено 985 районов для 985 новых объявлений, найденных по адресу из 1246
2023-10-11 15:08:37,818 [INFO    ] 41 районов осталось незаполнено
2023-10-11 15:08:37,819 [INFO    ] переход к обновлению оставшихся (не найденных по адресу) 4397 новых объявлений (1115 адресов) для avito
2023-10-11 15:08:37,832 [INFO    ] загрузка данных dadata из /var/www/yadisk_loader/saved_data_csv/avito_dadata_request.csv
2023-10-11 15:08:38,779 [INFO    ] удалось загрузить исторические данные dadata
2023-10-11 15:08:40,788 [INFO    ] количество запросов к dadata составит: 1115
2023-10-11 15:08:40,789 [INFO    ] 0%|          | 0/71 [00:00<?, ?it/s]
2023-10-11 15:08:43,796 [INFO    ] 1115it [00:03, 370.84it/s]
2023-10-11 15:08:43,796 [INFO    ] 
2023-10-11 15:08:43,796 [INFO    ] dadata con closed succesfully
2023-10-11 15:08:43,798 [INFO    ] обращение к DDT по 1047/1115 адресам из avito заняло 0:00:05.978210
2023-10-11 15:08:43,814 [INFO    ] обращение к DDT выполнено для 4053/4397 новых объявлений, найден fias для 1744
2023-10-11 15:09:09,198 [INFO    ] уникальных троек по h_fias_id, ad_id, d_id, в таблице с районами и houses_jkh_ddt/id: 4053
2023-10-11 15:09:09,199 [INFO    ] выгрузка данных в таблицу realty
2023-10-11 15:09:10,584 [INFO    ] Добавлено районов к объявлениям realty: 259 - было 0 стало 259
2023-10-11 15:09:10,584 [INFO    ] Есть несовпадения районов c jkh, обновление районов в jkh для 0 записей
2023-10-11 15:09:13,723 [INFO    ] Временная таблица temp_jkh_houses очищена
2023-10-11 15:09:17,079 [INFO    ] Обновление данных jkh_houses завершено
2023-10-11 15:09:27,090 [ERROR   ] Could not establish connection from local ('127.0.0.1', 34329) to remote ('127.0.0.1', 3306) side of the tunnel: open new channel ssh error: Timeout opening channel.
2023-10-11 15:09:27,147 [INFO    ] Connected (version 2.0, client OpenSSH_7.4p1)
2023-10-11 15:09:27,195 [INFO    ] Authentication (publickey) failed.
2023-10-11 15:09:27,198 [INFO    ] Connected (version 2.0, client OpenSSH_7.4p1)
2023-10-11 15:09:27,250 [INFO    ] Authentication (password) successful!
2023-10-11 15:09:27,250 [INFO    ] connected to host 92.53.64.66 base app_nedvizhka_db
2023-10-11 15:09:27,250 [INFO    ] подключение к базе восстановлено
2023-10-11 15:09:29,003 [INFO    ] все новые объявления добавлены
2023-10-11 15:09:39,010 [ERROR   ] Could not establish connection from local ('127.0.0.1', 34329) to remote ('127.0.0.1', 3306) side of the tunnel: open new channel ssh error: Timeout opening channel.
2023-10-11 15:09:39,043 [INFO    ] Connected (version 2.0, client OpenSSH_7.4p1)
2023-10-11 15:09:39,091 [INFO    ] Authentication (publickey) failed.
2023-10-11 15:09:39,094 [INFO    ] Connected (version 2.0, client OpenSSH_7.4p1)
2023-10-11 15:09:39,146 [INFO    ] Authentication (password) successful!
2023-10-11 15:09:39,146 [INFO    ] connected to host 92.53.64.66 base preprod_nedvizhka_db
2023-10-11 15:09:39,146 [INFO    ] подключение к базе восстановлено
2023-10-11 15:09:40,966 [INFO    ] Успешно обработан файл 10-10-23 (без дублей).csv для prices
2023-10-11 15:09:40,967 [INFO    ] Выгрузка в таблицу prices обработанного файла из авито: 10-10-23 (без дублей).csv
2023-10-11 15:09:55,058 [INFO    ] данные avito загружены успешно
2023-10-11 15:09:55,371 [INFO    ] Новые данные загружены по файлам ['10-10-23 (без дублей).csv'] из авито и ['циан 10-10-23 (без дублей).csv'] из циана за 0:09:15.853119
2023-10-11 15:09:55,452 [INFO    ] HTTP Request: GET https://dadata.ru/api/v2/profile/balance "HTTP/1.1 200 OK"
2023-10-11 15:09:55,454 [INFO    ] сохранение лог-файла
