2023-12-11 15:00:19,861 [INFO    ] Скрипт запущен: 2023-12-11 15:00:19.861332
2023-12-11 15:00:19,947 [INFO    ] Connected (version 2.0, client OpenSSH_7.4p1)
2023-12-11 15:00:20,024 [INFO    ] Authentication (publickey) failed.
2023-12-11 15:00:20,040 [INFO    ] Connected (version 2.0, client OpenSSH_7.4p1)
2023-12-11 15:00:20,133 [INFO    ] Authentication (password) successful!
2023-12-11 15:00:20,135 [INFO    ] connected to host 92.53.64.66 base preprod_nedvizhka_db
2023-12-11 15:00:20,367 [INFO    ] yandex token valid
2023-12-11 15:00:23,223 [INFO    ] Успешно загружено 1 файлов с личного диска: ['10-12-23 (без дублей).csv'] для avito
2023-12-11 15:00:23,380 [INFO    ] yandex token valid
2023-12-11 15:00:25,593 [INFO    ] Успешно загружено 1 файлов с личного диска: ['циан 10-12-23 (без дублей).csv'] для cian
2023-12-11 15:00:25,593 [INFO    ] ready to process files ['10-12-23 (без дублей).csv'], ['циан 10-12-23 (без дублей).csv']
2023-12-11 15:00:40,520 [INFO    ] обновлен status_new в таблице realty
2023-12-11 15:02:12,185 [INFO    ] обновлен status_new в таблице prices
2023-12-11 15:02:12,190 [INFO    ] обработка файла циан 10-12-23 (без дублей).csv для cian
2023-12-11 15:02:13,650 [INFO    ] обработка district_id:
2023-12-11 15:02:13,652 [INFO    ] districts_update:   0%|          | 0/118948 [00:00<?, ?it/s]
2023-12-11 15:02:28,653 [INFO    ] districts_update:  11%|#1        | 13462/118948 [00:15<01:57, 897.41it/s]
2023-12-11 15:02:43,654 [INFO    ] districts_update:  23%|##3       | 27940/118948 [00:30<01:37, 937.27it/s]
2023-12-11 15:02:56,590 [INFO    ] districts_update:  35%|###4      | 41155/118948 [00:42<01:22, 937.27it/s]
2023-12-11 15:02:58,654 [INFO    ] districts_update:  36%|###6      | 43182/118948 [00:45<01:17, 973.26it/s]
2023-12-11 15:03:14,861 [INFO    ] districts_update:  49%|####9     | 58424/118948 [01:01<01:03, 959.71it/s]
2023-12-11 15:03:26,608 [INFO    ] districts_update:  58%|#####8    | 69383/118948 [01:12<00:51, 959.71it/s]
2023-12-11 15:03:29,862 [INFO    ] districts_update:  61%|######1   | 72845/118948 [01:16<00:48, 960.30it/s]
2023-12-11 15:03:45,086 [INFO    ] districts_update:  73%|#######3  | 87266/118948 [01:31<00:33, 955.87it/s]
2023-12-11 15:03:56,613 [INFO    ] districts_update:  83%|########3 | 99023/118948 [01:42<00:20, 955.87it/s]
2023-12-11 15:04:00,087 [INFO    ] districts_update:  86%|########5 | 102269/118948 [01:46<00:17, 970.17it/s]
2023-12-11 15:04:15,512 [INFO    ] districts_update:  99%|#########8| 117272/118948 [02:01<00:01, 970.95it/s]
2023-12-11 15:04:17,269 [INFO    ] districts_update: 100%|##########| 118948/118948 [02:03<00:00, 962.23it/s]
2023-12-11 15:04:17,269 [INFO    ] 
2023-12-11 15:04:17,282 [INFO    ] district add from realty
2023-12-11 15:04:20,392 [INFO    ] Успешно обработан файл циан 10-12-23 (без дублей).csv для realty
2023-12-11 15:04:20,409 [INFO    ] Выгрузка в таблицу realty обработанного файла из cian: циан 10-12-23 (без дублей).csv
2023-12-11 15:04:20,773 [INFO    ] Временная таблица создана
2023-12-11 15:04:36,844 [INFO    ] Загрузка новых объявлений в таблицу
2023-12-11 15:04:37,091 [INFO    ] 117325 существующих и 1623 новых объявлений
2023-12-11 15:04:37,136 [INFO    ] temp таблица очищена, загружаются данные
2023-12-11 15:06:22,085 [INFO    ] обновлена таблица realty
2023-12-11 15:06:56,211 [INFO    ] обновлены районы в таблице realty
2023-12-11 15:07:08,230 [INFO    ] Обновление существующих данных realty завершено
2023-12-11 15:07:45,385 [INFO    ] из новых объяв найдено по адресу 300, запрос в ddt для 450 уник. адресов из 1323
2023-12-11 15:07:45,386 [INFO    ] обновление районов для найденных в realty по адресу новых объявлений:
2023-12-11 15:07:45,403 [INFO    ] обнаружено 21 районов для 25 новых объявлений, найденных по адресу из 31
2023-12-11 15:07:45,408 [INFO    ] 8 районов осталось незаполнено
2023-12-11 15:07:45,409 [INFO    ] переход к обновлению оставшихся (не найденных по адресу) 1323 новых объявлений (450 адресов) для cian
2023-12-11 15:07:45,422 [INFO    ] загрузка данных dadata из /var/www/yadisk_loader/saved_data_csv/cian_dadata_request.csv
2023-12-11 15:07:46,186 [INFO    ] удалось загрузить исторические данные dadata
2023-12-11 15:07:48,195 [INFO    ] количество запросов к dadata составит: 450
2023-12-11 15:07:48,200 [INFO    ] 0%|          | 0/137 [00:00<?, ?it/s]
2023-12-11 15:07:49,401 [INFO    ] 450it [00:01, 374.89it/s]
2023-12-11 15:07:49,401 [INFO    ] 
2023-12-11 15:07:49,401 [INFO    ] dadata con closed succesfully
2023-12-11 15:07:49,402 [INFO    ] обращение к DDT по 317/450 адресам из cian заняло 0:00:03.992800
2023-12-11 15:07:49,412 [INFO    ] обращение к DDT выполнено для 645/1323 новых объявлений, найден fias для 380
2023-12-11 15:09:19,059 [INFO    ] уникальных троек по h_fias_id, ad_id, d_id, в таблице с районами и houses_jkh_ddt/id: 645
2023-12-11 15:09:19,064 [INFO    ] выгрузка данных в таблицу realty
2023-12-11 15:09:19,569 [INFO    ] Добавлено районов к объявлениям realty: 1 - было 823 стало 824
2023-12-11 15:09:19,569 [INFO    ] Есть несовпадения районов c jkh, обновление районов в jkh для 2 записей
2023-12-11 15:09:25,999 [INFO    ] Временная таблица temp_jkh_houses создана
2023-12-11 15:09:29,453 [INFO    ] Обновление данных jkh_houses завершено
2023-12-11 15:09:30,518 [INFO    ] все новые объявления добавлены
2023-12-11 15:09:33,341 [INFO    ] Успешно обработан файл циан 10-12-23 (без дублей).csv для prices
2023-12-11 15:09:33,341 [INFO    ] Выгрузка в таблицу prices обработанного файла из cian: циан 10-12-23 (без дублей).csv
2023-12-11 15:10:02,847 [INFO    ] данные cian загружены успешно
2023-12-11 15:10:02,935 [INFO    ] обработка файла 10-12-23 (без дублей).csv для авито
2023-12-11 15:10:50,476 [INFO    ] Успешно обработан файл 10-12-23 (без дублей).csv для realty
2023-12-11 15:10:50,540 [INFO    ] Выгрузка в таблицу realty обработанного файла из авито: 10-12-23 (без дублей).csv
2023-12-11 15:10:50,680 [INFO    ] Временная таблица очищена
2023-12-11 15:11:02,091 [INFO    ] Загрузка новых объявлений в таблицу
2023-12-11 15:11:02,272 [INFO    ] 172590 существующих и 1368 новых объявлений
2023-12-11 15:11:02,329 [INFO    ] temp таблица очищена, загружаются данные
2023-12-11 15:14:23,144 [INFO    ] обновлена таблица realty
2023-12-11 15:14:27,689 [INFO    ] обновлены районы в таблице realty
2023-12-11 15:15:10,331 [INFO    ] Обновление существующих данных realty завершено
2023-12-11 15:15:46,744 [INFO    ] из новых объяв найдено по адресу 456, запрос в ddt для 406 уник. адресов из 912
2023-12-11 15:15:46,744 [INFO    ] обновление районов для найденных в realty по адресу новых объявлений:
2023-12-11 15:15:46,925 [INFO    ] обнаружено 194 районов для 307 новых объявлений, найденных по адресу из 456
2023-12-11 15:15:46,930 [INFO    ] 116 районов осталось незаполнено
2023-12-11 15:15:46,931 [INFO    ] переход к обновлению оставшихся (не найденных по адресу) 912 новых объявлений (406 адресов) для avito
2023-12-11 15:15:46,947 [INFO    ] загрузка данных dadata из /var/www/yadisk_loader/saved_data_csv/avito_dadata_request.csv
2023-12-11 15:15:48,180 [INFO    ] удалось загрузить исторические данные dadata
2023-12-11 15:15:50,190 [INFO    ] количество запросов к dadata составит: 406
2023-12-11 15:15:50,192 [INFO    ] 0%|          | 0/46 [00:00<?, ?it/s]
2023-12-11 15:15:51,645 [INFO    ] 406it [00:01, 279.47it/s]
2023-12-11 15:15:51,645 [INFO    ] 
2023-12-11 15:15:51,645 [INFO    ] dadata con closed succesfully
2023-12-11 15:15:51,646 [INFO    ] обращение к DDT по 363/406 адресам из avito заняло 0:00:04.715275
2023-12-11 15:15:51,658 [INFO    ] обращение к DDT выполнено для 818/912 новых объявлений, найден fias для 477
2023-12-11 15:16:56,376 [INFO    ] уникальных троек по h_fias_id, ad_id, d_id, в таблице с районами и houses_jkh_ddt/id: 818
2023-12-11 15:16:56,382 [INFO    ] выгрузка данных в таблицу realty
2023-12-11 15:16:56,706 [INFO    ] Добавлено районов к объявлениям realty: 65 - было 0 стало 65
2023-12-11 15:16:56,707 [INFO    ] Есть несовпадения районов c jkh, обновление районов в jkh для 0 записей
2023-12-11 15:16:59,822 [INFO    ] Временная таблица temp_jkh_houses очищена
2023-12-11 15:17:03,247 [INFO    ] Обновление данных jkh_houses завершено
2023-12-11 15:17:04,178 [INFO    ] все новые объявления добавлены
2023-12-11 15:17:06,860 [INFO    ] Успешно обработан файл 10-12-23 (без дублей).csv для prices
2023-12-11 15:17:06,860 [INFO    ] Выгрузка в таблицу prices обработанного файла из авито: 10-12-23 (без дублей).csv
2023-12-11 15:17:37,002 [INFO    ] данные avito загружены успешно
2023-12-11 15:17:37,308 [INFO    ] Новые данные загружены по файлам ['10-12-23 (без дублей).csv'] из авито и ['циан 10-12-23 (без дублей).csv'] из циана за 0:17:17.446810
2023-12-11 15:17:37,390 [INFO    ] HTTP Request: GET https://dadata.ru/api/v2/profile/balance "HTTP/1.1 200 OK"
2023-12-11 15:17:37,392 [INFO    ] сохранение лог-файла
