2023-10-26 15:01:11,758 [INFO    ] Скрипт запущен: 2023-10-26 15:01:11.758719
2023-10-26 15:01:11,829 [INFO    ] Connected (version 2.0, client OpenSSH_7.4p1)
2023-10-26 15:01:11,934 [INFO    ] Authentication (publickey) failed.
2023-10-26 15:01:11,940 [INFO    ] Connected (version 2.0, client OpenSSH_7.4p1)
2023-10-26 15:01:11,994 [INFO    ] Authentication (password) successful!
2023-10-26 15:01:11,995 [INFO    ] connected to host 92.53.64.66 base preprod_nedvizhka_db
2023-10-26 15:01:12,219 [INFO    ] yandex token valid
2023-10-26 15:01:14,698 [INFO    ] Успешно загружено 1 файлов с личного диска: ['25-10-23 (без дублей).csv'] для avito
2023-10-26 15:01:14,810 [INFO    ] yandex token valid
2023-10-26 15:01:17,104 [INFO    ] Успешно загружено 1 файлов с личного диска: ['циан 25-10-23 (без дублей).csv'] для cian
2023-10-26 15:01:17,104 [INFO    ] ready to process files ['25-10-23 (без дублей).csv'], ['циан 25-10-23 (без дублей).csv']
2023-10-26 15:01:45,683 [INFO    ] обновлен status_new в таблице realty
2023-10-26 15:02:23,023 [INFO    ] обновлен status_new в таблице prices
2023-10-26 15:02:23,039 [INFO    ] обработка файла циан 25-10-23 (без дублей).csv для cian
2023-10-26 15:02:24,302 [INFO    ] обработка district_id:
2023-10-26 15:02:24,303 [INFO    ] districts_update:   0%|          | 0/110220 [00:00<?, ?it/s]
2023-10-26 15:02:39,304 [INFO    ] districts_update:  11%|#         | 11901/110220 [00:15<02:03, 793.37it/s]
2023-10-26 15:02:51,767 [INFO    ] districts_update:  20%|##        | 22202/110220 [00:27<01:50, 793.37it/s]
2023-10-26 15:02:54,305 [INFO    ] districts_update:  22%|##2       | 24788/110220 [00:30<01:42, 832.03it/s]
2023-10-26 15:03:09,306 [INFO    ] districts_update:  35%|###5      | 39098/110220 [00:45<01:20, 887.70it/s]
2023-10-26 15:03:21,771 [INFO    ] districts_update:  45%|####5     | 49888/110220 [00:57<01:07, 887.70it/s]
2023-10-26 15:03:24,306 [INFO    ] districts_update:  47%|####7     | 52033/110220 [01:00<01:06, 877.68it/s]
2023-10-26 15:03:40,112 [INFO    ] districts_update:  59%|#####8    | 64968/110220 [01:15<00:52, 855.57it/s]
2023-10-26 15:03:51,776 [INFO    ] districts_update:  68%|######7   | 74921/110220 [01:27<00:41, 855.57it/s]
2023-10-26 15:03:55,113 [INFO    ] districts_update:  70%|#######   | 77669/110220 [01:30<00:38, 852.59it/s]
2023-10-26 15:04:10,114 [INFO    ] districts_update:  82%|########2 | 90599/110220 [01:45<00:22, 855.62it/s]
2023-10-26 15:04:21,781 [INFO    ] districts_update:  91%|#########1| 100527/110220 [01:57<00:11, 855.62it/s]
2023-10-26 15:04:25,115 [INFO    ] districts_update:  94%|#########3| 103523/110220 [02:00<00:07, 857.49it/s]
2023-10-26 15:04:32,945 [INFO    ] districts_update: 100%|##########| 110220/110220 [02:08<00:00, 856.80it/s]
2023-10-26 15:04:32,946 [INFO    ] 
2023-10-26 15:04:32,953 [INFO    ] district add from realty
2023-10-26 15:04:35,089 [INFO    ] Успешно обработан файл циан 25-10-23 (без дублей).csv для realty
2023-10-26 15:04:35,153 [INFO    ] Выгрузка в таблицу realty обработанного файла из cian: циан 25-10-23 (без дублей).csv
2023-10-26 15:04:35,548 [INFO    ] Временная таблица создана
2023-10-26 15:04:56,637 [INFO    ] Загрузка новых объявлений в таблицу
2023-10-26 15:04:56,912 [INFO    ] 106658 существующих и 3562 новых объявлений
2023-10-26 15:04:56,959 [INFO    ] temp таблица очищена, загружаются данные
2023-10-26 15:07:58,306 [INFO    ] обновлена таблица realty
2023-10-26 15:09:12,189 [INFO    ] обновлены районы в таблице realty
2023-10-26 15:09:24,950 [INFO    ] Обновление существующих данных realty завершено
2023-10-26 15:10:05,424 [INFO    ] из новых объяв найдено по адресу 1188, запрос в ddt для 810 уник. адресов из 2374
2023-10-26 15:10:05,425 [INFO    ] обновление районов для найденных в realty по адресу новых объявлений:
2023-10-26 15:10:05,576 [INFO    ] обнаружено 70 районов для 84 новых объявлений, найденных по адресу из 101
2023-10-26 15:10:05,584 [INFO    ] 46 районов осталось незаполнено
2023-10-26 15:10:05,585 [INFO    ] переход к обновлению оставшихся (не найденных по адресу) 2374 новых объявлений (810 адресов) для cian
2023-10-26 15:10:05,606 [INFO    ] загрузка данных dadata из /var/www/yadisk_loader/saved_data_csv/cian_dadata_request.csv
2023-10-26 15:10:06,355 [INFO    ] удалось загрузить исторические данные dadata
2023-10-26 15:10:08,363 [INFO    ] количество запросов к dadata составит: 810
2023-10-26 15:10:08,364 [INFO    ] 0%|          | 0/176 [00:00<?, ?it/s]
2023-10-26 15:10:10,686 [INFO    ] 810it [00:02, 348.89it/s]
2023-10-26 15:10:10,686 [INFO    ] 
2023-10-26 15:10:10,686 [INFO    ] dadata con closed succesfully
2023-10-26 15:10:10,687 [INFO    ] обращение к DDT по 637/810 адресам из cian заняло 0:00:05.102441
2023-10-26 15:10:10,702 [INFO    ] обращение к DDT выполнено для 1284/2374 новых объявлений, найден fias для 963
2023-10-26 15:11:13,836 [INFO    ] уникальных троек по h_fias_id, ad_id, d_id, в таблице с районами и houses_jkh_ddt/id: 1284
2023-10-26 15:11:13,839 [INFO    ] выгрузка данных в таблицу realty
2023-10-26 15:11:14,668 [INFO    ] Добавлено районов к объявлениям realty: 1 - было 1597 стало 1598
2023-10-26 15:11:14,668 [INFO    ] Есть несовпадения районов c jkh, обновление районов в jkh для 13 записей
2023-10-26 15:11:21,036 [INFO    ] Временная таблица temp_jkh_houses создана
2023-10-26 15:11:24,487 [INFO    ] Обновление данных jkh_houses завершено
2023-10-26 15:11:26,999 [INFO    ] все новые объявления добавлены
2023-10-26 15:11:28,764 [INFO    ] Успешно обработан файл циан 25-10-23 (без дублей).csv для prices
2023-10-26 15:11:28,764 [INFO    ] Выгрузка в таблицу prices обработанного файла из cian: циан 25-10-23 (без дублей).csv
2023-10-26 15:11:59,809 [INFO    ] данные cian загружены успешно
2023-10-26 15:11:59,886 [INFO    ] обработка файла 25-10-23 (без дублей).csv для авито
2023-10-26 15:12:48,510 [INFO    ] Успешно обработан файл 25-10-23 (без дублей).csv для realty
2023-10-26 15:12:48,615 [INFO    ] Выгрузка в таблицу realty обработанного файла из авито: 25-10-23 (без дублей).csv
2023-10-26 15:12:48,703 [INFO    ] Временная таблица очищена
2023-10-26 15:12:54,607 [INFO    ] Загрузка новых объявлений в таблицу
2023-10-26 15:12:54,806 [INFO    ] 179258 существующих и 2607 новых объявлений
2023-10-26 15:12:54,851 [INFO    ] temp таблица очищена, загружаются данные
2023-10-26 15:16:32,985 [INFO    ] обновлена таблица realty
2023-10-26 15:16:35,542 [INFO    ] обновлены районы в таблице realty
2023-10-26 15:17:06,508 [INFO    ] Обновление существующих данных realty завершено
2023-10-26 15:17:37,499 [INFO    ] из новых объяв найдено по адресу 1039, запрос в ddt для 1000 уник. адресов из 1568
2023-10-26 15:17:37,500 [INFO    ] обновление районов для найденных в realty по адресу новых объявлений:
2023-10-26 15:17:37,955 [INFO    ] обнаружено 556 районов для 835 новых объявлений, найденных по адресу из 1039
2023-10-26 15:17:37,960 [INFO    ] 281 районов осталось незаполнено
2023-10-26 15:17:37,961 [INFO    ] переход к обновлению оставшихся (не найденных по адресу) 1568 новых объявлений (1000 адресов) для avito
2023-10-26 15:17:37,981 [INFO    ] загрузка данных dadata из /var/www/yadisk_loader/saved_data_csv/avito_dadata_request.csv
2023-10-26 15:17:39,118 [INFO    ] удалось загрузить исторические данные dadata
2023-10-26 15:17:41,128 [INFO    ] количество запросов к dadata составит: 1000
2023-10-26 15:17:41,138 [INFO    ] 0%|          | 0/78 [00:00<?, ?it/s]
2023-10-26 15:17:44,679 [INFO    ] 1000it [00:03, 282.40it/s]
2023-10-26 15:17:44,679 [INFO    ] 
2023-10-26 15:17:44,679 [INFO    ] dadata con closed succesfully
2023-10-26 15:17:44,680 [INFO    ] обращение к DDT по 932/1000 адресам из avito заняло 0:00:06.719350
2023-10-26 15:17:44,693 [INFO    ] обращение к DDT выполнено для 1404/1568 новых объявлений, найден fias для 896
2023-10-26 15:18:36,911 [INFO    ] уникальных троек по h_fias_id, ad_id, d_id, в таблице с районами и houses_jkh_ddt/id: 1404
2023-10-26 15:18:36,912 [INFO    ] выгрузка данных в таблицу realty
2023-10-26 15:18:37,444 [INFO    ] Добавлено районов к объявлениям realty: 215 - было 0 стало 215
2023-10-26 15:18:37,444 [INFO    ] Есть несовпадения районов c jkh, обновление районов в jkh для 0 записей
2023-10-26 15:18:40,579 [INFO    ] Временная таблица temp_jkh_houses очищена
2023-10-26 15:18:43,895 [INFO    ] Обновление данных jkh_houses завершено
2023-10-26 15:18:46,499 [INFO    ] все новые объявления добавлены
2023-10-26 15:18:48,793 [INFO    ] Успешно обработан файл 25-10-23 (без дублей).csv для prices
2023-10-26 15:18:48,793 [INFO    ] Выгрузка в таблицу prices обработанного файла из авито: 25-10-23 (без дублей).csv
2023-10-26 15:19:36,240 [INFO    ] данные avito загружены успешно
2023-10-26 15:19:36,743 [INFO    ] Новые данные загружены по файлам ['25-10-23 (без дублей).csv'] из авито и ['циан 25-10-23 (без дублей).csv'] из циана за 0:18:24.984954
2023-10-26 15:19:36,822 [INFO    ] HTTP Request: GET https://dadata.ru/api/v2/profile/balance "HTTP/1.1 200 OK"
2023-10-26 15:19:36,823 [INFO    ] сохранение лог-файла
