2023-12-25 15:01:28,863 [INFO    ] Скрипт запущен: 2023-12-25 15:01:28.863252
2023-12-25 15:01:28,952 [INFO    ] Connected (version 2.0, client OpenSSH_7.4p1)
2023-12-25 15:01:29,025 [INFO    ] Authentication (publickey) failed.
2023-12-25 15:01:29,040 [INFO    ] Connected (version 2.0, client OpenSSH_7.4p1)
2023-12-25 15:01:29,135 [INFO    ] Authentication (password) successful!
2023-12-25 15:01:29,137 [INFO    ] connected to host 92.53.64.66 base preprod_nedvizhka_db
2023-12-25 15:01:29,351 [INFO    ] yandex token valid
2023-12-25 15:01:32,529 [INFO    ] Успешно загружено 1 файлов с личного диска: ['24-12-23 (без дублей).csv'] для avito
2023-12-25 15:01:32,974 [INFO    ] yandex token valid
2023-12-25 15:01:51,865 [INFO    ] Успешно загружено 9 файлов с личного диска: ['циан 16-12-23 (без дублей).csv', 'циан 17-12-23 (без дублей).csv', 'циан 18-12-23 (без дублей).csv', 'циан 19-12-23 (без дублей).csv', 'циан 20-12-23 (без дублей).csv', 'циан 21-12-23 (без дублей).csv', 'циан 22-12-23 (без дублей).csv', 'циан 23-12-23 (без дублей).csv', 'циан 24-12-23 (без дублей).csv'] для cian
2023-12-25 15:01:51,865 [INFO    ] ready to process files ['24-12-23 (без дублей).csv'], ['циан 16-12-23 (без дублей).csv', 'циан 17-12-23 (без дублей).csv', 'циан 18-12-23 (без дублей).csv', 'циан 19-12-23 (без дублей).csv', 'циан 20-12-23 (без дублей).csv', 'циан 21-12-23 (без дублей).csv', 'циан 22-12-23 (без дублей).csv', 'циан 23-12-23 (без дублей).csv', 'циан 24-12-23 (без дублей).csv']
2023-12-25 15:02:03,456 [INFO    ] обновлен status_new в таблице realty
2023-12-25 15:02:20,722 [INFO    ] обновлен status_new в таблице prices
2023-12-25 15:02:20,724 [INFO    ] обработка файла циан 16-12-23 (без дублей).csv для cian
2023-12-25 15:02:20,780 [ERROR   ] Traceback (most recent call last):
  File "/var/www/yadisk_loader/main_utils.py", line 972, in process_realty
    saved_file = pd.read_csv(saved_files[f_ind], delimiter=',', encoding='utf8')
  File "/var/www/yadisk_loader/yadisk_venv/lib/python3.9/site-packages/pandas/util/_decorators.py", line 211, in wrapper
    return func(*args, **kwargs)
  File "/var/www/yadisk_loader/yadisk_venv/lib/python3.9/site-packages/pandas/util/_decorators.py", line 331, in wrapper
    return func(*args, **kwargs)
  File "/var/www/yadisk_loader/yadisk_venv/lib/python3.9/site-packages/pandas/io/parsers/readers.py", line 950, in read_csv
    return _read(filepath_or_buffer, kwds)
  File "/var/www/yadisk_loader/yadisk_venv/lib/python3.9/site-packages/pandas/io/parsers/readers.py", line 611, in _read
    return parser.read(nrows)
  File "/var/www/yadisk_loader/yadisk_venv/lib/python3.9/site-packages/pandas/io/parsers/readers.py", line 1778, in read
    ) = self._engine.read(  # type: ignore[attr-defined]
  File "/var/www/yadisk_loader/yadisk_venv/lib/python3.9/site-packages/pandas/io/parsers/c_parser_wrapper.py", line 230, in read
    chunks = self._reader.read_low_memory(nrows)
  File "pandas/_libs/parsers.pyx", line 808, in pandas._libs.parsers.TextReader.read_low_memory
  File "pandas/_libs/parsers.pyx", line 866, in pandas._libs.parsers.TextReader._read_rows
  File "pandas/_libs/parsers.pyx", line 852, in pandas._libs.parsers.TextReader._tokenize_rows
  File "pandas/_libs/parsers.pyx", line 1973, in pandas._libs.parsers.raise_parser_error
pandas.errors.ParserError: Error tokenizing data. C error: Expected 6 fields in line 164, saw 7


During handling of the above exception, another exception occurred:

Traceback (most recent call last):
  File "/var/www/yadisk_loader/main_utils.py", line 976, in process_realty
    saved_file = pd.read_csv(f_name, delimiter=';', encoding='utf8')
NameError: name 'f_name' is not defined

2023-12-25 15:02:20,786 [ERROR   ] Файл циан 16-12-23 (без дублей).csv не удалось обнаружить для realty
2023-12-25 15:02:20,787 [ERROR   ] Ошибка при обработке файлов из CIAN циан 16-12-23 (без дублей).csv. Перезапуск скрипта...
2023-12-25 15:02:20,841 [INFO    ] обработка файла 24-12-23 (без дублей).csv для авито
2023-12-25 15:03:07,606 [INFO    ] Успешно обработан файл 24-12-23 (без дублей).csv для realty
2023-12-25 15:03:07,668 [INFO    ] Выгрузка в таблицу realty обработанного файла из авито: 24-12-23 (без дублей).csv
2023-12-25 15:03:08,026 [INFO    ] Временная таблица создана
2023-12-25 15:03:13,510 [INFO    ] Загрузка новых объявлений в таблицу
2023-12-25 15:03:13,695 [INFO    ] 176356 существующих и 932 новых объявлений
2023-12-25 15:03:13,740 [INFO    ] temp таблица очищена, загружаются данные
2023-12-25 15:04:15,569 [INFO    ] обновлена таблица realty
2023-12-25 15:04:17,625 [INFO    ] обновлены районы в таблице realty
2023-12-25 15:04:29,987 [INFO    ] Обновление существующих данных realty завершено
2023-12-25 15:05:03,254 [INFO    ] из новых объяв найдено по адресу 303, запрос в ddt для 353 уник. адресов из 629
2023-12-25 15:05:03,254 [INFO    ] обновление районов для найденных в realty по адресу новых объявлений:
2023-12-25 15:05:03,620 [INFO    ] обнаружено 139 районов для 237 новых объявлений, найденных по адресу из 303
2023-12-25 15:05:03,640 [INFO    ] 102 районов осталось незаполнено
2023-12-25 15:05:03,641 [INFO    ] переход к обновлению оставшихся (не найденных по адресу) 629 новых объявлений (353 адресов) для avito
2023-12-25 15:05:03,661 [INFO    ] загрузка данных dadata из /var/www/yadisk_loader/saved_data_csv/avito_dadata_request.csv
2023-12-25 15:05:04,933 [INFO    ] удалось загрузить исторические данные dadata
2023-12-25 15:05:06,944 [INFO    ] количество запросов к dadata составит: 353
2023-12-25 15:05:06,950 [INFO    ] 0%|          | 0/30 [00:00<?, ?it/s]
2023-12-25 15:05:08,137 [INFO    ] 353it [00:01, 297.30it/s]
2023-12-25 15:05:08,137 [INFO    ] 
2023-12-25 15:05:08,137 [INFO    ] dadata con closed succesfully
2023-12-25 15:05:08,138 [INFO    ] обращение к DDT по 334/353 адресам из avito заняло 0:00:04.497300
2023-12-25 15:05:08,147 [INFO    ] обращение к DDT выполнено для 576/629 новых объявлений, найден fias для 319
2023-12-25 15:06:15,213 [INFO    ] уникальных троек по h_fias_id, ad_id, d_id, в таблице с районами и houses_jkh_ddt/id: 576
2023-12-25 15:06:15,215 [INFO    ] выгрузка данных в таблицу realty
2023-12-25 15:06:15,437 [INFO    ] Добавлено районов к объявлениям realty: 73 - было 0 стало 73
2023-12-25 15:06:15,437 [INFO    ] Есть несовпадения районов c jkh, обновление районов в jkh для 0 записей
2023-12-25 15:06:22,063 [INFO    ] Временная таблица temp_jkh_houses создана
2023-12-25 15:06:25,349 [INFO    ] Обновление данных jkh_houses завершено
2023-12-25 15:06:25,994 [INFO    ] все новые объявления добавлены
2023-12-25 15:06:27,975 [INFO    ] Успешно обработан файл 24-12-23 (без дублей).csv для prices
2023-12-25 15:06:27,975 [INFO    ] Выгрузка в таблицу prices обработанного файла из авито: 24-12-23 (без дублей).csv
2023-12-25 15:06:45,889 [INFO    ] данные avito загружены успешно
2023-12-25 15:06:46,247 [INFO    ] Новые данные загружены по файлам ['24-12-23 (без дублей).csv'] из авито и ['циан 16-12-23 (без дублей).csv', 'циан 17-12-23 (без дублей).csv', 'циан 18-12-23 (без дублей).csv', 'циан 19-12-23 (без дублей).csv', 'циан 20-12-23 (без дублей).csv', 'циан 21-12-23 (без дублей).csv', 'циан 22-12-23 (без дублей).csv', 'циан 23-12-23 (без дублей).csv', 'циан 24-12-23 (без дублей).csv'] из циана за 0:05:17.384435
2023-12-25 15:06:46,351 [INFO    ] HTTP Request: GET https://dadata.ru/api/v2/profile/balance "HTTP/1.1 200 OK"
2023-12-25 15:06:46,353 [INFO    ] сохранение лог-файла
