2023-12-15 15:01:15,787 [INFO    ] Скрипт запущен: 2023-12-15 15:01:15.787218
2023-12-15 15:01:15,873 [INFO    ] Connected (version 2.0, client OpenSSH_7.4p1)
2023-12-15 15:01:15,945 [INFO    ] Authentication (publickey) failed.
2023-12-15 15:01:15,960 [INFO    ] Connected (version 2.0, client OpenSSH_7.4p1)
2023-12-15 15:01:16,052 [INFO    ] Authentication (password) successful!
2023-12-15 15:01:16,054 [INFO    ] connected to host 92.53.64.66 base preprod_nedvizhka_db
2023-12-15 15:01:16,218 [INFO    ] yandex token valid
2023-12-15 15:01:19,209 [INFO    ] Успешно загружено 1 файлов с личного диска: ['14-12-23 (без дублей).csv'] для avito
2023-12-15 15:01:19,374 [INFO    ] yandex token valid
2023-12-15 15:01:22,470 [INFO    ] Успешно загружено 1 файлов с личного диска: ['циан 14-12-23 (без дублей).csv'] для cian
2023-12-15 15:01:22,471 [INFO    ] ready to process files ['14-12-23 (без дублей).csv'], ['циан 14-12-23 (без дублей).csv']
2023-12-15 15:01:38,365 [INFO    ] обновлен status_new в таблице realty
2023-12-15 15:01:55,260 [INFO    ] обновлен status_new в таблице prices
2023-12-15 15:01:55,264 [INFO    ] обработка файла циан 14-12-23 (без дублей).csv для cian
2023-12-15 15:01:56,548 [INFO    ] обработка district_id:
2023-12-15 15:01:56,548 [INFO    ] districts_update:   0%|          | 0/120811 [00:00<?, ?it/s]
2023-12-15 15:02:11,549 [INFO    ] districts_update:  11%|#1        | 13891/120811 [00:15<01:55, 926.04it/s]
2023-12-15 15:02:25,787 [INFO    ] districts_update:  23%|##3       | 27791/120811 [00:29<01:40, 926.04it/s]
2023-12-15 15:02:26,550 [INFO    ] districts_update:  24%|##3       | 28630/120811 [00:30<01:36, 959.28it/s]
2023-12-15 15:02:41,550 [INFO    ] districts_update:  37%|###7      | 44945/120811 [00:45<01:14, 1017.90it/s]
2023-12-15 15:02:55,806 [INFO    ] districts_update:  49%|####8     | 58876/120811 [00:59<01:00, 1017.90it/s]
2023-12-15 15:02:56,551 [INFO    ] districts_update:  49%|####9     | 59774/120811 [01:00<01:00, 1006.32it/s]
2023-12-15 15:03:09,857 [INFO    ] добавлен новый район "13,14" в districts функцией district_from_rn_mkrn
2023-12-15 15:03:11,551 [INFO    ] districts_update:  62%|######1   | 74696/120811 [01:15<00:46, 1002.15it/s]
2023-12-15 15:03:12,698 [INFO    ] добавлен новый район "2-й Академический" в districts функцией district_from_rn_mkrn
2023-12-15 15:03:25,832 [INFO    ] districts_update:  73%|#######2  | 87827/120811 [01:29<00:32, 1002.15it/s]
2023-12-15 15:03:26,552 [INFO    ] districts_update:  73%|#######3  | 88481/120811 [01:30<00:33, 973.86it/s]
2023-12-15 15:03:41,552 [INFO    ] districts_update:  86%|########5 | 103719/120811 [01:45<00:17, 987.58it/s]
2023-12-15 15:03:55,849 [INFO    ] districts_update:  98%|#########7| 117900/120811 [01:59<00:02, 987.58it/s]
2023-12-15 15:03:56,553 [INFO    ] districts_update:  98%|#########8| 118626/120811 [02:00<00:02, 989.55it/s]
2023-12-15 15:03:58,741 [INFO    ] districts_update: 100%|##########| 120811/120811 [02:02<00:00, 988.69it/s]
2023-12-15 15:03:58,742 [INFO    ] 
2023-12-15 15:03:58,748 [INFO    ] district add from realty
2023-12-15 15:04:00,782 [INFO    ] Успешно обработан файл циан 14-12-23 (без дублей).csv для realty
2023-12-15 15:04:00,799 [INFO    ] Выгрузка в таблицу realty обработанного файла из cian: циан 14-12-23 (без дублей).csv
2023-12-15 15:04:01,213 [INFO    ] Временная таблица создана
2023-12-15 15:04:12,399 [INFO    ] Загрузка новых объявлений в таблицу
2023-12-15 15:04:12,653 [INFO    ] 116869 существующих и 3942 новых объявлений
2023-12-15 15:04:12,700 [INFO    ] temp таблица очищена, загружаются данные
2023-12-15 15:05:14,424 [INFO    ] обновлена таблица realty
2023-12-15 15:05:33,129 [INFO    ] обновлены районы в таблице realty
2023-12-15 15:05:46,639 [INFO    ] Обновление существующих данных realty завершено
2023-12-15 15:06:22,243 [INFO    ] из новых объяв найдено по адресу 955, запрос в ddt для 880 уник. адресов из 2987
2023-12-15 15:06:22,244 [INFO    ] обновление районов для найденных в realty по адресу новых объявлений:
2023-12-15 15:06:22,270 [INFO    ] обнаружено 41 районов для 49 новых объявлений, найденных по адресу из 88
2023-12-15 15:06:22,280 [INFO    ] 23 районов осталось незаполнено
2023-12-15 15:06:22,281 [INFO    ] переход к обновлению оставшихся (не найденных по адресу) 2987 новых объявлений (880 адресов) для cian
2023-12-15 15:06:22,297 [INFO    ] загрузка данных dadata из /var/www/yadisk_loader/saved_data_csv/cian_dadata_request.csv
2023-12-15 15:06:23,118 [INFO    ] удалось загрузить исторические данные dadata
2023-12-15 15:06:25,130 [INFO    ] количество запросов к dadata составит: 880
2023-12-15 15:06:25,135 [INFO    ] 0%|          | 0/159 [00:00<?, ?it/s]
2023-12-15 15:06:27,536 [INFO    ] 880it [00:02, 366.61it/s]
2023-12-15 15:06:27,536 [INFO    ] 
2023-12-15 15:06:27,536 [INFO    ] dadata con closed succesfully
2023-12-15 15:06:27,537 [INFO    ] обращение к DDT по 724/880 адресам из cian заняло 0:00:05.256310
2023-12-15 15:06:27,551 [INFO    ] обращение к DDT выполнено для 1709/2987 новых объявлений, найден fias для 1266
2023-12-15 15:07:20,228 [INFO    ] уникальных троек по h_fias_id, ad_id, d_id, в таблице с районами и houses_jkh_ddt/id: 1709
2023-12-15 15:07:20,231 [INFO    ] выгрузка данных в таблицу realty
2023-12-15 15:07:21,232 [INFO    ] Добавлено районов к объявлениям realty: 2 - было 1856 стало 1858
2023-12-15 15:07:21,233 [INFO    ] Есть несовпадения районов c jkh, обновление районов в jkh для 4 записей
2023-12-15 15:07:27,628 [INFO    ] Временная таблица temp_jkh_houses создана
2023-12-15 15:07:31,207 [INFO    ] Обновление данных jkh_houses завершено
2023-12-15 15:07:32,984 [INFO    ] все новые объявления добавлены
2023-12-15 15:07:34,574 [INFO    ] Успешно обработан файл циан 14-12-23 (без дублей).csv для prices
2023-12-15 15:07:34,574 [INFO    ] Выгрузка в таблицу prices обработанного файла из cian: циан 14-12-23 (без дублей).csv
2023-12-15 15:07:46,239 [INFO    ] данные cian загружены успешно
2023-12-15 15:07:46,332 [INFO    ] обработка файла 14-12-23 (без дублей).csv для авито
2023-12-15 15:08:35,189 [INFO    ] Успешно обработан файл 14-12-23 (без дублей).csv для realty
2023-12-15 15:08:35,253 [INFO    ] Выгрузка в таблицу realty обработанного файла из авито: 14-12-23 (без дублей).csv
2023-12-15 15:08:35,394 [INFO    ] Временная таблица очищена
2023-12-15 15:08:40,585 [INFO    ] Загрузка новых объявлений в таблицу
2023-12-15 15:08:40,765 [INFO    ] 183920 существующих и 3090 новых объявлений
2023-12-15 15:08:40,812 [INFO    ] temp таблица очищена, загружаются данные
2023-12-15 15:09:44,051 [INFO    ] обновлена таблица realty
2023-12-15 15:09:46,504 [INFO    ] обновлены районы в таблице realty
2023-12-15 15:09:57,747 [INFO    ] Обновление существующих данных realty завершено
2023-12-15 15:10:34,619 [INFO    ] из новых объяв найдено по адресу 853, запрос в ddt для 846 уник. адресов из 2237
2023-12-15 15:10:34,620 [INFO    ] обновление районов для найденных в realty по адресу новых объявлений:
2023-12-15 15:10:35,049 [INFO    ] обнаружено 379 районов для 594 новых объявлений, найденных по адресу из 853
2023-12-15 15:10:35,073 [INFO    ] 220 районов осталось незаполнено
2023-12-15 15:10:35,074 [INFO    ] переход к обновлению оставшихся (не найденных по адресу) 2237 новых объявлений (846 адресов) для avito
2023-12-15 15:10:35,102 [INFO    ] загрузка данных dadata из /var/www/yadisk_loader/saved_data_csv/avito_dadata_request.csv
2023-12-15 15:10:36,566 [INFO    ] удалось загрузить исторические данные dadata
2023-12-15 15:10:38,579 [INFO    ] количество запросов к dadata составит: 846
2023-12-15 15:10:38,583 [INFO    ] 0%|          | 0/150 [00:00<?, ?it/s]
2023-12-15 15:10:41,367 [INFO    ] 846it [00:02, 303.99it/s]
2023-12-15 15:10:41,367 [INFO    ] 
2023-12-15 15:10:41,367 [INFO    ] dadata con closed succesfully
2023-12-15 15:10:41,368 [INFO    ] обращение к DDT по 796/846 адресам из avito заняло 0:00:06.293575
2023-12-15 15:10:41,381 [INFO    ] обращение к DDT выполнено для 1935/2237 новых объявлений, найден fias для 1064
2023-12-15 15:11:45,643 [INFO    ] уникальных троек по h_fias_id, ad_id, d_id, в таблице с районами и houses_jkh_ddt/id: 1935
2023-12-15 15:11:45,649 [INFO    ] выгрузка данных в таблицу realty
2023-12-15 15:11:46,371 [INFO    ] Добавлено районов к объявлениям realty: 356 - было 0 стало 356
2023-12-15 15:11:46,371 [INFO    ] Есть несовпадения районов c jkh, обновление районов в jkh для 0 записей
2023-12-15 15:11:49,489 [INFO    ] Временная таблица temp_jkh_houses очищена
2023-12-15 15:11:52,813 [INFO    ] Обновление данных jkh_houses завершено
2023-12-15 15:11:54,242 [INFO    ] все новые объявления добавлены
2023-12-15 15:11:56,425 [INFO    ] Успешно обработан файл 14-12-23 (без дублей).csv для prices
2023-12-15 15:11:56,426 [INFO    ] Выгрузка в таблицу prices обработанного файла из авито: 14-12-23 (без дублей).csv
2023-12-15 15:12:14,376 [INFO    ] данные avito загружены успешно
2023-12-15 15:12:14,940 [INFO    ] Новые данные загружены по файлам ['14-12-23 (без дублей).csv'] из авито и ['циан 14-12-23 (без дублей).csv'] из циана за 0:10:59.153687
2023-12-15 15:12:15,042 [INFO    ] HTTP Request: GET https://dadata.ru/api/v2/profile/balance "HTTP/1.1 200 OK"
2023-12-15 15:12:15,044 [INFO    ] сохранение лог-файла
