2023-11-22 09:35:33,952 [INFO    ] Скрипт запущен: 2023-11-22 09:35:33.952316
2023-11-22 09:35:33,986 [INFO    ] Connected (version 2.0, client OpenSSH_7.4p1)
2023-11-22 09:35:34,037 [INFO    ] Authentication (publickey) failed.
2023-11-22 09:35:34,042 [INFO    ] Connected (version 2.0, client OpenSSH_7.4p1)
2023-11-22 09:35:34,120 [INFO    ] Authentication (password) successful!
2023-11-22 09:35:34,197 [INFO    ] connected to host 92.53.64.66 base preprod_nedvizhka_db
2023-11-22 09:35:34,357 [INFO    ] yandex token valid
2023-11-22 09:35:37,277 [INFO    ] Успешно загружено 1 файлов с личного диска: ['20-11-23 (без дублей).csv'] для avito
2023-11-22 09:35:37,480 [INFO    ] yandex token valid
2023-11-22 09:35:40,466 [INFO    ] Успешно загружено 1 файлов с личного диска: ['циан 20-11-23 (без дублей).csv'] для cian
2023-11-22 09:35:40,467 [INFO    ] ready to process files ['20-11-23 (без дублей).csv'], ['циан 20-11-23 (без дублей).csv']
2023-11-22 09:35:53,626 [INFO    ] обновлен status_new в таблице realty
2023-11-22 09:35:53,628 [INFO    ] обработка файла циан 20-11-23 (без дублей).csv для cian
2023-11-22 09:35:54,864 [INFO    ] обработка district_id:
2023-11-22 09:35:54,869 [INFO    ] districts_update:   0%|          | 0/117796 [00:00<?, ?it/s]
2023-11-22 09:36:09,870 [INFO    ] districts_update:  12%|#1        | 14098/117796 [00:15<01:50, 939.83it/s]
2023-11-22 09:36:24,870 [INFO    ] districts_update:  25%|##4       | 29035/117796 [00:30<01:31, 972.74it/s]
2023-11-22 09:36:34,909 [INFO    ] districts_update:  34%|###4      | 40166/117796 [00:40<01:19, 972.74it/s]
2023-11-22 09:36:39,871 [INFO    ] districts_update:  38%|###8      | 45223/117796 [00:45<01:11, 1021.33it/s]
2023-11-22 09:36:54,916 [INFO    ] districts_update:  51%|#####1    | 60301/117796 [01:00<00:56, 1021.33it/s]
2023-11-22 09:36:54,917 [INFO    ] districts_update:  51%|#####1    | 60302/117796 [01:00<00:56, 1013.77it/s]
2023-11-22 09:37:02,654 [INFO    ] добавлен новый район "71-й квартал" в districts функцией district_from_rn_mkrn
2023-11-22 09:37:02,895 [INFO    ] добавлен новый район "9-й квартал" в districts функцией district_from_rn_mkrn
2023-11-22 09:37:03,048 [INFO    ] добавлен новый район "60-й" в districts функцией district_from_rn_mkrn
2023-11-22 09:37:03,198 [INFO    ] добавлен новый район "Шлюзовой" в districts функцией district_from_rn_mkrn
2023-11-22 09:37:03,433 [INFO    ] добавлен новый район "8-й квартал" в districts функцией district_from_rn_mkrn
2023-11-22 09:37:03,752 [INFO    ] добавлен новый район "Автозаводский" в districts функцией district_from_rn_mkrn
2023-11-22 09:37:03,988 [INFO    ] добавлен новый район "14-й АБ квартал" в districts функцией district_from_rn_mkrn
2023-11-22 09:37:04,308 [INFO    ] добавлен новый район "11-й квартал" в districts функцией district_from_rn_mkrn
2023-11-22 09:37:04,557 [INFO    ] добавлен новый район "72-й квартал" в districts функцией district_from_rn_mkrn
2023-11-22 09:37:04,718 [INFO    ] добавлен новый район "1-й квартал" в districts функцией district_from_rn_mkrn
2023-11-22 09:37:04,864 [INFO    ] добавлен новый район "5-й квартал" в districts функцией district_from_rn_mkrn
2023-11-22 09:37:04,917 [INFO    ] districts_update:  58%|#####7    | 67979/117796 [01:10<00:49, 1013.77it/s]
2023-11-22 09:37:05,124 [INFO    ] добавлен новый район "7-й квартал" в districts функцией district_from_rn_mkrn
2023-11-22 09:37:05,274 [INFO    ] добавлен новый район "Центральный" в districts функцией district_from_rn_mkrn
2023-11-22 09:37:05,426 [INFO    ] добавлен новый район "Комсомольский" в districts функцией district_from_rn_mkrn
2023-11-22 09:37:05,582 [INFO    ] добавлен новый район "32-й квартал" в districts функцией district_from_rn_mkrn
2023-11-22 09:37:05,821 [INFO    ] добавлен новый район "6-й квартал" в districts функцией district_from_rn_mkrn
2023-11-22 09:37:05,970 [INFO    ] добавлен новый район "17-й квартал" в districts функцией district_from_rn_mkrn
2023-11-22 09:37:06,125 [INFO    ] добавлен новый район "20-й квартал" в districts функцией district_from_rn_mkrn
2023-11-22 09:37:06,361 [INFO    ] добавлен новый район "21-й квартал" в districts функцией district_from_rn_mkrn
2023-11-22 09:37:06,552 [INFO    ] добавлен новый район "3-й квартал" в districts функцией district_from_rn_mkrn
2023-11-22 09:37:06,873 [INFO    ] добавлен новый район "10-й квартал" в districts функцией district_from_rn_mkrn
2023-11-22 09:37:07,108 [INFO    ] добавлен новый район "19-й квартал" в districts функцией district_from_rn_mkrn
2023-11-22 09:37:07,268 [INFO    ] добавлен новый район "53-й" в districts функцией district_from_rn_mkrn
2023-11-22 09:37:07,418 [INFO    ] добавлен новый район "73-й квартал" в districts функцией district_from_rn_mkrn
2023-11-22 09:37:07,570 [INFO    ] добавлен новый район "Калина" в districts функцией district_from_rn_mkrn
2023-11-22 09:37:07,893 [INFO    ] добавлен новый район "18-й квартал" в districts функцией district_from_rn_mkrn
2023-11-22 09:37:08,125 [INFO    ] добавлен новый район "2-й квартал" в districts функцией district_from_rn_mkrn
2023-11-22 09:37:08,453 [INFO    ] добавлен новый район "27-й квартал" в districts функцией district_from_rn_mkrn
2023-11-22 09:37:08,792 [INFO    ] добавлен новый район "15-й квартал" в districts функцией district_from_rn_mkrn
2023-11-22 09:37:08,942 [INFO    ] добавлен новый район "3-й А квартал" в districts функцией district_from_rn_mkrn
2023-11-22 09:37:09,256 [INFO    ] добавлен новый район "4-й квартал" в districts функцией district_from_rn_mkrn
2023-11-22 09:37:09,562 [INFO    ] добавлен новый район "17-й А квартал" в districts функцией district_from_rn_mkrn
2023-11-22 09:37:09,735 [INFO    ] добавлен новый район "31-й квартал" в districts функцией district_from_rn_mkrn
2023-11-22 09:37:10,009 [INFO    ] добавлен новый район "26-й квартал" в districts функцией district_from_rn_mkrn
2023-11-22 09:37:10,015 [INFO    ] districts_update:  58%|#####7    | 68093/117796 [01:15<00:59, 833.67it/s]
2023-11-22 09:37:10,253 [INFO    ] добавлен новый район "96-й квартал" в districts функцией district_from_rn_mkrn
2023-11-22 09:37:10,600 [INFO    ] добавлен новый район "12-й квартал" в districts функцией district_from_rn_mkrn
2023-11-22 09:37:10,920 [INFO    ] добавлен новый район "46-й" в districts функцией district_from_rn_mkrn
2023-11-22 09:37:11,186 [INFO    ] добавлен новый район "144-й кварталы" в districts функцией district_from_rn_mkrn
2023-11-22 09:37:11,436 [INFO    ] добавлен новый район "16-й квартал" в districts функцией district_from_rn_mkrn
2023-11-22 09:37:11,689 [INFO    ] добавлен новый район "14-й квартал" в districts функцией district_from_rn_mkrn
2023-11-22 09:37:11,924 [INFO    ] добавлен новый район "75-й квартал" в districts функцией district_from_rn_mkrn
2023-11-22 09:37:12,176 [INFO    ] добавлен новый район "16-й" в districts функцией district_from_rn_mkrn
2023-11-22 09:37:12,449 [INFO    ] добавлен новый район "3-й Б квартал" в districts функцией district_from_rn_mkrn
2023-11-22 09:37:12,607 [INFO    ] добавлен новый район "30-й квартал" в districts функцией district_from_rn_mkrn
2023-11-22 09:37:12,762 [INFO    ] добавлен новый район "119-й" в districts функцией district_from_rn_mkrn
2023-11-22 09:37:13,008 [INFO    ] добавлен новый район "104-й" в districts функцией district_from_rn_mkrn
2023-11-22 09:37:13,285 [INFO    ] добавлен новый район "93-й" в districts функцией district_from_rn_mkrn
2023-11-22 09:37:13,540 [INFO    ] добавлен новый район "13-й квартал" в districts функцией district_from_rn_mkrn
2023-11-22 09:37:13,792 [INFO    ] добавлен новый район "Портовый" в districts функцией district_from_rn_mkrn
2023-11-22 09:37:14,038 [INFO    ] добавлен новый район "6-й" в districts функцией district_from_rn_mkrn
2023-11-22 09:37:14,301 [INFO    ] добавлен новый район "44-й" в districts функцией district_from_rn_mkrn
2023-11-22 09:37:14,495 [INFO    ] добавлен новый район "Жигулевское море" в districts функцией district_from_rn_mkrn
2023-11-22 09:37:14,921 [INFO    ] добавлен новый район "12-й" в districts функцией district_from_rn_mkrn
2023-11-22 09:37:15,218 [INFO    ] добавлен новый район "78-й квартал" в districts функцией district_from_rn_mkrn
2023-11-22 09:37:15,756 [INFO    ] добавлен новый район "91-й" в districts функцией district_from_rn_mkrn
2023-11-22 09:37:16,097 [INFO    ] добавлен новый район "36-й" в districts функцией district_from_rn_mkrn
2023-11-22 09:37:16,622 [INFO    ] добавлен новый район "Поволжский" в districts функцией district_from_rn_mkrn
2023-11-22 09:37:24,920 [INFO    ] districts_update:  66%|######5   | 77651/117796 [01:30<00:48, 833.67it/s]
2023-11-22 09:37:25,015 [INFO    ] districts_update:  66%|######5   | 77738/117796 [01:30<00:52, 768.97it/s]
2023-11-22 09:37:40,016 [INFO    ] districts_update:  79%|#######8  | 92560/117796 [01:45<00:30, 840.50it/s]
2023-11-22 09:37:50,454 [INFO    ] добавлен новый район "Федоровка" в districts функцией district_from_rn_mkrn
2023-11-22 09:37:51,016 [INFO    ] добавлен новый район "86-й" в districts функцией district_from_rn_mkrn
2023-11-22 09:37:51,255 [INFO    ] добавлен новый район "95-й квартал" в districts функцией district_from_rn_mkrn
2023-11-22 09:37:54,933 [INFO    ] districts_update:  90%|######### | 106468/117796 [02:00<00:13, 840.50it/s]
2023-11-22 09:37:55,017 [INFO    ] districts_update:  90%|######### | 106545/117796 [02:00<00:12, 869.69it/s]
2023-11-22 09:38:02,601 [INFO    ] добавлен новый район "89-й квартал" в districts функцией district_from_rn_mkrn
2023-11-22 09:38:05,288 [INFO    ] добавлен новый район "61-й квартал" в districts функцией district_from_rn_mkrn
2023-11-22 09:38:06,814 [INFO    ] districts_update: 100%|##########| 117796/117796 [02:11<00:00, 892.77it/s]
2023-11-22 09:38:06,814 [INFO    ] 
2023-11-22 09:38:06,821 [INFO    ] district add from realty
2023-11-22 09:38:08,419 [INFO    ] Успешно обработан файл циан 20-11-23 (без дублей).csv для realty
2023-11-22 09:38:08,426 [INFO    ] Выгрузка в таблицу realty обработанного файла из cian: циан 20-11-23 (без дублей).csv
2023-11-22 09:38:08,897 [INFO    ] Временная таблица создана
2023-11-22 09:38:18,631 [INFO    ] Загрузка новых объявлений в таблицу
2023-11-22 09:38:18,856 [INFO    ] 99542 существующих и 18254 новых объявлений
2023-11-22 09:38:18,905 [INFO    ] temp таблица очищена, загружаются данные
2023-11-22 09:39:00,758 [INFO    ] обновлена таблица realty
2023-11-22 09:39:15,024 [INFO    ] обновлены районы в таблице realty
2023-11-22 09:39:21,162 [INFO    ] Обновление существующих данных realty завершено
2023-11-22 09:39:51,659 [INFO    ] из новых объяв найдено по адресу 6518, запрос в ddt для 4886 уник. адресов из 11736
2023-11-22 09:39:51,661 [INFO    ] обновление районов для найденных в realty по адресу новых объявлений:
2023-11-22 09:39:51,959 [INFO    ] обнаружено 230 районов для 291 новых объявлений, найденных по адресу из 525
2023-11-22 09:39:51,984 [INFO    ] 163 районов осталось незаполнено
2023-11-22 09:39:51,989 [INFO    ] переход к обновлению оставшихся (не найденных по адресу) 11736 новых объявлений (4886 адресов) для cian
2023-11-22 09:39:52,007 [INFO    ] загрузка данных dadata из /var/www/yadisk_loader/saved_data_csv/cian_dadata_request.csv
2023-11-22 09:39:52,770 [INFO    ] удалось загрузить исторические данные dadata
2023-11-22 09:39:54,794 [INFO    ] количество запросов к dadata составит: 4886
2023-11-22 09:39:54,802 [INFO    ] 0%|          | 0/489 [00:00<?, ?it/s]
2023-11-22 09:40:04,805 [INFO    ] 3713it [00:10, 371.21it/s]
2023-11-22 09:40:08,218 [INFO    ] 4886it [00:13, 364.19it/s]
2023-11-22 09:40:08,218 [INFO    ] 
2023-11-22 09:40:08,218 [INFO    ] dadata con closed succesfully
2023-11-22 09:40:08,221 [INFO    ] обращение к DDT по 4410/4886 адресам из cian заняло 0:00:16.231520
2023-11-22 09:40:08,264 [INFO    ] обращение к DDT выполнено для 8832/11736 новых объявлений, найден fias для 7369
2023-11-22 09:41:14,343 [INFO    ] уникальных троек по h_fias_id, ad_id, d_id, в таблице с районами и houses_jkh_ddt/id: 8832
2023-11-22 09:41:14,346 [INFO    ] выгрузка данных в таблицу realty
2023-11-22 09:41:18,044 [INFO    ] Добавлено районов к объявлениям realty: 21 - было 7966 стало 7987
2023-11-22 09:41:18,044 [INFO    ] Есть несовпадения районов c jkh, обновление районов в jkh для 56 записей
2023-11-22 09:41:24,478 [INFO    ] Временная таблица temp_jkh_houses создана
2023-11-22 09:41:27,941 [INFO    ] Обновление данных jkh_houses завершено
2023-11-22 09:41:33,913 [INFO    ] все новые объявления добавлены
2023-11-22 09:41:35,557 [INFO    ] Успешно обработан файл циан 20-11-23 (без дублей).csv для prices
2023-11-22 09:41:35,557 [INFO    ] Выгрузка в таблицу prices обработанного файла из cian: циан 20-11-23 (без дублей).csv
2023-11-22 09:41:46,359 [INFO    ] данные cian загружены успешно
2023-11-22 09:41:46,453 [INFO    ] обработка файла 20-11-23 (без дублей).csv для авито
2023-11-22 09:42:31,075 [INFO    ] Успешно обработан файл 20-11-23 (без дублей).csv для realty
2023-11-22 09:42:31,121 [INFO    ] Выгрузка в таблицу realty обработанного файла из авито: 20-11-23 (без дублей).csv
2023-11-22 09:42:31,259 [INFO    ] Временная таблица очищена
2023-11-22 09:42:35,255 [INFO    ] Загрузка новых объявлений в таблицу
2023-11-22 09:42:35,409 [INFO    ] 151336 существующих и 22733 новых объявлений
2023-11-22 09:42:35,464 [INFO    ] temp таблица очищена, загружаются данные
2023-11-22 09:43:26,678 [INFO    ] обновлена таблица realty
2023-11-22 09:43:28,556 [INFO    ] обновлены районы в таблице realty
2023-11-22 09:43:36,360 [INFO    ] Обновление существующих данных realty завершено
2023-11-22 09:44:04,699 [INFO    ] из новых объяв найдено по адресу 8136, запрос в ddt для 4297 уник. адресов из 14597
2023-11-22 09:44:04,702 [INFO    ] обновление районов для найденных в realty по адресу новых объявлений:
2023-11-22 09:44:05,228 [INFO    ] обнаружено 2284 районов для 3946 новых объявлений, найденных по адресу из 8136
2023-11-22 09:44:05,240 [INFO    ] 1674 районов осталось незаполнено
2023-11-22 09:44:05,243 [INFO    ] переход к обновлению оставшихся (не найденных по адресу) 14597 новых объявлений (4297 адресов) для avito
2023-11-22 09:44:05,256 [INFO    ] загрузка данных dadata из /var/www/yadisk_loader/saved_data_csv/avito_dadata_request.csv
2023-11-22 09:44:06,433 [INFO    ] удалось загрузить исторические данные dadata
2023-11-22 09:44:08,458 [INFO    ] количество запросов к dadata составит: 4297
2023-11-22 09:44:08,466 [INFO    ] 0%|          | 0/417 [00:00<?, ?it/s]
2023-11-22 09:44:18,468 [INFO    ] 3122it [00:10, 312.15it/s]
2023-11-22 09:44:22,295 [INFO    ] 4297it [00:13, 310.73it/s]
2023-11-22 09:44:22,295 [INFO    ] 
2023-11-22 09:44:22,295 [INFO    ] dadata con closed succesfully
2023-11-22 09:44:22,298 [INFO    ] обращение к DDT по 4034/4297 адресам из avito заняло 0:00:17.055131
2023-11-22 09:44:22,346 [INFO    ] обращение к DDT выполнено для 13242/14597 новых объявлений, найден fias для 7146
2023-11-22 09:45:32,183 [INFO    ] уникальных троек по h_fias_id, ad_id, d_id, в таблице с районами и houses_jkh_ddt/id: 13242
2023-11-22 09:45:32,197 [INFO    ] выгрузка данных в таблицу realty
2023-11-22 09:45:36,849 [INFO    ] Добавлено районов к объявлениям realty: 1314 - было 0 стало 1314
2023-11-22 09:45:36,849 [INFO    ] Есть несовпадения районов c jkh, обновление районов в jkh для 0 записей
2023-11-22 09:45:40,024 [INFO    ] Временная таблица temp_jkh_houses очищена
2023-11-22 09:45:43,481 [INFO    ] Обновление данных jkh_houses завершено
2023-11-22 09:45:50,879 [INFO    ] все новые объявления добавлены
2023-11-22 09:45:52,912 [INFO    ] Успешно обработан файл 20-11-23 (без дублей).csv для prices
2023-11-22 09:45:52,912 [INFO    ] Выгрузка в таблицу prices обработанного файла из авито: 20-11-23 (без дублей).csv
2023-11-22 09:46:09,194 [INFO    ] данные avito загружены успешно
2023-11-22 09:46:09,592 [INFO    ] Новые данные загружены по файлам ['20-11-23 (без дублей).csv'] из авито и ['циан 20-11-23 (без дублей).csv'] из циана за 0:10:35.639806
2023-11-22 09:46:09,711 [INFO    ] HTTP Request: GET https://dadata.ru/api/v2/profile/balance "HTTP/1.1 200 OK"
2023-11-22 09:46:09,716 [INFO    ] сохранение лог-файла
