2023-12-02 15:13:26,107 [INFO    ] Скрипт запущен: 2023-12-02 15:13:26.107496
2023-12-02 15:13:26,143 [INFO    ] Connected (version 2.0, client OpenSSH_7.4p1)
2023-12-02 15:13:26,204 [INFO    ] Authentication (publickey) failed.
2023-12-02 15:13:26,219 [INFO    ] Connected (version 2.0, client OpenSSH_7.4p1)
2023-12-02 15:13:26,312 [INFO    ] Authentication (password) successful!
2023-12-02 15:13:26,384 [INFO    ] connected to host 92.53.64.66 base app_nedvizhka_db
2023-12-02 15:13:26,568 [INFO    ] yandex token valid
2023-12-02 15:13:27,210 [INFO    ] Успешно загружено 0 файлов с личного диска: [] для avito
2023-12-02 15:13:27,654 [INFO    ] yandex token valid
2023-12-02 15:13:33,652 [INFO    ] Успешно загружено 1 файлов с личного диска: ['циан 01-12-23 (без дублей).csv'] для cian
2023-12-02 15:13:33,653 [INFO    ] ready to process files [], ['циан 01-12-23 (без дублей).csv']
2023-12-02 15:13:40,219 [INFO    ] обновлен status_new в таблице realty
2023-12-02 15:14:11,851 [INFO    ] обновлен status_new в таблице prices
2023-12-02 15:14:11,852 [INFO    ] обработка файла циан 01-12-23 (без дублей).csv для cian
2023-12-02 15:14:13,025 [INFO    ] обработка district_id:
2023-12-02 15:14:13,034 [INFO    ] districts_update:   0%|          | 0/120386 [00:00<?, ?it/s]
2023-12-02 15:14:28,035 [INFO    ] districts_update:  12%|#1        | 14034/120386 [00:15<01:53, 935.54it/s]
2023-12-02 15:14:43,035 [INFO    ] districts_update:  24%|##3       | 28681/120386 [00:30<01:35, 959.61it/s]
2023-12-02 15:14:53,052 [INFO    ] districts_update:  33%|###3      | 39845/120386 [00:40<01:23, 959.61it/s]
2023-12-02 15:14:58,036 [INFO    ] districts_update:  37%|###7      | 45029/120386 [00:45<01:13, 1019.07it/s]
2023-12-02 15:15:13,055 [INFO    ] districts_update:  50%|####9     | 60082/120386 [01:00<00:59, 1019.07it/s]
2023-12-02 15:15:13,056 [INFO    ] districts_update:  50%|####9     | 60083/120386 [01:00<00:59, 1012.44it/s]
2023-12-02 15:15:23,062 [INFO    ] districts_update:  58%|#####8    | 70043/120386 [01:10<00:49, 1012.44it/s]
2023-12-02 15:15:28,056 [INFO    ] districts_update:  62%|######2   | 74748/120386 [01:15<00:45, 999.89it/s]
2023-12-02 15:15:43,072 [INFO    ] districts_update:  74%|#######4  | 89341/120386 [01:30<00:31, 999.89it/s]
2023-12-02 15:15:43,072 [INFO    ] districts_update:  74%|#######4  | 89342/120386 [01:30<00:31, 990.37it/s]
2023-12-02 15:15:53,073 [INFO    ] districts_update:  83%|########3 | 100027/120386 [01:40<00:20, 990.37it/s]
2023-12-02 15:15:58,073 [INFO    ] districts_update:  87%|########7 | 104961/120386 [01:45<00:15, 1006.98it/s]
2023-12-02 15:16:13,077 [INFO    ] districts_update: 100%|#########9| 119914/120386 [02:00<00:00, 1006.98it/s]
2023-12-02 15:16:13,078 [INFO    ] districts_update: 100%|#########9| 119915/120386 [02:00<00:00, 1003.68it/s]
2023-12-02 15:16:13,580 [INFO    ] districts_update: 100%|##########| 120386/120386 [02:00<00:00, 998.67it/s]
2023-12-02 15:16:13,581 [INFO    ] 
2023-12-02 15:16:13,588 [INFO    ] district add from realty
2023-12-02 15:16:14,616 [INFO    ] Успешно обработан файл циан 01-12-23 (без дублей).csv для realty
2023-12-02 15:16:14,623 [INFO    ] Выгрузка в таблицу realty обработанного файла из cian: циан 01-12-23 (без дублей).csv
2023-12-02 15:16:14,906 [INFO    ] Временная таблица создана
2023-12-02 15:16:25,378 [INFO    ] Загрузка новых объявлений в таблицу
2023-12-02 15:16:25,618 [INFO    ] 117074 существующих и 3312 новых объявлений
2023-12-02 15:16:25,664 [INFO    ] temp таблица очищена, загружаются данные
2023-12-02 15:17:27,530 [INFO    ] обновлена таблица realty
2023-12-02 15:17:58,644 [INFO    ] обновлены районы в таблице realty
2023-12-02 15:18:01,404 [INFO    ] Обновление существующих данных realty завершено
2023-12-02 15:18:36,394 [INFO    ] из новых объяв найдено по адресу 1090, запрос в ddt для 781 уник. адресов из 2222
2023-12-02 15:18:36,395 [INFO    ] обновление районов для найденных в realty по адресу новых объявлений:
2023-12-02 15:18:36,460 [INFO    ] обнаружено 74 районов для 84 новых объявлений, найденных по адресу из 137
2023-12-02 15:18:36,484 [INFO    ] 53 районов осталось незаполнено
2023-12-02 15:18:36,486 [INFO    ] переход к обновлению оставшихся (не найденных по адресу) 2222 новых объявлений (781 адресов) для cian
2023-12-02 15:18:36,507 [INFO    ] загрузка данных dadata из /var/www/yadisk_loader/saved_data_csv/cian_dadata_request.csv
2023-12-02 15:18:37,321 [INFO    ] удалось загрузить исторические данные dadata
2023-12-02 15:18:39,332 [INFO    ] количество запросов к dadata составит: 781
2023-12-02 15:18:39,336 [INFO    ] 0%|          | 0/277 [00:00<?, ?it/s]
2023-12-02 15:18:39,776 [INFO    ] HTTP Request: POST https://cleaner.dadata.ru/api/v1/clean/address "HTTP/1.1 200 "
2023-12-02 15:18:39,944 [INFO    ] HTTP Request: POST https://cleaner.dadata.ru/api/v1/clean/address "HTTP/1.1 200 "
2023-12-02 15:18:40,374 [INFO    ] HTTP Request: POST https://cleaner.dadata.ru/api/v1/clean/address "HTTP/1.1 200 "
2023-12-02 15:18:40,540 [INFO    ] HTTP Request: POST https://cleaner.dadata.ru/api/v1/clean/address "HTTP/1.1 200 "
2023-12-02 15:18:40,782 [INFO    ] HTTP Request: POST https://cleaner.dadata.ru/api/v1/clean/address "HTTP/1.1 200 "
2023-12-02 15:18:40,884 [INFO    ] HTTP Request: POST https://cleaner.dadata.ru/api/v1/clean/address "HTTP/1.1 200 "
2023-12-02 15:18:41,001 [INFO    ] HTTP Request: POST https://cleaner.dadata.ru/api/v1/clean/address "HTTP/1.1 200 "
2023-12-02 15:18:41,268 [INFO    ] HTTP Request: POST https://cleaner.dadata.ru/api/v1/clean/address "HTTP/1.1 200 "
2023-12-02 15:18:41,500 [INFO    ] HTTP Request: POST https://cleaner.dadata.ru/api/v1/clean/address "HTTP/1.1 200 "
2023-12-02 15:18:41,655 [INFO    ] HTTP Request: POST https://cleaner.dadata.ru/api/v1/clean/address "HTTP/1.1 200 "
2023-12-02 15:18:41,778 [INFO    ] HTTP Request: POST https://cleaner.dadata.ru/api/v1/clean/address "HTTP/1.1 200 "
2023-12-02 15:18:41,955 [INFO    ] HTTP Request: POST https://cleaner.dadata.ru/api/v1/clean/address "HTTP/1.1 200 "
2023-12-02 15:18:42,130 [INFO    ] HTTP Request: POST https://cleaner.dadata.ru/api/v1/clean/address "HTTP/1.1 200 "
2023-12-02 15:18:42,224 [INFO    ] HTTP Request: POST https://cleaner.dadata.ru/api/v1/clean/address "HTTP/1.1 200 "
2023-12-02 15:18:42,418 [INFO    ] HTTP Request: POST https://cleaner.dadata.ru/api/v1/clean/address "HTTP/1.1 200 "
2023-12-02 15:18:42,595 [INFO    ] HTTP Request: POST https://cleaner.dadata.ru/api/v1/clean/address "HTTP/1.1 200 "
2023-12-02 15:18:42,809 [INFO    ] HTTP Request: POST https://cleaner.dadata.ru/api/v1/clean/address "HTTP/1.1 200 "
2023-12-02 15:18:42,885 [INFO    ] HTTP Request: POST https://cleaner.dadata.ru/api/v1/clean/address "HTTP/1.1 200 "
2023-12-02 15:18:43,037 [INFO    ] HTTP Request: POST https://cleaner.dadata.ru/api/v1/clean/address "HTTP/1.1 200 "
2023-12-02 15:18:43,238 [INFO    ] HTTP Request: POST https://cleaner.dadata.ru/api/v1/clean/address "HTTP/1.1 200 "
2023-12-02 15:18:43,354 [INFO    ] HTTP Request: POST https://cleaner.dadata.ru/api/v1/clean/address "HTTP/1.1 200 "
2023-12-02 15:18:43,611 [INFO    ] HTTP Request: POST https://cleaner.dadata.ru/api/v1/clean/address "HTTP/1.1 200 "
2023-12-02 15:18:43,764 [INFO    ] HTTP Request: POST https://cleaner.dadata.ru/api/v1/clean/address "HTTP/1.1 200 "
2023-12-02 15:18:43,868 [INFO    ] HTTP Request: POST https://cleaner.dadata.ru/api/v1/clean/address "HTTP/1.1 200 "
2023-12-02 15:18:43,990 [INFO    ] HTTP Request: POST https://cleaner.dadata.ru/api/v1/clean/address "HTTP/1.1 200 "
2023-12-02 15:18:44,277 [INFO    ] HTTP Request: POST https://cleaner.dadata.ru/api/v1/clean/address "HTTP/1.1 200 "
2023-12-02 15:18:44,459 [INFO    ] HTTP Request: POST https://cleaner.dadata.ru/api/v1/clean/address "HTTP/1.1 200 "
2023-12-02 15:18:44,697 [INFO    ] HTTP Request: POST https://cleaner.dadata.ru/api/v1/clean/address "HTTP/1.1 200 "
2023-12-02 15:18:44,830 [INFO    ] HTTP Request: POST https://cleaner.dadata.ru/api/v1/clean/address "HTTP/1.1 200 "
2023-12-02 15:18:45,076 [INFO    ] HTTP Request: POST https://cleaner.dadata.ru/api/v1/clean/address "HTTP/1.1 200 "
2023-12-02 15:18:45,233 [INFO    ] HTTP Request: POST https://cleaner.dadata.ru/api/v1/clean/address "HTTP/1.1 200 "
2023-12-02 15:18:45,419 [INFO    ] HTTP Request: POST https://cleaner.dadata.ru/api/v1/clean/address "HTTP/1.1 200 "
2023-12-02 15:18:45,608 [INFO    ] HTTP Request: POST https://cleaner.dadata.ru/api/v1/clean/address "HTTP/1.1 200 "
2023-12-02 15:18:45,698 [INFO    ] HTTP Request: POST https://cleaner.dadata.ru/api/v1/clean/address "HTTP/1.1 200 "
2023-12-02 15:18:45,843 [INFO    ] HTTP Request: POST https://cleaner.dadata.ru/api/v1/clean/address "HTTP/1.1 200 "
2023-12-02 15:18:45,916 [INFO    ] HTTP Request: POST https://cleaner.dadata.ru/api/v1/clean/address "HTTP/1.1 200 "
2023-12-02 15:18:46,035 [INFO    ] HTTP Request: POST https://cleaner.dadata.ru/api/v1/clean/address "HTTP/1.1 200 "
2023-12-02 15:18:46,145 [INFO    ] HTTP Request: POST https://cleaner.dadata.ru/api/v1/clean/address "HTTP/1.1 200 "
2023-12-02 15:18:46,195 [INFO    ] HTTP Request: POST https://cleaner.dadata.ru/api/v1/clean/address "HTTP/1.1 200 "
2023-12-02 15:18:46,333 [INFO    ] HTTP Request: POST https://cleaner.dadata.ru/api/v1/clean/address "HTTP/1.1 200 "
2023-12-02 15:18:46,428 [INFO    ] HTTP Request: POST https://cleaner.dadata.ru/api/v1/clean/address "HTTP/1.1 200 "
2023-12-02 15:18:46,610 [INFO    ] HTTP Request: POST https://cleaner.dadata.ru/api/v1/clean/address "HTTP/1.1 200 "
2023-12-02 15:18:46,782 [INFO    ] HTTP Request: POST https://cleaner.dadata.ru/api/v1/clean/address "HTTP/1.1 200 "
2023-12-02 15:18:46,955 [INFO    ] HTTP Request: POST https://cleaner.dadata.ru/api/v1/clean/address "HTTP/1.1 200 "
2023-12-02 15:18:47,054 [INFO    ] HTTP Request: POST https://cleaner.dadata.ru/api/v1/clean/address "HTTP/1.1 200 "
2023-12-02 15:18:47,213 [INFO    ] HTTP Request: POST https://cleaner.dadata.ru/api/v1/clean/address "HTTP/1.1 200 "
2023-12-02 15:18:47,460 [INFO    ] HTTP Request: POST https://cleaner.dadata.ru/api/v1/clean/address "HTTP/1.1 200 "
2023-12-02 15:18:47,631 [INFO    ] HTTP Request: POST https://cleaner.dadata.ru/api/v1/clean/address "HTTP/1.1 200 "
2023-12-02 15:18:47,749 [INFO    ] HTTP Request: POST https://cleaner.dadata.ru/api/v1/clean/address "HTTP/1.1 200 "
2023-12-02 15:18:47,902 [INFO    ] HTTP Request: POST https://cleaner.dadata.ru/api/v1/clean/address "HTTP/1.1 200 "
2023-12-02 15:18:48,046 [INFO    ] HTTP Request: POST https://cleaner.dadata.ru/api/v1/clean/address "HTTP/1.1 200 "
2023-12-02 15:18:48,138 [INFO    ] HTTP Request: POST https://cleaner.dadata.ru/api/v1/clean/address "HTTP/1.1 200 "
2023-12-02 15:18:48,337 [INFO    ] HTTP Request: POST https://cleaner.dadata.ru/api/v1/clean/address "HTTP/1.1 200 "
2023-12-02 15:18:48,547 [INFO    ] HTTP Request: POST https://cleaner.dadata.ru/api/v1/clean/address "HTTP/1.1 200 "
2023-12-02 15:18:48,698 [INFO    ] HTTP Request: POST https://cleaner.dadata.ru/api/v1/clean/address "HTTP/1.1 200 "
2023-12-02 15:18:48,805 [INFO    ] HTTP Request: POST https://cleaner.dadata.ru/api/v1/clean/address "HTTP/1.1 200 "
2023-12-02 15:18:48,976 [INFO    ] HTTP Request: POST https://cleaner.dadata.ru/api/v1/clean/address "HTTP/1.1 200 "
2023-12-02 15:18:49,115 [INFO    ] HTTP Request: POST https://cleaner.dadata.ru/api/v1/clean/address "HTTP/1.1 200 "
2023-12-02 15:18:49,319 [INFO    ] HTTP Request: POST https://cleaner.dadata.ru/api/v1/clean/address "HTTP/1.1 200 "
2023-12-02 15:18:49,349 [INFO    ] 646it [00:10, 64.52it/s]
2023-12-02 15:18:49,428 [INFO    ] HTTP Request: POST https://cleaner.dadata.ru/api/v1/clean/address "HTTP/1.1 200 "
2023-12-02 15:18:49,520 [INFO    ] HTTP Request: POST https://cleaner.dadata.ru/api/v1/clean/address "HTTP/1.1 200 "
2023-12-02 15:18:49,639 [INFO    ] HTTP Request: POST https://cleaner.dadata.ru/api/v1/clean/address "HTTP/1.1 200 "
2023-12-02 15:18:49,780 [INFO    ] HTTP Request: POST https://cleaner.dadata.ru/api/v1/clean/address "HTTP/1.1 200 "
2023-12-02 15:18:49,920 [INFO    ] HTTP Request: POST https://cleaner.dadata.ru/api/v1/clean/address "HTTP/1.1 200 "
2023-12-02 15:18:50,040 [INFO    ] HTTP Request: POST https://cleaner.dadata.ru/api/v1/clean/address "HTTP/1.1 200 "
2023-12-02 15:18:50,241 [INFO    ] HTTP Request: POST https://cleaner.dadata.ru/api/v1/clean/address "HTTP/1.1 200 "
2023-12-02 15:18:50,393 [INFO    ] HTTP Request: POST https://cleaner.dadata.ru/api/v1/clean/address "HTTP/1.1 200 "
2023-12-02 15:18:50,599 [INFO    ] HTTP Request: POST https://cleaner.dadata.ru/api/v1/clean/address "HTTP/1.1 200 "
2023-12-02 15:18:50,729 [INFO    ] HTTP Request: POST https://cleaner.dadata.ru/api/v1/clean/address "HTTP/1.1 200 "
2023-12-02 15:18:50,863 [INFO    ] HTTP Request: POST https://cleaner.dadata.ru/api/v1/clean/address "HTTP/1.1 200 "
2023-12-02 15:18:51,051 [INFO    ] HTTP Request: POST https://cleaner.dadata.ru/api/v1/clean/address "HTTP/1.1 200 "
2023-12-02 15:18:51,243 [INFO    ] HTTP Request: POST https://cleaner.dadata.ru/api/v1/clean/address "HTTP/1.1 200 "
2023-12-02 15:18:51,368 [INFO    ] HTTP Request: POST https://cleaner.dadata.ru/api/v1/clean/address "HTTP/1.1 200 "
2023-12-02 15:18:51,495 [INFO    ] HTTP Request: POST https://cleaner.dadata.ru/api/v1/clean/address "HTTP/1.1 200 "
2023-12-02 15:18:51,664 [INFO    ] HTTP Request: POST https://cleaner.dadata.ru/api/v1/clean/address "HTTP/1.1 200 "
2023-12-02 15:18:51,816 [INFO    ] HTTP Request: POST https://cleaner.dadata.ru/api/v1/clean/address "HTTP/1.1 200 "
2023-12-02 15:18:51,929 [INFO    ] HTTP Request: POST https://cleaner.dadata.ru/api/v1/clean/address "HTTP/1.1 200 "
2023-12-02 15:18:51,995 [INFO    ] HTTP Request: POST https://cleaner.dadata.ru/api/v1/clean/address "HTTP/1.1 200 "
2023-12-02 15:18:52,139 [INFO    ] HTTP Request: POST https://cleaner.dadata.ru/api/v1/clean/address "HTTP/1.1 200 "
2023-12-02 15:18:52,256 [INFO    ] HTTP Request: POST https://cleaner.dadata.ru/api/v1/clean/address "HTTP/1.1 200 "
2023-12-02 15:18:52,322 [INFO    ] 781it [00:12, 60.14it/s]
2023-12-02 15:18:52,322 [INFO    ] 
2023-12-02 15:18:52,322 [INFO    ] dadata con closed succesfully
2023-12-02 15:18:52,323 [INFO    ] обращение к DDT по 584/781 адресам из cian заняло 0:00:15.837446
2023-12-02 15:18:52,338 [INFO    ] обращение к DDT выполнено для 1247/2222 новых объявлений, найден fias для 769
2023-12-02 15:20:05,621 [INFO    ] уникальных троек по h_fias_id, ad_id, d_id, в таблице с районами и houses_jkh_ddt/id: 1247
2023-12-02 15:20:05,623 [INFO    ] выгрузка данных в таблицу realty
2023-12-02 15:20:06,408 [INFO    ] Добавлено районов к объявлениям realty: 3 - было 1527 стало 1530
2023-12-02 15:20:06,409 [INFO    ] Есть несовпадения районов c jkh, обновление районов в jkh для 26 записей
2023-12-02 15:20:12,744 [INFO    ] Временная таблица temp_jkh_houses создана
2023-12-02 15:20:16,176 [INFO    ] Обновление данных jkh_houses завершено
2023-12-02 15:20:17,533 [INFO    ] все новые объявления добавлены
2023-12-02 15:20:19,290 [INFO    ] Успешно обработан файл циан 01-12-23 (без дублей).csv для prices
2023-12-02 15:20:19,290 [INFO    ] Выгрузка в таблицу prices обработанного файла из cian: циан 01-12-23 (без дублей).csv
2023-12-02 15:20:32,065 [INFO    ] данные cian загружены успешно
2023-12-02 15:20:32,579 [INFO    ] Новые данные загружены по файлам [] из авито и ['циан 01-12-23 (без дублей).csv'] из циана за 0:07:06.471761
2023-12-02 15:20:32,682 [INFO    ] HTTP Request: GET https://dadata.ru/api/v2/profile/balance "HTTP/1.1 200 OK"
2023-12-02 15:20:33,016 [INFO    ] отчет отправлен в tg
2023-12-02 15:20:33,227 [INFO    ] сохранение лог-файла
