2024-01-08 15:00:05,827 [INFO    ] Скрипт запущен: 2024-01-08 15:00:05.827020
2024-01-08 15:00:05,907 [INFO    ] Connected (version 2.0, client OpenSSH_7.4p1)
2024-01-08 15:00:05,976 [INFO    ] Authentication (publickey) failed.
2024-01-08 15:00:05,992 [INFO    ] Connected (version 2.0, client OpenSSH_7.4p1)
2024-01-08 15:00:06,089 [INFO    ] Authentication (password) successful!
2024-01-08 15:00:06,090 [INFO    ] connected to host 92.53.64.66 base preprod_nedvizhka_db
2024-01-08 15:00:06,586 [INFO    ] yandex token valid
2024-01-08 15:00:09,014 [INFO    ] Успешно загружено 1 файлов с личного диска: ['07-01-24 (без дублей).csv'] для avito
2024-01-08 15:00:09,225 [INFO    ] yandex token valid
2024-01-08 15:00:10,976 [INFO    ] Успешно загружено 1 файлов с личного диска: ['циан 07-01-24 (без дублей).csv'] для cian
2024-01-08 15:00:10,976 [INFO    ] ready to process files ['07-01-24 (без дублей).csv'], ['циан 07-01-24 (без дублей).csv']
2024-01-08 15:00:25,855 [INFO    ] обновлен status_new в таблице realty
2024-01-08 15:00:40,456 [INFO    ] обновлен status_new в таблице prices
2024-01-08 15:00:40,457 [INFO    ] обработка файла циан 07-01-24 (без дублей).csv для cian
2024-01-08 15:00:41,608 [INFO    ] обработка district_id:
2024-01-08 15:00:41,610 [INFO    ] districts_update:   0%|          | 0/110128 [00:00<?, ?it/s]
2024-01-08 15:00:56,611 [INFO    ] districts_update:  12%|#2        | 13516/110128 [00:15<01:47, 901.00it/s]
2024-01-08 15:01:11,612 [INFO    ] districts_update:  26%|##6       | 28652/110128 [00:30<01:24, 964.55it/s]
2024-01-08 15:01:25,819 [INFO    ] districts_update:  39%|###9      | 43024/110128 [00:44<01:09, 964.55it/s]
2024-01-08 15:01:26,613 [INFO    ] districts_update:  40%|###9      | 43762/110128 [00:45<01:07, 984.06it/s]
2024-01-08 15:01:42,382 [INFO    ] districts_update:  53%|#####3    | 58872/110128 [01:00<00:52, 973.54it/s]
2024-01-08 15:01:55,861 [INFO    ] districts_update:  66%|######5   | 72203/110128 [01:14<00:38, 973.54it/s]
2024-01-08 15:01:57,383 [INFO    ] districts_update:  67%|######7   | 73867/110128 [01:15<00:36, 982.82it/s]
2024-01-08 15:02:12,727 [INFO    ] districts_update:  81%|########  | 88861/110128 [01:31<00:21, 980.89it/s]
2024-01-08 15:02:25,889 [INFO    ] districts_update:  92%|#########2| 101642/110128 [01:44<00:08, 980.89it/s]
2024-01-08 15:02:27,728 [INFO    ] districts_update:  94%|#########3| 103397/110128 [01:46<00:06, 977.05it/s]
2024-01-08 15:02:34,547 [INFO    ] districts_update: 100%|##########| 110128/110128 [01:52<00:00, 975.13it/s]
2024-01-08 15:02:34,548 [INFO    ] 
2024-01-08 15:02:34,554 [INFO    ] district add from realty
2024-01-08 15:02:36,594 [INFO    ] Успешно обработан файл циан 07-01-24 (без дублей).csv для realty
2024-01-08 15:02:36,609 [INFO    ] Выгрузка в таблицу realty обработанного файла из cian: циан 07-01-24 (без дублей).csv
2024-01-08 15:02:37,065 [INFO    ] Временная таблица создана
2024-01-08 15:02:51,571 [INFO    ] Загрузка новых объявлений в таблицу
2024-01-08 15:02:51,813 [INFO    ] 108902 существующих и 1226 новых объявлений
2024-01-08 15:02:51,817 [INFO    ] temp таблица очищена, загружаются данные
2024-01-08 15:03:53,078 [INFO    ] обновлена таблица realty
2024-01-08 15:04:22,904 [INFO    ] обновлены районы в таблице realty
2024-01-08 15:04:25,371 [INFO    ] Обновление существующих данных realty завершено
2024-01-08 15:05:02,664 [INFO    ] из новых объяв найдено по адресу 255, запрос в ddt для 381 уник. адресов из 971
2024-01-08 15:05:02,664 [INFO    ] обновление районов для найденных в realty по адресу новых объявлений:
2024-01-08 15:05:02,838 [INFO    ] обнаружено 18 районов для 19 новых объявлений, найденных по адресу из 33
2024-01-08 15:05:02,858 [INFO    ] 7 районов осталось незаполнено
2024-01-08 15:05:02,859 [INFO    ] переход к обновлению оставшихся (не найденных по адресу) 971 новых объявлений (381 адресов) для cian
2024-01-08 15:05:02,879 [INFO    ] загрузка данных dadata из /var/www/yadisk_loader/saved_data_csv/cian_dadata_request.csv
2024-01-08 15:05:03,681 [INFO    ] удалось загрузить исторические данные dadata
2024-01-08 15:05:05,689 [INFO    ] количество запросов к dadata составит: 381
2024-01-08 15:05:05,694 [INFO    ] 0%|          | 0/139 [00:00<?, ?it/s]
2024-01-08 15:05:06,681 [INFO    ] 381it [00:00, 386.19it/s]
2024-01-08 15:05:06,681 [INFO    ] 
2024-01-08 15:05:06,681 [INFO    ] dadata con closed succesfully
2024-01-08 15:05:06,682 [INFO    ] обращение к DDT по 243/381 адресам из cian заняло 0:00:03.823080
2024-01-08 15:05:06,698 [INFO    ] обращение к DDT выполнено для 408/971 новых объявлений, найден fias для 232
2024-01-08 15:06:12,780 [INFO    ] уникальных троек по h_fias_id, ad_id, d_id, в таблице с районами и houses_jkh_ddt/id: 408
2024-01-08 15:06:12,784 [INFO    ] выгрузка данных в таблицу realty
2024-01-08 15:06:13,149 [INFO    ] Добавлено районов к объявлениям realty: 1 - было 560 стало 561
2024-01-08 15:06:13,149 [INFO    ] Есть несовпадения районов c jkh, обновление районов в jkh для 3 записей
2024-01-08 15:06:19,567 [INFO    ] Временная таблица temp_jkh_houses создана
2024-01-08 15:06:23,068 [INFO    ] Обновление данных jkh_houses завершено
2024-01-08 15:06:23,799 [INFO    ] все новые объявления добавлены
2024-01-08 15:06:24,957 [INFO    ] Успешно обработан файл циан 07-01-24 (без дублей).csv для prices
2024-01-08 15:06:24,957 [INFO    ] Выгрузка в таблицу prices обработанного файла из cian: циан 07-01-24 (без дублей).csv
2024-01-08 15:06:36,151 [INFO    ] данные cian загружены успешно
2024-01-08 15:06:36,233 [INFO    ] обработка файла 07-01-24 (без дублей).csv для авито
2024-01-08 15:07:20,701 [INFO    ] Успешно обработан файл 07-01-24 (без дублей).csv для realty
2024-01-08 15:07:20,758 [INFO    ] Выгрузка в таблицу realty обработанного файла из авито: 07-01-24 (без дублей).csv
2024-01-08 15:07:20,895 [INFO    ] Временная таблица очищена
2024-01-08 15:07:26,409 [INFO    ] Загрузка новых объявлений в таблицу
2024-01-08 15:07:26,594 [INFO    ] 168826 существующих и 784 новых объявлений
2024-01-08 15:07:26,650 [INFO    ] temp таблица очищена, загружаются данные
2024-01-08 15:08:25,800 [INFO    ] обновлена таблица realty
2024-01-08 15:08:28,349 [INFO    ] обновлены районы в таблице realty
2024-01-08 15:08:36,353 [INFO    ] Обновление существующих данных realty завершено
2024-01-08 15:09:10,890 [INFO    ] из новых объяв найдено по адресу 244, запрос в ddt для 348 уник. адресов из 540
2024-01-08 15:09:10,890 [INFO    ] обновление районов для найденных в realty по адресу новых объявлений:
2024-01-08 15:09:11,194 [INFO    ] обнаружено 118 районов для 203 новых объявлений, найденных по адресу из 244
2024-01-08 15:09:11,221 [INFO    ] 87 районов осталось незаполнено
2024-01-08 15:09:11,221 [INFO    ] переход к обновлению оставшихся (не найденных по адресу) 540 новых объявлений (348 адресов) для avito
2024-01-08 15:09:11,250 [INFO    ] загрузка данных dadata из /var/www/yadisk_loader/saved_data_csv/avito_dadata_request.csv
2024-01-08 15:09:12,537 [INFO    ] удалось загрузить исторические данные dadata
2024-01-08 15:09:14,549 [INFO    ] количество запросов к dadata составит: 348
2024-01-08 15:09:14,553 [INFO    ] 0%|          | 0/32 [00:00<?, ?it/s]
2024-01-08 15:09:15,837 [INFO    ] 348it [00:01, 271.04it/s]
2024-01-08 15:09:15,837 [INFO    ] 
2024-01-08 15:09:15,838 [INFO    ] dadata con closed succesfully
2024-01-08 15:09:15,838 [INFO    ] обращение к DDT по 339/348 адресам из avito заняло 0:00:04.616881
2024-01-08 15:09:15,848 [INFO    ] обращение к DDT выполнено для 502/540 новых объявлений, найден fias для 348
2024-01-08 15:10:25,785 [INFO    ] уникальных троек по h_fias_id, ad_id, d_id, в таблице с районами и houses_jkh_ddt/id: 502
2024-01-08 15:10:25,789 [INFO    ] выгрузка данных в таблицу realty
2024-01-08 15:10:26,024 [INFO    ] Добавлено районов к объявлениям realty: 93 - было 0 стало 93
2024-01-08 15:10:26,025 [INFO    ] Есть несовпадения районов c jkh, обновление районов в jkh для 0 записей
2024-01-08 15:10:29,198 [INFO    ] Временная таблица temp_jkh_houses очищена
2024-01-08 15:10:32,665 [INFO    ] Обновление данных jkh_houses завершено
2024-01-08 15:10:33,397 [INFO    ] все новые объявления добавлены
2024-01-08 15:10:35,315 [INFO    ] Успешно обработан файл 07-01-24 (без дублей).csv для prices
2024-01-08 15:10:35,315 [INFO    ] Выгрузка в таблицу prices обработанного файла из авито: 07-01-24 (без дублей).csv
2024-01-08 15:10:52,871 [INFO    ] данные avito загружены успешно
2024-01-08 15:10:53,335 [INFO    ] Новые данные загружены по файлам ['07-01-24 (без дублей).csv'] из авито и ['циан 07-01-24 (без дублей).csv'] из циана за 0:10:47.508569
2024-01-08 15:10:53,443 [INFO    ] HTTP Request: GET https://dadata.ru/api/v2/profile/balance "HTTP/1.1 200 OK"
2024-01-08 15:10:53,447 [INFO    ] сохранение лог-файла
