2023-10-10 15:00:00,223 [INFO    ] Скрипт запущен: 2023-10-10 15:00:00.223738
2023-10-10 15:00:00,264 [INFO    ] Connected (version 2.0, client OpenSSH_7.4p1)
2023-10-10 15:00:00,320 [INFO    ] Authentication (publickey) failed.
2023-10-10 15:00:00,323 [INFO    ] Connected (version 2.0, client OpenSSH_7.4p1)
2023-10-10 15:00:00,374 [INFO    ] Authentication (password) successful!
2023-10-10 15:00:00,374 [INFO    ] connected to host 92.53.64.66 base preprod_nedvizhka_db
2023-10-10 15:00:00,856 [INFO    ] yandex token valid
2023-10-10 15:00:03,877 [INFO    ] Успешно загружено 1 файлов с личного диска: ['09-10-23 (без дублей).csv'] для avito
2023-10-10 15:00:04,061 [INFO    ] yandex token valid
2023-10-10 15:00:06,058 [INFO    ] Успешно загружено 1 файлов с личного диска: ['циан 09-10-23 (без дублей).csv'] для cian
2023-10-10 15:00:06,058 [INFO    ] ready to process files ['09-10-23 (без дублей).csv'], ['циан 09-10-23 (без дублей).csv']
2023-10-10 15:00:15,402 [INFO    ] обновлен status_new в таблице realty
2023-10-10 15:01:11,365 [INFO    ] обновлен status_new в таблице prices
2023-10-10 15:01:11,377 [INFO    ] обработка файла циан 09-10-23 (без дублей).csv для cian
2023-10-10 15:01:12,494 [INFO    ] обработка district_id:
2023-10-10 15:01:12,495 [INFO    ] districts_update:   0%|          | 0/110193 [00:00<?, ?it/s]
2023-10-10 15:01:27,496 [INFO    ] districts_update:  13%|#2        | 14187/110193 [00:15<01:41, 945.76it/s]
2023-10-10 15:01:37,518 [INFO    ] districts_update:  22%|##1       | 23950/110193 [00:25<01:31, 945.76it/s]
2023-10-10 15:01:42,496 [INFO    ] districts_update:  27%|##6       | 29572/110193 [00:30<01:21, 992.75it/s]
2023-10-10 15:01:57,534 [INFO    ] districts_update:  41%|####      | 44816/110193 [00:45<01:05, 992.75it/s]
2023-10-10 15:01:57,535 [INFO    ] districts_update:  41%|####      | 44817/110193 [00:45<01:05, 1002.35it/s]
2023-10-10 15:02:07,537 [INFO    ] districts_update:  49%|####9     | 54408/110193 [00:55<00:55, 1002.35it/s]
2023-10-10 15:02:12,535 [INFO    ] districts_update:  54%|#####3    | 59075/110193 [01:00<00:52, 981.90it/s]
2023-10-10 15:02:27,536 [INFO    ] districts_update:  67%|######6   | 73478/110193 [01:15<00:37, 974.06it/s]
2023-10-10 15:02:37,550 [INFO    ] districts_update:  76%|#######5  | 83529/110193 [01:25<00:27, 974.06it/s]
2023-10-10 15:02:42,536 [INFO    ] districts_update:  80%|########  | 88318/110193 [01:30<00:22, 979.24it/s]
2023-10-10 15:02:57,561 [INFO    ] districts_update:  94%|#########3| 103077/110193 [01:45<00:07, 979.24it/s]
2023-10-10 15:02:57,561 [INFO    ] districts_update:  94%|#########3| 103078/110193 [01:45<00:07, 980.26it/s]
2023-10-10 15:03:04,734 [INFO    ] districts_update: 100%|##########| 110193/110193 [01:52<00:00, 981.78it/s]
2023-10-10 15:03:04,734 [INFO    ] 
2023-10-10 15:03:04,746 [INFO    ] district add from realty
2023-10-10 15:03:06,166 [INFO    ] Успешно обработан файл циан 09-10-23 (без дублей).csv для realty
2023-10-10 15:03:06,221 [INFO    ] Выгрузка в таблицу realty обработанного файла из cian: циан 09-10-23 (без дублей).csv
2023-10-10 15:03:06,494 [INFO    ] Временная таблица создана
2023-10-10 15:03:15,344 [INFO    ] Загрузка новых объявлений в таблицу
2023-10-10 15:03:15,541 [INFO    ] 106652 существующих и 3541 новых объявлений
2023-10-10 15:03:15,587 [INFO    ] temp таблица очищена, загружаются данные
2023-10-10 15:04:03,585 [INFO    ] обновлена таблица realty
2023-10-10 15:04:23,850 [INFO    ] обновлены районы в таблице realty
2023-10-10 15:04:32,082 [INFO    ] Обновление существующих данных realty завершено
2023-10-10 15:04:58,801 [INFO    ] из новых объяв найдено по адресу 1182, запрос в ddt для 812 уник. адресов из 2359
2023-10-10 15:04:58,802 [INFO    ] обновление районов для найденных в realty по адресу новых объявлений:
2023-10-10 15:04:58,984 [INFO    ] обнаружено 96 районов для 96 новых объявлений, найденных по адресу из 139
2023-10-10 15:04:58,989 [INFO    ] 77 районов осталось незаполнено
2023-10-10 15:04:58,990 [INFO    ] переход к обновлению оставшихся (не найденных по адресу) 2359 новых объявлений (812 адресов) для cian
2023-10-10 15:04:59,003 [INFO    ] загрузка данных dadata из /var/www/yadisk_loader/saved_data_csv/cian_dadata_request.csv
2023-10-10 15:04:59,539 [INFO    ] удалось загрузить исторические данные dadata
2023-10-10 15:05:01,546 [INFO    ] количество запросов к dadata составит: 812
2023-10-10 15:05:01,547 [INFO    ] 0%|          | 0/186 [00:00<?, ?it/s]
2023-10-10 15:05:03,323 [INFO    ] 812it [00:01, 457.20it/s]
2023-10-10 15:05:03,323 [INFO    ] 
2023-10-10 15:05:03,323 [INFO    ] dadata con closed succesfully
2023-10-10 15:05:03,324 [INFO    ] обращение к DDT по 627/812 адресам из cian заняло 0:00:04.334424
2023-10-10 15:05:03,337 [INFO    ] обращение к DDT выполнено для 1298/2359 новых объявлений, найден fias для 906
2023-10-10 15:05:51,280 [INFO    ] уникальных троек по h_fias_id, ad_id, d_id, в таблице с районами и houses_jkh_ddt/id: 1298
2023-10-10 15:05:51,282 [INFO    ] выгрузка данных в таблицу realty
2023-10-10 15:05:52,107 [INFO    ] Добавлено районов к объявлениям realty: 1 - было 1557 стало 1558
2023-10-10 15:05:52,107 [INFO    ] Есть несовпадения районов c jkh, обновление районов в jkh для 25 записей
2023-10-10 15:05:58,403 [INFO    ] Временная таблица temp_jkh_houses создана
2023-10-10 15:06:01,990 [INFO    ] Обновление данных jkh_houses завершено
2023-10-10 15:06:03,379 [INFO    ] все новые объявления добавлены
2023-10-10 15:06:04,718 [INFO    ] Успешно обработан файл циан 09-10-23 (без дублей).csv для prices
2023-10-10 15:06:04,718 [INFO    ] Выгрузка в таблицу prices обработанного файла из cian: циан 09-10-23 (без дублей).csv
2023-10-10 15:06:14,875 [INFO    ] данные cian загружены успешно
2023-10-10 15:06:14,962 [INFO    ] обработка файла 09-10-23 (без дублей).csv для авито
2023-10-10 15:06:59,530 [INFO    ] Успешно обработан файл 09-10-23 (без дублей).csv для realty
2023-10-10 15:06:59,622 [INFO    ] Выгрузка в таблицу realty обработанного файла из авито: 09-10-23 (без дублей).csv
2023-10-10 15:06:59,711 [INFO    ] Временная таблица очищена
2023-10-10 15:07:02,718 [INFO    ] Загрузка новых объявлений в таблицу
2023-10-10 15:07:02,871 [INFO    ] 174937 существующих и 8910 новых объявлений
2023-10-10 15:07:02,914 [INFO    ] temp таблица очищена, загружаются данные
2023-10-10 15:07:54,096 [INFO    ] обновлена таблица realty
2023-10-10 15:07:56,059 [INFO    ] обновлены районы в таблице realty
2023-10-10 15:08:02,637 [INFO    ] Обновление существующих данных realty завершено
2023-10-10 15:08:27,800 [INFO    ] из новых объяв найдено по адресу 1048, запрос в ddt для 998 уник. адресов из 7862
2023-10-10 15:08:27,801 [INFO    ] обновление районов для найденных в realty по адресу новых объявлений:
2023-10-10 15:08:28,032 [INFO    ] обнаружено 800 районов для 800 новых объявлений, найденных по адресу из 1048
2023-10-10 15:08:28,037 [INFO    ] 32 районов осталось незаполнено
2023-10-10 15:08:28,038 [INFO    ] переход к обновлению оставшихся (не найденных по адресу) 7862 новых объявлений (998 адресов) для avito
2023-10-10 15:08:28,052 [INFO    ] загрузка данных dadata из /var/www/yadisk_loader/saved_data_csv/avito_dadata_request.csv
2023-10-10 15:08:29,051 [INFO    ] удалось загрузить исторические данные dadata
2023-10-10 15:08:31,061 [INFO    ] количество запросов к dadata составит: 998
2023-10-10 15:08:31,065 [INFO    ] 0%|          | 0/51 [00:00<?, ?it/s]
2023-10-10 15:08:33,729 [INFO    ] 998it [00:02, 374.57it/s]
2023-10-10 15:08:33,729 [INFO    ] 
2023-10-10 15:08:33,730 [INFO    ] dadata con closed succesfully
2023-10-10 15:08:33,731 [INFO    ] обращение к DDT по 949/998 адресам из avito заняло 0:00:05.692570
2023-10-10 15:08:33,753 [INFO    ] обращение к DDT выполнено для 6908/7862 новых объявлений, найден fias для 3451
2023-10-10 15:09:04,118 [INFO    ] уникальных троек по h_fias_id, ad_id, d_id, в таблице с районами и houses_jkh_ddt/id: 6908
2023-10-10 15:09:04,120 [INFO    ] выгрузка данных в таблицу realty
2023-10-10 15:09:06,669 [INFO    ] Добавлено районов к объявлениям realty: 240 - было 0 стало 240
2023-10-10 15:09:06,669 [INFO    ] Есть несовпадения районов c jkh, обновление районов в jkh для 0 записей
2023-10-10 15:09:09,765 [INFO    ] Временная таблица temp_jkh_houses очищена
2023-10-10 15:09:12,998 [INFO    ] Обновление данных jkh_houses завершено
2023-10-10 15:09:15,963 [INFO    ] все новые объявления добавлены
2023-10-10 15:09:18,153 [INFO    ] Успешно обработан файл 09-10-23 (без дублей).csv для prices
2023-10-10 15:09:18,153 [INFO    ] Выгрузка в таблицу prices обработанного файла из авито: 09-10-23 (без дублей).csv
2023-10-10 15:09:34,737 [INFO    ] данные avito загружены успешно
2023-10-10 15:09:35,122 [INFO    ] Новые данные загружены по файлам ['09-10-23 (без дублей).csv'] из авито и ['циан 09-10-23 (без дублей).csv'] из циана за 0:09:34.898923
2023-10-10 15:09:35,191 [INFO    ] HTTP Request: GET https://dadata.ru/api/v2/profile/balance "HTTP/1.1 200 OK"
2023-10-10 15:09:35,192 [INFO    ] сохранение лог-файла
