2023-12-08 15:00:38,973 [INFO    ] Скрипт запущен: 2023-12-08 15:00:38.972926
2023-12-08 15:00:39,081 [INFO    ] Connected (version 2.0, client OpenSSH_7.4p1)
2023-12-08 15:00:39,163 [INFO    ] Authentication (publickey) failed.
2023-12-08 15:00:39,178 [INFO    ] Connected (version 2.0, client OpenSSH_7.4p1)
2023-12-08 15:00:39,261 [INFO    ] Authentication (password) successful!
2023-12-08 15:00:39,262 [INFO    ] connected to host 92.53.64.66 base preprod_nedvizhka_db
2023-12-08 15:00:39,440 [INFO    ] yandex token valid
2023-12-08 15:00:42,570 [INFO    ] Успешно загружено 1 файлов с личного диска: ['07-12-23 (без дублей).csv'] для avito
2023-12-08 15:00:42,758 [INFO    ] yandex token valid
2023-12-08 15:00:44,832 [INFO    ] Успешно загружено 1 файлов с личного диска: ['циан 07-12-23 (без дублей).csv'] для cian
2023-12-08 15:00:44,832 [INFO    ] ready to process files ['07-12-23 (без дублей).csv'], ['циан 07-12-23 (без дублей).csv']
2023-12-08 15:01:08,385 [INFO    ] обновлен status_new в таблице realty
2023-12-08 15:02:30,296 [INFO    ] обновлен status_new в таблице prices
2023-12-08 15:02:30,301 [INFO    ] обработка файла циан 07-12-23 (без дублей).csv для cian
2023-12-08 15:02:31,833 [INFO    ] обработка district_id:
2023-12-08 15:02:31,835 [INFO    ] districts_update:   0%|          | 0/120263 [00:00<?, ?it/s]
2023-12-08 15:02:46,836 [INFO    ] districts_update:  11%|#1        | 13642/120263 [00:15<01:57, 909.44it/s]
2023-12-08 15:02:58,906 [INFO    ] districts_update:  21%|##        | 24885/120263 [00:27<01:44, 909.44it/s]
2023-12-08 15:03:01,836 [INFO    ] districts_update:  23%|##3       | 28044/120263 [00:30<01:38, 939.25it/s]
2023-12-08 15:03:16,836 [INFO    ] districts_update:  37%|###6      | 43947/120263 [00:45<01:16, 994.47it/s]
2023-12-08 15:03:28,921 [INFO    ] districts_update:  46%|####6     | 55787/120263 [00:57<01:04, 994.47it/s]
2023-12-08 15:03:31,836 [INFO    ] districts_update:  49%|####8     | 58457/120263 [01:00<01:02, 983.75it/s]
2023-12-08 15:03:46,837 [INFO    ] districts_update:  61%|######1   | 73839/120263 [01:15<00:46, 998.78it/s]
2023-12-08 15:03:58,932 [INFO    ] districts_update:  71%|#######1  | 85492/120263 [01:27<00:34, 998.78it/s]
2023-12-08 15:04:01,837 [INFO    ] districts_update:  73%|#######3  | 88357/120263 [01:30<00:32, 988.26it/s]
2023-12-08 15:04:16,838 [INFO    ] districts_update:  86%|########6 | 103598/120263 [01:45<00:16, 997.35it/s]
2023-12-08 15:04:28,937 [INFO    ] districts_update:  96%|#########6| 115637/120263 [01:57<00:04, 997.35it/s]
2023-12-08 15:04:31,838 [INFO    ] districts_update:  99%|#########8| 118471/120263 [02:00<00:01, 995.49it/s]
2023-12-08 15:04:33,639 [INFO    ] districts_update: 100%|##########| 120263/120263 [02:01<00:00, 987.35it/s]
2023-12-08 15:04:33,639 [INFO    ] 
2023-12-08 15:04:33,647 [INFO    ] district add from realty
2023-12-08 15:04:35,786 [INFO    ] Успешно обработан файл циан 07-12-23 (без дублей).csv для realty
2023-12-08 15:04:35,803 [INFO    ] Выгрузка в таблицу realty обработанного файла из cian: циан 07-12-23 (без дублей).csv
2023-12-08 15:04:36,257 [INFO    ] Временная таблица создана
2023-12-08 15:04:49,513 [INFO    ] Загрузка новых объявлений в таблицу
2023-12-08 15:04:49,750 [INFO    ] 116165 существующих и 4098 новых объявлений
2023-12-08 15:04:49,805 [INFO    ] temp таблица очищена, загружаются данные
2023-12-08 15:05:37,989 [INFO    ] обновлена таблица realty
2023-12-08 15:06:09,882 [INFO    ] обновлены районы в таблице realty
2023-12-08 15:06:12,505 [INFO    ] Обновление существующих данных realty завершено
2023-12-08 15:06:47,092 [INFO    ] из новых объяв найдено по адресу 1060, запрос в ddt для 869 уник. адресов из 3038
2023-12-08 15:06:47,092 [INFO    ] обновление районов для найденных в realty по адресу новых объявлений:
2023-12-08 15:06:47,226 [INFO    ] обнаружено 63 районов для 77 новых объявлений, найденных по адресу из 116
2023-12-08 15:06:47,251 [INFO    ] 32 районов осталось незаполнено
2023-12-08 15:06:47,253 [INFO    ] переход к обновлению оставшихся (не найденных по адресу) 3038 новых объявлений (869 адресов) для cian
2023-12-08 15:06:47,274 [INFO    ] загрузка данных dadata из /var/www/yadisk_loader/saved_data_csv/cian_dadata_request.csv
2023-12-08 15:06:48,079 [INFO    ] удалось загрузить исторические данные dadata
2023-12-08 15:06:50,091 [INFO    ] количество запросов к dadata составит: 869
2023-12-08 15:06:50,096 [INFO    ] 0%|          | 0/225 [00:00<?, ?it/s]
2023-12-08 15:06:52,279 [INFO    ] 869it [00:02, 398.09it/s]
2023-12-08 15:06:52,279 [INFO    ] 
2023-12-08 15:06:52,279 [INFO    ] dadata con closed succesfully
2023-12-08 15:06:52,281 [INFO    ] обращение к DDT по 649/869 адресам из cian заняло 0:00:05.027817
2023-12-08 15:06:52,294 [INFO    ] обращение к DDT выполнено для 1790/3038 новых объявлений, найден fias для 1119
2023-12-08 15:07:57,605 [INFO    ] уникальных троек по h_fias_id, ad_id, d_id, в таблице с районами и houses_jkh_ddt/id: 1790
2023-12-08 15:07:57,610 [INFO    ] выгрузка данных в таблицу realty
2023-12-08 15:07:58,632 [INFO    ] Добавлено районов к объявлениям realty: 3 - было 1983 стало 1986
2023-12-08 15:07:58,632 [INFO    ] Есть несовпадения районов c jkh, обновление районов в jkh для 6 записей
2023-12-08 15:08:04,963 [INFO    ] Временная таблица temp_jkh_houses создана
2023-12-08 15:08:08,464 [INFO    ] Обновление данных jkh_houses завершено
2023-12-08 15:08:10,313 [INFO    ] все новые объявления добавлены
2023-12-08 15:08:11,798 [INFO    ] Успешно обработан файл циан 07-12-23 (без дублей).csv для prices
2023-12-08 15:08:11,799 [INFO    ] Выгрузка в таблицу prices обработанного файла из cian: циан 07-12-23 (без дублей).csv
2023-12-08 15:08:23,731 [INFO    ] данные cian загружены успешно
2023-12-08 15:08:23,830 [INFO    ] обработка файла 07-12-23 (без дублей).csv для авито
2023-12-08 15:09:14,051 [INFO    ] Успешно обработан файл 07-12-23 (без дублей).csv для realty
2023-12-08 15:09:14,117 [INFO    ] Выгрузка в таблицу realty обработанного файла из авито: 07-12-23 (без дублей).csv
2023-12-08 15:09:14,258 [INFO    ] Временная таблица очищена
2023-12-08 15:09:18,892 [INFO    ] Загрузка новых объявлений в таблицу
2023-12-08 15:09:19,076 [INFO    ] 188222 существующих и 6005 новых объявлений
2023-12-08 15:09:19,124 [INFO    ] temp таблица очищена, загружаются данные
2023-12-08 15:10:27,146 [INFO    ] обновлена таблица realty
2023-12-08 15:10:34,215 [INFO    ] обновлены районы в таблице realty
2023-12-08 15:10:47,724 [INFO    ] Обновление существующих данных realty завершено
2023-12-08 15:11:20,881 [INFO    ] из новых объяв найдено по адресу 1399, запрос в ddt для 1030 уник. адресов из 4606
2023-12-08 15:11:20,882 [INFO    ] обновление районов для найденных в realty по адресу новых объявлений:
2023-12-08 15:11:21,349 [INFO    ] обнаружено 508 районов для 837 новых объявлений, найденных по адресу из 1399
2023-12-08 15:11:21,364 [INFO    ] 334 районов осталось незаполнено
2023-12-08 15:11:21,365 [INFO    ] переход к обновлению оставшихся (не найденных по адресу) 4606 новых объявлений (1030 адресов) для avito
2023-12-08 15:11:21,385 [INFO    ] загрузка данных dadata из /var/www/yadisk_loader/saved_data_csv/avito_dadata_request.csv
2023-12-08 15:11:22,621 [INFO    ] удалось загрузить исторические данные dadata
2023-12-08 15:11:24,635 [INFO    ] количество запросов к dadata составит: 1030
2023-12-08 15:11:24,645 [INFO    ] 0%|          | 0/84 [00:00<?, ?it/s]
2023-12-08 15:11:28,243 [INFO    ] 1030it [00:03, 286.35it/s]
2023-12-08 15:11:28,243 [INFO    ] 
2023-12-08 15:11:28,243 [INFO    ] dadata con closed succesfully
2023-12-08 15:11:28,244 [INFO    ] обращение к DDT по 950/1030 адресам из avito заняло 0:00:06.879011
2023-12-08 15:11:28,263 [INFO    ] обращение к DDT выполнено для 3804/4606 новых объявлений, найден fias для 1693
2023-12-08 15:12:33,974 [INFO    ] уникальных троек по h_fias_id, ad_id, d_id, в таблице с районами и houses_jkh_ddt/id: 3804
2023-12-08 15:12:33,977 [INFO    ] выгрузка данных в таблицу realty
2023-12-08 15:12:35,435 [INFO    ] Добавлено районов к объявлениям realty: 185 - было 0 стало 185
2023-12-08 15:12:35,435 [INFO    ] Есть несовпадения районов c jkh, обновление районов в jkh для 0 записей
2023-12-08 15:12:38,563 [INFO    ] Временная таблица temp_jkh_houses очищена
2023-12-08 15:12:41,912 [INFO    ] Обновление данных jkh_houses завершено
2023-12-08 15:12:44,161 [INFO    ] все новые объявления добавлены
2023-12-08 15:12:46,682 [INFO    ] Успешно обработан файл 07-12-23 (без дублей).csv для prices
2023-12-08 15:12:46,682 [INFO    ] Выгрузка в таблицу prices обработанного файла из авито: 07-12-23 (без дублей).csv
2023-12-08 15:13:06,602 [INFO    ] данные avito загружены успешно
2023-12-08 15:13:07,014 [INFO    ] Новые данные загружены по файлам ['07-12-23 (без дублей).csv'] из авито и ['циан 07-12-23 (без дублей).csv'] из циана за 0:12:28.041275
2023-12-08 15:13:07,138 [INFO    ] HTTP Request: GET https://dadata.ru/api/v2/profile/balance "HTTP/1.1 200 OK"
2023-12-08 15:13:07,144 [INFO    ] сохранение лог-файла
