2023-12-17 15:01:17,666 [INFO    ] Скрипт запущен: 2023-12-17 15:01:17.666342
2023-12-17 15:01:17,735 [INFO    ] Connected (version 2.0, client OpenSSH_7.4p1)
2023-12-17 15:01:17,785 [INFO    ] Authentication (publickey) failed.
2023-12-17 15:01:17,789 [INFO    ] Connected (version 2.0, client OpenSSH_7.4p1)
2023-12-17 15:01:17,869 [INFO    ] Authentication (password) successful!
2023-12-17 15:01:17,932 [INFO    ] connected to host 92.53.64.66 base preprod_nedvizhka_db
2023-12-17 15:01:18,076 [INFO    ] yandex token valid
2023-12-17 15:01:20,958 [INFO    ] Успешно загружено 1 файлов с личного диска: ['16-12-23 (без дублей).csv'] для avito
2023-12-17 15:01:21,132 [INFO    ] yandex token valid
2023-12-17 15:01:24,370 [INFO    ] Успешно загружено 1 файлов с личного диска: ['циан 16-12-23 (без дублей).csv'] для cian
2023-12-17 15:01:24,370 [INFO    ] ready to process files ['16-12-23 (без дублей).csv'], ['циан 16-12-23 (без дублей).csv']
2023-12-17 15:01:47,648 [INFO    ] обновлен status_new в таблице realty
2023-12-17 15:02:00,444 [INFO    ] обновлен status_new в таблице prices
2023-12-17 15:02:00,450 [INFO    ] обработка файла циан 16-12-23 (без дублей).csv для cian
2023-12-17 15:02:00,485 [ERROR   ] Traceback (most recent call last):
  File "/var/www/yadisk_loader/main_utils.py", line 971, in process_realty
    saved_file = pd.read_csv(saved_files[f_ind], delimiter=',', encoding='utf8')
  File "/var/www/yadisk_loader/yadisk_venv/lib/python3.9/site-packages/pandas/util/_decorators.py", line 211, in wrapper
    return func(*args, **kwargs)
  File "/var/www/yadisk_loader/yadisk_venv/lib/python3.9/site-packages/pandas/util/_decorators.py", line 331, in wrapper
    return func(*args, **kwargs)
  File "/var/www/yadisk_loader/yadisk_venv/lib/python3.9/site-packages/pandas/io/parsers/readers.py", line 950, in read_csv
    return _read(filepath_or_buffer, kwds)
  File "/var/www/yadisk_loader/yadisk_venv/lib/python3.9/site-packages/pandas/io/parsers/readers.py", line 611, in _read
    return parser.read(nrows)
  File "/var/www/yadisk_loader/yadisk_venv/lib/python3.9/site-packages/pandas/io/parsers/readers.py", line 1778, in read
    ) = self._engine.read(  # type: ignore[attr-defined]
  File "/var/www/yadisk_loader/yadisk_venv/lib/python3.9/site-packages/pandas/io/parsers/c_parser_wrapper.py", line 230, in read
    chunks = self._reader.read_low_memory(nrows)
  File "pandas/_libs/parsers.pyx", line 808, in pandas._libs.parsers.TextReader.read_low_memory
  File "pandas/_libs/parsers.pyx", line 866, in pandas._libs.parsers.TextReader._read_rows
  File "pandas/_libs/parsers.pyx", line 852, in pandas._libs.parsers.TextReader._tokenize_rows
  File "pandas/_libs/parsers.pyx", line 1973, in pandas._libs.parsers.raise_parser_error
pandas.errors.ParserError: Error tokenizing data. C error: Expected 6 fields in line 164, saw 7


2023-12-17 15:02:00,494 [ERROR   ] Файл циан 16-12-23 (без дублей).csv не удалось обнаружить для realty
2023-12-17 15:02:00,495 [ERROR   ] Ошибка при обработке файлов из CIAN циан 16-12-23 (без дублей).csv. Перезапуск скрипта...
2023-12-17 15:02:00,544 [INFO    ] обработка файла 16-12-23 (без дублей).csv для авито
2023-12-17 15:02:48,404 [INFO    ] Успешно обработан файл 16-12-23 (без дублей).csv для realty
2023-12-17 15:02:48,454 [INFO    ] Выгрузка в таблицу realty обработанного файла из авито: 16-12-23 (без дублей).csv
2023-12-17 15:02:48,801 [INFO    ] Временная таблица создана
2023-12-17 15:02:53,598 [INFO    ] Загрузка новых объявлений в таблицу
2023-12-17 15:02:53,778 [INFO    ] 183774 существующих и 3025 новых объявлений
2023-12-17 15:02:53,827 [INFO    ] temp таблица очищена, загружаются данные
2023-12-17 15:04:05,628 [INFO    ] обновлена таблица realty
2023-12-17 15:04:08,008 [INFO    ] обновлены районы в таблице realty
2023-12-17 15:04:17,811 [INFO    ] Обновление существующих данных realty завершено
2023-12-17 15:04:50,817 [INFO    ] из новых объяв найдено по адресу 928, запрос в ddt для 635 уник. адресов из 2097
2023-12-17 15:04:50,817 [INFO    ] обновление районов для найденных в realty по адресу новых объявлений:
2023-12-17 15:04:51,173 [INFO    ] обнаружено 291 районов для 485 новых объявлений, найденных по адресу из 928
2023-12-17 15:04:51,192 [INFO    ] 200 районов осталось незаполнено
2023-12-17 15:04:51,193 [INFO    ] переход к обновлению оставшихся (не найденных по адресу) 2097 новых объявлений (635 адресов) для avito
2023-12-17 15:04:51,213 [INFO    ] загрузка данных dadata из /var/www/yadisk_loader/saved_data_csv/avito_dadata_request.csv
2023-12-17 15:04:52,576 [INFO    ] удалось загрузить исторические данные dadata
2023-12-17 15:04:54,588 [INFO    ] количество запросов к dadata составит: 635
2023-12-17 15:04:54,607 [INFO    ] 0%|          | 0/49 [00:00<?, ?it/s]
2023-12-17 15:04:56,903 [INFO    ] 635it [00:02, 276.61it/s]
2023-12-17 15:04:56,903 [INFO    ] 
2023-12-17 15:04:56,903 [INFO    ] dadata con closed succesfully
2023-12-17 15:04:56,904 [INFO    ] обращение к DDT по 593/635 адресам из avito заняло 0:00:05.710381
2023-12-17 15:04:56,916 [INFO    ] обращение к DDT выполнено для 1742/2097 новых объявлений, найден fias для 1215
2023-12-17 15:05:43,711 [INFO    ] уникальных троек по h_fias_id, ad_id, d_id, в таблице с районами и houses_jkh_ddt/id: 1742
2023-12-17 15:05:43,713 [INFO    ] выгрузка данных в таблицу realty
2023-12-17 15:05:44,383 [INFO    ] Добавлено районов к объявлениям realty: 105 - было 0 стало 105
2023-12-17 15:05:44,383 [INFO    ] Есть несовпадения районов c jkh, обновление районов в jkh для 0 записей
2023-12-17 15:05:50,979 [INFO    ] Временная таблица temp_jkh_houses создана
2023-12-17 15:05:54,329 [INFO    ] Обновление данных jkh_houses завершено
2023-12-17 15:05:55,826 [INFO    ] все новые объявления добавлены
2023-12-17 15:05:57,999 [INFO    ] Успешно обработан файл 16-12-23 (без дублей).csv для prices
2023-12-17 15:05:57,999 [INFO    ] Выгрузка в таблицу prices обработанного файла из авито: 16-12-23 (без дублей).csv
2023-12-17 15:06:19,036 [INFO    ] данные avito загружены успешно
2023-12-17 15:06:19,395 [INFO    ] Новые данные загружены по файлам ['16-12-23 (без дублей).csv'] из авито и ['циан 16-12-23 (без дублей).csv'] из циана за 0:05:01.729030
2023-12-17 15:06:19,491 [INFO    ] HTTP Request: GET https://dadata.ru/api/v2/profile/balance "HTTP/1.1 200 OK"
2023-12-17 15:06:19,493 [INFO    ] сохранение лог-файла
