2023-12-09 15:00:58,237 [INFO    ] Скрипт запущен: 2023-12-09 15:00:58.237436
2023-12-09 15:00:58,297 [INFO    ] Connected (version 2.0, client OpenSSH_7.4p1)
2023-12-09 15:00:58,440 [INFO    ] Authentication (publickey) failed.
2023-12-09 15:00:58,462 [INFO    ] Connected (version 2.0, client OpenSSH_7.4p1)
2023-12-09 15:00:58,530 [INFO    ] Authentication (password) successful!
2023-12-09 15:00:58,532 [INFO    ] connected to host 92.53.64.66 base preprod_nedvizhka_db
2023-12-09 15:00:58,720 [INFO    ] yandex token valid
2023-12-09 15:01:04,557 [INFO    ] Успешно загружено 1 файлов с личного диска: ['08-12-23 (без дублей).csv'] для avito
2023-12-09 15:01:04,849 [INFO    ] yandex token valid
2023-12-09 15:01:07,624 [INFO    ] Успешно загружено 1 файлов с личного диска: ['циан 08-12-23 (без дублей).csv'] для cian
2023-12-09 15:01:07,625 [INFO    ] ready to process files ['08-12-23 (без дублей).csv'], ['циан 08-12-23 (без дублей).csv']
2023-12-09 15:01:49,388 [INFO    ] обновлен status_new в таблице realty
2023-12-09 15:03:16,227 [INFO    ] обновлен status_new в таблице prices
2023-12-09 15:03:16,231 [INFO    ] обработка файла циан 08-12-23 (без дублей).csv для cian
2023-12-09 15:03:17,612 [INFO    ] обработка district_id:
2023-12-09 15:03:17,615 [INFO    ] districts_update:   0%|          | 0/121658 [00:00<?, ?it/s]
2023-12-09 15:03:32,616 [INFO    ] districts_update:  11%|#1        | 13758/121658 [00:15<01:57, 917.18it/s]
2023-12-09 15:03:47,617 [INFO    ] districts_update:  23%|##3       | 28159/121658 [00:30<01:39, 942.38it/s]
2023-12-09 15:04:01,477 [INFO    ] districts_update:  35%|###5      | 42970/121658 [00:43<01:23, 942.38it/s]
2023-12-09 15:04:02,617 [INFO    ] districts_update:  36%|###6      | 44039/121658 [00:45<01:17, 995.47it/s]
2023-12-09 15:04:18,767 [INFO    ] districts_update:  49%|####9     | 59919/121658 [01:01<01:02, 990.43it/s]
2023-12-09 15:04:31,486 [INFO    ] districts_update:  60%|#####9    | 72559/121658 [01:13<00:49, 990.43it/s]
2023-12-09 15:04:33,768 [INFO    ] districts_update:  61%|######1   | 74684/121658 [01:16<00:47, 988.25it/s]
2023-12-09 15:04:49,229 [INFO    ] districts_update:  74%|#######3  | 89448/121658 [01:31<00:32, 976.84it/s]
2023-12-09 15:05:01,499 [INFO    ] districts_update:  84%|########3 | 101941/121658 [01:43<00:20, 976.84it/s]
2023-12-09 15:05:04,229 [INFO    ] districts_update:  86%|########5 | 104485/121658 [01:46<00:17, 985.08it/s]
2023-12-09 15:05:19,824 [INFO    ] districts_update:  98%|#########8| 119522/121658 [02:02<00:02, 978.33it/s]
2023-12-09 15:05:21,980 [INFO    ] districts_update: 100%|##########| 121658/121658 [02:04<00:00, 978.24it/s]
2023-12-09 15:05:21,981 [INFO    ] 
2023-12-09 15:05:21,989 [INFO    ] district add from realty
2023-12-09 15:05:24,094 [INFO    ] Успешно обработан файл циан 08-12-23 (без дублей).csv для realty
2023-12-09 15:05:24,110 [INFO    ] Выгрузка в таблицу realty обработанного файла из cian: циан 08-12-23 (без дублей).csv
2023-12-09 15:05:24,550 [INFO    ] Временная таблица создана
2023-12-09 15:05:38,110 [INFO    ] Загрузка новых объявлений в таблицу
2023-12-09 15:05:38,353 [INFO    ] 116161 существующих и 5497 новых объявлений
2023-12-09 15:05:38,357 [INFO    ] temp таблица очищена, загружаются данные
2023-12-09 15:06:47,268 [INFO    ] обновлена таблица realty
2023-12-09 15:07:18,942 [INFO    ] обновлены районы в таблице realty
2023-12-09 15:07:30,150 [INFO    ] Обновление существующих данных realty завершено
2023-12-09 15:08:07,102 [INFO    ] из новых объяв найдено по адресу 2104, запрос в ddt для 1070 уник. адресов из 3393
2023-12-09 15:08:07,103 [INFO    ] обновление районов для найденных в realty по адресу новых объявлений:
2023-12-09 15:08:07,253 [INFO    ] обнаружено 192 районов для 237 новых объявлений, найденных по адресу из 464
2023-12-09 15:08:07,259 [INFO    ] 142 районов осталось незаполнено
2023-12-09 15:08:07,260 [INFO    ] переход к обновлению оставшихся (не найденных по адресу) 3393 новых объявлений (1070 адресов) для cian
2023-12-09 15:08:07,274 [INFO    ] загрузка данных dadata из /var/www/yadisk_loader/saved_data_csv/cian_dadata_request.csv
2023-12-09 15:08:08,072 [INFO    ] удалось загрузить исторические данные dadata
2023-12-09 15:08:10,081 [INFO    ] количество запросов к dadata составит: 1070
2023-12-09 15:08:10,083 [INFO    ] 0%|          | 0/236 [00:00<?, ?it/s]
2023-12-09 15:08:13,268 [INFO    ] 1070it [00:03, 335.99it/s]
2023-12-09 15:08:13,268 [INFO    ] 
2023-12-09 15:08:13,268 [INFO    ] dadata con closed succesfully
2023-12-09 15:08:13,269 [INFO    ] обращение к DDT по 837/1070 адресам из cian заняло 0:00:06.008706
2023-12-09 15:08:13,284 [INFO    ] обращение к DDT выполнено для 1918/3393 новых объявлений, найден fias для 1231
2023-12-09 15:09:10,976 [INFO    ] уникальных троек по h_fias_id, ad_id, d_id, в таблице с районами и houses_jkh_ddt/id: 1918
2023-12-09 15:09:10,979 [INFO    ] выгрузка данных в таблицу realty
2023-12-09 15:09:12,086 [INFO    ] Добавлено районов к объявлениям realty: 8 - было 2310 стало 2318
2023-12-09 15:09:12,086 [INFO    ] Есть несовпадения районов c jkh, обновление районов в jkh для 6 записей
2023-12-09 15:09:18,477 [INFO    ] Временная таблица temp_jkh_houses создана
2023-12-09 15:09:22,002 [INFO    ] Обновление данных jkh_houses завершено
2023-12-09 15:09:26,538 [INFO    ] все новые объявления добавлены
2023-12-09 15:09:29,706 [INFO    ] Успешно обработан файл циан 08-12-23 (без дублей).csv для prices
2023-12-09 15:09:29,706 [INFO    ] Выгрузка в таблицу prices обработанного файла из cian: циан 08-12-23 (без дублей).csv
2023-12-09 15:09:50,812 [INFO    ] данные cian загружены успешно
2023-12-09 15:09:50,909 [INFO    ] обработка файла 08-12-23 (без дублей).csv для авито
2023-12-09 15:10:40,982 [INFO    ] Успешно обработан файл 08-12-23 (без дублей).csv для realty
2023-12-09 15:10:41,050 [INFO    ] Выгрузка в таблицу realty обработанного файла из авито: 08-12-23 (без дублей).csv
2023-12-09 15:10:41,187 [INFO    ] Временная таблица очищена
2023-12-09 15:10:46,632 [INFO    ] Загрузка новых объявлений в таблицу
2023-12-09 15:10:46,809 [INFO    ] 188660 существующих и 5733 новых объявлений
2023-12-09 15:10:46,865 [INFO    ] temp таблица очищена, загружаются данные
2023-12-09 15:12:35,992 [INFO    ] обновлена таблица realty
2023-12-09 15:12:38,443 [INFO    ] обновлены районы в таблице realty
2023-12-09 15:12:44,741 [INFO    ] Обновление существующих данных realty завершено
2023-12-09 15:13:19,208 [INFO    ] из новых объяв найдено по адресу 1623, запрос в ddt для 1030 уник. адресов из 4110
2023-12-09 15:13:19,210 [INFO    ] обновление районов для найденных в realty по адресу новых объявлений:
2023-12-09 15:13:19,644 [INFO    ] обнаружено 465 районов для 721 новых объявлений, найденных по адресу из 1623
2023-12-09 15:13:19,659 [INFO    ] 262 районов осталось незаполнено
2023-12-09 15:13:19,660 [INFO    ] переход к обновлению оставшихся (не найденных по адресу) 4110 новых объявлений (1030 адресов) для avito
2023-12-09 15:13:19,681 [INFO    ] загрузка данных dadata из /var/www/yadisk_loader/saved_data_csv/avito_dadata_request.csv
2023-12-09 15:13:20,946 [INFO    ] удалось загрузить исторические данные dadata
2023-12-09 15:13:22,961 [INFO    ] количество запросов к dadata составит: 1030
2023-12-09 15:13:22,968 [INFO    ] 0%|          | 0/76 [00:00<?, ?it/s]
2023-12-09 15:13:26,584 [INFO    ] 1030it [00:03, 284.84it/s]
2023-12-09 15:13:26,584 [INFO    ] 
2023-12-09 15:13:26,584 [INFO    ] dadata con closed succesfully
2023-12-09 15:13:26,585 [INFO    ] обращение к DDT по 966/1030 адресам из avito заняло 0:00:06.924820
2023-12-09 15:13:26,602 [INFO    ] обращение к DDT выполнено для 3543/4110 новых объявлений, найден fias для 2163
2023-12-09 15:14:30,361 [INFO    ] уникальных троек по h_fias_id, ad_id, d_id, в таблице с районами и houses_jkh_ddt/id: 3543
2023-12-09 15:14:30,369 [INFO    ] выгрузка данных в таблицу realty
2023-12-09 15:14:31,669 [INFO    ] Добавлено районов к объявлениям realty: 198 - было 0 стало 198
2023-12-09 15:14:31,669 [INFO    ] Есть несовпадения районов c jkh, обновление районов в jkh для 0 записей
2023-12-09 15:14:34,836 [INFO    ] Временная таблица temp_jkh_houses очищена
2023-12-09 15:14:38,137 [INFO    ] Обновление данных jkh_houses завершено
2023-12-09 15:14:40,443 [INFO    ] все новые объявления добавлены
2023-12-09 15:14:42,768 [INFO    ] Успешно обработан файл 08-12-23 (без дублей).csv для prices
2023-12-09 15:14:42,768 [INFO    ] Выгрузка в таблицу prices обработанного файла из авито: 08-12-23 (без дублей).csv
2023-12-09 15:15:01,012 [INFO    ] данные avito загружены успешно
2023-12-09 15:15:01,467 [INFO    ] Новые данные загружены по файлам ['08-12-23 (без дублей).csv'] из авито и ['циан 08-12-23 (без дублей).csv'] из циана за 0:14:03.230165
2023-12-09 15:15:01,575 [INFO    ] HTTP Request: GET https://dadata.ru/api/v2/profile/balance "HTTP/1.1 200 OK"
2023-12-09 15:15:01,580 [INFO    ] сохранение лог-файла
