2023-10-13 15:00:12,185 [INFO    ] Скрипт запущен: 2023-10-13 15:00:12.185450
2023-10-13 15:00:12,225 [INFO    ] Connected (version 2.0, client OpenSSH_7.4p1)
2023-10-13 15:00:12,280 [INFO    ] Authentication (publickey) failed.
2023-10-13 15:00:12,283 [INFO    ] Connected (version 2.0, client OpenSSH_7.4p1)
2023-10-13 15:00:12,334 [INFO    ] Authentication (password) successful!
2023-10-13 15:00:12,334 [INFO    ] connected to host 92.53.64.66 base preprod_nedvizhka_db
2023-10-13 15:00:12,583 [INFO    ] yandex token valid
2023-10-13 15:00:17,187 [INFO    ] Успешно загружено 1 файлов с личного диска: ['12-10-23 (без дублей).csv'] для avito
2023-10-13 15:00:17,437 [INFO    ] yandex token valid
2023-10-13 15:00:19,657 [INFO    ] Успешно загружено 1 файлов с личного диска: ['циан 12-10-23 (без дублей).csv'] для cian
2023-10-13 15:00:19,657 [INFO    ] ready to process files ['12-10-23 (без дублей).csv'], ['циан 12-10-23 (без дублей).csv']
2023-10-13 15:00:30,495 [INFO    ] обновлен status_new в таблице realty
2023-10-13 15:01:02,564 [INFO    ] обновлен status_new в таблице prices
2023-10-13 15:01:02,567 [INFO    ] обработка файла циан 12-10-23 (без дублей).csv для cian
2023-10-13 15:01:03,642 [INFO    ] обработка district_id:
2023-10-13 15:01:03,642 [INFO    ] districts_update:   0%|          | 0/110150 [00:00<?, ?it/s]
2023-10-13 15:01:18,643 [INFO    ] districts_update:  13%|#2        | 14162/110150 [00:15<01:41, 944.09it/s]
2023-10-13 15:01:31,188 [INFO    ] districts_update:  24%|##4       | 26750/110150 [00:27<01:28, 944.09it/s]
2023-10-13 15:01:33,644 [INFO    ] districts_update:  27%|##6       | 29731/110150 [00:30<01:20, 999.26it/s]
2023-10-13 15:01:48,738 [INFO    ] districts_update:  41%|####1     | 45300/110150 [00:45<01:03, 1014.01it/s]
2023-10-13 15:02:01,200 [INFO    ] districts_update:  52%|#####2    | 57456/110150 [00:57<00:51, 1014.01it/s]
2023-10-13 15:02:03,739 [INFO    ] districts_update:  55%|#####4    | 60184/110150 [01:00<00:49, 1005.42it/s]
2023-10-13 15:02:19,103 [INFO    ] districts_update:  68%|######8   | 75068/110150 [01:15<00:35, 992.00it/s]
2023-10-13 15:02:31,209 [INFO    ] districts_update:  79%|#######9  | 87540/110150 [01:27<00:22, 992.00it/s]
2023-10-13 15:02:34,103 [INFO    ] districts_update:  82%|########2 | 90451/110150 [01:30<00:19, 1003.33it/s]
2023-10-13 15:02:49,474 [INFO    ] districts_update:  96%|#########6| 105834/110150 [01:45<00:04, 1002.48it/s]
2023-10-13 15:02:53,750 [INFO    ] districts_update: 100%|##########| 110150/110150 [01:50<00:00, 1000.38it/s]
2023-10-13 15:02:53,750 [INFO    ] 
2023-10-13 15:02:53,756 [INFO    ] district add from realty
2023-10-13 15:02:54,925 [INFO    ] Успешно обработан файл циан 12-10-23 (без дублей).csv для realty
2023-10-13 15:02:54,980 [INFO    ] Выгрузка в таблицу realty обработанного файла из cian: циан 12-10-23 (без дублей).csv
2023-10-13 15:02:55,300 [INFO    ] Временная таблица создана
2023-10-13 15:03:03,602 [INFO    ] Загрузка новых объявлений в таблицу
2023-10-13 15:03:03,803 [INFO    ] 105659 существующих и 4491 новых объявлений
2023-10-13 15:03:03,847 [INFO    ] temp таблица очищена, загружаются данные
2023-10-13 15:03:40,795 [INFO    ] обновлена таблица realty
2023-10-13 15:04:14,692 [INFO    ] обновлены районы в таблице realty
2023-10-13 15:04:22,500 [INFO    ] Обновление существующих данных realty завершено
2023-10-13 15:04:48,218 [INFO    ] из новых объяв найдено по адресу 1226, запрос в ddt для 812 уник. адресов из 3265
2023-10-13 15:04:48,219 [INFO    ] обновление районов для найденных в realty по адресу новых объявлений:
2023-10-13 15:04:48,324 [INFO    ] обнаружено 93 районов для 93 новых объявлений, найденных по адресу из 181
2023-10-13 15:04:48,329 [INFO    ] 88 районов осталось незаполнено
2023-10-13 15:04:48,330 [INFO    ] переход к обновлению оставшихся (не найденных по адресу) 3265 новых объявлений (812 адресов) для cian
2023-10-13 15:04:48,343 [INFO    ] загрузка данных dadata из /var/www/yadisk_loader/saved_data_csv/cian_dadata_request.csv
2023-10-13 15:04:48,906 [INFO    ] удалось загрузить исторические данные dadata
2023-10-13 15:04:50,913 [INFO    ] количество запросов к dadata составит: 812
2023-10-13 15:04:50,914 [INFO    ] 0%|          | 0/165 [00:00<?, ?it/s]
2023-10-13 15:04:52,703 [INFO    ] 812it [00:01, 454.05it/s]
2023-10-13 15:04:52,703 [INFO    ] 
2023-10-13 15:04:52,703 [INFO    ] dadata con closed succesfully
2023-10-13 15:04:52,704 [INFO    ] обращение к DDT по 648/812 адресам из cian заняло 0:00:04.374593
2023-10-13 15:04:52,718 [INFO    ] обращение к DDT выполнено для 2014/3265 новых объявлений, найден fias для 1230
2023-10-13 15:05:38,292 [INFO    ] уникальных троек по h_fias_id, ad_id, d_id, в таблице с районами и houses_jkh_ddt/id: 2014
2023-10-13 15:05:38,294 [INFO    ] выгрузка данных в таблицу realty
2023-10-13 15:05:39,373 [INFO    ] Добавлено районов к объявлениям realty: 3 - было 2226 стало 2229
2023-10-13 15:05:39,373 [INFO    ] Есть несовпадения районов c jkh, обновление районов в jkh для 11 записей
2023-10-13 15:05:45,815 [INFO    ] Временная таблица temp_jkh_houses создана
2023-10-13 15:05:49,410 [INFO    ] Обновление данных jkh_houses завершено
2023-10-13 15:05:50,833 [INFO    ] все новые объявления добавлены
2023-10-13 15:05:52,278 [INFO    ] Успешно обработан файл циан 12-10-23 (без дублей).csv для prices
2023-10-13 15:05:52,279 [INFO    ] Выгрузка в таблицу prices обработанного файла из cian: циан 12-10-23 (без дублей).csv
2023-10-13 15:06:02,574 [INFO    ] данные cian загружены успешно
2023-10-13 15:06:02,618 [INFO    ] обработка файла 12-10-23 (без дублей).csv для авито
2023-10-13 15:06:46,023 [INFO    ] Успешно обработан файл 12-10-23 (без дублей).csv для realty
2023-10-13 15:06:46,108 [INFO    ] Выгрузка в таблицу realty обработанного файла из авито: 12-10-23 (без дублей).csv
2023-10-13 15:06:46,199 [INFO    ] Временная таблица очищена
2023-10-13 15:06:49,311 [INFO    ] Загрузка новых объявлений в таблицу
2023-10-13 15:06:49,473 [INFO    ] 160649 существующих и 14540 новых объявлений
2023-10-13 15:06:49,519 [INFO    ] temp таблица очищена, загружаются данные
2023-10-13 15:07:37,006 [INFO    ] обновлена таблица realty
2023-10-13 15:07:38,537 [INFO    ] обновлены районы в таблице realty
2023-10-13 15:07:46,696 [INFO    ] Обновление существующих данных realty завершено
2023-10-13 15:08:13,475 [INFO    ] из новых объяв найдено по адресу 1421, запрос в ddt для 981 уник. адресов из 13119
2023-10-13 15:08:13,477 [INFO    ] обновление районов для найденных в realty по адресу новых объявлений:
2023-10-13 15:08:13,847 [INFO    ] обнаружено 651 районов для 651 новых объявлений, найденных по адресу из 1421
2023-10-13 15:08:13,853 [INFO    ] 26 районов осталось незаполнено
2023-10-13 15:08:13,855 [INFO    ] переход к обновлению оставшихся (не найденных по адресу) 13119 новых объявлений (981 адресов) для avito
2023-10-13 15:08:13,869 [INFO    ] загрузка данных dadata из /var/www/yadisk_loader/saved_data_csv/avito_dadata_request.csv
2023-10-13 15:08:15,060 [INFO    ] удалось загрузить исторические данные dadata
2023-10-13 15:08:17,073 [INFO    ] количество запросов к dadata составит: 981
2023-10-13 15:08:17,074 [INFO    ] 0%|          | 0/80 [00:00<?, ?it/s]
2023-10-13 15:08:19,945 [INFO    ] 981it [00:02, 341.69it/s]
2023-10-13 15:08:19,945 [INFO    ] 
2023-10-13 15:08:19,945 [INFO    ] dadata con closed succesfully
2023-10-13 15:08:19,948 [INFO    ] обращение к DDT по 912/981 адресам из avito заняло 0:00:06.092890
2023-10-13 15:08:19,987 [INFO    ] обращение к DDT выполнено для 11560/13119 новых объявлений, найден fias для 5025
2023-10-13 15:09:02,229 [INFO    ] уникальных троек по h_fias_id, ad_id, d_id, в таблице с районами и houses_jkh_ddt/id: 11560
2023-10-13 15:09:02,239 [INFO    ] выгрузка данных в таблицу realty
2023-10-13 15:09:06,371 [INFO    ] Добавлено районов к объявлениям realty: 263 - было 0 стало 263
2023-10-13 15:09:06,371 [INFO    ] Есть несовпадения районов c jkh, обновление районов в jkh для 0 записей
2023-10-13 15:09:09,512 [INFO    ] Временная таблица temp_jkh_houses очищена
2023-10-13 15:09:12,614 [INFO    ] Обновление данных jkh_houses завершено
2023-10-13 15:09:16,954 [INFO    ] все новые объявления добавлены
2023-10-13 15:09:19,137 [INFO    ] Успешно обработан файл 12-10-23 (без дублей).csv для prices
2023-10-13 15:09:19,138 [INFO    ] Выгрузка в таблицу prices обработанного файла из авито: 12-10-23 (без дублей).csv
2023-10-13 15:09:34,579 [INFO    ] данные avito загружены успешно
2023-10-13 15:09:34,789 [INFO    ] Новые данные загружены по файлам ['12-10-23 (без дублей).csv'] из авито и ['циан 12-10-23 (без дублей).csv'] из циана за 0:09:22.604346
2023-10-13 15:09:34,865 [INFO    ] HTTP Request: GET https://dadata.ru/api/v2/profile/balance "HTTP/1.1 200 OK"
2023-10-13 15:09:34,867 [INFO    ] сохранение лог-файла
