2023-12-14 15:00:19,167 [INFO    ] Скрипт запущен: 2023-12-14 15:00:19.167110
2023-12-14 15:00:19,254 [INFO    ] Connected (version 2.0, client OpenSSH_7.4p1)
2023-12-14 15:00:19,337 [INFO    ] Authentication (publickey) failed.
2023-12-14 15:00:19,354 [INFO    ] Connected (version 2.0, client OpenSSH_7.4p1)
2023-12-14 15:00:19,437 [INFO    ] Authentication (password) successful!
2023-12-14 15:00:19,439 [INFO    ] connected to host 92.53.64.66 base preprod_nedvizhka_db
2023-12-14 15:00:19,643 [INFO    ] yandex token valid
2023-12-14 15:00:22,819 [INFO    ] Успешно загружено 1 файлов с личного диска: ['13-12-23 (без дублей).csv'] для avito
2023-12-14 15:00:23,044 [INFO    ] yandex token valid
2023-12-14 15:00:25,291 [INFO    ] Успешно загружено 1 файлов с личного диска: ['циан 13-12-23 (без дублей).csv'] для cian
2023-12-14 15:00:25,292 [INFO    ] ready to process files ['13-12-23 (без дублей).csv'], ['циан 13-12-23 (без дублей).csv']
2023-12-14 15:00:41,096 [INFO    ] обновлен status_new в таблице realty
2023-12-14 15:00:52,804 [INFO    ] обновлен status_new в таблице prices
2023-12-14 15:00:52,813 [INFO    ] обработка файла циан 13-12-23 (без дублей).csv для cian
2023-12-14 15:00:54,083 [INFO    ] обработка district_id:
2023-12-14 15:00:54,084 [INFO    ] districts_update:   0%|          | 0/123429 [00:00<?, ?it/s]
2023-12-14 15:01:09,084 [INFO    ] districts_update:  11%|#1        | 13980/123429 [00:15<01:57, 931.96it/s]
2023-12-14 15:01:23,027 [INFO    ] districts_update:  22%|##2       | 27311/123429 [00:28<01:43, 931.96it/s]
2023-12-14 15:01:24,085 [INFO    ] districts_update:  23%|##3       | 28454/123429 [00:30<01:39, 951.33it/s]
2023-12-14 15:01:39,086 [INFO    ] districts_update:  36%|###5      | 44339/123429 [00:45<01:19, 1000.48it/s]
2023-12-14 15:01:53,051 [INFO    ] districts_update:  47%|####6     | 57935/123429 [00:58<01:05, 1000.48it/s]
2023-12-14 15:01:54,086 [INFO    ] districts_update:  48%|####7     | 58954/123429 [01:00<01:05, 990.14it/s]
2023-12-14 15:02:09,087 [INFO    ] districts_update:  60%|#####9    | 73975/123429 [01:15<00:49, 994.17it/s]
2023-12-14 15:02:23,089 [INFO    ] districts_update:  71%|#######   | 87238/123429 [01:29<00:36, 994.17it/s]
2023-12-14 15:02:24,088 [INFO    ] districts_update:  71%|#######1  | 88168/123429 [01:30<00:36, 977.85it/s]
2023-12-14 15:02:39,089 [INFO    ] districts_update:  84%|########3 | 103514/123429 [01:45<00:20, 992.61it/s]
2023-12-14 15:02:53,098 [INFO    ] districts_update:  95%|#########5| 117437/123429 [01:59<00:06, 992.61it/s]
2023-12-14 15:02:54,090 [INFO    ] districts_update:  96%|#########5| 118395/123429 [02:00<00:05, 992.42it/s]
2023-12-14 15:02:59,063 [INFO    ] districts_update: 100%|##########| 123429/123429 [02:04<00:00, 987.59it/s]
2023-12-14 15:02:59,064 [INFO    ] 
2023-12-14 15:02:59,070 [INFO    ] district add from realty
2023-12-14 15:03:09,343 [INFO    ] Успешно обработан файл циан 13-12-23 (без дублей).csv для realty
2023-12-14 15:03:09,360 [INFO    ] Выгрузка в таблицу realty обработанного файла из cian: циан 13-12-23 (без дублей).csv
2023-12-14 15:03:10,170 [INFO    ] Временная таблица создана
2023-12-14 15:03:21,735 [INFO    ] Загрузка новых объявлений в таблицу
2023-12-14 15:03:21,982 [INFO    ] 117906 существующих и 5523 новых объявлений
2023-12-14 15:03:21,985 [INFO    ] temp таблица очищена, загружаются данные
2023-12-14 15:04:12,011 [INFO    ] обновлена таблица realty
2023-12-14 15:04:48,023 [INFO    ] обновлены районы в таблице realty
2023-12-14 15:04:50,674 [INFO    ] Обновление существующих данных realty завершено
2023-12-14 15:05:27,286 [INFO    ] из новых объяв найдено по адресу 1265, запрос в ddt для 1032 уник. адресов из 4258
2023-12-14 15:05:27,287 [INFO    ] обновление районов для найденных в realty по адресу новых объявлений:
2023-12-14 15:05:27,408 [INFO    ] обнаружено 71 районов для 95 новых объявлений, найденных по адресу из 157
2023-12-14 15:05:27,434 [INFO    ] 57 районов осталось незаполнено
2023-12-14 15:05:27,437 [INFO    ] переход к обновлению оставшихся (не найденных по адресу) 4258 новых объявлений (1032 адресов) для cian
2023-12-14 15:05:27,459 [INFO    ] загрузка данных dadata из /var/www/yadisk_loader/saved_data_csv/cian_dadata_request.csv
2023-12-14 15:05:28,258 [INFO    ] удалось загрузить исторические данные dadata
2023-12-14 15:05:30,270 [INFO    ] количество запросов к dadata составит: 1032
2023-12-14 15:05:30,276 [INFO    ] 0%|          | 0/243 [00:00<?, ?it/s]
2023-12-14 15:05:32,960 [INFO    ] 1032it [00:02, 384.61it/s]
2023-12-14 15:05:32,960 [INFO    ] 
2023-12-14 15:05:32,960 [INFO    ] dadata con closed succesfully
2023-12-14 15:05:32,961 [INFO    ] обращение к DDT по 790/1032 адресам из cian заняло 0:00:05.524107
2023-12-14 15:05:32,977 [INFO    ] обращение к DDT выполнено для 2410/4258 новых объявлений, найден fias для 1669
2023-12-14 15:06:44,646 [INFO    ] уникальных троек по h_fias_id, ad_id, d_id, в таблице с районами и houses_jkh_ddt/id: 2410
2023-12-14 15:06:44,650 [INFO    ] выгрузка данных в таблицу realty
2023-12-14 15:06:46,084 [INFO    ] Добавлено районов к объявлениям realty: 2 - было 2525 стало 2527
2023-12-14 15:06:46,084 [INFO    ] Есть несовпадения районов c jkh, обновление районов в jkh для 6 записей
2023-12-14 15:06:52,647 [INFO    ] Временная таблица temp_jkh_houses создана
2023-12-14 15:06:56,445 [INFO    ] Обновление данных jkh_houses завершено
2023-12-14 15:06:58,633 [INFO    ] все новые объявления добавлены
2023-12-14 15:07:00,185 [INFO    ] Успешно обработан файл циан 13-12-23 (без дублей).csv для prices
2023-12-14 15:07:00,185 [INFO    ] Выгрузка в таблицу prices обработанного файла из cian: циан 13-12-23 (без дублей).csv
2023-12-14 15:07:11,744 [INFO    ] данные cian загружены успешно
2023-12-14 15:07:11,833 [INFO    ] обработка файла 13-12-23 (без дублей).csv для авито
2023-12-14 15:07:59,522 [INFO    ] Успешно обработан файл 13-12-23 (без дублей).csv для realty
2023-12-14 15:07:59,586 [INFO    ] Выгрузка в таблицу realty обработанного файла из авито: 13-12-23 (без дублей).csv
2023-12-14 15:07:59,726 [INFO    ] Временная таблица очищена
2023-12-14 15:08:04,916 [INFO    ] Загрузка новых объявлений в таблицу
2023-12-14 15:08:05,095 [INFO    ] 176550 существующих и 8543 новых объявлений
2023-12-14 15:08:05,149 [INFO    ] temp таблица очищена, загружаются данные
2023-12-14 15:09:05,708 [INFO    ] обновлена таблица realty
2023-12-14 15:09:07,747 [INFO    ] обновлены районы в таблице realty
2023-12-14 15:09:17,516 [INFO    ] Обновление существующих данных realty завершено
2023-12-14 15:09:52,344 [INFO    ] из новых объяв найдено по адресу 1815, запрос в ddt для 1098 уник. адресов из 6728
2023-12-14 15:09:52,346 [INFO    ] обновление районов для найденных в realty по адресу новых объявлений:
2023-12-14 15:09:52,686 [INFO    ] обнаружено 488 районов для 784 новых объявлений, найденных по адресу из 1815
2023-12-14 15:09:52,700 [INFO    ] 304 районов осталось незаполнено
2023-12-14 15:09:52,702 [INFO    ] переход к обновлению оставшихся (не найденных по адресу) 6728 новых объявлений (1098 адресов) для avito
2023-12-14 15:09:52,719 [INFO    ] загрузка данных dadata из /var/www/yadisk_loader/saved_data_csv/avito_dadata_request.csv
2023-12-14 15:09:54,063 [INFO    ] удалось загрузить исторические данные dadata
2023-12-14 15:09:56,079 [INFO    ] количество запросов к dadata составит: 1098
2023-12-14 15:09:56,233 [INFO    ] 0%|          | 0/76 [00:00<?, ?it/s]
2023-12-14 15:09:59,898 [INFO    ] 1098it [00:03, 299.61it/s]
2023-12-14 15:09:59,898 [INFO    ] 
2023-12-14 15:09:59,898 [INFO    ] dadata con closed succesfully
2023-12-14 15:09:59,900 [INFO    ] обращение к DDT по 1035/1098 адресам из avito заняло 0:00:07.197814
2023-12-14 15:09:59,921 [INFO    ] обращение к DDT выполнено для 6186/6728 новых объявлений, найден fias для 2886
2023-12-14 15:11:13,313 [INFO    ] уникальных троек по h_fias_id, ad_id, d_id, в таблице с районами и houses_jkh_ddt/id: 6186
2023-12-14 15:11:13,316 [INFO    ] выгрузка данных в таблицу realty
2023-12-14 15:11:15,426 [INFO    ] Добавлено районов к объявлениям realty: 249 - было 0 стало 249
2023-12-14 15:11:15,426 [INFO    ] Есть несовпадения районов c jkh, обновление районов в jkh для 0 записей
2023-12-14 15:11:18,833 [INFO    ] Временная таблица temp_jkh_houses очищена
2023-12-14 15:11:22,432 [INFO    ] Обновление данных jkh_houses завершено
2023-12-14 15:11:25,583 [INFO    ] все новые объявления добавлены
2023-12-14 15:11:27,729 [INFO    ] Успешно обработан файл 13-12-23 (без дублей).csv для prices
2023-12-14 15:11:27,730 [INFO    ] Выгрузка в таблицу prices обработанного файла из авито: 13-12-23 (без дублей).csv
2023-12-14 15:11:44,321 [INFO    ] данные avito загружены успешно
2023-12-14 15:11:44,745 [INFO    ] Новые данные загружены по файлам ['13-12-23 (без дублей).csv'] из авито и ['циан 13-12-23 (без дублей).csv'] из циана за 0:11:25.577903
2023-12-14 15:11:44,852 [INFO    ] HTTP Request: GET https://dadata.ru/api/v2/profile/balance "HTTP/1.1 200 OK"
2023-12-14 15:11:44,854 [INFO    ] сохранение лог-файла
