2023-11-30 15:00:04,161 [INFO    ] Скрипт запущен: 2023-11-30 15:00:04.161068
2023-11-30 15:00:04,247 [INFO    ] Connected (version 2.0, client OpenSSH_7.4p1)
2023-11-30 15:00:04,325 [INFO    ] Authentication (publickey) failed.
2023-11-30 15:00:04,340 [INFO    ] Connected (version 2.0, client OpenSSH_7.4p1)
2023-11-30 15:00:04,432 [INFO    ] Authentication (password) successful!
2023-11-30 15:00:04,435 [INFO    ] connected to host 92.53.64.66 base preprod_nedvizhka_db
2023-11-30 15:00:04,882 [INFO    ] yandex token valid
2023-11-30 15:00:07,991 [INFO    ] Успешно загружено 1 файлов с личного диска: ['29-11-23 (без дублей).csv'] для avito
2023-11-30 15:00:08,194 [INFO    ] yandex token valid
2023-11-30 15:00:11,202 [INFO    ] Успешно загружено 1 файлов с личного диска: ['циан 29-11-23 (без дублей).csv'] для cian
2023-11-30 15:00:11,203 [INFO    ] ready to process files ['29-11-23 (без дублей).csv'], ['циан 29-11-23 (без дублей).csv']
2023-11-30 15:00:30,873 [INFO    ] обновлен status_new в таблице realty
2023-11-30 15:01:56,437 [INFO    ] обновлен status_new в таблице prices
2023-11-30 15:01:56,441 [INFO    ] обработка файла циан 29-11-23 (без дублей).csv для cian
2023-11-30 15:01:57,815 [INFO    ] обработка district_id:
2023-11-30 15:01:57,832 [INFO    ] districts_update:   0%|          | 0/120571 [00:00<?, ?it/s]
2023-11-30 15:02:12,833 [INFO    ] districts_update:  12%|#1        | 13944/120571 [00:15<01:54, 929.55it/s]
2023-11-30 15:02:27,834 [INFO    ] districts_update:  24%|##3       | 28382/120571 [00:30<01:37, 948.93it/s]
2023-11-30 15:02:38,032 [INFO    ] districts_update:  33%|###3      | 39883/120571 [00:40<01:25, 948.93it/s]
2023-11-30 15:02:42,834 [INFO    ] districts_update:  37%|###6      | 44570/120571 [00:45<01:15, 1008.40it/s]
2023-11-30 15:02:58,053 [INFO    ] districts_update:  50%|####9     | 59773/120571 [01:00<01:00, 1008.40it/s]
2023-11-30 15:02:58,053 [INFO    ] districts_update:  50%|####9     | 59774/120571 [01:00<01:00, 1004.67it/s]
2023-11-30 15:03:08,057 [INFO    ] districts_update:  58%|#####7    | 69777/120571 [01:10<00:50, 1004.67it/s]
2023-11-30 15:03:13,054 [INFO    ] districts_update:  62%|######1   | 74464/120571 [01:15<00:46, 995.55it/s]
2023-11-30 15:03:28,055 [INFO    ] districts_update:  74%|#######4  | 89544/120571 [01:30<00:31, 998.84it/s]
2023-11-30 15:03:38,129 [INFO    ] districts_update:  83%|########2 | 100017/120571 [01:40<00:20, 998.84it/s]
2023-11-30 15:03:43,055 [INFO    ] districts_update:  87%|########6 | 104787/120571 [01:45<00:15, 1004.50it/s]
2023-11-30 15:03:58,156 [INFO    ] districts_update: 100%|#########9| 120016/120571 [02:00<00:00, 1004.50it/s]
2023-11-30 15:03:58,157 [INFO    ] districts_update: 100%|#########9| 120017/120571 [02:00<00:00, 1005.78it/s]
2023-11-30 15:03:58,743 [INFO    ] districts_update: 100%|##########| 120571/120571 [02:00<00:00, 997.19it/s]
2023-11-30 15:03:58,743 [INFO    ] 
2023-11-30 15:03:58,751 [INFO    ] district add from realty
2023-11-30 15:04:01,269 [INFO    ] Успешно обработан файл циан 29-11-23 (без дублей).csv для realty
2023-11-30 15:04:01,276 [INFO    ] Выгрузка в таблицу realty обработанного файла из cian: циан 29-11-23 (без дублей).csv
2023-11-30 15:04:01,641 [INFO    ] Временная таблица создана
2023-11-30 15:04:14,286 [INFO    ] Загрузка новых объявлений в таблицу
2023-11-30 15:04:14,605 [INFO    ] 116493 существующих и 4078 новых объявлений
2023-11-30 15:04:14,652 [INFO    ] temp таблица очищена, загружаются данные
2023-11-30 15:05:08,735 [INFO    ] обновлена таблица realty
2023-11-30 15:05:35,497 [INFO    ] обновлены районы в таблице realty
2023-11-30 15:05:45,113 [INFO    ] Обновление существующих данных realty завершено
2023-11-30 15:06:17,251 [INFO    ] из новых объяв найдено по адресу 1171, запрос в ddt для 1030 уник. адресов из 2907
2023-11-30 15:06:17,252 [INFO    ] обновление районов для найденных в realty по адресу новых объявлений:
2023-11-30 15:06:17,328 [INFO    ] обнаружено 42 районов для 53 новых объявлений, найденных по адресу из 123
2023-11-30 15:06:17,343 [INFO    ] 31 районов осталось незаполнено
2023-11-30 15:06:17,343 [INFO    ] переход к обновлению оставшихся (не найденных по адресу) 2907 новых объявлений (1030 адресов) для cian
2023-11-30 15:06:17,358 [INFO    ] загрузка данных dadata из /var/www/yadisk_loader/saved_data_csv/cian_dadata_request.csv
2023-11-30 15:06:18,147 [INFO    ] удалось загрузить исторические данные dadata
2023-11-30 15:06:20,158 [INFO    ] количество запросов к dadata составит: 1030
2023-11-30 15:06:20,163 [INFO    ] 0%|          | 0/264 [00:00<?, ?it/s]
2023-11-30 15:06:22,672 [INFO    ] 1030it [00:02, 410.57it/s]
2023-11-30 15:06:22,672 [INFO    ] 
2023-11-30 15:06:22,672 [INFO    ] dadata con closed succesfully
2023-11-30 15:06:22,674 [INFO    ] обращение к DDT по 769/1030 адресам из cian заняло 0:00:05.330116
2023-11-30 15:06:22,691 [INFO    ] обращение к DDT выполнено для 1423/2907 новых объявлений, найден fias для 1045
2023-11-30 15:07:24,070 [INFO    ] уникальных троек по h_fias_id, ad_id, d_id, в таблице с районами и houses_jkh_ddt/id: 1423
2023-11-30 15:07:24,077 [INFO    ] выгрузка данных в таблицу realty
2023-11-30 15:07:25,077 [INFO    ] Добавлено районов к объявлениям realty: 1 - было 1848 стало 1849
2023-11-30 15:07:25,077 [INFO    ] Есть несовпадения районов c jkh, обновление районов в jkh для 7 записей
2023-11-30 15:07:31,524 [INFO    ] Временная таблица temp_jkh_houses создана
2023-11-30 15:07:35,240 [INFO    ] Обновление данных jkh_houses завершено
2023-11-30 15:07:36,833 [INFO    ] все новые объявления добавлены
2023-11-30 15:07:38,333 [INFO    ] Успешно обработан файл циан 29-11-23 (без дублей).csv для prices
2023-11-30 15:07:38,333 [INFO    ] Выгрузка в таблицу prices обработанного файла из cian: циан 29-11-23 (без дублей).csv
2023-11-30 15:07:49,679 [INFO    ] данные cian загружены успешно
2023-11-30 15:07:49,772 [INFO    ] обработка файла 29-11-23 (без дублей).csv для авито
2023-11-30 15:08:33,871 [INFO    ] Успешно обработан файл 29-11-23 (без дублей).csv для realty
2023-11-30 15:08:33,917 [INFO    ] Выгрузка в таблицу realty обработанного файла из авито: 29-11-23 (без дублей).csv
2023-11-30 15:08:34,008 [INFO    ] Временная таблица очищена
2023-11-30 15:08:38,396 [INFO    ] Загрузка новых объявлений в таблицу
2023-11-30 15:08:38,554 [INFO    ] 164978 существующих и 5277 новых объявлений
2023-11-30 15:08:38,558 [INFO    ] temp таблица очищена, загружаются данные
2023-11-30 15:09:33,814 [INFO    ] обновлена таблица realty
2023-11-30 15:09:36,073 [INFO    ] обновлены районы в таблице realty
2023-11-30 15:09:48,852 [INFO    ] Обновление существующих данных realty завершено
2023-11-30 15:10:19,065 [INFO    ] из новых объяв найдено по адресу 1397, запрос в ddt для 1375 уник. адресов из 3880
2023-11-30 15:10:19,066 [INFO    ] обновление районов для найденных в realty по адресу новых объявлений:
2023-11-30 15:10:19,369 [INFO    ] обнаружено 574 районов для 960 новых объявлений, найденных по адресу из 1397
2023-11-30 15:10:19,383 [INFO    ] 391 районов осталось незаполнено
2023-11-30 15:10:19,385 [INFO    ] переход к обновлению оставшихся (не найденных по адресу) 3880 новых объявлений (1375 адресов) для avito
2023-11-30 15:10:19,403 [INFO    ] загрузка данных dadata из /var/www/yadisk_loader/saved_data_csv/avito_dadata_request.csv
2023-11-30 15:10:20,627 [INFO    ] удалось загрузить исторические данные dadata
2023-11-30 15:10:22,640 [INFO    ] количество запросов к dadata составит: 1375
2023-11-30 15:10:22,667 [INFO    ] 0%|          | 0/96 [00:00<?, ?it/s]
2023-11-30 15:10:27,318 [INFO    ] 1375it [00:04, 295.62it/s]
2023-11-30 15:10:27,318 [INFO    ] 
2023-11-30 15:10:27,318 [INFO    ] dadata con closed succesfully
2023-11-30 15:10:27,320 [INFO    ] обращение к DDT по 1295/1375 адресам из avito заняло 0:00:07.934586
2023-11-30 15:10:27,337 [INFO    ] обращение к DDT выполнено для 3501/3880 новых объявлений, найден fias для 1878
2023-11-30 15:11:34,468 [INFO    ] уникальных троек по h_fias_id, ad_id, d_id, в таблице с районами и houses_jkh_ddt/id: 3501
2023-11-30 15:11:34,472 [INFO    ] выгрузка данных в таблицу realty
2023-11-30 15:11:35,729 [INFO    ] Добавлено районов к объявлениям realty: 276 - было 0 стало 276
2023-11-30 15:11:35,729 [INFO    ] Есть несовпадения районов c jkh, обновление районов в jkh для 0 записей
2023-11-30 15:11:38,921 [INFO    ] Временная таблица temp_jkh_houses очищена
2023-11-30 15:11:42,340 [INFO    ] Обновление данных jkh_houses завершено
2023-11-30 15:11:45,003 [INFO    ] все новые объявления добавлены
2023-11-30 15:11:47,143 [INFO    ] Успешно обработан файл 29-11-23 (без дублей).csv для prices
2023-11-30 15:11:47,143 [INFO    ] Выгрузка в таблицу prices обработанного файла из авито: 29-11-23 (без дублей).csv
2023-11-30 15:12:05,968 [INFO    ] данные avito загружены успешно
2023-11-30 15:12:06,428 [INFO    ] Новые данные загружены по файлам ['29-11-23 (без дублей).csv'] из авито и ['циан 29-11-23 (без дублей).csv'] из циана за 0:12:02.267316
2023-11-30 15:12:06,525 [INFO    ] HTTP Request: GET https://dadata.ru/api/v2/profile/balance "HTTP/1.1 200 OK"
2023-11-30 15:12:06,530 [INFO    ] сохранение лог-файла
