2023-10-23 15:00:20,977 [INFO    ] Скрипт запущен: 2023-10-23 15:00:20.977821
2023-10-23 15:00:21,012 [INFO    ] Connected (version 2.0, client OpenSSH_7.4p1)
2023-10-23 15:00:21,064 [INFO    ] Authentication (publickey) failed.
2023-10-23 15:00:21,067 [INFO    ] Connected (version 2.0, client OpenSSH_7.4p1)
2023-10-23 15:00:21,118 [INFO    ] Authentication (password) successful!
2023-10-23 15:00:21,118 [INFO    ] connected to host 92.53.64.66 base preprod_nedvizhka_db
2023-10-23 15:00:21,286 [INFO    ] yandex token valid
2023-10-23 15:00:24,226 [INFO    ] Успешно загружено 1 файлов с личного диска: ['22-10-23 (без дублей).csv'] для avito
2023-10-23 15:00:24,339 [INFO    ] yandex token valid
2023-10-23 15:00:26,549 [INFO    ] Успешно загружено 1 файлов с личного диска: ['циан 22-10-23 (без дублей).csv'] для cian
2023-10-23 15:00:26,549 [INFO    ] ready to process files ['22-10-23 (без дублей).csv'], ['циан 22-10-23 (без дублей).csv']
2023-10-23 15:00:33,941 [INFO    ] обновлен status_new в таблице realty
2023-10-23 15:00:47,908 [INFO    ] обновлен status_new в таблице prices
2023-10-23 15:00:47,909 [INFO    ] обработка файла циан 22-10-23 (без дублей).csv для cian
2023-10-23 15:00:48,990 [INFO    ] обработка district_id:
2023-10-23 15:00:48,991 [INFO    ] districts_update:   0%|          | 0/110353 [00:00<?, ?it/s]
2023-10-23 15:01:03,991 [INFO    ] districts_update:  14%|#4        | 15728/110353 [00:15<01:30, 1048.49it/s]
2023-10-23 15:01:17,096 [INFO    ] districts_update:  26%|##5       | 28434/110353 [00:28<01:18, 1048.49it/s]
2023-10-23 15:01:18,992 [INFO    ] districts_update:  27%|##7       | 30258/110353 [00:30<01:19, 1001.50it/s]
2023-10-23 15:01:33,993 [INFO    ] districts_update:  41%|####      | 44967/110353 [00:45<01:05, 991.93it/s]
2023-10-23 15:01:47,106 [INFO    ] districts_update:  52%|#####2    | 57680/110353 [00:58<00:53, 991.93it/s]
2023-10-23 15:01:48,994 [INFO    ] districts_update:  54%|#####3    | 59387/110353 [01:00<00:52, 979.83it/s]
2023-10-23 15:02:03,994 [INFO    ] districts_update:  67%|######7   | 74195/110353 [01:15<00:36, 982.48it/s]
2023-10-23 15:02:17,113 [INFO    ] districts_update:  79%|#######8  | 86638/110353 [01:28<00:24, 982.48it/s]
2023-10-23 15:02:18,995 [INFO    ] districts_update:  80%|########  | 88308/110353 [01:30<00:22, 968.32it/s]
2023-10-23 15:02:34,655 [INFO    ] districts_update:  93%|#########2| 102421/110353 [01:45<00:08, 945.74it/s]
2023-10-23 15:02:43,300 [INFO    ] districts_update: 100%|##########| 110353/110353 [01:54<00:00, 965.39it/s]
2023-10-23 15:02:43,300 [INFO    ] 
2023-10-23 15:02:43,306 [INFO    ] district add from realty
2023-10-23 15:02:45,120 [INFO    ] Успешно обработан файл циан 22-10-23 (без дублей).csv для realty
2023-10-23 15:02:45,173 [INFO    ] Выгрузка в таблицу realty обработанного файла из cian: циан 22-10-23 (без дублей).csv
2023-10-23 15:02:45,485 [INFO    ] Временная таблица создана
2023-10-23 15:02:55,049 [INFO    ] Загрузка новых объявлений в таблицу
2023-10-23 15:02:55,278 [INFO    ] 108770 существующих и 1582 новых объявлений
2023-10-23 15:02:55,327 [INFO    ] temp таблица очищена, загружаются данные
2023-10-23 15:03:54,982 [INFO    ] обновлена таблица realty
2023-10-23 15:04:18,083 [INFO    ] обновлены районы в таблице realty
2023-10-23 15:04:25,400 [INFO    ] Обновление существующих данных realty завершено
2023-10-23 15:04:54,396 [INFO    ] из новых объяв найдено по адресу 420, запрос в ddt для 409 уник. адресов из 1162
2023-10-23 15:04:54,397 [INFO    ] обновление районов для найденных в realty по адресу новых объявлений:
2023-10-23 15:04:54,448 [INFO    ] обнаружено 19 районов для 22 новых объявлений, найденных по адресу из 32
2023-10-23 15:04:54,453 [INFO    ] 14 районов осталось незаполнено
2023-10-23 15:04:54,453 [INFO    ] переход к обновлению оставшихся (не найденных по адресу) 1162 новых объявлений (409 адресов) для cian
2023-10-23 15:04:54,466 [INFO    ] загрузка данных dadata из /var/www/yadisk_loader/saved_data_csv/cian_dadata_request.csv
2023-10-23 15:04:55,087 [INFO    ] удалось загрузить исторические данные dadata
2023-10-23 15:04:57,094 [INFO    ] количество запросов к dadata составит: 409
2023-10-23 15:04:57,095 [INFO    ] 0%|          | 0/118 [00:00<?, ?it/s]
2023-10-23 15:04:57,970 [INFO    ] 409it [00:00, 467.15it/s]
2023-10-23 15:04:57,970 [INFO    ] 
2023-10-23 15:04:57,970 [INFO    ] dadata con closed succesfully
2023-10-23 15:04:57,971 [INFO    ] обращение к DDT по 292/409 адресам из cian заняло 0:00:03.517930
2023-10-23 15:04:57,981 [INFO    ] обращение к DDT выполнено для 551/1162 новых объявлений, найден fias для 375
2023-10-23 15:05:41,727 [INFO    ] уникальных троек по h_fias_id, ad_id, d_id, в таблице с районами и houses_jkh_ddt/id: 551
2023-10-23 15:05:41,728 [INFO    ] выгрузка данных в таблицу realty
2023-10-23 15:05:42,125 [INFO    ] Добавлено районов к объявлениям realty: 0 - было 774 стало 774
2023-10-23 15:05:42,125 [INFO    ] Есть несовпадения районов c jkh, обновление районов в jkh для 8 записей
2023-10-23 15:05:48,409 [INFO    ] Временная таблица temp_jkh_houses создана
2023-10-23 15:05:51,801 [INFO    ] Обновление данных jkh_houses завершено
2023-10-23 15:05:52,620 [INFO    ] все новые объявления добавлены
2023-10-23 15:05:53,952 [INFO    ] Успешно обработан файл циан 22-10-23 (без дублей).csv для prices
2023-10-23 15:05:53,952 [INFO    ] Выгрузка в таблицу prices обработанного файла из cian: циан 22-10-23 (без дублей).csv
2023-10-23 15:06:03,882 [INFO    ] данные cian загружены успешно
2023-10-23 15:06:03,970 [INFO    ] обработка файла 22-10-23 (без дублей).csv для авито
2023-10-23 15:06:48,039 [INFO    ] Успешно обработан файл 22-10-23 (без дублей).csv для realty
2023-10-23 15:06:48,130 [INFO    ] Выгрузка в таблицу realty обработанного файла из авито: 22-10-23 (без дублей).csv
2023-10-23 15:06:48,219 [INFO    ] Временная таблица очищена
2023-10-23 15:06:51,571 [INFO    ] Загрузка новых объявлений в таблицу
2023-10-23 15:06:51,731 [INFO    ] 174799 существующих и 1533 новых объявлений
2023-10-23 15:06:51,775 [INFO    ] temp таблица очищена, загружаются данные
2023-10-23 15:07:44,315 [INFO    ] обновлена таблица realty
2023-10-23 15:07:46,266 [INFO    ] обновлены районы в таблице realty
2023-10-23 15:07:54,064 [INFO    ] Обновление существующих данных realty завершено
2023-10-23 15:08:19,920 [INFO    ] из новых объяв найдено по адресу 565, запрос в ddt для 514 уник. адресов из 968
2023-10-23 15:08:19,920 [INFO    ] обновление районов для найденных в realty по адресу новых объявлений:
2023-10-23 15:08:20,153 [INFO    ] обнаружено 247 районов для 389 новых объявлений, найденных по адресу из 565
2023-10-23 15:08:20,158 [INFO    ] 142 районов осталось незаполнено
2023-10-23 15:08:20,158 [INFO    ] переход к обновлению оставшихся (не найденных по адресу) 968 новых объявлений (514 адресов) для avito
2023-10-23 15:08:20,171 [INFO    ] загрузка данных dadata из /var/www/yadisk_loader/saved_data_csv/avito_dadata_request.csv
2023-10-23 15:08:21,148 [INFO    ] удалось загрузить исторические данные dadata
2023-10-23 15:08:23,157 [INFO    ] количество запросов к dadata составит: 514
2023-10-23 15:08:23,158 [INFO    ] 0%|          | 0/47 [00:00<?, ?it/s]
2023-10-23 15:08:24,556 [INFO    ] 514it [00:01, 367.74it/s]
2023-10-23 15:08:24,556 [INFO    ] 
2023-10-23 15:08:24,556 [INFO    ] dadata con closed succesfully
2023-10-23 15:08:24,557 [INFO    ] обращение к DDT по 472/514 адресам из avito заняло 0:00:04.398581
2023-10-23 15:08:24,566 [INFO    ] обращение к DDT выполнено для 903/968 новых объявлений, найден fias для 534
2023-10-23 15:09:00,985 [INFO    ] уникальных троек по h_fias_id, ad_id, d_id, в таблице с районами и houses_jkh_ddt/id: 903
2023-10-23 15:09:00,986 [INFO    ] выгрузка данных в таблицу realty
2023-10-23 15:09:01,305 [INFO    ] Добавлено районов к объявлениям realty: 122 - было 0 стало 122
2023-10-23 15:09:01,305 [INFO    ] Есть несовпадения районов c jkh, обновление районов в jkh для 0 записей
2023-10-23 15:09:04,451 [INFO    ] Временная таблица temp_jkh_houses очищена
2023-10-23 15:09:07,855 [INFO    ] Обновление данных jkh_houses завершено
2023-10-23 15:09:09,073 [INFO    ] все новые объявления добавлены
2023-10-23 15:09:11,092 [INFO    ] Успешно обработан файл 22-10-23 (без дублей).csv для prices
2023-10-23 15:09:11,092 [INFO    ] Выгрузка в таблицу prices обработанного файла из авито: 22-10-23 (без дублей).csv
2023-10-23 15:09:27,121 [INFO    ] данные avito загружены успешно
2023-10-23 15:09:27,523 [INFO    ] Новые данные загружены по файлам ['22-10-23 (без дублей).csv'] из авито и ['циан 22-10-23 (без дублей).csv'] из циана за 0:09:06.545746
2023-10-23 15:09:27,592 [INFO    ] HTTP Request: GET https://dadata.ru/api/v2/profile/balance "HTTP/1.1 200 OK"
2023-10-23 15:09:27,593 [INFO    ] сохранение лог-файла
