2023-10-25 15:00:59,097 [INFO    ] Скрипт запущен: 2023-10-25 15:00:59.097842
2023-10-25 15:00:59,156 [INFO    ] Connected (version 2.0, client OpenSSH_7.4p1)
2023-10-25 15:00:59,212 [INFO    ] Authentication (publickey) failed.
2023-10-25 15:00:59,216 [INFO    ] Connected (version 2.0, client OpenSSH_7.4p1)
2023-10-25 15:00:59,273 [INFO    ] Authentication (password) successful!
2023-10-25 15:00:59,274 [INFO    ] connected to host 92.53.64.66 base preprod_nedvizhka_db
2023-10-25 15:00:59,441 [INFO    ] yandex token valid
2023-10-25 15:01:02,763 [INFO    ] Успешно загружено 1 файлов с личного диска: ['24-10-23 (без дублей).csv'] для avito
2023-10-25 15:01:02,986 [INFO    ] yandex token valid
2023-10-25 15:01:05,149 [INFO    ] Успешно загружено 1 файлов с личного диска: ['циан 24-10-23 (без дублей).csv'] для cian
2023-10-25 15:01:05,150 [INFO    ] ready to process files ['24-10-23 (без дублей).csv'], ['циан 24-10-23 (без дублей).csv']
2023-10-25 15:01:44,263 [INFO    ] обновлен status_new в таблице realty
2023-10-25 15:02:21,505 [INFO    ] обновлен status_new в таблице prices
2023-10-25 15:02:21,519 [INFO    ] обработка файла циан 24-10-23 (без дублей).csv для cian
2023-10-25 15:02:22,793 [INFO    ] обработка district_id:
2023-10-25 15:02:22,793 [INFO    ] districts_update:   0%|          | 0/110228 [00:00<?, ?it/s]
2023-10-25 15:02:37,793 [INFO    ] districts_update:  11%|#         | 11627/110228 [00:15<02:07, 775.13it/s]
2023-10-25 15:02:50,052 [INFO    ] districts_update:  19%|#9        | 21006/110228 [00:27<01:55, 775.13it/s]
2023-10-25 15:02:52,794 [INFO    ] districts_update:  21%|##1       | 23404/110228 [00:30<01:51, 780.99it/s]
2023-10-25 15:03:07,795 [INFO    ] districts_update:  33%|###3      | 36455/110228 [00:45<01:29, 821.63it/s]
2023-10-25 15:03:20,157 [INFO    ] districts_update:  42%|####2     | 46370/110228 [00:57<01:17, 821.63it/s]
2023-10-25 15:03:22,796 [INFO    ] districts_update:  44%|####4     | 48541/110228 [01:00<01:15, 815.34it/s]
2023-10-25 15:03:37,926 [INFO    ] districts_update:  55%|#####5    | 60627/110228 [01:15<01:01, 809.34it/s]
2023-10-25 15:03:50,161 [INFO    ] districts_update:  64%|######3   | 70165/110228 [01:27<00:49, 809.34it/s]
2023-10-25 15:03:52,927 [INFO    ] districts_update:  66%|######5   | 72250/110228 [01:30<00:47, 797.64it/s]
2023-10-25 15:04:07,927 [INFO    ] districts_update:  77%|#######6  | 84599/110228 [01:45<00:31, 805.99it/s]
2023-10-25 15:04:20,165 [INFO    ] districts_update:  86%|########5 | 94306/110228 [01:57<00:19, 805.99it/s]
2023-10-25 15:04:22,927 [INFO    ] districts_update:  88%|########7 | 96553/110228 [02:00<00:17, 803.11it/s]
2023-10-25 15:04:37,927 [INFO    ] districts_update:  99%|#########8| 108820/110228 [02:15<00:01, 807.70it/s]
2023-10-25 15:04:39,687 [INFO    ] districts_update: 100%|##########| 110228/110228 [02:16<00:00, 805.21it/s]
2023-10-25 15:04:39,687 [INFO    ] 
2023-10-25 15:04:39,695 [INFO    ] district add from realty
2023-10-25 15:04:41,860 [INFO    ] Успешно обработан файл циан 24-10-23 (без дублей).csv для realty
2023-10-25 15:04:41,938 [INFO    ] Выгрузка в таблицу realty обработанного файла из cian: циан 24-10-23 (без дублей).csv
2023-10-25 15:04:42,453 [INFO    ] Временная таблица создана
2023-10-25 15:05:07,683 [INFO    ] Загрузка новых объявлений в таблицу
2023-10-25 15:05:07,948 [INFO    ] 106939 существующих и 3289 новых объявлений
2023-10-25 15:05:07,991 [INFO    ] temp таблица очищена, загружаются данные
2023-10-25 15:08:39,977 [INFO    ] обновлена таблица realty
2023-10-25 15:09:24,677 [INFO    ] обновлены районы в таблице realty
2023-10-25 15:09:47,938 [INFO    ] Обновление существующих данных realty завершено
2023-10-25 15:10:26,118 [INFO    ] из новых объяв найдено по адресу 1389, запрос в ddt для 859 уник. адресов из 1900
2023-10-25 15:10:26,118 [INFO    ] обновление районов для найденных в realty по адресу новых объявлений:
2023-10-25 15:10:26,267 [INFO    ] обнаружено 62 районов для 83 новых объявлений, найденных по адресу из 105
2023-10-25 15:10:26,275 [INFO    ] 46 районов осталось незаполнено
2023-10-25 15:10:26,276 [INFO    ] переход к обновлению оставшихся (не найденных по адресу) 1900 новых объявлений (859 адресов) для cian
2023-10-25 15:10:26,298 [INFO    ] загрузка данных dadata из /var/www/yadisk_loader/saved_data_csv/cian_dadata_request.csv
2023-10-25 15:10:26,998 [INFO    ] удалось загрузить исторические данные dadata
2023-10-25 15:10:29,006 [INFO    ] количество запросов к dadata составит: 859
2023-10-25 15:10:29,007 [INFO    ] 0%|          | 0/178 [00:00<?, ?it/s]
2023-10-25 15:10:32,023 [INFO    ] 859it [00:03, 284.81it/s]
2023-10-25 15:10:32,023 [INFO    ] 
2023-10-25 15:10:32,024 [INFO    ] dadata con closed succesfully
2023-10-25 15:10:32,025 [INFO    ] обращение к DDT по 684/859 адресам из cian заняло 0:00:05.749158
2023-10-25 15:10:32,043 [INFO    ] обращение к DDT выполнено для 1137/1900 новых объявлений, найден fias для 853
2023-10-25 15:11:32,539 [INFO    ] уникальных троек по h_fias_id, ad_id, d_id, в таблице с районами и houses_jkh_ddt/id: 1137
2023-10-25 15:11:32,551 [INFO    ] выгрузка данных в таблицу realty
2023-10-25 15:11:33,506 [INFO    ] Добавлено районов к объявлениям realty: 1 - было 1439 стало 1440
2023-10-25 15:11:33,506 [INFO    ] Есть несовпадения районов c jkh, обновление районов в jkh для 14 записей
2023-10-25 15:11:39,913 [INFO    ] Временная таблица temp_jkh_houses создана
2023-10-25 15:11:43,042 [INFO    ] Обновление данных jkh_houses завершено
2023-10-25 15:11:45,437 [INFO    ] все новые объявления добавлены
2023-10-25 15:11:47,286 [INFO    ] Успешно обработан файл циан 24-10-23 (без дублей).csv для prices
2023-10-25 15:11:47,286 [INFO    ] Выгрузка в таблицу prices обработанного файла из cian: циан 24-10-23 (без дублей).csv
2023-10-25 15:12:27,756 [INFO    ] данные cian загружены успешно
2023-10-25 15:12:27,834 [INFO    ] обработка файла 24-10-23 (без дублей).csv для авито
2023-10-25 15:13:25,538 [INFO    ] Успешно обработан файл 24-10-23 (без дублей).csv для realty
2023-10-25 15:13:25,674 [INFO    ] Выгрузка в таблицу realty обработанного файла из авито: 24-10-23 (без дублей).csv
2023-10-25 15:13:25,763 [INFO    ] Временная таблица очищена
2023-10-25 15:13:34,680 [INFO    ] Загрузка новых объявлений в таблицу
2023-10-25 15:13:34,887 [INFO    ] 179650 существующих и 2901 новых объявлений
2023-10-25 15:13:34,931 [INFO    ] temp таблица очищена, загружаются данные
2023-10-25 15:18:15,625 [INFO    ] обновлена таблица realty
2023-10-25 15:18:18,376 [INFO    ] обновлены районы в таблице realty
2023-10-25 15:18:48,330 [INFO    ] Обновление существующих данных realty завершено
2023-10-25 15:19:22,533 [INFO    ] из новых объяв найдено по адресу 1068, запрос в ddt для 1022 уник. адресов из 1833
2023-10-25 15:19:22,534 [INFO    ] обновление районов для найденных в realty по адресу новых объявлений:
2023-10-25 15:19:23,195 [INFO    ] обнаружено 532 районов для 859 новых объявлений, найденных по адресу из 1068
2023-10-25 15:19:23,200 [INFO    ] 328 районов осталось незаполнено
2023-10-25 15:19:23,201 [INFO    ] переход к обновлению оставшихся (не найденных по адресу) 1833 новых объявлений (1022 адресов) для avito
2023-10-25 15:19:23,228 [INFO    ] загрузка данных dadata из /var/www/yadisk_loader/saved_data_csv/avito_dadata_request.csv
2023-10-25 15:19:24,366 [INFO    ] удалось загрузить исторические данные dadata
2023-10-25 15:19:26,381 [INFO    ] количество запросов к dadata составит: 1022
2023-10-25 15:19:26,385 [INFO    ] 0%|          | 0/78 [00:00<?, ?it/s]
2023-10-25 15:19:30,408 [INFO    ] 1022it [00:04, 254.58it/s]
2023-10-25 15:19:30,408 [INFO    ] 
2023-10-25 15:19:30,408 [INFO    ] dadata con closed succesfully
2023-10-25 15:19:30,410 [INFO    ] обращение к DDT по 951/1022 адресам из avito заняло 0:00:07.208711
2023-10-25 15:19:30,426 [INFO    ] обращение к DDT выполнено для 1670/1833 новых объявлений, найден fias для 1013
2023-10-25 15:20:22,673 [INFO    ] уникальных троек по h_fias_id, ad_id, d_id, в таблице с районами и houses_jkh_ddt/id: 1670
2023-10-25 15:20:22,675 [INFO    ] выгрузка данных в таблицу realty
2023-10-25 15:20:23,319 [INFO    ] Добавлено районов к объявлениям realty: 259 - было 0 стало 259
2023-10-25 15:20:23,319 [INFO    ] Есть несовпадения районов c jkh, обновление районов в jkh для 0 записей
2023-10-25 15:20:26,455 [INFO    ] Временная таблица temp_jkh_houses очищена
2023-10-25 15:20:29,770 [INFO    ] Обновление данных jkh_houses завершено
2023-10-25 15:20:34,253 [INFO    ] все новые объявления добавлены
2023-10-25 15:20:37,212 [INFO    ] Успешно обработан файл 24-10-23 (без дублей).csv для prices
2023-10-25 15:20:37,212 [INFO    ] Выгрузка в таблицу prices обработанного файла из авито: 24-10-23 (без дублей).csv
2023-10-25 15:21:48,832 [INFO    ] данные avito загружены успешно
2023-10-25 15:21:49,264 [INFO    ] Новые данные загружены по файлам ['24-10-23 (без дублей).csv'] из авито и ['циан 24-10-23 (без дублей).csv'] из циана за 0:20:50.166150
2023-10-25 15:21:49,337 [INFO    ] HTTP Request: GET https://dadata.ru/api/v2/profile/balance "HTTP/1.1 200 OK"
2023-10-25 15:21:49,338 [INFO    ] сохранение лог-файла
