2023-09-27 15:00:35,544 [INFO    ] Скрипт запущен: 2023-09-27 15:00:35.544528
2023-09-27 15:00:35,577 [INFO    ] Connected (version 2.0, client OpenSSH_7.4p1)
2023-09-27 15:00:35,627 [INFO    ] Authentication (publickey) failed.
2023-09-27 15:00:35,631 [INFO    ] Connected (version 2.0, client OpenSSH_7.4p1)
2023-09-27 15:00:35,682 [INFO    ] Authentication (password) successful!
2023-09-27 15:00:35,694 [INFO    ] connected to host 92.53.64.66 base preprod_nedvizhka_db
2023-09-27 15:00:36,110 [INFO    ] yandex token valid
2023-09-27 15:00:39,486 [INFO    ] Успешно загружено 1 файлов с личного диска: ['26-09-23 (без дублей).csv'] для avito
2023-09-27 15:00:39,639 [INFO    ] yandex token valid
2023-09-27 15:00:42,196 [INFO    ] Успешно загружено 1 файлов с личного диска: ['циан 26-09-23 (без дублей).csv'] для cian
2023-09-27 15:00:42,196 [INFO    ] ready to process files ['26-09-23 (без дублей).csv'], ['циан 26-09-23 (без дублей).csv']
2023-09-27 15:00:48,055 [INFO    ] обновлен status_new в таблице realty
2023-09-27 15:01:03,635 [INFO    ] обновлен status_new в таблице prices
2023-09-27 15:01:03,636 [INFO    ] обработка файла циан 26-09-23 (без дублей).csv для cian
2023-09-27 15:01:04,669 [INFO    ] обработка district_id:
2023-09-27 15:01:04,673 [INFO    ] districts_update:   0%|          | 0/107142 [00:00<?, ?it/s]
2023-09-27 15:01:19,675 [INFO    ] districts_update:  13%|#3        | 14022/107142 [00:15<01:39, 934.74it/s]
2023-09-27 15:01:34,675 [INFO    ] districts_update:  28%|##8       | 30002/107142 [00:30<01:16, 1011.56it/s]
2023-09-27 15:01:46,711 [INFO    ] districts_update:  39%|###8      | 41295/107142 [00:42<01:05, 1011.56it/s]
2023-09-27 15:01:49,675 [INFO    ] districts_update:  41%|####1     | 44071/107142 [00:45<01:04, 977.92it/s]
2023-09-27 15:02:04,676 [INFO    ] districts_update:  55%|#####4    | 58443/107142 [01:00<00:50, 970.10it/s]
2023-09-27 15:02:16,725 [INFO    ] districts_update:  67%|######7   | 71867/107142 [01:12<00:36, 970.10it/s]
2023-09-27 15:02:19,677 [INFO    ] districts_update:  70%|######9   | 74993/107142 [01:15<00:31, 1018.12it/s]
2023-09-27 15:02:36,746 [INFO    ] districts_update:  85%|########5 | 91489/107142 [01:32<00:15, 1018.12it/s]
2023-09-27 15:02:36,746 [INFO    ] districts_update:  85%|########5 | 91490/107142 [01:32<00:15, 999.03it/s]
2023-09-27 15:02:46,757 [INFO    ] districts_update:  95%|#########5| 101983/107142 [01:42<00:05, 999.03it/s]
2023-09-27 15:02:51,685 [INFO    ] districts_update: 100%|##########| 107142/107142 [01:47<00:00, 1001.23it/s]
2023-09-27 15:02:51,685 [INFO    ] 
2023-09-27 15:02:51,691 [INFO    ] district add from realty
2023-09-27 15:02:52,908 [INFO    ] Успешно обработан файл циан 26-09-23 (без дублей).csv для realty
2023-09-27 15:02:52,953 [INFO    ] Выгрузка в таблицу realty обработанного файла из cian: циан 26-09-23 (без дублей).csv
2023-09-27 15:02:53,087 [INFO    ] Временная таблица очищена
2023-09-27 15:03:01,097 [INFO    ] Загрузка новых объявлений в таблицу
2023-09-27 15:03:01,295 [INFO    ] 104691 существующих и 2451 новых объявлений
2023-09-27 15:03:01,339 [INFO    ] temp таблица очищена, загружаются данные
2023-09-27 15:03:39,477 [INFO    ] обновлена таблица realty
2023-09-27 15:03:58,734 [INFO    ] обновлены районы в таблице realty
2023-09-27 15:04:01,159 [INFO    ] Обновление существующих данных realty завершено
2023-09-27 15:04:25,264 [INFO    ] из новых объяв найдено по адресу 1168, запрос в ddt для 675 уник. адресов из 1283
2023-09-27 15:04:25,264 [INFO    ] обновление районов для найденных в realty по адресу новых объявлений:
2023-09-27 15:04:25,316 [INFO    ] обнаружено 71 районов для 71 новых объявлений, найденных по адресу из 80
2023-09-27 15:04:25,322 [INFO    ] 64 районов осталось незаполнено
2023-09-27 15:04:25,322 [INFO    ] переход к обновлению оставшихся (не найденных по адресу) 1283 новых объявлений (675 адресов) для cian
2023-09-27 15:04:25,335 [INFO    ] загрузка данных dadata из /var/www/yadisk_loader/saved_data_csv/cian_dadata_request.csv
2023-09-27 15:04:25,858 [INFO    ] удалось загрузить исторические данные dadata
2023-09-27 15:04:27,865 [INFO    ] количество запросов к dadata составит: 675
2023-09-27 15:04:27,866 [INFO    ] 0%|          | 0/145 [00:00<?, ?it/s]
2023-09-27 15:04:29,314 [INFO    ] 675it [00:01, 466.03it/s]
2023-09-27 15:04:29,314 [INFO    ] 
2023-09-27 15:04:29,314 [INFO    ] dadata con closed succesfully
2023-09-27 15:04:29,315 [INFO    ] обращение к DDT по 530/675 адресам из cian заняло 0:00:03.993005
2023-09-27 15:04:29,326 [INFO    ] обращение к DDT выполнено для 797/1283 новых объявлений, найден fias для 581
2023-09-27 15:05:02,130 [INFO    ] уникальных троек по h_fias_id, ad_id, d_id, в таблице с районами и houses_jkh_ddt/id: 797
2023-09-27 15:05:02,132 [INFO    ] выгрузка данных в таблицу realty
2023-09-27 15:05:02,548 [INFO    ] Добавлено районов к объявлениям realty: 4 - было 1017 стало 1021
2023-09-27 15:05:02,548 [INFO    ] Есть несовпадения районов c jkh, обновление районов в jkh для 2 записей
2023-09-27 15:05:09,160 [INFO    ] Временная таблица temp_jkh_houses создана
2023-09-27 15:05:12,361 [INFO    ] Обновление данных jkh_houses завершено
2023-09-27 15:05:13,414 [INFO    ] все новые объявления добавлены
2023-09-27 15:05:15,020 [INFO    ] Успешно обработан файл циан 26-09-23 (без дублей).csv для prices
2023-09-27 15:05:15,020 [INFO    ] Выгрузка в таблицу prices обработанного файла из cian: циан 26-09-23 (без дублей).csv
2023-09-27 15:05:25,237 [INFO    ] данные cian загружены успешно
2023-09-27 15:05:25,322 [INFO    ] обработка файла 26-09-23 (без дублей).csv для авито
2023-09-27 15:06:09,831 [INFO    ] Успешно обработан файл 26-09-23 (без дублей).csv для realty
2023-09-27 15:06:09,910 [INFO    ] Выгрузка в таблицу realty обработанного файла из авито: 26-09-23 (без дублей).csv
2023-09-27 15:06:10,000 [INFO    ] Временная таблица очищена
2023-09-27 15:06:12,494 [INFO    ] Загрузка новых объявлений в таблицу
2023-09-27 15:06:12,625 [INFO    ] 179300 существующих и 2853 новых объявлений
2023-09-27 15:06:12,670 [INFO    ] temp таблица очищена, загружаются данные
2023-09-27 15:07:06,272 [INFO    ] обновлена таблица realty
2023-09-27 15:07:08,530 [INFO    ] обновлены районы в таблице realty
2023-09-27 15:07:14,183 [INFO    ] Обновление существующих данных realty завершено
2023-09-27 15:07:37,187 [INFO    ] из новых объяв найдено по адресу 1185, запрос в ddt для 981 уник. адресов из 1668
2023-09-27 15:07:37,187 [INFO    ] обновление районов для найденных в realty по адресу новых объявлений:
2023-09-27 15:07:37,384 [INFO    ] обнаружено 935 районов для 935 новых объявлений, найденных по адресу из 1185
2023-09-27 15:07:37,390 [INFO    ] 40 районов осталось незаполнено
2023-09-27 15:07:37,390 [INFO    ] переход к обновлению оставшихся (не найденных по адресу) 1668 новых объявлений (981 адресов) для avito
2023-09-27 15:07:37,403 [INFO    ] загрузка данных dadata из /var/www/yadisk_loader/saved_data_csv/avito_dadata_request.csv
2023-09-27 15:07:38,175 [INFO    ] удалось загрузить исторические данные dadata
2023-09-27 15:07:40,183 [INFO    ] количество запросов к dadata составит: 981
2023-09-27 15:07:40,184 [INFO    ] 0%|          | 0/59 [00:00<?, ?it/s]
2023-09-27 15:07:42,684 [INFO    ] 981it [00:02, 392.33it/s]
2023-09-27 15:07:42,684 [INFO    ] 
2023-09-27 15:07:42,684 [INFO    ] dadata con closed succesfully
2023-09-27 15:07:42,685 [INFO    ] обращение к DDT по 924/981 адресам из avito заняло 0:00:05.294954
2023-09-27 15:07:42,697 [INFO    ] обращение к DDT выполнено для 1545/1668 новых объявлений, найден fias для 1009
2023-09-27 15:08:11,232 [INFO    ] уникальных троек по h_fias_id, ad_id, d_id, в таблице с районами и houses_jkh_ddt/id: 1545
2023-09-27 15:08:11,233 [INFO    ] выгрузка данных в таблицу realty
2023-09-27 15:08:11,747 [INFO    ] Добавлено районов к объявлениям realty: 209 - было 0 стало 209
2023-09-27 15:08:11,747 [INFO    ] Есть несовпадения районов c jkh, обновление районов в jkh для 0 записей
2023-09-27 15:08:14,884 [INFO    ] Временная таблица temp_jkh_houses очищена
2023-09-27 15:08:18,238 [INFO    ] Обновление данных jkh_houses завершено
2023-09-27 15:08:19,690 [INFO    ] все новые объявления добавлены
2023-09-27 15:08:21,902 [INFO    ] Успешно обработан файл 26-09-23 (без дублей).csv для prices
2023-09-27 15:08:21,902 [INFO    ] Выгрузка в таблицу prices обработанного файла из авито: 26-09-23 (без дублей).csv
2023-09-27 15:08:40,061 [INFO    ] данные avito загружены успешно
2023-09-27 15:08:40,451 [INFO    ] Новые данные загружены по файлам ['26-09-23 (без дублей).csv'] из авито и ['циан 26-09-23 (без дублей).csv'] из циана за 0:08:04.906484
2023-09-27 15:08:40,515 [INFO    ] HTTP Request: GET https://dadata.ru/api/v2/profile/balance "HTTP/1.1 200 OK"
2023-09-27 15:08:40,517 [INFO    ] сохранение лог-файла
