2023-10-14 15:00:40,341 [INFO    ] Скрипт запущен: 2023-10-14 15:00:40.341300
2023-10-14 15:00:40,410 [INFO    ] Connected (version 2.0, client OpenSSH_7.4p1)
2023-10-14 15:00:40,470 [INFO    ] Authentication (publickey) failed.
2023-10-14 15:00:40,474 [INFO    ] Connected (version 2.0, client OpenSSH_7.4p1)
2023-10-14 15:00:40,526 [INFO    ] Authentication (password) successful!
2023-10-14 15:00:40,526 [INFO    ] connected to host 92.53.64.66 base preprod_nedvizhka_db
2023-10-14 15:00:40,704 [INFO    ] yandex token valid
2023-10-14 15:00:42,839 [INFO    ] Успешно загружено 1 файлов с личного диска: ['13-10-23 (без дублей).csv'] для avito
2023-10-14 15:00:43,014 [INFO    ] yandex token valid
2023-10-14 15:00:44,602 [INFO    ] Успешно загружено 1 файлов с личного диска: ['циан 13-10-23 (без дублей).csv'] для cian
2023-10-14 15:00:44,602 [INFO    ] ready to process files ['13-10-23 (без дублей).csv'], ['циан 13-10-23 (без дублей).csv']
2023-10-14 15:01:19,847 [INFO    ] обновлен status_new в таблице realty
2023-10-14 15:01:21,644 [INFO    ] обновлен status_new в таблице prices
2023-10-14 15:01:21,644 [INFO    ] обработка файла циан 13-10-23 (без дублей).csv для cian
2023-10-14 15:01:22,728 [INFO    ] обработка district_id:
2023-10-14 15:01:22,729 [INFO    ] districts_update:   0%|          | 0/110912 [00:00<?, ?it/s]
2023-10-14 15:01:37,729 [INFO    ] districts_update:  12%|#2        | 13825/110912 [00:15<01:45, 921.65it/s]
2023-10-14 15:01:52,598 [INFO    ] districts_update:  26%|##6       | 28983/110912 [00:29<01:28, 921.65it/s]
2023-10-14 15:01:52,730 [INFO    ] districts_update:  26%|##6       | 29141/110912 [00:30<01:23, 980.09it/s]
2023-10-14 15:02:07,731 [INFO    ] districts_update:  40%|####      | 44710/110912 [00:45<01:05, 1006.49it/s]
2023-10-14 15:02:22,615 [INFO    ] districts_update:  54%|#####3    | 59538/110912 [00:59<00:51, 1006.49it/s]
2023-10-14 15:02:22,731 [INFO    ] districts_update:  54%|#####3    | 59645/110912 [01:00<00:51, 1002.21it/s]
2023-10-14 15:02:38,354 [INFO    ] districts_update:  67%|######7   | 74580/110912 [01:15<00:36, 985.11it/s]
2023-10-14 15:02:52,621 [INFO    ] districts_update:  81%|########  | 89446/110912 [01:29<00:21, 985.11it/s]
2023-10-14 15:02:53,354 [INFO    ] districts_update:  81%|########1 | 90154/110912 [01:30<00:20, 1002.99it/s]
2023-10-14 15:03:09,024 [INFO    ] districts_update:  95%|#########5| 105728/110912 [01:46<00:05, 999.95it/s]
2023-10-14 15:03:14,343 [INFO    ] districts_update: 100%|##########| 110912/110912 [01:51<00:00, 993.71it/s]
2023-10-14 15:03:14,344 [INFO    ] 
2023-10-14 15:03:14,350 [INFO    ] district add from realty
2023-10-14 15:03:15,605 [INFO    ] Успешно обработан файл циан 13-10-23 (без дублей).csv для realty
2023-10-14 15:03:15,660 [INFO    ] Выгрузка в таблицу realty обработанного файла из cian: циан 13-10-23 (без дублей).csv
2023-10-14 15:03:15,975 [INFO    ] Временная таблица создана
2023-10-14 15:03:24,381 [INFO    ] Загрузка новых объявлений в таблицу
2023-10-14 15:03:24,585 [INFO    ] 106882 существующих и 4030 новых объявлений
2023-10-14 15:03:24,631 [INFO    ] temp таблица очищена, загружаются данные
2023-10-14 15:04:02,506 [INFO    ] обновлена таблица realty
2023-10-14 15:04:27,797 [INFO    ] обновлены районы в таблице realty
2023-10-14 15:04:30,010 [INFO    ] Обновление существующих данных realty завершено
2023-10-14 15:04:56,884 [INFO    ] из новых объяв найдено по адресу 1124, запрос в ddt для 951 уник. адресов из 2906
2023-10-14 15:04:56,885 [INFO    ] обновление районов для найденных в realty по адресу новых объявлений:
2023-10-14 15:04:56,946 [INFO    ] обнаружено 75 районов для 75 новых объявлений, найденных по адресу из 104
2023-10-14 15:04:56,951 [INFO    ] 63 районов осталось незаполнено
2023-10-14 15:04:56,952 [INFO    ] переход к обновлению оставшихся (не найденных по адресу) 2906 новых объявлений (951 адресов) для cian
2023-10-14 15:04:56,965 [INFO    ] загрузка данных dadata из /var/www/yadisk_loader/saved_data_csv/cian_dadata_request.csv
2023-10-14 15:04:57,526 [INFO    ] удалось загрузить исторические данные dadata
2023-10-14 15:04:59,533 [INFO    ] количество запросов к dadata составит: 951
2023-10-14 15:04:59,534 [INFO    ] 0%|          | 0/181 [00:00<?, ?it/s]
2023-10-14 15:05:01,699 [INFO    ] 951it [00:02, 439.25it/s]
2023-10-14 15:05:01,699 [INFO    ] 
2023-10-14 15:05:01,700 [INFO    ] dadata con closed succesfully
2023-10-14 15:05:01,701 [INFO    ] обращение к DDT по 770/951 адресам из cian заняло 0:00:04.749027
2023-10-14 15:05:01,715 [INFO    ] обращение к DDT выполнено для 1704/2906 новых объявлений, найден fias для 1094
2023-10-14 15:05:47,517 [INFO    ] уникальных троек по h_fias_id, ad_id, d_id, в таблице с районами и houses_jkh_ddt/id: 1704
2023-10-14 15:05:47,520 [INFO    ] выгрузка данных в таблицу realty
2023-10-14 15:05:48,505 [INFO    ] Добавлено районов к объявлениям realty: 3 - было 2016 стало 2019
2023-10-14 15:05:48,505 [INFO    ] Есть несовпадения районов c jkh, обновление районов в jkh для 26 записей
2023-10-14 15:05:54,726 [INFO    ] Временная таблица temp_jkh_houses создана
2023-10-14 15:05:58,168 [INFO    ] Обновление данных jkh_houses завершено
2023-10-14 15:05:59,548 [INFO    ] все новые объявления добавлены
2023-10-14 15:06:00,694 [INFO    ] Успешно обработан файл циан 13-10-23 (без дублей).csv для prices
2023-10-14 15:06:00,694 [INFO    ] Выгрузка в таблицу prices обработанного файла из cian: циан 13-10-23 (без дублей).csv
2023-10-14 15:06:09,773 [INFO    ] данные cian загружены успешно
2023-10-14 15:06:09,858 [INFO    ] обработка файла 13-10-23 (без дублей).csv для авито
2023-10-14 15:06:54,462 [INFO    ] Успешно обработан файл 13-10-23 (без дублей).csv для realty
2023-10-14 15:06:54,548 [INFO    ] Выгрузка в таблицу realty обработанного файла из авито: 13-10-23 (без дублей).csv
2023-10-14 15:06:54,639 [INFO    ] Временная таблица очищена
2023-10-14 15:06:57,571 [INFO    ] Загрузка новых объявлений в таблицу
2023-10-14 15:06:57,739 [INFO    ] 174686 существующих и 5804 новых объявлений
2023-10-14 15:06:57,782 [INFO    ] temp таблица очищена, загружаются данные
2023-10-14 15:07:47,195 [INFO    ] обновлена таблица realty
2023-10-14 15:07:49,682 [INFO    ] обновлены районы в таблице realty
2023-10-14 15:07:55,952 [INFO    ] Обновление существующих данных realty завершено
2023-10-14 15:08:20,634 [INFO    ] из новых объяв найдено по адресу 1118, запрос в ddt для 1084 уник. адресов из 4686
2023-10-14 15:08:20,635 [INFO    ] обновление районов для найденных в realty по адресу новых объявлений:
2023-10-14 15:08:20,840 [INFO    ] обнаружено 829 районов для 829 новых объявлений, найденных по адресу из 1118
2023-10-14 15:08:20,845 [INFO    ] 30 районов осталось незаполнено
2023-10-14 15:08:20,846 [INFO    ] переход к обновлению оставшихся (не найденных по адресу) 4686 новых объявлений (1084 адресов) для avito
2023-10-14 15:08:20,860 [INFO    ] загрузка данных dadata из /var/www/yadisk_loader/saved_data_csv/avito_dadata_request.csv
2023-10-14 15:08:21,868 [INFO    ] удалось загрузить исторические данные dadata
2023-10-14 15:08:23,878 [INFO    ] количество запросов к dadata составит: 1084
2023-10-14 15:08:23,882 [INFO    ] 0%|          | 0/64 [00:00<?, ?it/s]
2023-10-14 15:08:26,866 [INFO    ] 1084it [00:02, 363.26it/s]
2023-10-14 15:08:26,866 [INFO    ] 
2023-10-14 15:08:26,866 [INFO    ] dadata con closed succesfully
2023-10-14 15:08:26,868 [INFO    ] обращение к DDT по 1022/1084 адресам из avito заняло 0:00:06.021160
2023-10-14 15:08:26,885 [INFO    ] обращение к DDT выполнено для 4303/4686 новых объявлений, найден fias для 2129
2023-10-14 15:09:15,725 [INFO    ] уникальных троек по h_fias_id, ad_id, d_id, в таблице с районами и houses_jkh_ddt/id: 4303
2023-10-14 15:09:15,726 [INFO    ] выгрузка данных в таблицу realty
2023-10-14 15:09:17,216 [INFO    ] Добавлено районов к объявлениям realty: 267 - было 0 стало 267
2023-10-14 15:09:17,216 [INFO    ] Есть несовпадения районов c jkh, обновление районов в jkh для 0 записей
2023-10-14 15:09:20,348 [INFO    ] Временная таблица temp_jkh_houses очищена
2023-10-14 15:09:23,787 [INFO    ] Обновление данных jkh_houses завершено
2023-10-14 15:09:26,085 [INFO    ] все новые объявления добавлены
2023-10-14 15:09:28,111 [INFO    ] Успешно обработан файл 13-10-23 (без дублей).csv для prices
2023-10-14 15:09:28,111 [INFO    ] Выгрузка в таблицу prices обработанного файла из авито: 13-10-23 (без дублей).csv
2023-10-14 15:09:42,859 [INFO    ] данные avito загружены успешно
2023-10-14 15:09:43,174 [INFO    ] Новые данные загружены по файлам ['13-10-23 (без дублей).csv'] из авито и ['циан 13-10-23 (без дублей).csv'] из циана за 0:09:02.833641
2023-10-14 15:09:43,240 [INFO    ] HTTP Request: GET https://dadata.ru/api/v2/profile/balance "HTTP/1.1 200 OK"
2023-10-14 15:09:43,241 [INFO    ] сохранение лог-файла
