2023-11-03 14:01:14,138 [INFO    ] Скрипт запущен: 2023-11-03 14:01:14.138755
2023-11-03 14:01:14,176 [INFO    ] Connected (version 2.0, client OpenSSH_7.4p1)
2023-11-03 14:01:14,230 [INFO    ] Authentication (publickey) failed.
2023-11-03 14:01:14,235 [INFO    ] Connected (version 2.0, client OpenSSH_7.4p1)
2023-11-03 14:01:14,299 [INFO    ] Authentication (password) successful!
2023-11-03 14:01:14,381 [INFO    ] connected to host 92.53.64.66 base app_nedvizhka_db
2023-11-03 14:01:14,499 [INFO    ] yandex token valid
2023-11-03 14:01:18,283 [INFO    ] Успешно загружено 1 файлов с личного диска: ['02-11-23 (без дублей).csv'] для avito
2023-11-03 14:01:18,451 [INFO    ] yandex token valid
2023-11-03 14:01:21,214 [INFO    ] Успешно загружено 1 файлов с личного диска: ['циан 02-11-23 (без дублей).csv'] для cian
2023-11-03 14:01:21,214 [INFO    ] ready to process files ['02-11-23 (без дублей).csv'], ['циан 02-11-23 (без дублей).csv']
2023-11-03 14:01:29,735 [INFO    ] обновлен status_new в таблице realty
2023-11-03 14:03:22,325 [INFO    ] обновлен status_new в таблице prices
2023-11-03 14:03:22,326 [INFO    ] обработка файла циан 02-11-23 (без дублей).csv для cian
2023-11-03 14:03:23,480 [INFO    ] обработка district_id:
2023-11-03 14:03:23,495 [INFO    ] districts_update:   0%|          | 0/112195 [00:00<?, ?it/s]
2023-11-03 14:03:38,496 [INFO    ] districts_update:  13%|#2        | 14286/112195 [00:15<01:42, 952.35it/s]
2023-11-03 14:03:53,497 [INFO    ] districts_update:  27%|##6       | 30023/112195 [00:30<01:21, 1009.26it/s]
2023-11-03 14:04:03,504 [INFO    ] districts_update:  36%|###6      | 40506/112195 [00:40<01:11, 1009.26it/s]
2023-11-03 14:04:08,497 [INFO    ] districts_update:  41%|####      | 45604/112195 [00:45<01:05, 1022.71it/s]
2023-11-03 14:04:23,524 [INFO    ] districts_update:  54%|#####3    | 60477/112195 [01:00<00:50, 1022.71it/s]
2023-11-03 14:04:23,524 [INFO    ] districts_update:  54%|#####3    | 60478/112195 [01:00<00:51, 1009.70it/s]
2023-11-03 14:04:33,525 [INFO    ] districts_update:  63%|######2   | 70305/112195 [01:10<00:41, 1009.70it/s]
2023-11-03 14:04:38,525 [INFO    ] districts_update:  67%|######7   | 75350/112195 [01:15<00:36, 1003.11it/s]
2023-11-03 14:04:53,525 [INFO    ] districts_update:  81%|########  | 90704/112195 [01:30<00:21, 1010.07it/s]
2023-11-03 14:05:03,546 [INFO    ] districts_update:  90%|########9 | 100755/112195 [01:40<00:11, 1010.07it/s]
2023-11-03 14:05:08,526 [INFO    ] districts_update:  94%|#########4| 105810/112195 [01:45<00:06, 1009.07it/s]
2023-11-03 14:05:14,877 [INFO    ] districts_update: 100%|##########| 112195/112195 [01:51<00:00, 1007.30it/s]
2023-11-03 14:05:14,878 [INFO    ] 
2023-11-03 14:05:14,885 [INFO    ] district add from realty
2023-11-03 14:05:16,785 [INFO    ] Успешно обработан файл циан 02-11-23 (без дублей).csv для realty
2023-11-03 14:05:16,830 [INFO    ] Выгрузка в таблицу realty обработанного файла из cian: циан 02-11-23 (без дублей).csv
2023-11-03 14:05:17,212 [INFO    ] Временная таблица создана
2023-11-03 14:05:26,885 [INFO    ] Загрузка новых объявлений в таблицу
2023-11-03 14:05:27,103 [INFO    ] 109019 существующих и 3176 новых объявлений
2023-11-03 14:05:27,148 [INFO    ] temp таблица очищена, загружаются данные
2023-11-03 14:06:11,805 [INFO    ] обновлена таблица realty
2023-11-03 14:06:35,375 [INFO    ] обновлены районы в таблице realty
2023-11-03 14:06:42,393 [INFO    ] Обновление существующих данных realty завершено
2023-11-03 14:07:11,353 [INFO    ] из новых объяв найдено по адресу 1020, запрос в ddt для 711 уник. адресов из 2156
2023-11-03 14:07:11,354 [INFO    ] обновление районов для найденных в realty по адресу новых объявлений:
2023-11-03 14:07:11,518 [INFO    ] обнаружено 61 районов для 61 новых объявлений, найденных по адресу из 72
2023-11-03 14:07:11,543 [INFO    ] 49 районов осталось незаполнено
2023-11-03 14:07:11,544 [INFO    ] переход к обновлению оставшихся (не найденных по адресу) 2156 новых объявлений (711 адресов) для cian
2023-11-03 14:07:11,567 [INFO    ] загрузка данных dadata из /var/www/yadisk_loader/saved_data_csv/cian_dadata_request.csv
2023-11-03 14:07:12,225 [INFO    ] удалось загрузить исторические данные dadata
2023-11-03 14:07:14,235 [INFO    ] количество запросов к dadata составит: 711
2023-11-03 14:07:14,238 [INFO    ] 0%|          | 0/269 [00:00<?, ?it/s]
2023-11-03 14:07:14,437 [INFO    ] HTTP Request: POST https://cleaner.dadata.ru/api/v1/clean/address "HTTP/1.1 200 "
2023-11-03 14:07:14,584 [INFO    ] HTTP Request: POST https://cleaner.dadata.ru/api/v1/clean/address "HTTP/1.1 200 "
2023-11-03 14:07:14,737 [INFO    ] HTTP Request: POST https://cleaner.dadata.ru/api/v1/clean/address "HTTP/1.1 200 "
2023-11-03 14:07:15,310 [INFO    ] HTTP Request: POST https://cleaner.dadata.ru/api/v1/clean/address "HTTP/1.1 200 "
2023-11-03 14:07:15,404 [INFO    ] HTTP Request: POST https://cleaner.dadata.ru/api/v1/clean/address "HTTP/1.1 200 "
2023-11-03 14:07:15,554 [INFO    ] HTTP Request: POST https://cleaner.dadata.ru/api/v1/clean/address "HTTP/1.1 200 "
2023-11-03 14:07:15,775 [INFO    ] HTTP Request: POST https://cleaner.dadata.ru/api/v1/clean/address "HTTP/1.1 200 "
2023-11-03 14:07:16,000 [INFO    ] HTTP Request: POST https://cleaner.dadata.ru/api/v1/clean/address "HTTP/1.1 200 "
2023-11-03 14:07:16,131 [INFO    ] HTTP Request: POST https://cleaner.dadata.ru/api/v1/clean/address "HTTP/1.1 200 "
2023-11-03 14:07:16,361 [INFO    ] HTTP Request: POST https://cleaner.dadata.ru/api/v1/clean/address "HTTP/1.1 200 "
2023-11-03 14:07:16,471 [INFO    ] HTTP Request: POST https://cleaner.dadata.ru/api/v1/clean/address "HTTP/1.1 200 "
2023-11-03 14:07:16,629 [INFO    ] HTTP Request: POST https://cleaner.dadata.ru/api/v1/clean/address "HTTP/1.1 200 "
2023-11-03 14:07:16,792 [INFO    ] HTTP Request: POST https://cleaner.dadata.ru/api/v1/clean/address "HTTP/1.1 200 "
2023-11-03 14:07:16,885 [INFO    ] HTTP Request: POST https://cleaner.dadata.ru/api/v1/clean/address "HTTP/1.1 200 "
2023-11-03 14:07:17,006 [INFO    ] HTTP Request: POST https://cleaner.dadata.ru/api/v1/clean/address "HTTP/1.1 200 "
2023-11-03 14:07:17,251 [INFO    ] HTTP Request: POST https://cleaner.dadata.ru/api/v1/clean/address "HTTP/1.1 200 "
2023-11-03 14:07:17,443 [INFO    ] HTTP Request: POST https://cleaner.dadata.ru/api/v1/clean/address "HTTP/1.1 200 "
2023-11-03 14:07:17,601 [INFO    ] HTTP Request: POST https://cleaner.dadata.ru/api/v1/clean/address "HTTP/1.1 200 "
2023-11-03 14:07:17,758 [INFO    ] HTTP Request: POST https://cleaner.dadata.ru/api/v1/clean/address "HTTP/1.1 200 "
2023-11-03 14:07:17,855 [INFO    ] HTTP Request: POST https://cleaner.dadata.ru/api/v1/clean/address "HTTP/1.1 200 "
2023-11-03 14:07:18,113 [INFO    ] HTTP Request: POST https://cleaner.dadata.ru/api/v1/clean/address "HTTP/1.1 200 "
2023-11-03 14:07:18,214 [INFO    ] HTTP Request: POST https://cleaner.dadata.ru/api/v1/clean/address "HTTP/1.1 200 "
2023-11-03 14:07:18,347 [INFO    ] HTTP Request: POST https://cleaner.dadata.ru/api/v1/clean/address "HTTP/1.1 200 "
2023-11-03 14:07:18,433 [INFO    ] HTTP Request: POST https://cleaner.dadata.ru/api/v1/clean/address "HTTP/1.1 200 "
2023-11-03 14:07:18,545 [INFO    ] HTTP Request: POST https://cleaner.dadata.ru/api/v1/clean/address "HTTP/1.1 200 "
2023-11-03 14:07:18,663 [INFO    ] HTTP Request: POST https://cleaner.dadata.ru/api/v1/clean/address "HTTP/1.1 200 "
2023-11-03 14:07:19,020 [INFO    ] HTTP Request: POST https://cleaner.dadata.ru/api/v1/clean/address "HTTP/1.1 200 "
2023-11-03 14:07:19,196 [INFO    ] HTTP Request: POST https://cleaner.dadata.ru/api/v1/clean/address "HTTP/1.1 200 "
2023-11-03 14:07:19,368 [INFO    ] HTTP Request: POST https://cleaner.dadata.ru/api/v1/clean/address "HTTP/1.1 200 "
2023-11-03 14:07:19,512 [INFO    ] HTTP Request: POST https://cleaner.dadata.ru/api/v1/clean/address "HTTP/1.1 200 "
2023-11-03 14:07:19,677 [INFO    ] HTTP Request: POST https://cleaner.dadata.ru/api/v1/clean/address "HTTP/1.1 200 "
2023-11-03 14:07:19,769 [INFO    ] HTTP Request: POST https://cleaner.dadata.ru/api/v1/clean/address "HTTP/1.1 200 "
2023-11-03 14:07:19,913 [INFO    ] HTTP Request: POST https://cleaner.dadata.ru/api/v1/clean/address "HTTP/1.1 200 "
2023-11-03 14:07:20,102 [INFO    ] HTTP Request: POST https://cleaner.dadata.ru/api/v1/clean/address "HTTP/1.1 200 "
2023-11-03 14:07:20,274 [INFO    ] HTTP Request: POST https://cleaner.dadata.ru/api/v1/clean/address "HTTP/1.1 200 "
2023-11-03 14:07:20,431 [INFO    ] HTTP Request: POST https://cleaner.dadata.ru/api/v1/clean/address "HTTP/1.1 200 "
2023-11-03 14:07:20,578 [INFO    ] HTTP Request: POST https://cleaner.dadata.ru/api/v1/clean/address "HTTP/1.1 200 "
2023-11-03 14:07:20,738 [INFO    ] HTTP Request: POST https://cleaner.dadata.ru/api/v1/clean/address "HTTP/1.1 200 "
2023-11-03 14:07:20,817 [INFO    ] HTTP Request: POST https://cleaner.dadata.ru/api/v1/clean/address "HTTP/1.1 200 "
2023-11-03 14:07:20,936 [INFO    ] HTTP Request: POST https://cleaner.dadata.ru/api/v1/clean/address "HTTP/1.1 200 "
2023-11-03 14:07:21,104 [INFO    ] HTTP Request: POST https://cleaner.dadata.ru/api/v1/clean/address "HTTP/1.1 200 "
2023-11-03 14:07:21,245 [INFO    ] HTTP Request: POST https://cleaner.dadata.ru/api/v1/clean/address "HTTP/1.1 200 "
2023-11-03 14:07:21,453 [INFO    ] HTTP Request: POST https://cleaner.dadata.ru/api/v1/clean/address "HTTP/1.1 200 "
2023-11-03 14:07:21,579 [INFO    ] HTTP Request: POST https://cleaner.dadata.ru/api/v1/clean/address "HTTP/1.1 200 "
2023-11-03 14:07:21,706 [INFO    ] HTTP Request: POST https://cleaner.dadata.ru/api/v1/clean/address "HTTP/1.1 200 "
2023-11-03 14:07:21,947 [INFO    ] HTTP Request: POST https://cleaner.dadata.ru/api/v1/clean/address "HTTP/1.1 200 "
2023-11-03 14:07:22,070 [INFO    ] HTTP Request: POST https://cleaner.dadata.ru/api/v1/clean/address "HTTP/1.1 200 "
2023-11-03 14:07:22,216 [INFO    ] HTTP Request: POST https://cleaner.dadata.ru/api/v1/clean/address "HTTP/1.1 200 "
2023-11-03 14:07:22,372 [INFO    ] HTTP Request: POST https://cleaner.dadata.ru/api/v1/clean/address "HTTP/1.1 200 "
2023-11-03 14:07:22,450 [INFO    ] HTTP Request: POST https://cleaner.dadata.ru/api/v1/clean/address "HTTP/1.1 200 "
2023-11-03 14:07:22,613 [INFO    ] HTTP Request: POST https://cleaner.dadata.ru/api/v1/clean/address "HTTP/1.1 200 "
2023-11-03 14:07:22,691 [INFO    ] HTTP Request: POST https://cleaner.dadata.ru/api/v1/clean/address "HTTP/1.1 200 "
2023-11-03 14:07:22,860 [INFO    ] HTTP Request: POST https://cleaner.dadata.ru/api/v1/clean/address "HTTP/1.1 200 "
2023-11-03 14:07:23,025 [INFO    ] HTTP Request: POST https://cleaner.dadata.ru/api/v1/clean/address "HTTP/1.1 200 "
2023-11-03 14:07:23,252 [INFO    ] HTTP Request: POST https://cleaner.dadata.ru/api/v1/clean/address "HTTP/1.1 200 "
2023-11-03 14:07:23,367 [INFO    ] HTTP Request: POST https://cleaner.dadata.ru/api/v1/clean/address "HTTP/1.1 200 "
2023-11-03 14:07:23,495 [INFO    ] HTTP Request: POST https://cleaner.dadata.ru/api/v1/clean/address "HTTP/1.1 200 "
2023-11-03 14:07:23,635 [INFO    ] HTTP Request: POST https://cleaner.dadata.ru/api/v1/clean/address "HTTP/1.1 200 "
2023-11-03 14:07:24,014 [INFO    ] HTTP Request: POST https://cleaner.dadata.ru/api/v1/clean/address "HTTP/1.1 200 "
2023-11-03 14:07:24,121 [INFO    ] HTTP Request: POST https://cleaner.dadata.ru/api/v1/clean/address "HTTP/1.1 200 "
2023-11-03 14:07:24,300 [INFO    ] HTTP Request: POST https://cleaner.dadata.ru/api/v1/clean/address "HTTP/1.1 200 "
2023-11-03 14:07:24,314 [INFO    ] 478it [00:10, 47.44it/s]
2023-11-03 14:07:24,764 [INFO    ] HTTP Request: POST https://cleaner.dadata.ru/api/v1/clean/address "HTTP/1.1 200 "
2023-11-03 14:07:24,865 [INFO    ] HTTP Request: POST https://cleaner.dadata.ru/api/v1/clean/address "HTTP/1.1 200 "
2023-11-03 14:07:25,061 [INFO    ] HTTP Request: POST https://cleaner.dadata.ru/api/v1/clean/address "HTTP/1.1 200 "
2023-11-03 14:07:25,195 [INFO    ] HTTP Request: POST https://cleaner.dadata.ru/api/v1/clean/address "HTTP/1.1 200 "
2023-11-03 14:07:25,284 [INFO    ] HTTP Request: POST https://cleaner.dadata.ru/api/v1/clean/address "HTTP/1.1 200 "
2023-11-03 14:07:25,458 [INFO    ] HTTP Request: POST https://cleaner.dadata.ru/api/v1/clean/address "HTTP/1.1 200 "
2023-11-03 14:07:25,599 [INFO    ] HTTP Request: POST https://cleaner.dadata.ru/api/v1/clean/address "HTTP/1.1 200 "
2023-11-03 14:07:25,757 [INFO    ] HTTP Request: POST https://cleaner.dadata.ru/api/v1/clean/address "HTTP/1.1 200 "
2023-11-03 14:07:25,900 [INFO    ] HTTP Request: POST https://cleaner.dadata.ru/api/v1/clean/address "HTTP/1.1 200 "
2023-11-03 14:07:26,031 [INFO    ] HTTP Request: POST https://cleaner.dadata.ru/api/v1/clean/address "HTTP/1.1 200 "
2023-11-03 14:07:26,200 [INFO    ] HTTP Request: POST https://cleaner.dadata.ru/api/v1/clean/address "HTTP/1.1 200 "
2023-11-03 14:07:26,330 [INFO    ] HTTP Request: POST https://cleaner.dadata.ru/api/v1/clean/address "HTTP/1.1 200 "
2023-11-03 14:07:26,473 [INFO    ] HTTP Request: POST https://cleaner.dadata.ru/api/v1/clean/address "HTTP/1.1 200 "
2023-11-03 14:07:26,580 [INFO    ] HTTP Request: POST https://cleaner.dadata.ru/api/v1/clean/address "HTTP/1.1 200 "
2023-11-03 14:07:26,790 [INFO    ] HTTP Request: POST https://cleaner.dadata.ru/api/v1/clean/address "HTTP/1.1 200 "
2023-11-03 14:07:26,954 [INFO    ] HTTP Request: POST https://cleaner.dadata.ru/api/v1/clean/address "HTTP/1.1 200 "
2023-11-03 14:07:27,134 [INFO    ] HTTP Request: POST https://cleaner.dadata.ru/api/v1/clean/address "HTTP/1.1 200 "
2023-11-03 14:07:27,322 [INFO    ] HTTP Request: POST https://cleaner.dadata.ru/api/v1/clean/address "HTTP/1.1 200 "
2023-11-03 14:07:27,497 [INFO    ] HTTP Request: POST https://cleaner.dadata.ru/api/v1/clean/address "HTTP/1.1 200 "
2023-11-03 14:07:27,712 [INFO    ] HTTP Request: POST https://cleaner.dadata.ru/api/v1/clean/address "HTTP/1.1 200 "
2023-11-03 14:07:27,800 [INFO    ] HTTP Request: POST https://cleaner.dadata.ru/api/v1/clean/address "HTTP/1.1 200 "
2023-11-03 14:07:27,923 [INFO    ] HTTP Request: POST https://cleaner.dadata.ru/api/v1/clean/address "HTTP/1.1 200 "
2023-11-03 14:07:28,075 [INFO    ] HTTP Request: POST https://cleaner.dadata.ru/api/v1/clean/address "HTTP/1.1 200 "
2023-11-03 14:07:28,200 [INFO    ] HTTP Request: POST https://cleaner.dadata.ru/api/v1/clean/address "HTTP/1.1 200 "
2023-11-03 14:07:28,342 [INFO    ] HTTP Request: POST https://cleaner.dadata.ru/api/v1/clean/address "HTTP/1.1 200 "
2023-11-03 14:07:28,432 [INFO    ] HTTP Request: POST https://cleaner.dadata.ru/api/v1/clean/address "HTTP/1.1 200 "
2023-11-03 14:07:28,524 [INFO    ] HTTP Request: POST https://cleaner.dadata.ru/api/v1/clean/address "HTTP/1.1 200 "
2023-11-03 14:07:28,625 [INFO    ] HTTP Request: POST https://cleaner.dadata.ru/api/v1/clean/address "HTTP/1.1 200 "
2023-11-03 14:07:28,721 [INFO    ] HTTP Request: POST https://cleaner.dadata.ru/api/v1/clean/address "HTTP/1.1 200 "
2023-11-03 14:07:28,852 [INFO    ] HTTP Request: POST https://cleaner.dadata.ru/api/v1/clean/address "HTTP/1.1 200 "
2023-11-03 14:07:29,081 [INFO    ] HTTP Request: POST https://cleaner.dadata.ru/api/v1/clean/address "HTTP/1.1 200 "
2023-11-03 14:07:29,208 [INFO    ] HTTP Request: POST https://cleaner.dadata.ru/api/v1/clean/address "HTTP/1.1 200 "
2023-11-03 14:07:29,298 [INFO    ] HTTP Request: POST https://cleaner.dadata.ru/api/v1/clean/address "HTTP/1.1 200 "
2023-11-03 14:07:29,455 [INFO    ] HTTP Request: POST https://cleaner.dadata.ru/api/v1/clean/address "HTTP/1.1 200 "
2023-11-03 14:07:29,711 [INFO    ] HTTP Request: POST https://cleaner.dadata.ru/api/v1/clean/address "HTTP/1.1 200 "
2023-11-03 14:07:29,813 [INFO    ] HTTP Request: POST https://cleaner.dadata.ru/api/v1/clean/address "HTTP/1.1 200 "
2023-11-03 14:07:30,006 [INFO    ] HTTP Request: POST https://cleaner.dadata.ru/api/v1/clean/address "HTTP/1.1 200 "
2023-11-03 14:07:30,088 [INFO    ] HTTP Request: POST https://cleaner.dadata.ru/api/v1/clean/address "HTTP/1.1 200 "
2023-11-03 14:07:30,239 [INFO    ] HTTP Request: POST https://cleaner.dadata.ru/api/v1/clean/address "HTTP/1.1 200 "
2023-11-03 14:07:30,402 [INFO    ] HTTP Request: POST https://cleaner.dadata.ru/api/v1/clean/address "HTTP/1.1 200 "
2023-11-03 14:07:30,626 [INFO    ] HTTP Request: POST https://cleaner.dadata.ru/api/v1/clean/address "HTTP/1.1 200 "
2023-11-03 14:07:30,791 [INFO    ] HTTP Request: POST https://cleaner.dadata.ru/api/v1/clean/address "HTTP/1.1 200 "
2023-11-03 14:07:30,881 [INFO    ] HTTP Request: POST https://cleaner.dadata.ru/api/v1/clean/address "HTTP/1.1 200 "
2023-11-03 14:07:30,951 [INFO    ] 711it [00:16, 42.54it/s]
2023-11-03 14:07:30,951 [INFO    ] 
2023-11-03 14:07:30,951 [INFO    ] dadata con closed succesfully
2023-11-03 14:07:30,952 [INFO    ] обращение к DDT по 546/711 адресам из cian заняло 0:00:19.407350
2023-11-03 14:07:30,964 [INFO    ] обращение к DDT выполнено для 1084/2156 новых объявлений, найден fias для 702
2023-11-03 14:08:33,719 [INFO    ] уникальных троек по h_fias_id, ad_id, d_id, в таблице с районами и houses_jkh_ddt/id: 1084
2023-11-03 14:08:33,723 [INFO    ] выгрузка данных в таблицу realty
2023-11-03 14:08:34,466 [INFO    ] Добавлено районов к объявлениям realty: 2 - было 1401 стало 1403
2023-11-03 14:08:34,466 [INFO    ] Есть несовпадения районов c jkh, обновление районов в jkh для 13 записей
2023-11-03 14:08:40,843 [INFO    ] Временная таблица temp_jkh_houses создана
2023-11-03 14:08:44,319 [INFO    ] Обновление данных jkh_houses завершено
2023-11-03 14:08:45,560 [INFO    ] все новые объявления добавлены
2023-11-03 14:08:47,483 [INFO    ] Успешно обработан файл циан 02-11-23 (без дублей).csv для prices
2023-11-03 14:08:47,483 [INFO    ] Выгрузка в таблицу prices обработанного файла из cian: циан 02-11-23 (без дублей).csv
2023-11-03 14:08:57,589 [INFO    ] данные cian загружены успешно
2023-11-03 14:08:57,678 [INFO    ] обработка файла 02-11-23 (без дублей).csv для авито
2023-11-03 14:09:42,856 [INFO    ] Успешно обработан файл 02-11-23 (без дублей).csv для realty
2023-11-03 14:09:42,936 [INFO    ] Выгрузка в таблицу realty обработанного файла из авито: 02-11-23 (без дублей).csv
2023-11-03 14:09:43,036 [INFO    ] Временная таблица очищена
2023-11-03 14:09:47,206 [INFO    ] Загрузка новых объявлений в таблицу
2023-11-03 14:09:47,355 [INFO    ] 178145 существующих и 6235 новых объявлений
2023-11-03 14:09:47,400 [INFO    ] temp таблица очищена, загружаются данные
2023-11-03 14:10:45,956 [INFO    ] обновлена таблица realty
2023-11-03 14:10:48,404 [INFO    ] обновлены районы в таблице realty
2023-11-03 14:10:56,001 [INFO    ] Обновление существующих данных realty завершено
2023-11-03 14:11:23,092 [INFO    ] из новых объяв найдено по адресу 1825, запрос в ddt для 924 уник. адресов из 4410
2023-11-03 14:11:23,093 [INFO    ] обновление районов для найденных в realty по адресу новых объявлений:
2023-11-03 14:11:23,504 [INFO    ] обнаружено 882 районов для 882 новых объявлений, найденных по адресу из 1825
2023-11-03 14:11:23,517 [INFO    ] 25 районов осталось незаполнено
2023-11-03 14:11:23,518 [INFO    ] переход к обновлению оставшихся (не найденных по адресу) 4410 новых объявлений (924 адресов) для avito
2023-11-03 14:11:23,536 [INFO    ] загрузка данных dadata из /var/www/yadisk_loader/saved_data_csv/avito_dadata_request.csv
2023-11-03 14:11:24,565 [INFO    ] удалось загрузить исторические данные dadata
2023-11-03 14:11:26,578 [INFO    ] количество запросов к dadata составит: 924
2023-11-03 14:11:26,580 [INFO    ] 0%|          | 0/231 [00:00<?, ?it/s]
2023-11-03 14:11:26,815 [INFO    ] HTTP Request: POST https://cleaner.dadata.ru/api/v1/clean/address "HTTP/1.1 200 "
2023-11-03 14:11:26,898 [INFO    ] HTTP Request: POST https://cleaner.dadata.ru/api/v1/clean/address "HTTP/1.1 200 "
2023-11-03 14:11:27,035 [INFO    ] HTTP Request: POST https://cleaner.dadata.ru/api/v1/clean/address "HTTP/1.1 200 "
2023-11-03 14:11:27,335 [INFO    ] HTTP Request: POST https://cleaner.dadata.ru/api/v1/clean/address "HTTP/1.1 200 "
2023-11-03 14:11:27,496 [INFO    ] HTTP Request: POST https://cleaner.dadata.ru/api/v1/clean/address "HTTP/1.1 200 "
2023-11-03 14:11:27,637 [INFO    ] HTTP Request: POST https://cleaner.dadata.ru/api/v1/clean/address "HTTP/1.1 200 "
2023-11-03 14:11:27,760 [INFO    ] HTTP Request: POST https://cleaner.dadata.ru/api/v1/clean/address "HTTP/1.1 200 "
2023-11-03 14:11:27,863 [INFO    ] HTTP Request: POST https://cleaner.dadata.ru/api/v1/clean/address "HTTP/1.1 200 "
2023-11-03 14:11:28,008 [INFO    ] HTTP Request: POST https://cleaner.dadata.ru/api/v1/clean/address "HTTP/1.1 200 "
2023-11-03 14:11:28,195 [INFO    ] HTTP Request: POST https://cleaner.dadata.ru/api/v1/clean/address "HTTP/1.1 200 "
2023-11-03 14:11:28,306 [INFO    ] HTTP Request: POST https://cleaner.dadata.ru/api/v1/clean/address "HTTP/1.1 200 "
2023-11-03 14:11:28,400 [INFO    ] HTTP Request: POST https://cleaner.dadata.ru/api/v1/clean/address "HTTP/1.1 200 "
2023-11-03 14:11:28,493 [INFO    ] HTTP Request: POST https://cleaner.dadata.ru/api/v1/clean/address "HTTP/1.1 200 "
2023-11-03 14:11:28,660 [INFO    ] HTTP Request: POST https://cleaner.dadata.ru/api/v1/clean/address "HTTP/1.1 200 "
2023-11-03 14:11:28,781 [INFO    ] HTTP Request: POST https://cleaner.dadata.ru/api/v1/clean/address "HTTP/1.1 200 "
2023-11-03 14:11:28,938 [INFO    ] HTTP Request: POST https://cleaner.dadata.ru/api/v1/clean/address "HTTP/1.1 200 "
2023-11-03 14:11:29,038 [INFO    ] HTTP Request: POST https://cleaner.dadata.ru/api/v1/clean/address "HTTP/1.1 200 "
2023-11-03 14:11:29,182 [INFO    ] HTTP Request: POST https://cleaner.dadata.ru/api/v1/clean/address "HTTP/1.1 200 "
2023-11-03 14:11:29,356 [INFO    ] HTTP Request: POST https://cleaner.dadata.ru/api/v1/clean/address "HTTP/1.1 200 "
2023-11-03 14:11:29,502 [INFO    ] HTTP Request: POST https://cleaner.dadata.ru/api/v1/clean/address "HTTP/1.1 200 "
2023-11-03 14:11:29,586 [INFO    ] HTTP Request: POST https://cleaner.dadata.ru/api/v1/clean/address "HTTP/1.1 200 "
2023-11-03 14:11:29,806 [INFO    ] HTTP Request: POST https://cleaner.dadata.ru/api/v1/clean/address "HTTP/1.1 200 "
2023-11-03 14:11:29,966 [INFO    ] HTTP Request: POST https://cleaner.dadata.ru/api/v1/clean/address "HTTP/1.1 200 "
2023-11-03 14:11:30,058 [INFO    ] HTTP Request: POST https://cleaner.dadata.ru/api/v1/clean/address "HTTP/1.1 200 "
2023-11-03 14:11:30,161 [INFO    ] HTTP Request: POST https://cleaner.dadata.ru/api/v1/clean/address "HTTP/1.1 200 "
2023-11-03 14:11:30,381 [INFO    ] HTTP Request: POST https://cleaner.dadata.ru/api/v1/clean/address "HTTP/1.1 200 "
2023-11-03 14:11:30,568 [INFO    ] HTTP Request: POST https://cleaner.dadata.ru/api/v1/clean/address "HTTP/1.1 200 "
2023-11-03 14:11:30,704 [INFO    ] HTTP Request: POST https://cleaner.dadata.ru/api/v1/clean/address "HTTP/1.1 200 "
2023-11-03 14:11:30,823 [INFO    ] HTTP Request: POST https://cleaner.dadata.ru/api/v1/clean/address "HTTP/1.1 200 "
2023-11-03 14:11:30,980 [INFO    ] HTTP Request: POST https://cleaner.dadata.ru/api/v1/clean/address "HTTP/1.1 200 "
2023-11-03 14:11:31,094 [INFO    ] HTTP Request: POST https://cleaner.dadata.ru/api/v1/clean/address "HTTP/1.1 200 "
2023-11-03 14:11:31,248 [INFO    ] HTTP Request: POST https://cleaner.dadata.ru/api/v1/clean/address "HTTP/1.1 200 "
2023-11-03 14:11:31,337 [INFO    ] HTTP Request: POST https://cleaner.dadata.ru/api/v1/clean/address "HTTP/1.1 200 "
2023-11-03 14:11:31,458 [INFO    ] HTTP Request: POST https://cleaner.dadata.ru/api/v1/clean/address "HTTP/1.1 200 "
2023-11-03 14:11:31,836 [INFO    ] HTTP Request: POST https://cleaner.dadata.ru/api/v1/clean/address "HTTP/1.1 200 "
2023-11-03 14:11:32,108 [INFO    ] HTTP Request: POST https://cleaner.dadata.ru/api/v1/clean/address "HTTP/1.1 200 "
2023-11-03 14:11:32,303 [INFO    ] HTTP Request: POST https://cleaner.dadata.ru/api/v1/clean/address "HTTP/1.1 200 "
2023-11-03 14:11:32,449 [INFO    ] HTTP Request: POST https://cleaner.dadata.ru/api/v1/clean/address "HTTP/1.1 200 "
2023-11-03 14:11:32,571 [INFO    ] HTTP Request: POST https://cleaner.dadata.ru/api/v1/clean/address "HTTP/1.1 200 "
2023-11-03 14:11:32,681 [INFO    ] HTTP Request: POST https://cleaner.dadata.ru/api/v1/clean/address "HTTP/1.1 200 "
2023-11-03 14:11:32,970 [INFO    ] HTTP Request: POST https://cleaner.dadata.ru/api/v1/clean/address "HTTP/1.1 200 "
2023-11-03 14:11:33,137 [INFO    ] HTTP Request: POST https://cleaner.dadata.ru/api/v1/clean/address "HTTP/1.1 200 "
2023-11-03 14:11:33,241 [INFO    ] HTTP Request: POST https://cleaner.dadata.ru/api/v1/clean/address "HTTP/1.1 200 "
2023-11-03 14:11:33,384 [INFO    ] HTTP Request: POST https://cleaner.dadata.ru/api/v1/clean/address "HTTP/1.1 200 "
2023-11-03 14:11:33,561 [INFO    ] HTTP Request: POST https://cleaner.dadata.ru/api/v1/clean/address "HTTP/1.1 200 "
2023-11-03 14:11:33,845 [INFO    ] HTTP Request: POST https://cleaner.dadata.ru/api/v1/clean/address "HTTP/1.1 200 "
2023-11-03 14:11:33,956 [INFO    ] HTTP Request: POST https://cleaner.dadata.ru/api/v1/clean/address "HTTP/1.1 200 "
2023-11-03 14:11:34,287 [INFO    ] HTTP Request: POST https://cleaner.dadata.ru/api/v1/clean/address "HTTP/1.1 200 "
2023-11-03 14:11:34,665 [INFO    ] HTTP Request: POST https://cleaner.dadata.ru/api/v1/clean/address "HTTP/1.1 200 "
2023-11-03 14:11:35,046 [INFO    ] HTTP Request: POST https://cleaner.dadata.ru/api/v1/clean/address "HTTP/1.1 200 "
2023-11-03 14:11:35,164 [INFO    ] HTTP Request: POST https://cleaner.dadata.ru/api/v1/clean/address "HTTP/1.1 200 "
2023-11-03 14:11:35,377 [INFO    ] HTTP Request: POST https://cleaner.dadata.ru/api/v1/clean/address "HTTP/1.1 200 "
2023-11-03 14:11:35,522 [INFO    ] HTTP Request: POST https://cleaner.dadata.ru/api/v1/clean/address "HTTP/1.1 200 "
2023-11-03 14:11:35,653 [INFO    ] HTTP Request: POST https://cleaner.dadata.ru/api/v1/clean/address "HTTP/1.1 200 "
2023-11-03 14:11:35,772 [INFO    ] HTTP Request: POST https://cleaner.dadata.ru/api/v1/clean/address "HTTP/1.1 200 "
2023-11-03 14:11:35,879 [INFO    ] HTTP Request: POST https://cleaner.dadata.ru/api/v1/clean/address "HTTP/1.1 200 "
2023-11-03 14:11:35,976 [INFO    ] HTTP Request: POST https://cleaner.dadata.ru/api/v1/clean/address "HTTP/1.1 200 "
2023-11-03 14:11:36,055 [INFO    ] HTTP Request: POST https://cleaner.dadata.ru/api/v1/clean/address "HTTP/1.1 200 "
2023-11-03 14:11:36,219 [INFO    ] HTTP Request: POST https://cleaner.dadata.ru/api/v1/clean/address "HTTP/1.1 200 "
2023-11-03 14:11:36,404 [INFO    ] HTTP Request: POST https://cleaner.dadata.ru/api/v1/clean/address "HTTP/1.1 200 "
2023-11-03 14:11:36,566 [INFO    ] HTTP Request: POST https://cleaner.dadata.ru/api/v1/clean/address "HTTP/1.1 200 "
2023-11-03 14:11:36,581 [INFO    ] 432it [00:10, 43.20it/s]
2023-11-03 14:11:36,707 [INFO    ] HTTP Request: POST https://cleaner.dadata.ru/api/v1/clean/address "HTTP/1.1 200 "
2023-11-03 14:11:36,811 [INFO    ] HTTP Request: POST https://cleaner.dadata.ru/api/v1/clean/address "HTTP/1.1 200 "
2023-11-03 14:11:37,045 [INFO    ] HTTP Request: POST https://cleaner.dadata.ru/api/v1/clean/address "HTTP/1.1 200 "
2023-11-03 14:11:37,146 [INFO    ] HTTP Request: POST https://cleaner.dadata.ru/api/v1/clean/address "HTTP/1.1 200 "
2023-11-03 14:11:37,390 [INFO    ] HTTP Request: POST https://cleaner.dadata.ru/api/v1/clean/address "HTTP/1.1 200 "
2023-11-03 14:11:37,494 [INFO    ] HTTP Request: POST https://cleaner.dadata.ru/api/v1/clean/address "HTTP/1.1 200 "
2023-11-03 14:11:37,601 [INFO    ] HTTP Request: POST https://cleaner.dadata.ru/api/v1/clean/address "HTTP/1.1 200 "
2023-11-03 14:11:37,733 [INFO    ] HTTP Request: POST https://cleaner.dadata.ru/api/v1/clean/address "HTTP/1.1 200 "
2023-11-03 14:11:37,890 [INFO    ] HTTP Request: POST https://cleaner.dadata.ru/api/v1/clean/address "HTTP/1.1 200 "
2023-11-03 14:11:37,971 [INFO    ] HTTP Request: POST https://cleaner.dadata.ru/api/v1/clean/address "HTTP/1.1 200 "
2023-11-03 14:11:38,137 [INFO    ] HTTP Request: POST https://cleaner.dadata.ru/api/v1/clean/address "HTTP/1.1 200 "
2023-11-03 14:11:38,281 [INFO    ] HTTP Request: POST https://cleaner.dadata.ru/api/v1/clean/address "HTTP/1.1 200 "
2023-11-03 14:11:38,382 [INFO    ] HTTP Request: POST https://cleaner.dadata.ru/api/v1/clean/address "HTTP/1.1 200 "
2023-11-03 14:11:38,547 [INFO    ] HTTP Request: POST https://cleaner.dadata.ru/api/v1/clean/address "HTTP/1.1 200 "
2023-11-03 14:11:38,667 [INFO    ] HTTP Request: POST https://cleaner.dadata.ru/api/v1/clean/address "HTTP/1.1 200 "
2023-11-03 14:11:38,804 [INFO    ] HTTP Request: POST https://cleaner.dadata.ru/api/v1/clean/address "HTTP/1.1 200 "
2023-11-03 14:11:38,885 [INFO    ] HTTP Request: POST https://cleaner.dadata.ru/api/v1/clean/address "HTTP/1.1 200 "
2023-11-03 14:11:39,007 [INFO    ] HTTP Request: POST https://cleaner.dadata.ru/api/v1/clean/address "HTTP/1.1 200 "
2023-11-03 14:11:39,144 [INFO    ] HTTP Request: POST https://cleaner.dadata.ru/api/v1/clean/address "HTTP/1.1 200 "
2023-11-03 14:11:39,281 [INFO    ] HTTP Request: POST https://cleaner.dadata.ru/api/v1/clean/address "HTTP/1.1 200 "
2023-11-03 14:11:39,369 [INFO    ] HTTP Request: POST https://cleaner.dadata.ru/api/v1/clean/address "HTTP/1.1 200 "
2023-11-03 14:11:39,555 [INFO    ] HTTP Request: POST https://cleaner.dadata.ru/api/v1/clean/address "HTTP/1.1 200 "
2023-11-03 14:11:39,690 [INFO    ] HTTP Request: POST https://cleaner.dadata.ru/api/v1/clean/address "HTTP/1.1 200 "
2023-11-03 14:11:39,775 [INFO    ] HTTP Request: POST https://cleaner.dadata.ru/api/v1/clean/address "HTTP/1.1 200 "
2023-11-03 14:11:39,914 [INFO    ] HTTP Request: POST https://cleaner.dadata.ru/api/v1/clean/address "HTTP/1.1 200 "
2023-11-03 14:11:39,990 [INFO    ] HTTP Request: POST https://cleaner.dadata.ru/api/v1/clean/address "HTTP/1.1 200 "
2023-11-03 14:11:40,111 [INFO    ] HTTP Request: POST https://cleaner.dadata.ru/api/v1/clean/address "HTTP/1.1 200 "
2023-11-03 14:11:40,257 [INFO    ] HTTP Request: POST https://cleaner.dadata.ru/api/v1/clean/address "HTTP/1.1 200 "
2023-11-03 14:11:40,354 [INFO    ] HTTP Request: POST https://cleaner.dadata.ru/api/v1/clean/address "HTTP/1.1 200 "
2023-11-03 14:11:40,518 [INFO    ] HTTP Request: POST https://cleaner.dadata.ru/api/v1/clean/address "HTTP/1.1 200 "
2023-11-03 14:11:40,629 [INFO    ] HTTP Request: POST https://cleaner.dadata.ru/api/v1/clean/address "HTTP/1.1 200 "
2023-11-03 14:11:40,778 [INFO    ] HTTP Request: POST https://cleaner.dadata.ru/api/v1/clean/address "HTTP/1.1 200 "
2023-11-03 14:11:41,090 [INFO    ] HTTP Request: POST https://cleaner.dadata.ru/api/v1/clean/address "HTTP/1.1 200 "
2023-11-03 14:11:41,180 [INFO    ] HTTP Request: POST https://cleaner.dadata.ru/api/v1/clean/address "HTTP/1.1 200 "
2023-11-03 14:11:41,424 [INFO    ] HTTP Request: POST https://cleaner.dadata.ru/api/v1/clean/address "HTTP/1.1 200 "
2023-11-03 14:11:41,510 [INFO    ] HTTP Request: POST https://cleaner.dadata.ru/api/v1/clean/address "HTTP/1.1 200 "
2023-11-03 14:11:41,605 [INFO    ] HTTP Request: POST https://cleaner.dadata.ru/api/v1/clean/address "HTTP/1.1 200 "
2023-11-03 14:11:41,702 [INFO    ] HTTP Request: POST https://cleaner.dadata.ru/api/v1/clean/address "HTTP/1.1 200 "
2023-11-03 14:11:41,902 [INFO    ] HTTP Request: POST https://cleaner.dadata.ru/api/v1/clean/address "HTTP/1.1 200 "
2023-11-03 14:11:42,145 [INFO    ] HTTP Request: POST https://cleaner.dadata.ru/api/v1/clean/address "HTTP/1.1 200 "
2023-11-03 14:11:42,329 [INFO    ] HTTP Request: POST https://cleaner.dadata.ru/api/v1/clean/address "HTTP/1.1 200 "
2023-11-03 14:11:42,494 [INFO    ] HTTP Request: POST https://cleaner.dadata.ru/api/v1/clean/address "HTTP/1.1 200 "
2023-11-03 14:11:42,627 [INFO    ] HTTP Request: POST https://cleaner.dadata.ru/api/v1/clean/address "HTTP/1.1 200 "
2023-11-03 14:11:42,753 [INFO    ] HTTP Request: POST https://cleaner.dadata.ru/api/v1/clean/address "HTTP/1.1 200 "
2023-11-03 14:11:42,913 [INFO    ] HTTP Request: POST https://cleaner.dadata.ru/api/v1/clean/address "HTTP/1.1 200 "
2023-11-03 14:11:43,054 [INFO    ] HTTP Request: POST https://cleaner.dadata.ru/api/v1/clean/address "HTTP/1.1 200 "
2023-11-03 14:11:43,176 [INFO    ] HTTP Request: POST https://cleaner.dadata.ru/api/v1/clean/address "HTTP/1.1 200 "
2023-11-03 14:11:43,315 [INFO    ] HTTP Request: POST https://cleaner.dadata.ru/api/v1/clean/address "HTTP/1.1 200 "
2023-11-03 14:11:43,617 [INFO    ] HTTP Request: POST https://cleaner.dadata.ru/api/v1/clean/address "HTTP/1.1 200 "
2023-11-03 14:11:43,803 [INFO    ] HTTP Request: POST https://cleaner.dadata.ru/api/v1/clean/address "HTTP/1.1 200 "
2023-11-03 14:11:44,018 [INFO    ] HTTP Request: POST https://cleaner.dadata.ru/api/v1/clean/address "HTTP/1.1 200 "
2023-11-03 14:11:44,243 [INFO    ] HTTP Request: POST https://cleaner.dadata.ru/api/v1/clean/address "HTTP/1.1 200 "
2023-11-03 14:11:44,462 [INFO    ] HTTP Request: POST https://cleaner.dadata.ru/api/v1/clean/address "HTTP/1.1 200 "
2023-11-03 14:11:44,621 [INFO    ] HTTP Request: POST https://cleaner.dadata.ru/api/v1/clean/address "HTTP/1.1 200 "
2023-11-03 14:11:44,727 [INFO    ] HTTP Request: POST https://cleaner.dadata.ru/api/v1/clean/address "HTTP/1.1 200 "
2023-11-03 14:11:44,819 [INFO    ] HTTP Request: POST https://cleaner.dadata.ru/api/v1/clean/address "HTTP/1.1 200 "
2023-11-03 14:11:44,950 [INFO    ] HTTP Request: POST https://cleaner.dadata.ru/api/v1/clean/address "HTTP/1.1 200 "
2023-11-03 14:11:45,146 [INFO    ] HTTP Request: POST https://cleaner.dadata.ru/api/v1/clean/address "HTTP/1.1 200 "
2023-11-03 14:11:45,364 [INFO    ] HTTP Request: POST https://cleaner.dadata.ru/api/v1/clean/address "HTTP/1.1 200 "
2023-11-03 14:11:45,450 [INFO    ] HTTP Request: POST https://cleaner.dadata.ru/api/v1/clean/address "HTTP/1.1 200 "
2023-11-03 14:11:45,576 [INFO    ] HTTP Request: POST https://cleaner.dadata.ru/api/v1/clean/address "HTTP/1.1 200 "
2023-11-03 14:11:45,747 [INFO    ] HTTP Request: POST https://cleaner.dadata.ru/api/v1/clean/address "HTTP/1.1 200 "
2023-11-03 14:11:45,806 [INFO    ] HTTP Request: POST https://cleaner.dadata.ru/api/v1/clean/address "HTTP/1.1 200 "
2023-11-03 14:11:46,059 [INFO    ] HTTP Request: POST https://cleaner.dadata.ru/api/v1/clean/address "HTTP/1.1 200 "
2023-11-03 14:11:46,132 [INFO    ] HTTP Request: POST https://cleaner.dadata.ru/api/v1/clean/address "HTTP/1.1 200 "
2023-11-03 14:11:46,261 [INFO    ] HTTP Request: POST https://cleaner.dadata.ru/api/v1/clean/address "HTTP/1.1 200 "
2023-11-03 14:11:46,461 [INFO    ] HTTP Request: POST https://cleaner.dadata.ru/api/v1/clean/address "HTTP/1.1 200 "
2023-11-03 14:11:46,566 [INFO    ] HTTP Request: POST https://cleaner.dadata.ru/api/v1/clean/address "HTTP/1.1 200 "
2023-11-03 14:11:46,665 [INFO    ] HTTP Request: POST https://cleaner.dadata.ru/api/v1/clean/address "HTTP/1.1 200 "
2023-11-03 14:11:46,778 [INFO    ] HTTP Request: POST https://cleaner.dadata.ru/api/v1/clean/address "HTTP/1.1 200 "
2023-11-03 14:11:46,929 [INFO    ] HTTP Request: POST https://cleaner.dadata.ru/api/v1/clean/address "HTTP/1.1 200 "
2023-11-03 14:11:47,029 [INFO    ] HTTP Request: POST https://cleaner.dadata.ru/api/v1/clean/address "HTTP/1.1 200 "
2023-11-03 14:11:47,178 [INFO    ] HTTP Request: POST https://cleaner.dadata.ru/api/v1/clean/address "HTTP/1.1 200 "
2023-11-03 14:11:47,278 [INFO    ] HTTP Request: POST https://cleaner.dadata.ru/api/v1/clean/address "HTTP/1.1 200 "
2023-11-03 14:11:47,362 [INFO    ] HTTP Request: POST https://cleaner.dadata.ru/api/v1/clean/address "HTTP/1.1 200 "
2023-11-03 14:11:47,609 [INFO    ] HTTP Request: POST https://cleaner.dadata.ru/api/v1/clean/address "HTTP/1.1 200 "
2023-11-03 14:11:47,770 [INFO    ] HTTP Request: POST https://cleaner.dadata.ru/api/v1/clean/address "HTTP/1.1 200 "
2023-11-03 14:11:47,940 [INFO    ] HTTP Request: POST https://cleaner.dadata.ru/api/v1/clean/address "HTTP/1.1 200 "
2023-11-03 14:11:48,135 [INFO    ] HTTP Request: POST https://cleaner.dadata.ru/api/v1/clean/address "HTTP/1.1 200 "
2023-11-03 14:11:48,341 [INFO    ] HTTP Request: POST https://cleaner.dadata.ru/api/v1/clean/address "HTTP/1.1 200 "
2023-11-03 14:11:48,482 [INFO    ] HTTP Request: POST https://cleaner.dadata.ru/api/v1/clean/address "HTTP/1.1 200 "
2023-11-03 14:11:48,580 [INFO    ] HTTP Request: POST https://cleaner.dadata.ru/api/v1/clean/address "HTTP/1.1 200 "
2023-11-03 14:11:48,696 [INFO    ] HTTP Request: POST https://cleaner.dadata.ru/api/v1/clean/address "HTTP/1.1 200 "
2023-11-03 14:11:48,856 [INFO    ] HTTP Request: POST https://cleaner.dadata.ru/api/v1/clean/address "HTTP/1.1 200 "
2023-11-03 14:11:49,086 [INFO    ] HTTP Request: POST https://cleaner.dadata.ru/api/v1/clean/address "HTTP/1.1 200 "
2023-11-03 14:11:49,205 [INFO    ] HTTP Request: POST https://cleaner.dadata.ru/api/v1/clean/address "HTTP/1.1 200 "
2023-11-03 14:11:49,286 [INFO    ] HTTP Request: POST https://cleaner.dadata.ru/api/v1/clean/address "HTTP/1.1 200 "
2023-11-03 14:11:49,435 [INFO    ] HTTP Request: POST https://cleaner.dadata.ru/api/v1/clean/address "HTTP/1.1 200 "
2023-11-03 14:11:49,491 [INFO    ] 864it [00:22, 36.89it/s]
2023-11-03 14:11:49,608 [INFO    ] HTTP Request: POST https://cleaner.dadata.ru/api/v1/clean/address "HTTP/1.1 200 "
2023-11-03 14:11:49,743 [INFO    ] HTTP Request: POST https://cleaner.dadata.ru/api/v1/clean/address "HTTP/1.1 200 "
2023-11-03 14:11:49,978 [INFO    ] HTTP Request: POST https://cleaner.dadata.ru/api/v1/clean/address "HTTP/1.1 200 "
2023-11-03 14:11:50,124 [INFO    ] HTTP Request: POST https://cleaner.dadata.ru/api/v1/clean/address "HTTP/1.1 200 "
2023-11-03 14:11:50,290 [INFO    ] HTTP Request: POST https://cleaner.dadata.ru/api/v1/clean/address "HTTP/1.1 200 "
2023-11-03 14:11:50,368 [INFO    ] HTTP Request: POST https://cleaner.dadata.ru/api/v1/clean/address "HTTP/1.1 200 "
2023-11-03 14:11:50,555 [INFO    ] HTTP Request: POST https://cleaner.dadata.ru/api/v1/clean/address "HTTP/1.1 200 "
2023-11-03 14:11:50,697 [INFO    ] 924it [00:24, 38.31it/s]
2023-11-03 14:11:50,697 [INFO    ] 
2023-11-03 14:11:50,697 [INFO    ] dadata con closed succesfully
2023-11-03 14:11:50,698 [INFO    ] обращение к DDT по 849/924 адресам из avito заняло 0:00:27.179772
2023-11-03 14:11:50,715 [INFO    ] обращение к DDT выполнено для 4016/4410 новых объявлений, найден fias для 1985
2023-11-03 14:12:59,361 [INFO    ] уникальных троек по h_fias_id, ad_id, d_id, в таблице с районами и houses_jkh_ddt/id: 4016
2023-11-03 14:12:59,365 [INFO    ] выгрузка данных в таблицу realty
2023-11-03 14:13:00,755 [INFO    ] Добавлено районов к объявлениям realty: 145 - было 0 стало 145
2023-11-03 14:13:00,756 [INFO    ] Есть несовпадения районов c jkh, обновление районов в jkh для 0 записей
2023-11-03 14:13:03,869 [INFO    ] Временная таблица temp_jkh_houses очищена
2023-11-03 14:13:07,284 [INFO    ] Обновление данных jkh_houses завершено
2023-11-03 14:13:09,810 [INFO    ] все новые объявления добавлены
2023-11-03 14:13:11,903 [INFO    ] Успешно обработан файл 02-11-23 (без дублей).csv для prices
2023-11-03 14:13:11,903 [INFO    ] Выгрузка в таблицу prices обработанного файла из авито: 02-11-23 (без дублей).csv
2023-11-03 14:13:29,770 [INFO    ] данные avito загружены успешно
2023-11-03 14:13:30,224 [INFO    ] Новые данные загружены по файлам ['02-11-23 (без дублей).csv'] из авито и ['циан 02-11-23 (без дублей).csv'] из циана за 0:12:16.085406
2023-11-03 14:13:30,328 [INFO    ] HTTP Request: GET https://dadata.ru/api/v2/profile/balance "HTTP/1.1 200 OK"
2023-11-03 14:13:30,652 [INFO    ] отчет отправлен в tg
2023-11-03 14:13:30,870 [INFO    ] сохранение лог-файла
