2024-01-06 15:01:21,947 [INFO    ] Скрипт запущен: 2024-01-06 15:01:21.947152
2024-01-06 15:01:22,034 [INFO    ] Connected (version 2.0, client OpenSSH_7.4p1)
2024-01-06 15:01:22,132 [INFO    ] Authentication (publickey) failed.
2024-01-06 15:01:22,149 [INFO    ] Connected (version 2.0, client OpenSSH_7.4p1)
2024-01-06 15:01:22,243 [INFO    ] Authentication (password) successful!
2024-01-06 15:01:22,245 [INFO    ] connected to host 92.53.64.66 base preprod_nedvizhka_db
2024-01-06 15:01:22,413 [INFO    ] yandex token valid
2024-01-06 15:01:25,070 [INFO    ] Успешно загружено 1 файлов с личного диска: ['05-01-24 (без дублей).csv'] для avito
2024-01-06 15:01:25,284 [INFO    ] yandex token valid
2024-01-06 15:01:27,255 [INFO    ] Успешно загружено 1 файлов с личного диска: ['циан 05-01-24 (без дублей).csv'] для cian
2024-01-06 15:01:27,255 [INFO    ] ready to process files ['05-01-24 (без дублей).csv'], ['циан 05-01-24 (без дублей).csv']
2024-01-06 15:01:56,570 [INFO    ] обновлен status_new в таблице realty
2024-01-06 15:02:09,872 [INFO    ] обновлен status_new в таблице prices
2024-01-06 15:02:09,878 [INFO    ] обработка файла циан 05-01-24 (без дублей).csv для cian
2024-01-06 15:02:11,117 [INFO    ] обработка district_id:
2024-01-06 15:02:11,120 [INFO    ] districts_update:   0%|          | 0/112877 [00:00<?, ?it/s]
2024-01-06 15:02:26,122 [INFO    ] districts_update:  12%|#2        | 13785/112877 [00:15<01:47, 918.93it/s]
2024-01-06 15:02:40,773 [INFO    ] districts_update:  25%|##4       | 28151/112877 [00:29<01:32, 918.93it/s]
2024-01-06 15:02:41,123 [INFO    ] districts_update:  25%|##5       | 28525/112877 [00:30<01:28, 956.38it/s]
2024-01-06 15:02:56,123 [INFO    ] districts_update:  39%|###9      | 44047/112877 [00:45<01:09, 992.18it/s]
2024-01-06 15:03:10,777 [INFO    ] districts_update:  51%|#####1    | 58017/112877 [00:59<00:55, 992.18it/s]
2024-01-06 15:03:11,123 [INFO    ] districts_update:  52%|#####1    | 58328/112877 [01:00<00:55, 976.33it/s]
2024-01-06 15:03:26,124 [INFO    ] districts_update:  65%|######4   | 72837/112877 [01:15<00:41, 973.04it/s]
2024-01-06 15:03:40,789 [INFO    ] districts_update:  77%|#######7  | 87177/112877 [01:29<00:26, 973.04it/s]
2024-01-06 15:03:41,125 [INFO    ] districts_update:  78%|#######7  | 87529/112877 [01:30<00:25, 975.21it/s]
2024-01-06 15:03:56,126 [INFO    ] districts_update:  91%|#########1| 102825/112877 [01:45<00:10, 989.75it/s]
2024-01-06 15:04:06,338 [INFO    ] districts_update: 100%|##########| 112877/112877 [01:55<00:00, 979.68it/s]
2024-01-06 15:04:06,339 [INFO    ] 
2024-01-06 15:04:06,346 [INFO    ] district add from realty
2024-01-06 15:04:08,430 [INFO    ] Успешно обработан файл циан 05-01-24 (без дублей).csv для realty
2024-01-06 15:04:08,447 [INFO    ] Выгрузка в таблицу realty обработанного файла из cian: циан 05-01-24 (без дублей).csv
2024-01-06 15:04:08,813 [INFO    ] Временная таблица создана
2024-01-06 15:04:22,937 [INFO    ] Загрузка новых объявлений в таблицу
2024-01-06 15:04:23,178 [INFO    ] 110821 существующих и 2056 новых объявлений
2024-01-06 15:04:23,224 [INFO    ] temp таблица очищена, загружаются данные
2024-01-06 15:05:10,298 [INFO    ] обновлена таблица realty
2024-01-06 15:05:35,000 [INFO    ] обновлены районы в таблице realty
2024-01-06 15:05:37,534 [INFO    ] Обновление существующих данных realty завершено
2024-01-06 15:06:14,581 [INFO    ] из новых объяв найдено по адресу 405, запрос в ddt для 575 уник. адресов из 1651
2024-01-06 15:06:14,581 [INFO    ] обновление районов для найденных в realty по адресу новых объявлений:
2024-01-06 15:06:14,640 [INFO    ] обнаружено 15 районов для 22 новых объявлений, найденных по адресу из 47
2024-01-06 15:06:14,646 [INFO    ] 15 районов осталось незаполнено
2024-01-06 15:06:14,647 [INFO    ] переход к обновлению оставшихся (не найденных по адресу) 1651 новых объявлений (575 адресов) для cian
2024-01-06 15:06:14,660 [INFO    ] загрузка данных dadata из /var/www/yadisk_loader/saved_data_csv/cian_dadata_request.csv
2024-01-06 15:06:15,473 [INFO    ] удалось загрузить исторические данные dadata
2024-01-06 15:06:17,484 [INFO    ] количество запросов к dadata составит: 575
2024-01-06 15:06:17,489 [INFO    ] 0%|          | 0/225 [00:00<?, ?it/s]
2024-01-06 15:06:18,864 [INFO    ] 575it [00:01, 418.46it/s]
2024-01-06 15:06:18,864 [INFO    ] 
2024-01-06 15:06:18,864 [INFO    ] dadata con closed succesfully
2024-01-06 15:06:18,865 [INFO    ] обращение к DDT по 352/575 адресам из cian заняло 0:00:04.218014
2024-01-06 15:06:18,875 [INFO    ] обращение к DDT выполнено для 710/1651 новых объявлений, найден fias для 422
2024-01-06 15:07:25,401 [INFO    ] уникальных троек по h_fias_id, ad_id, d_id, в таблице с районами и houses_jkh_ddt/id: 710
2024-01-06 15:07:25,406 [INFO    ] выгрузка данных в таблицу realty
2024-01-06 15:07:25,984 [INFO    ] Добавлено районов к объявлениям realty: 1 - было 1014 стало 1015
2024-01-06 15:07:25,984 [INFO    ] Есть несовпадения районов c jkh, обновление районов в jkh для 3 записей
2024-01-06 15:07:32,413 [INFO    ] Временная таблица temp_jkh_houses создана
2024-01-06 15:07:35,837 [INFO    ] Обновление данных jkh_houses завершено
2024-01-06 15:07:36,895 [INFO    ] все новые объявления добавлены
2024-01-06 15:07:38,243 [INFO    ] Успешно обработан файл циан 05-01-24 (без дублей).csv для prices
2024-01-06 15:07:38,243 [INFO    ] Выгрузка в таблицу prices обработанного файла из cian: циан 05-01-24 (без дублей).csv
2024-01-06 15:07:49,258 [INFO    ] данные cian загружены успешно
2024-01-06 15:07:49,341 [INFO    ] обработка файла 05-01-24 (без дублей).csv для авито
2024-01-06 15:08:34,687 [INFO    ] Успешно обработан файл 05-01-24 (без дублей).csv для realty
2024-01-06 15:08:34,747 [INFO    ] Выгрузка в таблицу realty обработанного файла из авито: 05-01-24 (без дублей).csv
2024-01-06 15:08:34,849 [INFO    ] Временная таблица очищена
2024-01-06 15:08:40,196 [INFO    ] Загрузка новых объявлений в таблицу
2024-01-06 15:08:40,383 [INFO    ] 172686 существующих и 1883 новых объявлений
2024-01-06 15:08:40,428 [INFO    ] temp таблица очищена, загружаются данные
2024-01-06 15:09:45,475 [INFO    ] обновлена таблица realty
2024-01-06 15:09:48,268 [INFO    ] обновлены районы в таблице realty
2024-01-06 15:09:57,845 [INFO    ] Обновление существующих данных realty завершено
2024-01-06 15:10:36,944 [INFO    ] из новых объяв найдено по адресу 573, запрос в ddt для 575 уник. адресов из 1310
2024-01-06 15:10:36,944 [INFO    ] обновление районов для найденных в realty по адресу новых объявлений:
2024-01-06 15:10:37,190 [INFO    ] обнаружено 255 районов для 390 новых объявлений, найденных по адресу из 573
2024-01-06 15:10:37,213 [INFO    ] 141 районов осталось незаполнено
2024-01-06 15:10:37,214 [INFO    ] переход к обновлению оставшихся (не найденных по адресу) 1310 новых объявлений (575 адресов) для avito
2024-01-06 15:10:37,238 [INFO    ] загрузка данных dadata из /var/www/yadisk_loader/saved_data_csv/avito_dadata_request.csv
2024-01-06 15:10:38,585 [INFO    ] удалось загрузить исторические данные dadata
2024-01-06 15:10:40,597 [INFO    ] количество запросов к dadata составит: 575
2024-01-06 15:10:40,602 [INFO    ] 0%|          | 0/81 [00:00<?, ?it/s]
2024-01-06 15:10:42,540 [INFO    ] 575it [00:01, 296.79it/s]
2024-01-06 15:10:42,540 [INFO    ] 
2024-01-06 15:10:42,540 [INFO    ] dadata con closed succesfully
2024-01-06 15:10:42,541 [INFO    ] обращение к DDT по 558/575 адресам из avito заняло 0:00:05.326495
2024-01-06 15:10:42,553 [INFO    ] обращение к DDT выполнено для 1180/1310 новых объявлений, найден fias для 700
2024-01-06 15:11:56,179 [INFO    ] уникальных троек по h_fias_id, ad_id, d_id, в таблице с районами и houses_jkh_ddt/id: 1180
2024-01-06 15:11:56,183 [INFO    ] выгрузка данных в таблицу realty
2024-01-06 15:11:56,637 [INFO    ] Добавлено районов к объявлениям realty: 139 - было 0 стало 139
2024-01-06 15:11:56,637 [INFO    ] Есть несовпадения районов c jkh, обновление районов в jkh для 0 записей
2024-01-06 15:11:59,799 [INFO    ] Временная таблица temp_jkh_houses очищена
2024-01-06 15:12:03,024 [INFO    ] Обновление данных jkh_houses завершено
2024-01-06 15:12:04,064 [INFO    ] все новые объявления добавлены
2024-01-06 15:12:06,106 [INFO    ] Успешно обработан файл 05-01-24 (без дублей).csv для prices
2024-01-06 15:12:06,106 [INFO    ] Выгрузка в таблицу prices обработанного файла из авито: 05-01-24 (без дублей).csv
2024-01-06 15:12:23,316 [INFO    ] данные avito загружены успешно
2024-01-06 15:12:23,787 [INFO    ] Новые данные загружены по файлам ['05-01-24 (без дублей).csv'] из авито и ['циан 05-01-24 (без дублей).csv'] из циана за 0:11:01.840641
2024-01-06 15:12:23,889 [INFO    ] HTTP Request: GET https://dadata.ru/api/v2/profile/balance "HTTP/1.1 200 OK"
2024-01-06 15:12:23,891 [INFO    ] сохранение лог-файла
