2023-08-23 14:01:56,650 [INFO    ] Скрипт запущен: 2023-08-23 14:01:56.650211
2023-08-23 14:01:56,684 [INFO    ] Connected (version 2.0, client OpenSSH_7.4p1)
2023-08-23 14:01:56,735 [INFO    ] Authentication (publickey) failed.
2023-08-23 14:01:56,738 [INFO    ] Connected (version 2.0, client OpenSSH_7.4p1)
2023-08-23 14:01:56,790 [INFO    ] Authentication (password) successful!
2023-08-23 14:01:56,810 [INFO    ] connected to host 92.53.64.66 base app_nedvizhka_db
2023-08-23 14:01:56,978 [INFO    ] yandex token valid
2023-08-23 14:02:00,116 [INFO    ] Успешно загружено 1 файлов с личного диска: ['22-08-23 (без дублей).csv'] для avito
2023-08-23 14:02:00,262 [INFO    ] yandex token valid
2023-08-23 14:02:02,818 [INFO    ] Успешно загружено 1 файлов с личного диска: ['циан 22-08-23 (без дублей).csv'] для cian
2023-08-23 14:02:02,818 [INFO    ] ready to process files ['22-08-23 (без дублей).csv'], ['циан 22-08-23 (без дублей).csv']
2023-08-23 14:02:02,951 [INFO    ] обработка файла циан 22-08-23 (без дублей).csv для cian
2023-08-23 14:02:04,062 [INFO    ] обработка district_id:
2023-08-23 14:02:04,075 [INFO    ] districts_update:   0%|          | 0/116858 [00:00<?, ?it/s]
2023-08-23 14:02:19,076 [INFO    ] districts_update:  13%|#2        | 14702/116858 [00:15<01:44, 980.13it/s]
2023-08-23 14:02:34,076 [INFO    ] districts_update:  25%|##5       | 29518/116858 [00:30<01:28, 984.58it/s]
2023-08-23 14:02:44,084 [INFO    ] districts_update:  34%|###3      | 39407/116858 [00:40<01:18, 984.58it/s]
2023-08-23 14:02:49,077 [INFO    ] districts_update:  38%|###8      | 44431/116858 [00:45<01:13, 988.96it/s]
2023-08-23 14:03:04,102 [INFO    ] districts_update:  51%|#####     | 59059/116858 [01:00<00:58, 988.96it/s]
2023-08-23 14:03:04,102 [INFO    ] districts_update:  51%|#####     | 59060/116858 [01:00<00:58, 982.90it/s]
2023-08-23 14:03:14,104 [INFO    ] districts_update:  59%|#####9    | 69093/116858 [01:10<00:48, 982.90it/s]
2023-08-23 14:03:19,102 [INFO    ] districts_update:  63%|######3   | 74015/116858 [01:15<00:43, 987.97it/s]
2023-08-23 14:03:34,113 [INFO    ] districts_update:  76%|#######5  | 88789/116858 [01:30<00:28, 987.97it/s]
2023-08-23 14:03:34,113 [INFO    ] districts_update:  76%|#######5  | 88790/116858 [01:30<00:28, 986.72it/s]
2023-08-23 14:03:44,116 [INFO    ] districts_update:  84%|########4 | 98238/116858 [01:40<00:18, 986.72it/s]
2023-08-23 14:03:49,113 [INFO    ] districts_update:  88%|########8 | 103154/116858 [01:45<00:14, 977.20it/s]
2023-08-23 14:04:02,864 [INFO    ] districts_update: 100%|##########| 116858/116858 [01:58<00:00, 983.75it/s]
2023-08-23 14:04:02,864 [INFO    ] 
2023-08-23 14:04:02,871 [INFO    ] district add from realty
2023-08-23 14:04:03,733 [INFO    ] Успешно обработан файл циан 22-08-23 (без дублей).csv для realty
2023-08-23 14:04:03,781 [INFO    ] Выгрузка в таблицу realty обработанного файла из cian: циан 22-08-23 (без дублей).csv
2023-08-23 14:04:04,007 [INFO    ] Временная таблица создана
2023-08-23 14:04:11,970 [INFO    ] Загрузка новых объявлений в таблицу
2023-08-23 14:04:12,210 [INFO    ] 113267 существующих и 3591 новых объявлений
2023-08-23 14:04:12,255 [INFO    ] temp таблица очищена, загружаются данные
2023-08-23 14:05:05,177 [INFO    ] обновлена таблица realty
2023-08-23 14:05:22,774 [INFO    ] обновлены районы в таблице realty
2023-08-23 14:05:30,896 [INFO    ] Обновление существующих данных realty завершено
2023-08-23 14:05:52,573 [INFO    ] из новых объяв найдено по адресу 1264, запрос в ddt для 873 уник. адресов из 2327
2023-08-23 14:05:52,586 [INFO    ] обновление районов для найденных в realty по адресу новых объявлений:
2023-08-23 14:05:52,723 [INFO    ] обнаружено 77 районов для 77 новых объявлений, найденных по адресу из 110
2023-08-23 14:05:52,728 [INFO    ] 73 районов осталось незаполнено
2023-08-23 14:05:52,729 [INFO    ] переход к обновлению оставшихся (не найденных по адресу) 2327 новых объявлений (873 адресов) для cian
2023-08-23 14:05:52,742 [INFO    ] загрузка данных dadata из /var/www/yadisk_loader/saved_data_csv/cian_dadata_request.csv
2023-08-23 14:05:53,040 [INFO    ] удалось загрузить исторические данные dadata
2023-08-23 14:05:55,045 [INFO    ] количество запросов к dadata составит: 873
2023-08-23 14:05:55,046 [INFO    ] 0%|          | 0/376 [00:00<?, ?it/s]
2023-08-23 14:05:55,371 [INFO    ] HTTP Request: POST https://cleaner.dadata.ru/api/v1/clean/address "HTTP/1.1 200 "
2023-08-23 14:05:55,604 [INFO    ] HTTP Request: POST https://cleaner.dadata.ru/api/v1/clean/address "HTTP/1.1 200 "
2023-08-23 14:05:55,797 [INFO    ] HTTP Request: POST https://cleaner.dadata.ru/api/v1/clean/address "HTTP/1.1 200 "
2023-08-23 14:05:55,975 [INFO    ] HTTP Request: POST https://cleaner.dadata.ru/api/v1/clean/address "HTTP/1.1 200 "
2023-08-23 14:05:56,057 [INFO    ] HTTP Request: POST https://cleaner.dadata.ru/api/v1/clean/address "HTTP/1.1 200 "
2023-08-23 14:05:56,121 [INFO    ] HTTP Request: POST https://cleaner.dadata.ru/api/v1/clean/address "HTTP/1.1 200 "
2023-08-23 14:05:56,211 [INFO    ] HTTP Request: POST https://cleaner.dadata.ru/api/v1/clean/address "HTTP/1.1 200 "
2023-08-23 14:05:56,354 [INFO    ] HTTP Request: POST https://cleaner.dadata.ru/api/v1/clean/address "HTTP/1.1 200 "
2023-08-23 14:05:56,464 [INFO    ] HTTP Request: POST https://cleaner.dadata.ru/api/v1/clean/address "HTTP/1.1 200 "
2023-08-23 14:05:56,621 [INFO    ] HTTP Request: POST https://cleaner.dadata.ru/api/v1/clean/address "HTTP/1.1 200 "
2023-08-23 14:05:56,732 [INFO    ] HTTP Request: POST https://cleaner.dadata.ru/api/v1/clean/address "HTTP/1.1 200 "
2023-08-23 14:05:56,928 [INFO    ] HTTP Request: POST https://cleaner.dadata.ru/api/v1/clean/address "HTTP/1.1 200 "
2023-08-23 14:05:57,041 [INFO    ] HTTP Request: POST https://cleaner.dadata.ru/api/v1/clean/address "HTTP/1.1 200 "
2023-08-23 14:05:57,191 [INFO    ] HTTP Request: POST https://cleaner.dadata.ru/api/v1/clean/address "HTTP/1.1 200 "
2023-08-23 14:05:57,267 [INFO    ] HTTP Request: POST https://cleaner.dadata.ru/api/v1/clean/address "HTTP/1.1 200 "
2023-08-23 14:05:57,463 [INFO    ] HTTP Request: POST https://cleaner.dadata.ru/api/v1/clean/address "HTTP/1.1 200 "
2023-08-23 14:05:57,538 [INFO    ] HTTP Request: POST https://cleaner.dadata.ru/api/v1/clean/address "HTTP/1.1 200 "
2023-08-23 14:05:57,710 [INFO    ] HTTP Request: POST https://cleaner.dadata.ru/api/v1/clean/address "HTTP/1.1 200 "
2023-08-23 14:05:57,835 [INFO    ] HTTP Request: POST https://cleaner.dadata.ru/api/v1/clean/address "HTTP/1.1 200 "
2023-08-23 14:05:57,927 [INFO    ] HTTP Request: POST https://cleaner.dadata.ru/api/v1/clean/address "HTTP/1.1 200 "
2023-08-23 14:05:58,092 [INFO    ] HTTP Request: POST https://cleaner.dadata.ru/api/v1/clean/address "HTTP/1.1 200 "
2023-08-23 14:05:58,198 [INFO    ] HTTP Request: POST https://cleaner.dadata.ru/api/v1/clean/address "HTTP/1.1 200 "
2023-08-23 14:05:58,378 [INFO    ] HTTP Request: POST https://cleaner.dadata.ru/api/v1/clean/address "HTTP/1.1 200 "
2023-08-23 14:05:58,529 [INFO    ] HTTP Request: POST https://cleaner.dadata.ru/api/v1/clean/address "HTTP/1.1 200 "
2023-08-23 14:05:58,717 [INFO    ] HTTP Request: POST https://cleaner.dadata.ru/api/v1/clean/address "HTTP/1.1 200 "
2023-08-23 14:05:58,887 [INFO    ] HTTP Request: POST https://cleaner.dadata.ru/api/v1/clean/address "HTTP/1.1 200 "
2023-08-23 14:05:58,968 [INFO    ] HTTP Request: POST https://cleaner.dadata.ru/api/v1/clean/address "HTTP/1.1 200 "
2023-08-23 14:05:59,109 [INFO    ] HTTP Request: POST https://cleaner.dadata.ru/api/v1/clean/address "HTTP/1.1 200 "
2023-08-23 14:05:59,236 [INFO    ] HTTP Request: POST https://cleaner.dadata.ru/api/v1/clean/address "HTTP/1.1 200 "
2023-08-23 14:05:59,313 [INFO    ] HTTP Request: POST https://cleaner.dadata.ru/api/v1/clean/address "HTTP/1.1 200 "
2023-08-23 14:05:59,488 [INFO    ] HTTP Request: POST https://cleaner.dadata.ru/api/v1/clean/address "HTTP/1.1 200 "
2023-08-23 14:05:59,693 [INFO    ] HTTP Request: POST https://cleaner.dadata.ru/api/v1/clean/address "HTTP/1.1 200 "
2023-08-23 14:05:59,820 [INFO    ] HTTP Request: POST https://cleaner.dadata.ru/api/v1/clean/address "HTTP/1.1 200 "
2023-08-23 14:06:00,248 [INFO    ] HTTP Request: POST https://cleaner.dadata.ru/api/v1/clean/address "HTTP/1.1 200 "
2023-08-23 14:06:00,495 [INFO    ] HTTP Request: POST https://cleaner.dadata.ru/api/v1/clean/address "HTTP/1.1 200 "
2023-08-23 14:06:00,610 [INFO    ] HTTP Request: POST https://cleaner.dadata.ru/api/v1/clean/address "HTTP/1.1 200 "
2023-08-23 14:06:00,926 [INFO    ] HTTP Request: POST https://cleaner.dadata.ru/api/v1/clean/address "HTTP/1.1 200 "
2023-08-23 14:06:01,028 [INFO    ] HTTP Request: POST https://cleaner.dadata.ru/api/v1/clean/address "HTTP/1.1 200 "
2023-08-23 14:06:01,173 [INFO    ] HTTP Request: POST https://cleaner.dadata.ru/api/v1/clean/address "HTTP/1.1 200 "
2023-08-23 14:06:01,305 [INFO    ] HTTP Request: POST https://cleaner.dadata.ru/api/v1/clean/address "HTTP/1.1 200 "
2023-08-23 14:06:01,417 [INFO    ] HTTP Request: POST https://cleaner.dadata.ru/api/v1/clean/address "HTTP/1.1 200 "
2023-08-23 14:06:01,502 [INFO    ] HTTP Request: POST https://cleaner.dadata.ru/api/v1/clean/address "HTTP/1.1 200 "
2023-08-23 14:06:01,632 [INFO    ] HTTP Request: POST https://cleaner.dadata.ru/api/v1/clean/address "HTTP/1.1 200 "
2023-08-23 14:06:01,804 [INFO    ] HTTP Request: POST https://cleaner.dadata.ru/api/v1/clean/address "HTTP/1.1 200 "
2023-08-23 14:06:01,906 [INFO    ] HTTP Request: POST https://cleaner.dadata.ru/api/v1/clean/address "HTTP/1.1 200 "
2023-08-23 14:06:02,081 [INFO    ] HTTP Request: POST https://cleaner.dadata.ru/api/v1/clean/address "HTTP/1.1 200 "
2023-08-23 14:06:02,228 [INFO    ] HTTP Request: POST https://cleaner.dadata.ru/api/v1/clean/address "HTTP/1.1 200 "
2023-08-23 14:06:02,308 [INFO    ] HTTP Request: POST https://cleaner.dadata.ru/api/v1/clean/address "HTTP/1.1 200 "
2023-08-23 14:06:02,477 [INFO    ] HTTP Request: POST https://cleaner.dadata.ru/api/v1/clean/address "HTTP/1.1 200 "
2023-08-23 14:06:02,633 [INFO    ] HTTP Request: POST https://cleaner.dadata.ru/api/v1/clean/address "HTTP/1.1 200 "
2023-08-23 14:06:02,857 [INFO    ] HTTP Request: POST https://cleaner.dadata.ru/api/v1/clean/address "HTTP/1.1 200 "
2023-08-23 14:06:03,012 [INFO    ] HTTP Request: POST https://cleaner.dadata.ru/api/v1/clean/address "HTTP/1.1 200 "
2023-08-23 14:06:03,146 [INFO    ] HTTP Request: POST https://cleaner.dadata.ru/api/v1/clean/address "HTTP/1.1 200 "
2023-08-23 14:06:03,312 [INFO    ] HTTP Request: POST https://cleaner.dadata.ru/api/v1/clean/address "HTTP/1.1 200 "
2023-08-23 14:06:03,381 [INFO    ] HTTP Request: POST https://cleaner.dadata.ru/api/v1/clean/address "HTTP/1.1 200 "
2023-08-23 14:06:03,439 [INFO    ] HTTP Request: POST https://cleaner.dadata.ru/api/v1/clean/address "HTTP/1.1 200 "
2023-08-23 14:06:03,538 [INFO    ] HTTP Request: POST https://cleaner.dadata.ru/api/v1/clean/address "HTTP/1.1 200 "
2023-08-23 14:06:03,705 [INFO    ] HTTP Request: POST https://cleaner.dadata.ru/api/v1/clean/address "HTTP/1.1 200 "
2023-08-23 14:06:03,848 [INFO    ] HTTP Request: POST https://cleaner.dadata.ru/api/v1/clean/address "HTTP/1.1 200 "
2023-08-23 14:06:03,928 [INFO    ] HTTP Request: POST https://cleaner.dadata.ru/api/v1/clean/address "HTTP/1.1 200 "
2023-08-23 14:06:04,234 [INFO    ] HTTP Request: POST https://cleaner.dadata.ru/api/v1/clean/address "HTTP/1.1 200 "
2023-08-23 14:06:04,567 [INFO    ] HTTP Request: POST https://cleaner.dadata.ru/api/v1/clean/address "HTTP/1.1 200 "
2023-08-23 14:06:04,653 [INFO    ] HTTP Request: POST https://cleaner.dadata.ru/api/v1/clean/address "HTTP/1.1 200 "
2023-08-23 14:06:04,784 [INFO    ] HTTP Request: POST https://cleaner.dadata.ru/api/v1/clean/address "HTTP/1.1 200 "
2023-08-23 14:06:04,891 [INFO    ] HTTP Request: POST https://cleaner.dadata.ru/api/v1/clean/address "HTTP/1.1 200 "
2023-08-23 14:06:05,053 [INFO    ] HTTP Request: POST https://cleaner.dadata.ru/api/v1/clean/address "HTTP/1.1 200 "
2023-08-23 14:06:05,055 [INFO    ] 398it [00:10, 39.77it/s]
2023-08-23 14:06:05,175 [INFO    ] HTTP Request: POST https://cleaner.dadata.ru/api/v1/clean/address "HTTP/1.1 200 "
2023-08-23 14:06:05,303 [INFO    ] HTTP Request: POST https://cleaner.dadata.ru/api/v1/clean/address "HTTP/1.1 200 "
2023-08-23 14:06:05,451 [INFO    ] HTTP Request: POST https://cleaner.dadata.ru/api/v1/clean/address "HTTP/1.1 200 "
2023-08-23 14:06:05,645 [INFO    ] HTTP Request: POST https://cleaner.dadata.ru/api/v1/clean/address "HTTP/1.1 200 "
2023-08-23 14:06:05,724 [INFO    ] HTTP Request: POST https://cleaner.dadata.ru/api/v1/clean/address "HTTP/1.1 200 "
2023-08-23 14:06:05,822 [INFO    ] HTTP Request: POST https://cleaner.dadata.ru/api/v1/clean/address "HTTP/1.1 200 "
2023-08-23 14:06:05,959 [INFO    ] HTTP Request: POST https://cleaner.dadata.ru/api/v1/clean/address "HTTP/1.1 200 "
2023-08-23 14:06:06,041 [INFO    ] HTTP Request: POST https://cleaner.dadata.ru/api/v1/clean/address "HTTP/1.1 200 "
2023-08-23 14:06:06,184 [INFO    ] HTTP Request: POST https://cleaner.dadata.ru/api/v1/clean/address "HTTP/1.1 200 "
2023-08-23 14:06:06,263 [INFO    ] HTTP Request: POST https://cleaner.dadata.ru/api/v1/clean/address "HTTP/1.1 200 "
2023-08-23 14:06:06,406 [INFO    ] HTTP Request: POST https://cleaner.dadata.ru/api/v1/clean/address "HTTP/1.1 200 "
2023-08-23 14:06:06,522 [INFO    ] HTTP Request: POST https://cleaner.dadata.ru/api/v1/clean/address "HTTP/1.1 200 "
2023-08-23 14:06:06,582 [INFO    ] HTTP Request: POST https://cleaner.dadata.ru/api/v1/clean/address "HTTP/1.1 200 "
2023-08-23 14:06:06,747 [INFO    ] HTTP Request: POST https://cleaner.dadata.ru/api/v1/clean/address "HTTP/1.1 200 "
2023-08-23 14:06:06,877 [INFO    ] HTTP Request: POST https://cleaner.dadata.ru/api/v1/clean/address "HTTP/1.1 200 "
2023-08-23 14:06:07,008 [INFO    ] HTTP Request: POST https://cleaner.dadata.ru/api/v1/clean/address "HTTP/1.1 200 "
2023-08-23 14:06:07,109 [INFO    ] HTTP Request: POST https://cleaner.dadata.ru/api/v1/clean/address "HTTP/1.1 200 "
2023-08-23 14:06:07,187 [INFO    ] HTTP Request: POST https://cleaner.dadata.ru/api/v1/clean/address "HTTP/1.1 200 "
2023-08-23 14:06:07,292 [INFO    ] HTTP Request: POST https://cleaner.dadata.ru/api/v1/clean/address "HTTP/1.1 200 "
2023-08-23 14:06:07,366 [INFO    ] HTTP Request: POST https://cleaner.dadata.ru/api/v1/clean/address "HTTP/1.1 200 "
2023-08-23 14:06:07,456 [INFO    ] HTTP Request: POST https://cleaner.dadata.ru/api/v1/clean/address "HTTP/1.1 200 "
2023-08-23 14:06:07,528 [INFO    ] HTTP Request: POST https://cleaner.dadata.ru/api/v1/clean/address "HTTP/1.1 200 "
2023-08-23 14:06:07,614 [INFO    ] HTTP Request: POST https://cleaner.dadata.ru/api/v1/clean/address "HTTP/1.1 200 "
2023-08-23 14:06:07,716 [INFO    ] HTTP Request: POST https://cleaner.dadata.ru/api/v1/clean/address "HTTP/1.1 200 "
2023-08-23 14:06:07,763 [INFO    ] HTTP Request: POST https://cleaner.dadata.ru/api/v1/clean/address "HTTP/1.1 200 "
2023-08-23 14:06:07,963 [INFO    ] HTTP Request: POST https://cleaner.dadata.ru/api/v1/clean/address "HTTP/1.1 200 "
2023-08-23 14:06:08,128 [INFO    ] HTTP Request: POST https://cleaner.dadata.ru/api/v1/clean/address "HTTP/1.1 200 "
2023-08-23 14:06:08,218 [INFO    ] HTTP Request: POST https://cleaner.dadata.ru/api/v1/clean/address "HTTP/1.1 200 "
2023-08-23 14:06:08,399 [INFO    ] HTTP Request: POST https://cleaner.dadata.ru/api/v1/clean/address "HTTP/1.1 200 "
2023-08-23 14:06:08,488 [INFO    ] HTTP Request: POST https://cleaner.dadata.ru/api/v1/clean/address "HTTP/1.1 200 "
2023-08-23 14:06:08,543 [INFO    ] HTTP Request: POST https://cleaner.dadata.ru/api/v1/clean/address "HTTP/1.1 200 "
2023-08-23 14:06:08,701 [INFO    ] HTTP Request: POST https://cleaner.dadata.ru/api/v1/clean/address "HTTP/1.1 200 "
2023-08-23 14:06:08,914 [INFO    ] HTTP Request: POST https://cleaner.dadata.ru/api/v1/clean/address "HTTP/1.1 200 "
2023-08-23 14:06:08,999 [INFO    ] HTTP Request: POST https://cleaner.dadata.ru/api/v1/clean/address "HTTP/1.1 200 "
2023-08-23 14:06:09,155 [INFO    ] HTTP Request: POST https://cleaner.dadata.ru/api/v1/clean/address "HTTP/1.1 200 "
2023-08-23 14:06:09,231 [INFO    ] HTTP Request: POST https://cleaner.dadata.ru/api/v1/clean/address "HTTP/1.1 200 "
2023-08-23 14:06:09,342 [INFO    ] HTTP Request: POST https://cleaner.dadata.ru/api/v1/clean/address "HTTP/1.1 200 "
2023-08-23 14:06:09,457 [INFO    ] HTTP Request: POST https://cleaner.dadata.ru/api/v1/clean/address "HTTP/1.1 200 "
2023-08-23 14:06:09,681 [INFO    ] HTTP Request: POST https://cleaner.dadata.ru/api/v1/clean/address "HTTP/1.1 200 "
2023-08-23 14:06:09,892 [INFO    ] HTTP Request: POST https://cleaner.dadata.ru/api/v1/clean/address "HTTP/1.1 200 "
2023-08-23 14:06:09,991 [INFO    ] HTTP Request: POST https://cleaner.dadata.ru/api/v1/clean/address "HTTP/1.1 200 "
2023-08-23 14:06:10,095 [INFO    ] HTTP Request: POST https://cleaner.dadata.ru/api/v1/clean/address "HTTP/1.1 200 "
2023-08-23 14:06:10,200 [INFO    ] HTTP Request: POST https://cleaner.dadata.ru/api/v1/clean/address "HTTP/1.1 200 "
2023-08-23 14:06:10,262 [INFO    ] HTTP Request: POST https://cleaner.dadata.ru/api/v1/clean/address "HTTP/1.1 200 "
2023-08-23 14:06:10,363 [INFO    ] HTTP Request: POST https://cleaner.dadata.ru/api/v1/clean/address "HTTP/1.1 200 "
2023-08-23 14:06:10,529 [INFO    ] HTTP Request: POST https://cleaner.dadata.ru/api/v1/clean/address "HTTP/1.1 200 "
2023-08-23 14:06:10,688 [INFO    ] HTTP Request: POST https://cleaner.dadata.ru/api/v1/clean/address "HTTP/1.1 200 "
2023-08-23 14:06:10,747 [INFO    ] HTTP Request: POST https://cleaner.dadata.ru/api/v1/clean/address "HTTP/1.1 200 "
2023-08-23 14:06:10,895 [INFO    ] HTTP Request: POST https://cleaner.dadata.ru/api/v1/clean/address "HTTP/1.1 200 "
2023-08-23 14:06:10,993 [INFO    ] HTTP Request: POST https://cleaner.dadata.ru/api/v1/clean/address "HTTP/1.1 200 "
2023-08-23 14:06:11,137 [INFO    ] HTTP Request: POST https://cleaner.dadata.ru/api/v1/clean/address "HTTP/1.1 200 "
2023-08-23 14:06:11,299 [INFO    ] HTTP Request: POST https://cleaner.dadata.ru/api/v1/clean/address "HTTP/1.1 200 "
2023-08-23 14:06:11,485 [INFO    ] HTTP Request: POST https://cleaner.dadata.ru/api/v1/clean/address "HTTP/1.1 200 "
2023-08-23 14:06:11,580 [INFO    ] HTTP Request: POST https://cleaner.dadata.ru/api/v1/clean/address "HTTP/1.1 200 "
2023-08-23 14:06:11,683 [INFO    ] HTTP Request: POST https://cleaner.dadata.ru/api/v1/clean/address "HTTP/1.1 200 "
2023-08-23 14:06:11,990 [INFO    ] HTTP Request: POST https://cleaner.dadata.ru/api/v1/clean/address "HTTP/1.1 200 "
2023-08-23 14:06:12,093 [INFO    ] HTTP Request: POST https://cleaner.dadata.ru/api/v1/clean/address "HTTP/1.1 200 "
2023-08-23 14:06:12,260 [INFO    ] HTTP Request: POST https://cleaner.dadata.ru/api/v1/clean/address "HTTP/1.1 200 "
2023-08-23 14:06:12,375 [INFO    ] HTTP Request: POST https://cleaner.dadata.ru/api/v1/clean/address "HTTP/1.1 200 "
2023-08-23 14:06:12,441 [INFO    ] HTTP Request: POST https://cleaner.dadata.ru/api/v1/clean/address "HTTP/1.1 200 "
2023-08-23 14:06:12,526 [INFO    ] HTTP Request: POST https://cleaner.dadata.ru/api/v1/clean/address "HTTP/1.1 200 "
2023-08-23 14:06:12,681 [INFO    ] HTTP Request: POST https://cleaner.dadata.ru/api/v1/clean/address "HTTP/1.1 200 "
2023-08-23 14:06:12,910 [INFO    ] HTTP Request: POST https://cleaner.dadata.ru/api/v1/clean/address "HTTP/1.1 200 "
2023-08-23 14:06:13,052 [INFO    ] HTTP Request: POST https://cleaner.dadata.ru/api/v1/clean/address "HTTP/1.1 200 "
2023-08-23 14:06:13,315 [INFO    ] HTTP Request: POST https://cleaner.dadata.ru/api/v1/clean/address "HTTP/1.1 200 "
2023-08-23 14:06:13,430 [INFO    ] HTTP Request: POST https://cleaner.dadata.ru/api/v1/clean/address "HTTP/1.1 200 "
2023-08-23 14:06:13,516 [INFO    ] HTTP Request: POST https://cleaner.dadata.ru/api/v1/clean/address "HTTP/1.1 200 "
2023-08-23 14:06:13,631 [INFO    ] HTTP Request: POST https://cleaner.dadata.ru/api/v1/clean/address "HTTP/1.1 200 "
2023-08-23 14:06:13,689 [INFO    ] HTTP Request: POST https://cleaner.dadata.ru/api/v1/clean/address "HTTP/1.1 200 "
2023-08-23 14:06:13,901 [INFO    ] HTTP Request: POST https://cleaner.dadata.ru/api/v1/clean/address "HTTP/1.1 200 "
2023-08-23 14:06:14,016 [INFO    ] HTTP Request: POST https://cleaner.dadata.ru/api/v1/clean/address "HTTP/1.1 200 "
2023-08-23 14:06:14,106 [INFO    ] HTTP Request: POST https://cleaner.dadata.ru/api/v1/clean/address "HTTP/1.1 200 "
2023-08-23 14:06:14,205 [INFO    ] HTTP Request: POST https://cleaner.dadata.ru/api/v1/clean/address "HTTP/1.1 200 "
2023-08-23 14:06:14,288 [INFO    ] HTTP Request: POST https://cleaner.dadata.ru/api/v1/clean/address "HTTP/1.1 200 "
2023-08-23 14:06:14,388 [INFO    ] HTTP Request: POST https://cleaner.dadata.ru/api/v1/clean/address "HTTP/1.1 200 "
2023-08-23 14:06:14,574 [INFO    ] HTTP Request: POST https://cleaner.dadata.ru/api/v1/clean/address "HTTP/1.1 200 "
2023-08-23 14:06:14,942 [INFO    ] HTTP Request: POST https://cleaner.dadata.ru/api/v1/clean/address "HTTP/1.1 200 "
2023-08-23 14:06:15,031 [INFO    ] HTTP Request: POST https://cleaner.dadata.ru/api/v1/clean/address "HTTP/1.1 200 "
2023-08-23 14:06:15,260 [INFO    ] HTTP Request: POST https://cleaner.dadata.ru/api/v1/clean/address "HTTP/1.1 200 "
2023-08-23 14:06:15,400 [INFO    ] HTTP Request: POST https://cleaner.dadata.ru/api/v1/clean/address "HTTP/1.1 200 "
2023-08-23 14:06:15,497 [INFO    ] HTTP Request: POST https://cleaner.dadata.ru/api/v1/clean/address "HTTP/1.1 200 "
2023-08-23 14:06:15,604 [INFO    ] HTTP Request: POST https://cleaner.dadata.ru/api/v1/clean/address "HTTP/1.1 200 "
2023-08-23 14:06:15,686 [INFO    ] HTTP Request: POST https://cleaner.dadata.ru/api/v1/clean/address "HTTP/1.1 200 "
2023-08-23 14:06:15,830 [INFO    ] HTTP Request: POST https://cleaner.dadata.ru/api/v1/clean/address "HTTP/1.1 200 "
2023-08-23 14:06:16,023 [INFO    ] HTTP Request: POST https://cleaner.dadata.ru/api/v1/clean/address "HTTP/1.1 200 "
2023-08-23 14:06:16,102 [INFO    ] HTTP Request: POST https://cleaner.dadata.ru/api/v1/clean/address "HTTP/1.1 200 "
2023-08-23 14:06:16,241 [INFO    ] HTTP Request: POST https://cleaner.dadata.ru/api/v1/clean/address "HTTP/1.1 200 "
2023-08-23 14:06:16,333 [INFO    ] HTTP Request: POST https://cleaner.dadata.ru/api/v1/clean/address "HTTP/1.1 200 "
2023-08-23 14:06:16,421 [INFO    ] HTTP Request: POST https://cleaner.dadata.ru/api/v1/clean/address "HTTP/1.1 200 "
2023-08-23 14:06:16,504 [INFO    ] HTTP Request: POST https://cleaner.dadata.ru/api/v1/clean/address "HTTP/1.1 200 "
2023-08-23 14:06:16,572 [INFO    ] HTTP Request: POST https://cleaner.dadata.ru/api/v1/clean/address "HTTP/1.1 200 "
2023-08-23 14:06:16,711 [INFO    ] HTTP Request: POST https://cleaner.dadata.ru/api/v1/clean/address "HTTP/1.1 200 "
2023-08-23 14:06:16,802 [INFO    ] HTTP Request: POST https://cleaner.dadata.ru/api/v1/clean/address "HTTP/1.1 200 "
2023-08-23 14:06:16,998 [INFO    ] HTTP Request: POST https://cleaner.dadata.ru/api/v1/clean/address "HTTP/1.1 200 "
2023-08-23 14:06:17,147 [INFO    ] HTTP Request: POST https://cleaner.dadata.ru/api/v1/clean/address "HTTP/1.1 200 "
2023-08-23 14:06:17,259 [INFO    ] HTTP Request: POST https://cleaner.dadata.ru/api/v1/clean/address "HTTP/1.1 200 "
2023-08-23 14:06:17,343 [INFO    ] HTTP Request: POST https://cleaner.dadata.ru/api/v1/clean/address "HTTP/1.1 200 "
2023-08-23 14:06:17,496 [INFO    ] HTTP Request: POST https://cleaner.dadata.ru/api/v1/clean/address "HTTP/1.1 200 "
2023-08-23 14:06:17,674 [INFO    ] HTTP Request: POST https://cleaner.dadata.ru/api/v1/clean/address "HTTP/1.1 200 "
2023-08-23 14:06:17,834 [INFO    ] HTTP Request: POST https://cleaner.dadata.ru/api/v1/clean/address "HTTP/1.1 200 "
2023-08-23 14:06:17,957 [INFO    ] HTTP Request: POST https://cleaner.dadata.ru/api/v1/clean/address "HTTP/1.1 200 "
2023-08-23 14:06:18,108 [INFO    ] HTTP Request: POST https://cleaner.dadata.ru/api/v1/clean/address "HTTP/1.1 200 "
2023-08-23 14:06:18,289 [INFO    ] HTTP Request: POST https://cleaner.dadata.ru/api/v1/clean/address "HTTP/1.1 200 "
2023-08-23 14:06:18,394 [INFO    ] HTTP Request: POST https://cleaner.dadata.ru/api/v1/clean/address "HTTP/1.1 200 "
2023-08-23 14:06:18,519 [INFO    ] HTTP Request: POST https://cleaner.dadata.ru/api/v1/clean/address "HTTP/1.1 200 "
2023-08-23 14:06:18,651 [INFO    ] HTTP Request: POST https://cleaner.dadata.ru/api/v1/clean/address "HTTP/1.1 200 "
2023-08-23 14:06:18,704 [INFO    ] HTTP Request: POST https://cleaner.dadata.ru/api/v1/clean/address "HTTP/1.1 200 "
2023-08-23 14:06:18,840 [INFO    ] HTTP Request: POST https://cleaner.dadata.ru/api/v1/clean/address "HTTP/1.1 200 "
2023-08-23 14:06:18,895 [INFO    ] HTTP Request: POST https://cleaner.dadata.ru/api/v1/clean/address "HTTP/1.1 200 "
2023-08-23 14:06:19,007 [INFO    ] HTTP Request: POST https://cleaner.dadata.ru/api/v1/clean/address "HTTP/1.1 200 "
2023-08-23 14:06:19,102 [INFO    ] HTTP Request: POST https://cleaner.dadata.ru/api/v1/clean/address "HTTP/1.1 200 "
2023-08-23 14:06:19,179 [INFO    ] HTTP Request: POST https://cleaner.dadata.ru/api/v1/clean/address "HTTP/1.1 200 "
2023-08-23 14:06:19,320 [INFO    ] HTTP Request: POST https://cleaner.dadata.ru/api/v1/clean/address "HTTP/1.1 200 "
2023-08-23 14:06:19,404 [INFO    ] HTTP Request: POST https://cleaner.dadata.ru/api/v1/clean/address "HTTP/1.1 200 "
2023-08-23 14:06:19,526 [INFO    ] HTTP Request: POST https://cleaner.dadata.ru/api/v1/clean/address "HTTP/1.1 200 "
2023-08-23 14:06:19,687 [INFO    ] HTTP Request: POST https://cleaner.dadata.ru/api/v1/clean/address "HTTP/1.1 200 "
2023-08-23 14:06:19,770 [INFO    ] HTTP Request: POST https://cleaner.dadata.ru/api/v1/clean/address "HTTP/1.1 200 "
2023-08-23 14:06:19,883 [INFO    ] HTTP Request: POST https://cleaner.dadata.ru/api/v1/clean/address "HTTP/1.1 200 "
2023-08-23 14:06:19,965 [INFO    ] HTTP Request: POST https://cleaner.dadata.ru/api/v1/clean/address "HTTP/1.1 200 "
2023-08-23 14:06:20,396 [INFO    ] HTTP Request: POST https://cleaner.dadata.ru/api/v1/clean/address "HTTP/1.1 200 "
2023-08-23 14:06:20,488 [INFO    ] HTTP Request: POST https://cleaner.dadata.ru/api/v1/clean/address "HTTP/1.1 200 "
2023-08-23 14:06:20,601 [INFO    ] HTTP Request: POST https://cleaner.dadata.ru/api/v1/clean/address "HTTP/1.1 200 "
2023-08-23 14:06:20,722 [INFO    ] HTTP Request: POST https://cleaner.dadata.ru/api/v1/clean/address "HTTP/1.1 200 "
2023-08-23 14:06:20,846 [INFO    ] HTTP Request: POST https://cleaner.dadata.ru/api/v1/clean/address "HTTP/1.1 200 "
2023-08-23 14:06:20,968 [INFO    ] HTTP Request: POST https://cleaner.dadata.ru/api/v1/clean/address "HTTP/1.1 200 "
2023-08-23 14:06:21,050 [INFO    ] HTTP Request: POST https://cleaner.dadata.ru/api/v1/clean/address "HTTP/1.1 200 "
2023-08-23 14:06:21,134 [INFO    ] HTTP Request: POST https://cleaner.dadata.ru/api/v1/clean/address "HTTP/1.1 200 "
2023-08-23 14:06:21,300 [INFO    ] HTTP Request: POST https://cleaner.dadata.ru/api/v1/clean/address "HTTP/1.1 200 "
2023-08-23 14:06:21,356 [INFO    ] HTTP Request: POST https://cleaner.dadata.ru/api/v1/clean/address "HTTP/1.1 200 "
2023-08-23 14:06:21,503 [INFO    ] HTTP Request: POST https://cleaner.dadata.ru/api/v1/clean/address "HTTP/1.1 200 "
2023-08-23 14:06:21,681 [INFO    ] HTTP Request: POST https://cleaner.dadata.ru/api/v1/clean/address "HTTP/1.1 200 "
2023-08-23 14:06:21,771 [INFO    ] HTTP Request: POST https://cleaner.dadata.ru/api/v1/clean/address "HTTP/1.1 200 "
2023-08-23 14:06:21,932 [INFO    ] HTTP Request: POST https://cleaner.dadata.ru/api/v1/clean/address "HTTP/1.1 200 "
2023-08-23 14:06:22,014 [INFO    ] HTTP Request: POST https://cleaner.dadata.ru/api/v1/clean/address "HTTP/1.1 200 "
2023-08-23 14:06:22,204 [INFO    ] HTTP Request: POST https://cleaner.dadata.ru/api/v1/clean/address "HTTP/1.1 200 "
2023-08-23 14:06:22,303 [INFO    ] HTTP Request: POST https://cleaner.dadata.ru/api/v1/clean/address "HTTP/1.1 200 "
2023-08-23 14:06:22,400 [INFO    ] HTTP Request: POST https://cleaner.dadata.ru/api/v1/clean/address "HTTP/1.1 200 "
2023-08-23 14:06:22,480 [INFO    ] HTTP Request: POST https://cleaner.dadata.ru/api/v1/clean/address "HTTP/1.1 200 "
2023-08-23 14:06:22,579 [INFO    ] HTTP Request: POST https://cleaner.dadata.ru/api/v1/clean/address "HTTP/1.1 200 "
2023-08-23 14:06:22,735 [INFO    ] HTTP Request: POST https://cleaner.dadata.ru/api/v1/clean/address "HTTP/1.1 200 "
2023-08-23 14:06:22,844 [INFO    ] HTTP Request: POST https://cleaner.dadata.ru/api/v1/clean/address "HTTP/1.1 200 "
2023-08-23 14:06:23,036 [INFO    ] HTTP Request: POST https://cleaner.dadata.ru/api/v1/clean/address "HTTP/1.1 200 "
2023-08-23 14:06:23,114 [INFO    ] HTTP Request: POST https://cleaner.dadata.ru/api/v1/clean/address "HTTP/1.1 200 "
2023-08-23 14:06:23,233 [INFO    ] HTTP Request: POST https://cleaner.dadata.ru/api/v1/clean/address "HTTP/1.1 200 "
2023-08-23 14:06:23,325 [INFO    ] HTTP Request: POST https://cleaner.dadata.ru/api/v1/clean/address "HTTP/1.1 200 "
2023-08-23 14:06:23,406 [INFO    ] HTTP Request: POST https://cleaner.dadata.ru/api/v1/clean/address "HTTP/1.1 200 "
2023-08-23 14:06:23,708 [INFO    ] HTTP Request: POST https://cleaner.dadata.ru/api/v1/clean/address "HTTP/1.1 200 "
2023-08-23 14:06:23,833 [INFO    ] HTTP Request: POST https://cleaner.dadata.ru/api/v1/clean/address "HTTP/1.1 200 "
2023-08-23 14:06:23,934 [INFO    ] HTTP Request: POST https://cleaner.dadata.ru/api/v1/clean/address "HTTP/1.1 200 "
2023-08-23 14:06:23,944 [INFO    ] 796it [00:28, 26.13it/s]
2023-08-23 14:06:24,152 [INFO    ] HTTP Request: POST https://cleaner.dadata.ru/api/v1/clean/address "HTTP/1.1 200 "
2023-08-23 14:06:24,250 [INFO    ] HTTP Request: POST https://cleaner.dadata.ru/api/v1/clean/address "HTTP/1.1 200 "
2023-08-23 14:06:24,355 [INFO    ] HTTP Request: POST https://cleaner.dadata.ru/api/v1/clean/address "HTTP/1.1 200 "
2023-08-23 14:06:24,434 [INFO    ] HTTP Request: POST https://cleaner.dadata.ru/api/v1/clean/address "HTTP/1.1 200 "
2023-08-23 14:06:24,580 [INFO    ] HTTP Request: POST https://cleaner.dadata.ru/api/v1/clean/address "HTTP/1.1 200 "
2023-08-23 14:06:24,669 [INFO    ] HTTP Request: POST https://cleaner.dadata.ru/api/v1/clean/address "HTTP/1.1 200 "
2023-08-23 14:06:24,776 [INFO    ] HTTP Request: POST https://cleaner.dadata.ru/api/v1/clean/address "HTTP/1.1 200 "
2023-08-23 14:06:24,837 [INFO    ] HTTP Request: POST https://cleaner.dadata.ru/api/v1/clean/address "HTTP/1.1 200 "
2023-08-23 14:06:25,097 [INFO    ] HTTP Request: POST https://cleaner.dadata.ru/api/v1/clean/address "HTTP/1.1 200 "
2023-08-23 14:06:25,184 [INFO    ] HTTP Request: POST https://cleaner.dadata.ru/api/v1/clean/address "HTTP/1.1 200 "
2023-08-23 14:06:25,263 [INFO    ] HTTP Request: POST https://cleaner.dadata.ru/api/v1/clean/address "HTTP/1.1 200 "
2023-08-23 14:06:25,412 [INFO    ] HTTP Request: POST https://cleaner.dadata.ru/api/v1/clean/address "HTTP/1.1 200 "
2023-08-23 14:06:25,547 [INFO    ] HTTP Request: POST https://cleaner.dadata.ru/api/v1/clean/address "HTTP/1.1 200 "
2023-08-23 14:06:25,715 [INFO    ] HTTP Request: POST https://cleaner.dadata.ru/api/v1/clean/address "HTTP/1.1 200 "
2023-08-23 14:06:25,931 [INFO    ] HTTP Request: POST https://cleaner.dadata.ru/api/v1/clean/address "HTTP/1.1 200 "
2023-08-23 14:06:26,049 [INFO    ] HTTP Request: POST https://cleaner.dadata.ru/api/v1/clean/address "HTTP/1.1 200 "
2023-08-23 14:06:26,134 [INFO    ] HTTP Request: POST https://cleaner.dadata.ru/api/v1/clean/address "HTTP/1.1 200 "
2023-08-23 14:06:26,305 [INFO    ] HTTP Request: POST https://cleaner.dadata.ru/api/v1/clean/address "HTTP/1.1 200 "
2023-08-23 14:06:26,462 [INFO    ] HTTP Request: POST https://cleaner.dadata.ru/api/v1/clean/address "HTTP/1.1 200 "
2023-08-23 14:06:26,557 [INFO    ] HTTP Request: POST https://cleaner.dadata.ru/api/v1/clean/address "HTTP/1.1 200 "
2023-08-23 14:06:26,635 [INFO    ] HTTP Request: POST https://cleaner.dadata.ru/api/v1/clean/address "HTTP/1.1 200 "
2023-08-23 14:06:26,717 [INFO    ] HTTP Request: POST https://cleaner.dadata.ru/api/v1/clean/address "HTTP/1.1 200 "
2023-08-23 14:06:26,845 [INFO    ] HTTP Request: POST https://cleaner.dadata.ru/api/v1/clean/address "HTTP/1.1 200 "
2023-08-23 14:06:26,856 [INFO    ] 873it [00:31, 27.44it/s]
2023-08-23 14:06:26,856 [INFO    ] 
2023-08-23 14:06:26,856 [INFO    ] dadata con closed succesfully
2023-08-23 14:06:26,857 [INFO    ] обращение к DDT по 735/873 адресам из cian заняло 0:00:34.128461
2023-08-23 14:06:26,871 [INFO    ] обращение к DDT выполнено для 1236/2327 новых объявлений, найден fias для 913
2023-08-23 14:06:46,708 [INFO    ] уникальных троек по h_fias_id, ad_id, d_id, в таблице с районами и houses_jkh_ddt/id: 1236
2023-08-23 14:06:46,709 [INFO    ] выгрузка данных в таблицу realty
2023-08-23 14:06:47,505 [INFO    ] Добавлено районов к объявлениям realty: 3 - было 1311 стало 1314
2023-08-23 14:06:47,505 [INFO    ] Есть несовпадения районов c jkh, обновление районов в jkh для 8 записей
2023-08-23 14:06:53,834 [INFO    ] Временная таблица temp_jkh_houses создана
2023-08-23 14:06:57,143 [INFO    ] Обновление данных jkh_houses завершено
2023-08-23 14:06:58,548 [INFO    ] все новые объявления добавлены
2023-08-23 14:06:59,948 [INFO    ] Успешно обработан файл циан 22-08-23 (без дублей).csv для prices
2023-08-23 14:06:59,948 [INFO    ] Выгрузка в таблицу prices обработанного файла из cian: циан 22-08-23 (без дублей).csv
2023-08-23 14:07:11,804 [INFO    ] данные cian загружены успешно
2023-08-23 14:07:11,894 [INFO    ] обработка файла 22-08-23 (без дублей).csv для авито
2023-08-23 14:07:50,953 [INFO    ] Успешно обработан файл 22-08-23 (без дублей).csv для realty
2023-08-23 14:07:51,022 [INFO    ] Выгрузка в таблицу realty обработанного файла из авито: 22-08-23 (без дублей).csv
2023-08-23 14:07:51,111 [INFO    ] Временная таблица очищена
2023-08-23 14:07:52,972 [INFO    ] Загрузка новых объявлений в таблицу
2023-08-23 14:07:53,073 [INFO    ] 155236 существующих и 2102 новых объявлений
2023-08-23 14:07:53,119 [INFO    ] temp таблица очищена, загружаются данные
2023-08-23 14:08:42,268 [INFO    ] обновлена таблица realty
2023-08-23 14:08:44,070 [INFO    ] обновлены районы в таблице realty
2023-08-23 14:08:48,486 [INFO    ] Обновление существующих данных realty завершено
2023-08-23 14:09:08,508 [INFO    ] из новых объяв найдено по адресу 738, запрос в ddt для 1005 уник. адресов из 1364
2023-08-23 14:09:08,508 [INFO    ] обновление районов для найденных в realty по адресу новых объявлений:
2023-08-23 14:09:08,747 [INFO    ] обнаружено 639 районов для 639 новых объявлений, найденных по адресу из 738
2023-08-23 14:09:08,752 [INFO    ] 22 районов осталось незаполнено
2023-08-23 14:09:08,752 [INFO    ] переход к обновлению оставшихся (не найденных по адресу) 1364 новых объявлений (1005 адресов) для avito
2023-08-23 14:09:08,765 [INFO    ] загрузка данных dadata из /var/www/yadisk_loader/saved_data_csv/avito_dadata_request.csv
2023-08-23 14:09:09,183 [INFO    ] удалось загрузить исторические данные dadata
2023-08-23 14:09:11,189 [INFO    ] количество запросов к dadata составит: 1005
2023-08-23 14:09:11,190 [INFO    ] 0%|          | 0/530 [00:00<?, ?it/s]
2023-08-23 14:09:11,367 [INFO    ] HTTP Request: POST https://cleaner.dadata.ru/api/v1/clean/address "HTTP/1.1 200 "
2023-08-23 14:09:11,429 [INFO    ] HTTP Request: POST https://cleaner.dadata.ru/api/v1/clean/address "HTTP/1.1 200 "
2023-08-23 14:09:11,560 [INFO    ] HTTP Request: POST https://cleaner.dadata.ru/api/v1/clean/address "HTTP/1.1 200 "
2023-08-23 14:09:11,632 [INFO    ] HTTP Request: POST https://cleaner.dadata.ru/api/v1/clean/address "HTTP/1.1 200 "
2023-08-23 14:09:11,735 [INFO    ] HTTP Request: POST https://cleaner.dadata.ru/api/v1/clean/address "HTTP/1.1 200 "
2023-08-23 14:09:11,833 [INFO    ] HTTP Request: POST https://cleaner.dadata.ru/api/v1/clean/address "HTTP/1.1 200 "
2023-08-23 14:09:11,917 [INFO    ] HTTP Request: POST https://cleaner.dadata.ru/api/v1/clean/address "HTTP/1.1 200 "
2023-08-23 14:09:11,999 [INFO    ] HTTP Request: POST https://cleaner.dadata.ru/api/v1/clean/address "HTTP/1.1 200 "
2023-08-23 14:09:12,083 [INFO    ] HTTP Request: POST https://cleaner.dadata.ru/api/v1/clean/address "HTTP/1.1 200 "
2023-08-23 14:09:12,197 [INFO    ] HTTP Request: POST https://cleaner.dadata.ru/api/v1/clean/address "HTTP/1.1 200 "
2023-08-23 14:09:12,332 [INFO    ] HTTP Request: POST https://cleaner.dadata.ru/api/v1/clean/address "HTTP/1.1 200 "
2023-08-23 14:09:12,427 [INFO    ] HTTP Request: POST https://cleaner.dadata.ru/api/v1/clean/address "HTTP/1.1 200 "
2023-08-23 14:09:12,500 [INFO    ] HTTP Request: POST https://cleaner.dadata.ru/api/v1/clean/address "HTTP/1.1 200 "
2023-08-23 14:09:12,599 [INFO    ] HTTP Request: POST https://cleaner.dadata.ru/api/v1/clean/address "HTTP/1.1 200 "
2023-08-23 14:09:12,668 [INFO    ] HTTP Request: POST https://cleaner.dadata.ru/api/v1/clean/address "HTTP/1.1 200 "
2023-08-23 14:09:12,768 [INFO    ] HTTP Request: POST https://cleaner.dadata.ru/api/v1/clean/address "HTTP/1.1 200 "
2023-08-23 14:09:12,863 [INFO    ] HTTP Request: POST https://cleaner.dadata.ru/api/v1/clean/address "HTTP/1.1 200 "
2023-08-23 14:09:12,964 [INFO    ] HTTP Request: POST https://cleaner.dadata.ru/api/v1/clean/address "HTTP/1.1 200 "
2023-08-23 14:09:13,020 [INFO    ] HTTP Request: POST https://cleaner.dadata.ru/api/v1/clean/address "HTTP/1.1 200 "
2023-08-23 14:09:13,162 [INFO    ] HTTP Request: POST https://cleaner.dadata.ru/api/v1/clean/address "HTTP/1.1 200 "
2023-08-23 14:09:13,264 [INFO    ] HTTP Request: POST https://cleaner.dadata.ru/api/v1/clean/address "HTTP/1.1 200 "
2023-08-23 14:09:13,390 [INFO    ] HTTP Request: POST https://cleaner.dadata.ru/api/v1/clean/address "HTTP/1.1 200 "
2023-08-23 14:09:13,531 [INFO    ] HTTP Request: POST https://cleaner.dadata.ru/api/v1/clean/address "HTTP/1.1 200 "
2023-08-23 14:09:13,650 [INFO    ] HTTP Request: POST https://cleaner.dadata.ru/api/v1/clean/address "HTTP/1.1 200 "
2023-08-23 14:09:13,731 [INFO    ] HTTP Request: POST https://cleaner.dadata.ru/api/v1/clean/address "HTTP/1.1 200 "
2023-08-23 14:09:13,967 [INFO    ] HTTP Request: POST https://cleaner.dadata.ru/api/v1/clean/address "HTTP/1.1 200 "
2023-08-23 14:09:14,044 [INFO    ] HTTP Request: POST https://cleaner.dadata.ru/api/v1/clean/address "HTTP/1.1 200 "
2023-08-23 14:09:14,129 [INFO    ] HTTP Request: POST https://cleaner.dadata.ru/api/v1/clean/address "HTTP/1.1 200 "
2023-08-23 14:09:14,192 [INFO    ] HTTP Request: POST https://cleaner.dadata.ru/api/v1/clean/address "HTTP/1.1 200 "
2023-08-23 14:09:14,255 [INFO    ] HTTP Request: POST https://cleaner.dadata.ru/api/v1/clean/address "HTTP/1.1 200 "
2023-08-23 14:09:14,359 [INFO    ] HTTP Request: POST https://cleaner.dadata.ru/api/v1/clean/address "HTTP/1.1 200 "
2023-08-23 14:09:14,435 [INFO    ] HTTP Request: POST https://cleaner.dadata.ru/api/v1/clean/address "HTTP/1.1 200 "
2023-08-23 14:09:14,533 [INFO    ] HTTP Request: POST https://cleaner.dadata.ru/api/v1/clean/address "HTTP/1.1 200 "
2023-08-23 14:09:14,644 [INFO    ] HTTP Request: POST https://cleaner.dadata.ru/api/v1/clean/address "HTTP/1.1 200 "
2023-08-23 14:09:14,717 [INFO    ] HTTP Request: POST https://cleaner.dadata.ru/api/v1/clean/address "HTTP/1.1 200 "
2023-08-23 14:09:14,783 [INFO    ] HTTP Request: POST https://cleaner.dadata.ru/api/v1/clean/address "HTTP/1.1 200 "
2023-08-23 14:09:14,940 [INFO    ] HTTP Request: POST https://cleaner.dadata.ru/api/v1/clean/address "HTTP/1.1 200 "
2023-08-23 14:09:15,051 [INFO    ] HTTP Request: POST https://cleaner.dadata.ru/api/v1/clean/address "HTTP/1.1 200 "
2023-08-23 14:09:15,208 [INFO    ] HTTP Request: POST https://cleaner.dadata.ru/api/v1/clean/address "HTTP/1.1 200 "
2023-08-23 14:09:15,269 [INFO    ] HTTP Request: POST https://cleaner.dadata.ru/api/v1/clean/address "HTTP/1.1 200 "
2023-08-23 14:09:15,360 [INFO    ] HTTP Request: POST https://cleaner.dadata.ru/api/v1/clean/address "HTTP/1.1 200 "
2023-08-23 14:09:15,464 [INFO    ] HTTP Request: POST https://cleaner.dadata.ru/api/v1/clean/address "HTTP/1.1 200 "
2023-08-23 14:09:15,595 [INFO    ] HTTP Request: POST https://cleaner.dadata.ru/api/v1/clean/address "HTTP/1.1 200 "
2023-08-23 14:09:15,717 [INFO    ] HTTP Request: POST https://cleaner.dadata.ru/api/v1/clean/address "HTTP/1.1 200 "
2023-08-23 14:09:15,767 [INFO    ] HTTP Request: POST https://cleaner.dadata.ru/api/v1/clean/address "HTTP/1.1 200 "
2023-08-23 14:09:15,894 [INFO    ] HTTP Request: POST https://cleaner.dadata.ru/api/v1/clean/address "HTTP/1.1 200 "
2023-08-23 14:09:15,977 [INFO    ] HTTP Request: POST https://cleaner.dadata.ru/api/v1/clean/address "HTTP/1.1 200 "
2023-08-23 14:09:16,042 [INFO    ] HTTP Request: POST https://cleaner.dadata.ru/api/v1/clean/address "HTTP/1.1 200 "
2023-08-23 14:09:16,134 [INFO    ] HTTP Request: POST https://cleaner.dadata.ru/api/v1/clean/address "HTTP/1.1 200 "
2023-08-23 14:09:16,262 [INFO    ] HTTP Request: POST https://cleaner.dadata.ru/api/v1/clean/address "HTTP/1.1 200 "
2023-08-23 14:09:16,324 [INFO    ] HTTP Request: POST https://cleaner.dadata.ru/api/v1/clean/address "HTTP/1.1 200 "
2023-08-23 14:09:16,431 [INFO    ] HTTP Request: POST https://cleaner.dadata.ru/api/v1/clean/address "HTTP/1.1 200 "
2023-08-23 14:09:16,511 [INFO    ] HTTP Request: POST https://cleaner.dadata.ru/api/v1/clean/address "HTTP/1.1 200 "
2023-08-23 14:09:16,596 [INFO    ] HTTP Request: POST https://cleaner.dadata.ru/api/v1/clean/address "HTTP/1.1 200 "
2023-08-23 14:09:16,723 [INFO    ] HTTP Request: POST https://cleaner.dadata.ru/api/v1/clean/address "HTTP/1.1 200 "
2023-08-23 14:09:16,773 [INFO    ] HTTP Request: POST https://cleaner.dadata.ru/api/v1/clean/address "HTTP/1.1 200 "
2023-08-23 14:09:16,904 [INFO    ] HTTP Request: POST https://cleaner.dadata.ru/api/v1/clean/address "HTTP/1.1 200 "
2023-08-23 14:09:17,000 [INFO    ] HTTP Request: POST https://cleaner.dadata.ru/api/v1/clean/address "HTTP/1.1 200 "
2023-08-23 14:09:17,086 [INFO    ] HTTP Request: POST https://cleaner.dadata.ru/api/v1/clean/address "HTTP/1.1 200 "
2023-08-23 14:09:17,217 [INFO    ] HTTP Request: POST https://cleaner.dadata.ru/api/v1/clean/address "HTTP/1.1 200 "
2023-08-23 14:09:17,277 [INFO    ] HTTP Request: POST https://cleaner.dadata.ru/api/v1/clean/address "HTTP/1.1 200 "
2023-08-23 14:09:17,407 [INFO    ] HTTP Request: POST https://cleaner.dadata.ru/api/v1/clean/address "HTTP/1.1 200 "
2023-08-23 14:09:17,726 [INFO    ] HTTP Request: POST https://cleaner.dadata.ru/api/v1/clean/address "HTTP/1.1 200 "
2023-08-23 14:09:17,855 [INFO    ] HTTP Request: POST https://cleaner.dadata.ru/api/v1/clean/address "HTTP/1.1 200 "
2023-08-23 14:09:17,900 [INFO    ] HTTP Request: POST https://cleaner.dadata.ru/api/v1/clean/address "HTTP/1.1 200 "
2023-08-23 14:09:18,001 [INFO    ] HTTP Request: POST https://cleaner.dadata.ru/api/v1/clean/address "HTTP/1.1 200 "
2023-08-23 14:09:18,098 [INFO    ] HTTP Request: POST https://cleaner.dadata.ru/api/v1/clean/address "HTTP/1.1 200 "
2023-08-23 14:09:18,279 [INFO    ] HTTP Request: POST https://cleaner.dadata.ru/api/v1/clean/address "HTTP/1.1 200 "
2023-08-23 14:09:18,342 [INFO    ] HTTP Request: POST https://cleaner.dadata.ru/api/v1/clean/address "HTTP/1.1 200 "
2023-08-23 14:09:18,487 [INFO    ] HTTP Request: POST https://cleaner.dadata.ru/api/v1/clean/address "HTTP/1.1 200 "
2023-08-23 14:09:18,605 [INFO    ] HTTP Request: POST https://cleaner.dadata.ru/api/v1/clean/address "HTTP/1.1 200 "
2023-08-23 14:09:18,734 [INFO    ] HTTP Request: POST https://cleaner.dadata.ru/api/v1/clean/address "HTTP/1.1 200 "
2023-08-23 14:09:18,829 [INFO    ] HTTP Request: POST https://cleaner.dadata.ru/api/v1/clean/address "HTTP/1.1 200 "
2023-08-23 14:09:19,053 [INFO    ] HTTP Request: POST https://cleaner.dadata.ru/api/v1/clean/address "HTTP/1.1 200 "
2023-08-23 14:09:19,125 [INFO    ] HTTP Request: POST https://cleaner.dadata.ru/api/v1/clean/address "HTTP/1.1 200 "
2023-08-23 14:09:19,192 [INFO    ] HTTP Request: POST https://cleaner.dadata.ru/api/v1/clean/address "HTTP/1.1 200 "
2023-08-23 14:09:19,280 [INFO    ] HTTP Request: POST https://cleaner.dadata.ru/api/v1/clean/address "HTTP/1.1 200 "
2023-08-23 14:09:19,371 [INFO    ] HTTP Request: POST https://cleaner.dadata.ru/api/v1/clean/address "HTTP/1.1 200 "
2023-08-23 14:09:19,427 [INFO    ] HTTP Request: POST https://cleaner.dadata.ru/api/v1/clean/address "HTTP/1.1 200 "
2023-08-23 14:09:19,561 [INFO    ] HTTP Request: POST https://cleaner.dadata.ru/api/v1/clean/address "HTTP/1.1 200 "
2023-08-23 14:09:19,693 [INFO    ] HTTP Request: POST https://cleaner.dadata.ru/api/v1/clean/address "HTTP/1.1 200 "
2023-08-23 14:09:19,830 [INFO    ] HTTP Request: POST https://cleaner.dadata.ru/api/v1/clean/address "HTTP/1.1 200 "
2023-08-23 14:09:19,911 [INFO    ] HTTP Request: POST https://cleaner.dadata.ru/api/v1/clean/address "HTTP/1.1 200 "
2023-08-23 14:09:19,972 [INFO    ] HTTP Request: POST https://cleaner.dadata.ru/api/v1/clean/address "HTTP/1.1 200 "
2023-08-23 14:09:20,095 [INFO    ] HTTP Request: POST https://cleaner.dadata.ru/api/v1/clean/address "HTTP/1.1 200 "
2023-08-23 14:09:20,271 [INFO    ] HTTP Request: POST https://cleaner.dadata.ru/api/v1/clean/address "HTTP/1.1 200 "
2023-08-23 14:09:20,380 [INFO    ] HTTP Request: POST https://cleaner.dadata.ru/api/v1/clean/address "HTTP/1.1 200 "
2023-08-23 14:09:20,455 [INFO    ] HTTP Request: POST https://cleaner.dadata.ru/api/v1/clean/address "HTTP/1.1 200 "
2023-08-23 14:09:20,559 [INFO    ] HTTP Request: POST https://cleaner.dadata.ru/api/v1/clean/address "HTTP/1.1 200 "
2023-08-23 14:09:20,748 [INFO    ] HTTP Request: POST https://cleaner.dadata.ru/api/v1/clean/address "HTTP/1.1 200 "
2023-08-23 14:09:20,828 [INFO    ] HTTP Request: POST https://cleaner.dadata.ru/api/v1/clean/address "HTTP/1.1 200 "
2023-08-23 14:09:20,985 [INFO    ] HTTP Request: POST https://cleaner.dadata.ru/api/v1/clean/address "HTTP/1.1 200 "
2023-08-23 14:09:21,057 [INFO    ] HTTP Request: POST https://cleaner.dadata.ru/api/v1/clean/address "HTTP/1.1 200 "
2023-08-23 14:09:21,126 [INFO    ] HTTP Request: POST https://cleaner.dadata.ru/api/v1/clean/address "HTTP/1.1 200 "
2023-08-23 14:09:21,255 [INFO    ] HTTP Request: POST https://cleaner.dadata.ru/api/v1/clean/address "HTTP/1.1 200 "
2023-08-23 14:09:21,259 [INFO    ] 35%|###4      | 184/530 [00:10<00:18, 18.27it/s]
2023-08-23 14:09:21,442 [INFO    ] HTTP Request: POST https://cleaner.dadata.ru/api/v1/clean/address "HTTP/1.1 200 "
2023-08-23 14:09:21,597 [INFO    ] HTTP Request: POST https://cleaner.dadata.ru/api/v1/clean/address "HTTP/1.1 200 "
2023-08-23 14:09:21,661 [INFO    ] HTTP Request: POST https://cleaner.dadata.ru/api/v1/clean/address "HTTP/1.1 200 "
2023-08-23 14:09:21,822 [INFO    ] HTTP Request: POST https://cleaner.dadata.ru/api/v1/clean/address "HTTP/1.1 200 "
2023-08-23 14:09:21,927 [INFO    ] HTTP Request: POST https://cleaner.dadata.ru/api/v1/clean/address "HTTP/1.1 200 "
2023-08-23 14:09:22,158 [INFO    ] HTTP Request: POST https://cleaner.dadata.ru/api/v1/clean/address "HTTP/1.1 200 "
2023-08-23 14:09:22,204 [INFO    ] HTTP Request: POST https://cleaner.dadata.ru/api/v1/clean/address "HTTP/1.1 200 "
2023-08-23 14:09:22,291 [INFO    ] HTTP Request: POST https://cleaner.dadata.ru/api/v1/clean/address "HTTP/1.1 200 "
2023-08-23 14:09:22,443 [INFO    ] HTTP Request: POST https://cleaner.dadata.ru/api/v1/clean/address "HTTP/1.1 200 "
2023-08-23 14:09:22,559 [INFO    ] HTTP Request: POST https://cleaner.dadata.ru/api/v1/clean/address "HTTP/1.1 200 "
2023-08-23 14:09:22,626 [INFO    ] HTTP Request: POST https://cleaner.dadata.ru/api/v1/clean/address "HTTP/1.1 200 "
2023-08-23 14:09:22,755 [INFO    ] HTTP Request: POST https://cleaner.dadata.ru/api/v1/clean/address "HTTP/1.1 200 "
2023-08-23 14:09:22,813 [INFO    ] HTTP Request: POST https://cleaner.dadata.ru/api/v1/clean/address "HTTP/1.1 200 "
2023-08-23 14:09:23,000 [INFO    ] HTTP Request: POST https://cleaner.dadata.ru/api/v1/clean/address "HTTP/1.1 200 "
2023-08-23 14:09:23,067 [INFO    ] HTTP Request: POST https://cleaner.dadata.ru/api/v1/clean/address "HTTP/1.1 200 "
2023-08-23 14:09:23,117 [INFO    ] HTTP Request: POST https://cleaner.dadata.ru/api/v1/clean/address "HTTP/1.1 200 "
2023-08-23 14:09:23,218 [INFO    ] HTTP Request: POST https://cleaner.dadata.ru/api/v1/clean/address "HTTP/1.1 200 "
2023-08-23 14:09:23,318 [INFO    ] HTTP Request: POST https://cleaner.dadata.ru/api/v1/clean/address "HTTP/1.1 200 "
2023-08-23 14:09:23,426 [INFO    ] HTTP Request: POST https://cleaner.dadata.ru/api/v1/clean/address "HTTP/1.1 200 "
2023-08-23 14:09:23,507 [INFO    ] HTTP Request: POST https://cleaner.dadata.ru/api/v1/clean/address "HTTP/1.1 200 "
2023-08-23 14:09:23,563 [INFO    ] HTTP Request: POST https://cleaner.dadata.ru/api/v1/clean/address "HTTP/1.1 200 "
2023-08-23 14:09:23,818 [INFO    ] HTTP Request: POST https://cleaner.dadata.ru/api/v1/clean/address "HTTP/1.1 200 "
2023-08-23 14:09:23,868 [INFO    ] HTTP Request: POST https://cleaner.dadata.ru/api/v1/clean/address "HTTP/1.1 200 "
2023-08-23 14:09:23,980 [INFO    ] HTTP Request: POST https://cleaner.dadata.ru/api/v1/clean/address "HTTP/1.1 200 "
2023-08-23 14:09:24,031 [INFO    ] HTTP Request: POST https://cleaner.dadata.ru/api/v1/clean/address "HTTP/1.1 200 "
2023-08-23 14:09:24,137 [INFO    ] HTTP Request: POST https://cleaner.dadata.ru/api/v1/clean/address "HTTP/1.1 200 "
2023-08-23 14:09:24,212 [INFO    ] HTTP Request: POST https://cleaner.dadata.ru/api/v1/clean/address "HTTP/1.1 200 "
2023-08-23 14:09:24,274 [INFO    ] HTTP Request: POST https://cleaner.dadata.ru/api/v1/clean/address "HTTP/1.1 200 "
2023-08-23 14:09:24,408 [INFO    ] HTTP Request: POST https://cleaner.dadata.ru/api/v1/clean/address "HTTP/1.1 200 "
2023-08-23 14:09:24,518 [INFO    ] HTTP Request: POST https://cleaner.dadata.ru/api/v1/clean/address "HTTP/1.1 200 "
2023-08-23 14:09:24,577 [INFO    ] HTTP Request: POST https://cleaner.dadata.ru/api/v1/clean/address "HTTP/1.1 200 "
2023-08-23 14:09:24,753 [INFO    ] HTTP Request: POST https://cleaner.dadata.ru/api/v1/clean/address "HTTP/1.1 200 "
2023-08-23 14:09:24,839 [INFO    ] HTTP Request: POST https://cleaner.dadata.ru/api/v1/clean/address "HTTP/1.1 200 "
2023-08-23 14:09:24,920 [INFO    ] HTTP Request: POST https://cleaner.dadata.ru/api/v1/clean/address "HTTP/1.1 200 "
2023-08-23 14:09:25,012 [INFO    ] HTTP Request: POST https://cleaner.dadata.ru/api/v1/clean/address "HTTP/1.1 200 "
2023-08-23 14:09:25,116 [INFO    ] HTTP Request: POST https://cleaner.dadata.ru/api/v1/clean/address "HTTP/1.1 200 "
2023-08-23 14:09:25,195 [INFO    ] HTTP Request: POST https://cleaner.dadata.ru/api/v1/clean/address "HTTP/1.1 200 "
2023-08-23 14:09:25,274 [INFO    ] HTTP Request: POST https://cleaner.dadata.ru/api/v1/clean/address "HTTP/1.1 200 "
2023-08-23 14:09:25,344 [INFO    ] HTTP Request: POST https://cleaner.dadata.ru/api/v1/clean/address "HTTP/1.1 200 "
2023-08-23 14:09:25,425 [INFO    ] HTTP Request: POST https://cleaner.dadata.ru/api/v1/clean/address "HTTP/1.1 200 "
2023-08-23 14:09:25,477 [INFO    ] HTTP Request: POST https://cleaner.dadata.ru/api/v1/clean/address "HTTP/1.1 200 "
2023-08-23 14:09:25,672 [INFO    ] HTTP Request: POST https://cleaner.dadata.ru/api/v1/clean/address "HTTP/1.1 200 "
2023-08-23 14:09:25,782 [INFO    ] HTTP Request: POST https://cleaner.dadata.ru/api/v1/clean/address "HTTP/1.1 200 "
2023-08-23 14:09:25,906 [INFO    ] HTTP Request: POST https://cleaner.dadata.ru/api/v1/clean/address "HTTP/1.1 200 "
2023-08-23 14:09:25,979 [INFO    ] HTTP Request: POST https://cleaner.dadata.ru/api/v1/clean/address "HTTP/1.1 200 "
2023-08-23 14:09:26,085 [INFO    ] HTTP Request: POST https://cleaner.dadata.ru/api/v1/clean/address "HTTP/1.1 200 "
2023-08-23 14:09:26,148 [INFO    ] HTTP Request: POST https://cleaner.dadata.ru/api/v1/clean/address "HTTP/1.1 200 "
2023-08-23 14:09:26,223 [INFO    ] HTTP Request: POST https://cleaner.dadata.ru/api/v1/clean/address "HTTP/1.1 200 "
2023-08-23 14:09:26,532 [INFO    ] HTTP Request: POST https://cleaner.dadata.ru/api/v1/clean/address "HTTP/1.1 200 "
2023-08-23 14:09:26,616 [INFO    ] HTTP Request: POST https://cleaner.dadata.ru/api/v1/clean/address "HTTP/1.1 200 "
2023-08-23 14:09:26,738 [INFO    ] HTTP Request: POST https://cleaner.dadata.ru/api/v1/clean/address "HTTP/1.1 200 "
2023-08-23 14:09:26,905 [INFO    ] HTTP Request: POST https://cleaner.dadata.ru/api/v1/clean/address "HTTP/1.1 200 "
2023-08-23 14:09:27,268 [INFO    ] HTTP Request: POST https://cleaner.dadata.ru/api/v1/clean/address "HTTP/1.1 200 "
2023-08-23 14:09:27,365 [INFO    ] HTTP Request: POST https://cleaner.dadata.ru/api/v1/clean/address "HTTP/1.1 200 "
2023-08-23 14:09:27,457 [INFO    ] HTTP Request: POST https://cleaner.dadata.ru/api/v1/clean/address "HTTP/1.1 200 "
2023-08-23 14:09:27,619 [INFO    ] HTTP Request: POST https://cleaner.dadata.ru/api/v1/clean/address "HTTP/1.1 200 "
2023-08-23 14:09:27,828 [INFO    ] HTTP Request: POST https://cleaner.dadata.ru/api/v1/clean/address "HTTP/1.1 200 "
2023-08-23 14:09:27,988 [INFO    ] HTTP Request: POST https://cleaner.dadata.ru/api/v1/clean/address "HTTP/1.1 200 "
2023-08-23 14:09:28,115 [INFO    ] HTTP Request: POST https://cleaner.dadata.ru/api/v1/clean/address "HTTP/1.1 200 "
2023-08-23 14:09:28,195 [INFO    ] HTTP Request: POST https://cleaner.dadata.ru/api/v1/clean/address "HTTP/1.1 200 "
2023-08-23 14:09:28,249 [INFO    ] HTTP Request: POST https://cleaner.dadata.ru/api/v1/clean/address "HTTP/1.1 200 "
2023-08-23 14:09:28,343 [INFO    ] HTTP Request: POST https://cleaner.dadata.ru/api/v1/clean/address "HTTP/1.1 200 "
2023-08-23 14:09:28,501 [INFO    ] HTTP Request: POST https://cleaner.dadata.ru/api/v1/clean/address "HTTP/1.1 200 "
2023-08-23 14:09:28,673 [INFO    ] HTTP Request: POST https://cleaner.dadata.ru/api/v1/clean/address "HTTP/1.1 200 "
2023-08-23 14:09:28,745 [INFO    ] HTTP Request: POST https://cleaner.dadata.ru/api/v1/clean/address "HTTP/1.1 200 "
2023-08-23 14:09:29,016 [INFO    ] HTTP Request: POST https://cleaner.dadata.ru/api/v1/clean/address "HTTP/1.1 200 "
2023-08-23 14:09:29,198 [INFO    ] HTTP Request: POST https://cleaner.dadata.ru/api/v1/clean/address "HTTP/1.1 200 "
2023-08-23 14:09:29,303 [INFO    ] HTTP Request: POST https://cleaner.dadata.ru/api/v1/clean/address "HTTP/1.1 200 "
2023-08-23 14:09:29,463 [INFO    ] HTTP Request: POST https://cleaner.dadata.ru/api/v1/clean/address "HTTP/1.1 200 "
2023-08-23 14:09:29,516 [INFO    ] HTTP Request: POST https://cleaner.dadata.ru/api/v1/clean/address "HTTP/1.1 200 "
2023-08-23 14:09:29,621 [INFO    ] HTTP Request: POST https://cleaner.dadata.ru/api/v1/clean/address "HTTP/1.1 200 "
2023-08-23 14:09:29,687 [INFO    ] HTTP Request: POST https://cleaner.dadata.ru/api/v1/clean/address "HTTP/1.1 200 "
2023-08-23 14:09:29,780 [INFO    ] HTTP Request: POST https://cleaner.dadata.ru/api/v1/clean/address "HTTP/1.1 200 "
2023-08-23 14:09:29,834 [INFO    ] HTTP Request: POST https://cleaner.dadata.ru/api/v1/clean/address "HTTP/1.1 200 "
2023-08-23 14:09:29,929 [INFO    ] HTTP Request: POST https://cleaner.dadata.ru/api/v1/clean/address "HTTP/1.1 200 "
2023-08-23 14:09:30,019 [INFO    ] HTTP Request: POST https://cleaner.dadata.ru/api/v1/clean/address "HTTP/1.1 200 "
2023-08-23 14:09:30,116 [INFO    ] HTTP Request: POST https://cleaner.dadata.ru/api/v1/clean/address "HTTP/1.1 200 "
2023-08-23 14:09:30,224 [INFO    ] HTTP Request: POST https://cleaner.dadata.ru/api/v1/clean/address "HTTP/1.1 200 "
2023-08-23 14:09:30,352 [INFO    ] HTTP Request: POST https://cleaner.dadata.ru/api/v1/clean/address "HTTP/1.1 200 "
2023-08-23 14:09:30,411 [INFO    ] HTTP Request: POST https://cleaner.dadata.ru/api/v1/clean/address "HTTP/1.1 200 "
2023-08-23 14:09:30,559 [INFO    ] HTTP Request: POST https://cleaner.dadata.ru/api/v1/clean/address "HTTP/1.1 200 "
2023-08-23 14:09:30,636 [INFO    ] HTTP Request: POST https://cleaner.dadata.ru/api/v1/clean/address "HTTP/1.1 200 "
2023-08-23 14:09:30,697 [INFO    ] HTTP Request: POST https://cleaner.dadata.ru/api/v1/clean/address "HTTP/1.1 200 "
2023-08-23 14:09:30,789 [INFO    ] HTTP Request: POST https://cleaner.dadata.ru/api/v1/clean/address "HTTP/1.1 200 "
2023-08-23 14:09:30,884 [INFO    ] HTTP Request: POST https://cleaner.dadata.ru/api/v1/clean/address "HTTP/1.1 200 "
2023-08-23 14:09:31,008 [INFO    ] HTTP Request: POST https://cleaner.dadata.ru/api/v1/clean/address "HTTP/1.1 200 "
2023-08-23 14:09:31,094 [INFO    ] HTTP Request: POST https://cleaner.dadata.ru/api/v1/clean/address "HTTP/1.1 200 "
2023-08-23 14:09:31,144 [INFO    ] HTTP Request: POST https://cleaner.dadata.ru/api/v1/clean/address "HTTP/1.1 200 "
2023-08-23 14:09:31,238 [INFO    ] HTTP Request: POST https://cleaner.dadata.ru/api/v1/clean/address "HTTP/1.1 200 "
2023-08-23 14:09:31,388 [INFO    ] HTTP Request: POST https://cleaner.dadata.ru/api/v1/clean/address "HTTP/1.1 200 "
2023-08-23 14:09:31,391 [INFO    ] 84%|########4 | 447/530 [00:20<00:03, 22.81it/s]
2023-08-23 14:09:31,509 [INFO    ] HTTP Request: POST https://cleaner.dadata.ru/api/v1/clean/address "HTTP/1.1 200 "
2023-08-23 14:09:31,584 [INFO    ] HTTP Request: POST https://cleaner.dadata.ru/api/v1/clean/address "HTTP/1.1 200 "
2023-08-23 14:09:31,693 [INFO    ] HTTP Request: POST https://cleaner.dadata.ru/api/v1/clean/address "HTTP/1.1 200 "
2023-08-23 14:09:31,791 [INFO    ] HTTP Request: POST https://cleaner.dadata.ru/api/v1/clean/address "HTTP/1.1 200 "
2023-08-23 14:09:31,884 [INFO    ] HTTP Request: POST https://cleaner.dadata.ru/api/v1/clean/address "HTTP/1.1 200 "
2023-08-23 14:09:31,959 [INFO    ] HTTP Request: POST https://cleaner.dadata.ru/api/v1/clean/address "HTTP/1.1 200 "
2023-08-23 14:09:32,122 [INFO    ] HTTP Request: POST https://cleaner.dadata.ru/api/v1/clean/address "HTTP/1.1 200 "
2023-08-23 14:09:32,241 [INFO    ] HTTP Request: POST https://cleaner.dadata.ru/api/v1/clean/address "HTTP/1.1 200 "
2023-08-23 14:09:32,312 [INFO    ] HTTP Request: POST https://cleaner.dadata.ru/api/v1/clean/address "HTTP/1.1 200 "
2023-08-23 14:09:32,445 [INFO    ] HTTP Request: POST https://cleaner.dadata.ru/api/v1/clean/address "HTTP/1.1 200 "
2023-08-23 14:09:32,615 [INFO    ] HTTP Request: POST https://cleaner.dadata.ru/api/v1/clean/address "HTTP/1.1 200 "
2023-08-23 14:09:32,671 [INFO    ] HTTP Request: POST https://cleaner.dadata.ru/api/v1/clean/address "HTTP/1.1 200 "
2023-08-23 14:09:32,794 [INFO    ] HTTP Request: POST https://cleaner.dadata.ru/api/v1/clean/address "HTTP/1.1 200 "
2023-08-23 14:09:32,932 [INFO    ] HTTP Request: POST https://cleaner.dadata.ru/api/v1/clean/address "HTTP/1.1 200 "
2023-08-23 14:09:32,996 [INFO    ] HTTP Request: POST https://cleaner.dadata.ru/api/v1/clean/address "HTTP/1.1 200 "
2023-08-23 14:09:33,155 [INFO    ] HTTP Request: POST https://cleaner.dadata.ru/api/v1/clean/address "HTTP/1.1 200 "
2023-08-23 14:09:33,238 [INFO    ] HTTP Request: POST https://cleaner.dadata.ru/api/v1/clean/address "HTTP/1.1 200 "
2023-08-23 14:09:33,478 [INFO    ] HTTP Request: POST https://cleaner.dadata.ru/api/v1/clean/address "HTTP/1.1 200 "
2023-08-23 14:09:33,601 [INFO    ] HTTP Request: POST https://cleaner.dadata.ru/api/v1/clean/address "HTTP/1.1 200 "
2023-08-23 14:09:33,860 [INFO    ] HTTP Request: POST https://cleaner.dadata.ru/api/v1/clean/address "HTTP/1.1 200 "
2023-08-23 14:09:33,974 [INFO    ] HTTP Request: POST https://cleaner.dadata.ru/api/v1/clean/address "HTTP/1.1 200 "
2023-08-23 14:09:34,053 [INFO    ] HTTP Request: POST https://cleaner.dadata.ru/api/v1/clean/address "HTTP/1.1 200 "
2023-08-23 14:09:34,229 [INFO    ] HTTP Request: POST https://cleaner.dadata.ru/api/v1/clean/address "HTTP/1.1 200 "
2023-08-23 14:09:34,477 [INFO    ] HTTP Request: POST https://cleaner.dadata.ru/api/v1/clean/address "HTTP/1.1 200 "
2023-08-23 14:09:34,598 [INFO    ] HTTP Request: POST https://cleaner.dadata.ru/api/v1/clean/address "HTTP/1.1 200 "
2023-08-23 14:09:34,678 [INFO    ] HTTP Request: POST https://cleaner.dadata.ru/api/v1/clean/address "HTTP/1.1 200 "
2023-08-23 14:09:34,729 [INFO    ] HTTP Request: POST https://cleaner.dadata.ru/api/v1/clean/address "HTTP/1.1 200 "
2023-08-23 14:09:34,921 [INFO    ] HTTP Request: POST https://cleaner.dadata.ru/api/v1/clean/address "HTTP/1.1 200 "
2023-08-23 14:09:35,013 [INFO    ] HTTP Request: POST https://cleaner.dadata.ru/api/v1/clean/address "HTTP/1.1 200 "
2023-08-23 14:09:35,140 [INFO    ] HTTP Request: POST https://cleaner.dadata.ru/api/v1/clean/address "HTTP/1.1 200 "
2023-08-23 14:09:35,233 [INFO    ] HTTP Request: POST https://cleaner.dadata.ru/api/v1/clean/address "HTTP/1.1 200 "
2023-08-23 14:09:35,405 [INFO    ] HTTP Request: POST https://cleaner.dadata.ru/api/v1/clean/address "HTTP/1.1 200 "
2023-08-23 14:09:35,596 [INFO    ] HTTP Request: POST https://cleaner.dadata.ru/api/v1/clean/address "HTTP/1.1 200 "
2023-08-23 14:09:35,717 [INFO    ] HTTP Request: POST https://cleaner.dadata.ru/api/v1/clean/address "HTTP/1.1 200 "
2023-08-23 14:09:35,863 [INFO    ] HTTP Request: POST https://cleaner.dadata.ru/api/v1/clean/address "HTTP/1.1 200 "
2023-08-23 14:09:35,998 [INFO    ] HTTP Request: POST https://cleaner.dadata.ru/api/v1/clean/address "HTTP/1.1 200 "
2023-08-23 14:09:36,088 [INFO    ] HTTP Request: POST https://cleaner.dadata.ru/api/v1/clean/address "HTTP/1.1 200 "
2023-08-23 14:09:36,200 [INFO    ] HTTP Request: POST https://cleaner.dadata.ru/api/v1/clean/address "HTTP/1.1 200 "
2023-08-23 14:09:36,303 [INFO    ] HTTP Request: POST https://cleaner.dadata.ru/api/v1/clean/address "HTTP/1.1 200 "
2023-08-23 14:09:36,410 [INFO    ] HTTP Request: POST https://cleaner.dadata.ru/api/v1/clean/address "HTTP/1.1 200 "
2023-08-23 14:09:36,551 [INFO    ] HTTP Request: POST https://cleaner.dadata.ru/api/v1/clean/address "HTTP/1.1 200 "
2023-08-23 14:09:36,648 [INFO    ] HTTP Request: POST https://cleaner.dadata.ru/api/v1/clean/address "HTTP/1.1 200 "
2023-08-23 14:09:36,864 [INFO    ] HTTP Request: POST https://cleaner.dadata.ru/api/v1/clean/address "HTTP/1.1 200 "
2023-08-23 14:09:36,969 [INFO    ] HTTP Request: POST https://cleaner.dadata.ru/api/v1/clean/address "HTTP/1.1 200 "
2023-08-23 14:09:37,097 [INFO    ] HTTP Request: POST https://cleaner.dadata.ru/api/v1/clean/address "HTTP/1.1 200 "
2023-08-23 14:09:37,275 [INFO    ] HTTP Request: POST https://cleaner.dadata.ru/api/v1/clean/address "HTTP/1.1 200 "
2023-08-23 14:09:37,393 [INFO    ] HTTP Request: POST https://cleaner.dadata.ru/api/v1/clean/address "HTTP/1.1 200 "
2023-08-23 14:09:37,470 [INFO    ] HTTP Request: POST https://cleaner.dadata.ru/api/v1/clean/address "HTTP/1.1 200 "
2023-08-23 14:09:37,569 [INFO    ] HTTP Request: POST https://cleaner.dadata.ru/api/v1/clean/address "HTTP/1.1 200 "
2023-08-23 14:09:37,644 [INFO    ] HTTP Request: POST https://cleaner.dadata.ru/api/v1/clean/address "HTTP/1.1 200 "
2023-08-23 14:09:37,789 [INFO    ] HTTP Request: POST https://cleaner.dadata.ru/api/v1/clean/address "HTTP/1.1 200 "
2023-08-23 14:09:37,877 [INFO    ] HTTP Request: POST https://cleaner.dadata.ru/api/v1/clean/address "HTTP/1.1 200 "
2023-08-23 14:09:37,989 [INFO    ] HTTP Request: POST https://cleaner.dadata.ru/api/v1/clean/address "HTTP/1.1 200 "
2023-08-23 14:09:38,084 [INFO    ] HTTP Request: POST https://cleaner.dadata.ru/api/v1/clean/address "HTTP/1.1 200 "
2023-08-23 14:09:38,159 [INFO    ] HTTP Request: POST https://cleaner.dadata.ru/api/v1/clean/address "HTTP/1.1 200 "
2023-08-23 14:09:38,245 [INFO    ] HTTP Request: POST https://cleaner.dadata.ru/api/v1/clean/address "HTTP/1.1 200 "
2023-08-23 14:09:38,327 [INFO    ] HTTP Request: POST https://cleaner.dadata.ru/api/v1/clean/address "HTTP/1.1 200 "
2023-08-23 14:09:38,514 [INFO    ] HTTP Request: POST https://cleaner.dadata.ru/api/v1/clean/address "HTTP/1.1 200 "
2023-08-23 14:09:38,630 [INFO    ] HTTP Request: POST https://cleaner.dadata.ru/api/v1/clean/address "HTTP/1.1 200 "
2023-08-23 14:09:38,706 [INFO    ] HTTP Request: POST https://cleaner.dadata.ru/api/v1/clean/address "HTTP/1.1 200 "
2023-08-23 14:09:38,789 [INFO    ] HTTP Request: POST https://cleaner.dadata.ru/api/v1/clean/address "HTTP/1.1 200 "
2023-08-23 14:09:38,851 [INFO    ] HTTP Request: POST https://cleaner.dadata.ru/api/v1/clean/address "HTTP/1.1 200 "
2023-08-23 14:09:38,968 [INFO    ] HTTP Request: POST https://cleaner.dadata.ru/api/v1/clean/address "HTTP/1.1 200 "
2023-08-23 14:09:39,123 [INFO    ] HTTP Request: POST https://cleaner.dadata.ru/api/v1/clean/address "HTTP/1.1 200 "
2023-08-23 14:09:39,185 [INFO    ] HTTP Request: POST https://cleaner.dadata.ru/api/v1/clean/address "HTTP/1.1 200 "
2023-08-23 14:09:39,275 [INFO    ] HTTP Request: POST https://cleaner.dadata.ru/api/v1/clean/address "HTTP/1.1 200 "
2023-08-23 14:09:39,376 [INFO    ] HTTP Request: POST https://cleaner.dadata.ru/api/v1/clean/address "HTTP/1.1 200 "
2023-08-23 14:09:39,597 [INFO    ] HTTP Request: POST https://cleaner.dadata.ru/api/v1/clean/address "HTTP/1.1 200 "
2023-08-23 14:09:39,668 [INFO    ] HTTP Request: POST https://cleaner.dadata.ru/api/v1/clean/address "HTTP/1.1 200 "
2023-08-23 14:09:39,731 [INFO    ] HTTP Request: POST https://cleaner.dadata.ru/api/v1/clean/address "HTTP/1.1 200 "
2023-08-23 14:09:39,929 [INFO    ] HTTP Request: POST https://cleaner.dadata.ru/api/v1/clean/address "HTTP/1.1 200 "
2023-08-23 14:09:40,018 [INFO    ] HTTP Request: POST https://cleaner.dadata.ru/api/v1/clean/address "HTTP/1.1 200 "
2023-08-23 14:09:40,079 [INFO    ] HTTP Request: POST https://cleaner.dadata.ru/api/v1/clean/address "HTTP/1.1 200 "
2023-08-23 14:09:40,200 [INFO    ] HTTP Request: POST https://cleaner.dadata.ru/api/v1/clean/address "HTTP/1.1 200 "
2023-08-23 14:09:40,261 [INFO    ] HTTP Request: POST https://cleaner.dadata.ru/api/v1/clean/address "HTTP/1.1 200 "
2023-08-23 14:09:40,465 [INFO    ] HTTP Request: POST https://cleaner.dadata.ru/api/v1/clean/address "HTTP/1.1 200 "
2023-08-23 14:09:40,689 [INFO    ] HTTP Request: POST https://cleaner.dadata.ru/api/v1/clean/address "HTTP/1.1 200 "
2023-08-23 14:09:40,735 [INFO    ] HTTP Request: POST https://cleaner.dadata.ru/api/v1/clean/address "HTTP/1.1 200 "
2023-08-23 14:09:41,020 [INFO    ] HTTP Request: POST https://cleaner.dadata.ru/api/v1/clean/address "HTTP/1.1 200 "
2023-08-23 14:09:41,073 [INFO    ] HTTP Request: POST https://cleaner.dadata.ru/api/v1/clean/address "HTTP/1.1 200 "
2023-08-23 14:09:41,375 [INFO    ] HTTP Request: POST https://cleaner.dadata.ru/api/v1/clean/address "HTTP/1.1 200 "
2023-08-23 14:09:41,447 [INFO    ] HTTP Request: POST https://cleaner.dadata.ru/api/v1/clean/address "HTTP/1.1 200 "
2023-08-23 14:09:41,524 [INFO    ] HTTP Request: POST https://cleaner.dadata.ru/api/v1/clean/address "HTTP/1.1 200 "
2023-08-23 14:09:41,565 [INFO    ] HTTP Request: POST https://cleaner.dadata.ru/api/v1/clean/address "HTTP/1.1 200 "
2023-08-23 14:09:41,807 [INFO    ] HTTP Request: POST https://cleaner.dadata.ru/api/v1/clean/address "HTTP/1.1 200 "
2023-08-23 14:09:42,015 [INFO    ] HTTP Request: POST https://cleaner.dadata.ru/api/v1/clean/address "HTTP/1.1 200 "
2023-08-23 14:09:42,099 [INFO    ] HTTP Request: POST https://cleaner.dadata.ru/api/v1/clean/address "HTTP/1.1 200 "
2023-08-23 14:09:42,202 [INFO    ] HTTP Request: POST https://cleaner.dadata.ru/api/v1/clean/address "HTTP/1.1 200 "
2023-08-23 14:09:42,286 [INFO    ] HTTP Request: POST https://cleaner.dadata.ru/api/v1/clean/address "HTTP/1.1 200 "
2023-08-23 14:09:42,356 [INFO    ] HTTP Request: POST https://cleaner.dadata.ru/api/v1/clean/address "HTTP/1.1 200 "
2023-08-23 14:09:42,490 [INFO    ] HTTP Request: POST https://cleaner.dadata.ru/api/v1/clean/address "HTTP/1.1 200 "
2023-08-23 14:09:42,535 [INFO    ] HTTP Request: POST https://cleaner.dadata.ru/api/v1/clean/address "HTTP/1.1 200 "
2023-08-23 14:09:42,691 [INFO    ] HTTP Request: POST https://cleaner.dadata.ru/api/v1/clean/address "HTTP/1.1 200 "
2023-08-23 14:09:42,889 [INFO    ] HTTP Request: POST https://cleaner.dadata.ru/api/v1/clean/address "HTTP/1.1 200 "
2023-08-23 14:09:42,973 [INFO    ] HTTP Request: POST https://cleaner.dadata.ru/api/v1/clean/address "HTTP/1.1 200 "
2023-08-23 14:09:43,037 [INFO    ] HTTP Request: POST https://cleaner.dadata.ru/api/v1/clean/address "HTTP/1.1 200 "
2023-08-23 14:09:43,131 [INFO    ] HTTP Request: POST https://cleaner.dadata.ru/api/v1/clean/address "HTTP/1.1 200 "
2023-08-23 14:09:43,395 [INFO    ] HTTP Request: POST https://cleaner.dadata.ru/api/v1/clean/address "HTTP/1.1 200 "
2023-08-23 14:09:43,540 [INFO    ] HTTP Request: POST https://cleaner.dadata.ru/api/v1/clean/address "HTTP/1.1 200 "
2023-08-23 14:09:43,787 [INFO    ] HTTP Request: POST https://cleaner.dadata.ru/api/v1/clean/address "HTTP/1.1 200 "
2023-08-23 14:09:43,843 [INFO    ] HTTP Request: POST https://cleaner.dadata.ru/api/v1/clean/address "HTTP/1.1 200 "
2023-08-23 14:09:43,846 [INFO    ] 707it [00:32, 21.82it/s]
2023-08-23 14:09:43,959 [INFO    ] HTTP Request: POST https://cleaner.dadata.ru/api/v1/clean/address "HTTP/1.1 200 "
2023-08-23 14:09:44,180 [INFO    ] HTTP Request: POST https://cleaner.dadata.ru/api/v1/clean/address "HTTP/1.1 200 "
2023-08-23 14:09:44,237 [INFO    ] HTTP Request: POST https://cleaner.dadata.ru/api/v1/clean/address "HTTP/1.1 200 "
2023-08-23 14:09:44,463 [INFO    ] HTTP Request: POST https://cleaner.dadata.ru/api/v1/clean/address "HTTP/1.1 200 "
2023-08-23 14:09:44,625 [INFO    ] HTTP Request: POST https://cleaner.dadata.ru/api/v1/clean/address "HTTP/1.1 200 "
2023-08-23 14:09:44,741 [INFO    ] HTTP Request: POST https://cleaner.dadata.ru/api/v1/clean/address "HTTP/1.1 200 "
2023-08-23 14:09:44,791 [INFO    ] HTTP Request: POST https://cleaner.dadata.ru/api/v1/clean/address "HTTP/1.1 200 "
2023-08-23 14:09:44,898 [INFO    ] HTTP Request: POST https://cleaner.dadata.ru/api/v1/clean/address "HTTP/1.1 200 "
2023-08-23 14:09:45,018 [INFO    ] HTTP Request: POST https://cleaner.dadata.ru/api/v1/clean/address "HTTP/1.1 200 "
2023-08-23 14:09:45,071 [INFO    ] HTTP Request: POST https://cleaner.dadata.ru/api/v1/clean/address "HTTP/1.1 200 "
2023-08-23 14:09:45,178 [INFO    ] HTTP Request: POST https://cleaner.dadata.ru/api/v1/clean/address "HTTP/1.1 200 "
2023-08-23 14:09:45,360 [INFO    ] HTTP Request: POST https://cleaner.dadata.ru/api/v1/clean/address "HTTP/1.1 200 "
2023-08-23 14:09:45,495 [INFO    ] HTTP Request: POST https://cleaner.dadata.ru/api/v1/clean/address "HTTP/1.1 200 "
2023-08-23 14:09:45,568 [INFO    ] HTTP Request: POST https://cleaner.dadata.ru/api/v1/clean/address "HTTP/1.1 200 "
2023-08-23 14:09:45,785 [INFO    ] HTTP Request: POST https://cleaner.dadata.ru/api/v1/clean/address "HTTP/1.1 200 "
2023-08-23 14:09:45,914 [INFO    ] HTTP Request: POST https://cleaner.dadata.ru/api/v1/clean/address "HTTP/1.1 200 "
2023-08-23 14:09:46,079 [INFO    ] HTTP Request: POST https://cleaner.dadata.ru/api/v1/clean/address "HTTP/1.1 200 "
2023-08-23 14:09:46,140 [INFO    ] HTTP Request: POST https://cleaner.dadata.ru/api/v1/clean/address "HTTP/1.1 200 "
2023-08-23 14:09:46,250 [INFO    ] HTTP Request: POST https://cleaner.dadata.ru/api/v1/clean/address "HTTP/1.1 200 "
2023-08-23 14:09:46,302 [INFO    ] HTTP Request: POST https://cleaner.dadata.ru/api/v1/clean/address "HTTP/1.1 200 "
2023-08-23 14:09:46,510 [INFO    ] HTTP Request: POST https://cleaner.dadata.ru/api/v1/clean/address "HTTP/1.1 200 "
2023-08-23 14:09:46,708 [INFO    ] HTTP Request: POST https://cleaner.dadata.ru/api/v1/clean/address "HTTP/1.1 200 "
2023-08-23 14:09:46,771 [INFO    ] HTTP Request: POST https://cleaner.dadata.ru/api/v1/clean/address "HTTP/1.1 200 "
2023-08-23 14:09:46,999 [INFO    ] HTTP Request: POST https://cleaner.dadata.ru/api/v1/clean/address "HTTP/1.1 200 "
2023-08-23 14:09:47,107 [INFO    ] HTTP Request: POST https://cleaner.dadata.ru/api/v1/clean/address "HTTP/1.1 200 "
2023-08-23 14:09:47,182 [INFO    ] HTTP Request: POST https://cleaner.dadata.ru/api/v1/clean/address "HTTP/1.1 200 "
2023-08-23 14:09:47,266 [INFO    ] HTTP Request: POST https://cleaner.dadata.ru/api/v1/clean/address "HTTP/1.1 200 "
2023-08-23 14:09:47,329 [INFO    ] HTTP Request: POST https://cleaner.dadata.ru/api/v1/clean/address "HTTP/1.1 200 "
2023-08-23 14:09:47,398 [INFO    ] HTTP Request: POST https://cleaner.dadata.ru/api/v1/clean/address "HTTP/1.1 200 "
2023-08-23 14:09:47,517 [INFO    ] HTTP Request: POST https://cleaner.dadata.ru/api/v1/clean/address "HTTP/1.1 200 "
2023-08-23 14:09:47,767 [INFO    ] HTTP Request: POST https://cleaner.dadata.ru/api/v1/clean/address "HTTP/1.1 200 "
2023-08-23 14:09:47,816 [INFO    ] HTTP Request: POST https://cleaner.dadata.ru/api/v1/clean/address "HTTP/1.1 200 "
2023-08-23 14:09:47,917 [INFO    ] HTTP Request: POST https://cleaner.dadata.ru/api/v1/clean/address "HTTP/1.1 200 "
2023-08-23 14:09:48,019 [INFO    ] HTTP Request: POST https://cleaner.dadata.ru/api/v1/clean/address "HTTP/1.1 200 "
2023-08-23 14:09:48,187 [INFO    ] HTTP Request: POST https://cleaner.dadata.ru/api/v1/clean/address "HTTP/1.1 200 "
2023-08-23 14:09:48,267 [INFO    ] HTTP Request: POST https://cleaner.dadata.ru/api/v1/clean/address "HTTP/1.1 200 "
2023-08-23 14:09:48,493 [INFO    ] HTTP Request: POST https://cleaner.dadata.ru/api/v1/clean/address "HTTP/1.1 200 "
2023-08-23 14:09:48,580 [INFO    ] HTTP Request: POST https://cleaner.dadata.ru/api/v1/clean/address "HTTP/1.1 200 "
2023-08-23 14:09:48,639 [INFO    ] HTTP Request: POST https://cleaner.dadata.ru/api/v1/clean/address "HTTP/1.1 200 "
2023-08-23 14:09:48,753 [INFO    ] HTTP Request: POST https://cleaner.dadata.ru/api/v1/clean/address "HTTP/1.1 200 "
2023-08-23 14:09:48,994 [INFO    ] HTTP Request: POST https://cleaner.dadata.ru/api/v1/clean/address "HTTP/1.1 200 "
2023-08-23 14:09:49,101 [INFO    ] HTTP Request: POST https://cleaner.dadata.ru/api/v1/clean/address "HTTP/1.1 200 "
2023-08-23 14:09:49,155 [INFO    ] HTTP Request: POST https://cleaner.dadata.ru/api/v1/clean/address "HTTP/1.1 200 "
2023-08-23 14:09:49,334 [INFO    ] HTTP Request: POST https://cleaner.dadata.ru/api/v1/clean/address "HTTP/1.1 200 "
2023-08-23 14:09:49,466 [INFO    ] HTTP Request: POST https://cleaner.dadata.ru/api/v1/clean/address "HTTP/1.1 200 "
2023-08-23 14:09:49,724 [INFO    ] HTTP Request: POST https://cleaner.dadata.ru/api/v1/clean/address "HTTP/1.1 200 "
2023-08-23 14:09:49,786 [INFO    ] HTTP Request: POST https://cleaner.dadata.ru/api/v1/clean/address "HTTP/1.1 200 "
2023-08-23 14:09:49,855 [INFO    ] HTTP Request: POST https://cleaner.dadata.ru/api/v1/clean/address "HTTP/1.1 200 "
2023-08-23 14:09:49,917 [INFO    ] HTTP Request: POST https://cleaner.dadata.ru/api/v1/clean/address "HTTP/1.1 200 "
2023-08-23 14:09:50,043 [INFO    ] HTTP Request: POST https://cleaner.dadata.ru/api/v1/clean/address "HTTP/1.1 200 "
2023-08-23 14:09:50,126 [INFO    ] HTTP Request: POST https://cleaner.dadata.ru/api/v1/clean/address "HTTP/1.1 200 "
2023-08-23 14:09:50,283 [INFO    ] HTTP Request: POST https://cleaner.dadata.ru/api/v1/clean/address "HTTP/1.1 200 "
2023-08-23 14:09:50,400 [INFO    ] HTTP Request: POST https://cleaner.dadata.ru/api/v1/clean/address "HTTP/1.1 200 "
2023-08-23 14:09:50,459 [INFO    ] HTTP Request: POST https://cleaner.dadata.ru/api/v1/clean/address "HTTP/1.1 200 "
2023-08-23 14:09:50,560 [INFO    ] HTTP Request: POST https://cleaner.dadata.ru/api/v1/clean/address "HTTP/1.1 200 "
2023-08-23 14:09:50,794 [INFO    ] HTTP Request: POST https://cleaner.dadata.ru/api/v1/clean/address "HTTP/1.1 200 "
2023-08-23 14:09:50,849 [INFO    ] HTTP Request: POST https://cleaner.dadata.ru/api/v1/clean/address "HTTP/1.1 200 "
2023-08-23 14:09:51,150 [INFO    ] HTTP Request: POST https://cleaner.dadata.ru/api/v1/clean/address "HTTP/1.1 200 "
2023-08-23 14:09:51,215 [INFO    ] HTTP Request: POST https://cleaner.dadata.ru/api/v1/clean/address "HTTP/1.1 200 "
2023-08-23 14:09:51,517 [INFO    ] HTTP Request: POST https://cleaner.dadata.ru/api/v1/clean/address "HTTP/1.1 200 "
2023-08-23 14:09:51,581 [INFO    ] HTTP Request: POST https://cleaner.dadata.ru/api/v1/clean/address "HTTP/1.1 200 "
2023-08-23 14:09:51,645 [INFO    ] HTTP Request: POST https://cleaner.dadata.ru/api/v1/clean/address "HTTP/1.1 200 "
2023-08-23 14:09:51,765 [INFO    ] HTTP Request: POST https://cleaner.dadata.ru/api/v1/clean/address "HTTP/1.1 200 "
2023-08-23 14:09:51,824 [INFO    ] HTTP Request: POST https://cleaner.dadata.ru/api/v1/clean/address "HTTP/1.1 200 "
2023-08-23 14:09:51,916 [INFO    ] HTTP Request: POST https://cleaner.dadata.ru/api/v1/clean/address "HTTP/1.1 200 "
2023-08-23 14:09:52,069 [INFO    ] HTTP Request: POST https://cleaner.dadata.ru/api/v1/clean/address "HTTP/1.1 200 "
2023-08-23 14:09:52,140 [INFO    ] HTTP Request: POST https://cleaner.dadata.ru/api/v1/clean/address "HTTP/1.1 200 "
2023-08-23 14:09:52,298 [INFO    ] HTTP Request: POST https://cleaner.dadata.ru/api/v1/clean/address "HTTP/1.1 200 "
2023-08-23 14:09:52,467 [INFO    ] HTTP Request: POST https://cleaner.dadata.ru/api/v1/clean/address "HTTP/1.1 200 "
2023-08-23 14:09:52,664 [INFO    ] HTTP Request: POST https://cleaner.dadata.ru/api/v1/clean/address "HTTP/1.1 200 "
2023-08-23 14:09:52,749 [INFO    ] HTTP Request: POST https://cleaner.dadata.ru/api/v1/clean/address "HTTP/1.1 200 "
2023-08-23 14:09:52,797 [INFO    ] HTTP Request: POST https://cleaner.dadata.ru/api/v1/clean/address "HTTP/1.1 200 "
2023-08-23 14:09:52,906 [INFO    ] HTTP Request: POST https://cleaner.dadata.ru/api/v1/clean/address "HTTP/1.1 200 "
2023-08-23 14:09:53,013 [INFO    ] HTTP Request: POST https://cleaner.dadata.ru/api/v1/clean/address "HTTP/1.1 200 "
2023-08-23 14:09:53,087 [INFO    ] HTTP Request: POST https://cleaner.dadata.ru/api/v1/clean/address "HTTP/1.1 200 "
2023-08-23 14:09:53,249 [INFO    ] HTTP Request: POST https://cleaner.dadata.ru/api/v1/clean/address "HTTP/1.1 200 "
2023-08-23 14:09:53,320 [INFO    ] HTTP Request: POST https://cleaner.dadata.ru/api/v1/clean/address "HTTP/1.1 200 "
2023-08-23 14:09:53,375 [INFO    ] HTTP Request: POST https://cleaner.dadata.ru/api/v1/clean/address "HTTP/1.1 200 "
2023-08-23 14:09:53,457 [INFO    ] HTTP Request: POST https://cleaner.dadata.ru/api/v1/clean/address "HTTP/1.1 200 "
2023-08-23 14:09:53,598 [INFO    ] HTTP Request: POST https://cleaner.dadata.ru/api/v1/clean/address "HTTP/1.1 200 "
2023-08-23 14:09:53,683 [INFO    ] HTTP Request: POST https://cleaner.dadata.ru/api/v1/clean/address "HTTP/1.1 200 "
2023-08-23 14:09:53,788 [INFO    ] HTTP Request: POST https://cleaner.dadata.ru/api/v1/clean/address "HTTP/1.1 200 "
2023-08-23 14:09:53,859 [INFO    ] HTTP Request: POST https://cleaner.dadata.ru/api/v1/clean/address "HTTP/1.1 200 "
2023-08-23 14:09:53,920 [INFO    ] HTTP Request: POST https://cleaner.dadata.ru/api/v1/clean/address "HTTP/1.1 200 "
2023-08-23 14:09:54,183 [INFO    ] 707it [00:42, 21.82it/s]
2023-08-23 14:09:54,188 [INFO    ] HTTP Request: POST https://cleaner.dadata.ru/api/v1/clean/address "HTTP/1.1 200 "
2023-08-23 14:09:54,191 [INFO    ] 830it [00:43, 18.08it/s]
2023-08-23 14:09:54,355 [INFO    ] HTTP Request: POST https://cleaner.dadata.ru/api/v1/clean/address "HTTP/1.1 200 "
2023-08-23 14:09:54,411 [INFO    ] HTTP Request: POST https://cleaner.dadata.ru/api/v1/clean/address "HTTP/1.1 200 "
2023-08-23 14:09:54,533 [INFO    ] HTTP Request: POST https://cleaner.dadata.ru/api/v1/clean/address "HTTP/1.1 200 "
2023-08-23 14:09:54,589 [INFO    ] HTTP Request: POST https://cleaner.dadata.ru/api/v1/clean/address "HTTP/1.1 200 "
2023-08-23 14:09:54,724 [INFO    ] HTTP Request: POST https://cleaner.dadata.ru/api/v1/clean/address "HTTP/1.1 200 "
2023-08-23 14:09:54,799 [INFO    ] HTTP Request: POST https://cleaner.dadata.ru/api/v1/clean/address "HTTP/1.1 200 "
2023-08-23 14:09:54,985 [INFO    ] HTTP Request: POST https://cleaner.dadata.ru/api/v1/clean/address "HTTP/1.1 200 "
2023-08-23 14:09:55,039 [INFO    ] HTTP Request: POST https://cleaner.dadata.ru/api/v1/clean/address "HTTP/1.1 200 "
2023-08-23 14:09:55,137 [INFO    ] HTTP Request: POST https://cleaner.dadata.ru/api/v1/clean/address "HTTP/1.1 200 "
2023-08-23 14:09:55,376 [INFO    ] HTTP Request: POST https://cleaner.dadata.ru/api/v1/clean/address "HTTP/1.1 200 "
2023-08-23 14:09:55,458 [INFO    ] HTTP Request: POST https://cleaner.dadata.ru/api/v1/clean/address "HTTP/1.1 200 "
2023-08-23 14:09:55,517 [INFO    ] HTTP Request: POST https://cleaner.dadata.ru/api/v1/clean/address "HTTP/1.1 200 "
2023-08-23 14:09:55,648 [INFO    ] HTTP Request: POST https://cleaner.dadata.ru/api/v1/clean/address "HTTP/1.1 200 "
2023-08-23 14:09:55,811 [INFO    ] HTTP Request: POST https://cleaner.dadata.ru/api/v1/clean/address "HTTP/1.1 200 "
2023-08-23 14:09:55,963 [INFO    ] HTTP Request: POST https://cleaner.dadata.ru/api/v1/clean/address "HTTP/1.1 200 "
2023-08-23 14:09:56,090 [INFO    ] HTTP Request: POST https://cleaner.dadata.ru/api/v1/clean/address "HTTP/1.1 200 "
2023-08-23 14:09:56,147 [INFO    ] HTTP Request: POST https://cleaner.dadata.ru/api/v1/clean/address "HTTP/1.1 200 "
2023-08-23 14:09:56,245 [INFO    ] HTTP Request: POST https://cleaner.dadata.ru/api/v1/clean/address "HTTP/1.1 200 "
2023-08-23 14:09:56,731 [INFO    ] HTTP Request: POST https://cleaner.dadata.ru/api/v1/clean/address "HTTP/1.1 200 "
2023-08-23 14:09:56,804 [INFO    ] HTTP Request: POST https://cleaner.dadata.ru/api/v1/clean/address "HTTP/1.1 200 "
2023-08-23 14:09:56,871 [INFO    ] HTTP Request: POST https://cleaner.dadata.ru/api/v1/clean/address "HTTP/1.1 200 "
2023-08-23 14:09:56,941 [INFO    ] HTTP Request: POST https://cleaner.dadata.ru/api/v1/clean/address "HTTP/1.1 200 "
2023-08-23 14:09:57,093 [INFO    ] HTTP Request: POST https://cleaner.dadata.ru/api/v1/clean/address "HTTP/1.1 200 "
2023-08-23 14:09:57,179 [INFO    ] HTTP Request: POST https://cleaner.dadata.ru/api/v1/clean/address "HTTP/1.1 200 "
2023-08-23 14:09:57,320 [INFO    ] HTTP Request: POST https://cleaner.dadata.ru/api/v1/clean/address "HTTP/1.1 200 "
2023-08-23 14:09:57,407 [INFO    ] HTTP Request: POST https://cleaner.dadata.ru/api/v1/clean/address "HTTP/1.1 200 "
2023-08-23 14:09:57,569 [INFO    ] HTTP Request: POST https://cleaner.dadata.ru/api/v1/clean/address "HTTP/1.1 200 "
2023-08-23 14:09:57,732 [INFO    ] HTTP Request: POST https://cleaner.dadata.ru/api/v1/clean/address "HTTP/1.1 200 "
2023-08-23 14:09:57,927 [INFO    ] HTTP Request: POST https://cleaner.dadata.ru/api/v1/clean/address "HTTP/1.1 200 "
2023-08-23 14:09:58,313 [INFO    ] HTTP Request: POST https://cleaner.dadata.ru/api/v1/clean/address "HTTP/1.1 200 "
2023-08-23 14:09:58,361 [INFO    ] HTTP Request: POST https://cleaner.dadata.ru/api/v1/clean/address "HTTP/1.1 200 "
2023-08-23 14:09:58,482 [INFO    ] HTTP Request: POST https://cleaner.dadata.ru/api/v1/clean/address "HTTP/1.1 200 "
2023-08-23 14:09:58,686 [INFO    ] HTTP Request: POST https://cleaner.dadata.ru/api/v1/clean/address "HTTP/1.1 200 "
2023-08-23 14:09:58,757 [INFO    ] HTTP Request: POST https://cleaner.dadata.ru/api/v1/clean/address "HTTP/1.1 200 "
2023-08-23 14:09:58,826 [INFO    ] HTTP Request: POST https://cleaner.dadata.ru/api/v1/clean/address "HTTP/1.1 200 "
2023-08-23 14:09:58,885 [INFO    ] HTTP Request: POST https://cleaner.dadata.ru/api/v1/clean/address "HTTP/1.1 200 "
2023-08-23 14:09:58,996 [INFO    ] HTTP Request: POST https://cleaner.dadata.ru/api/v1/clean/address "HTTP/1.1 200 "
2023-08-23 14:09:59,050 [INFO    ] HTTP Request: POST https://cleaner.dadata.ru/api/v1/clean/address "HTTP/1.1 200 "
2023-08-23 14:09:59,162 [INFO    ] HTTP Request: POST https://cleaner.dadata.ru/api/v1/clean/address "HTTP/1.1 200 "
2023-08-23 14:09:59,329 [INFO    ] HTTP Request: POST https://cleaner.dadata.ru/api/v1/clean/address "HTTP/1.1 200 "
2023-08-23 14:09:59,775 [INFO    ] HTTP Request: POST https://cleaner.dadata.ru/api/v1/clean/address "HTTP/1.1 200 "
2023-08-23 14:09:59,878 [INFO    ] HTTP Request: POST https://cleaner.dadata.ru/api/v1/clean/address "HTTP/1.1 200 "
2023-08-23 14:09:59,965 [INFO    ] HTTP Request: POST https://cleaner.dadata.ru/api/v1/clean/address "HTTP/1.1 200 "
2023-08-23 14:10:00,066 [INFO    ] HTTP Request: POST https://cleaner.dadata.ru/api/v1/clean/address "HTTP/1.1 200 "
2023-08-23 14:10:00,181 [INFO    ] HTTP Request: POST https://cleaner.dadata.ru/api/v1/clean/address "HTTP/1.1 200 "
2023-08-23 14:10:00,275 [INFO    ] HTTP Request: POST https://cleaner.dadata.ru/api/v1/clean/address "HTTP/1.1 200 "
2023-08-23 14:10:00,327 [INFO    ] HTTP Request: POST https://cleaner.dadata.ru/api/v1/clean/address "HTTP/1.1 200 "
2023-08-23 14:10:00,520 [INFO    ] HTTP Request: POST https://cleaner.dadata.ru/api/v1/clean/address "HTTP/1.1 200 "
2023-08-23 14:10:00,568 [INFO    ] HTTP Request: POST https://cleaner.dadata.ru/api/v1/clean/address "HTTP/1.1 200 "
2023-08-23 14:10:00,666 [INFO    ] HTTP Request: POST https://cleaner.dadata.ru/api/v1/clean/address "HTTP/1.1 200 "
2023-08-23 14:10:00,905 [INFO    ] HTTP Request: POST https://cleaner.dadata.ru/api/v1/clean/address "HTTP/1.1 200 "
2023-08-23 14:10:00,988 [INFO    ] HTTP Request: POST https://cleaner.dadata.ru/api/v1/clean/address "HTTP/1.1 200 "
2023-08-23 14:10:01,196 [INFO    ] HTTP Request: POST https://cleaner.dadata.ru/api/v1/clean/address "HTTP/1.1 200 "
2023-08-23 14:10:01,378 [INFO    ] HTTP Request: POST https://cleaner.dadata.ru/api/v1/clean/address "HTTP/1.1 200 "
2023-08-23 14:10:01,466 [INFO    ] HTTP Request: POST https://cleaner.dadata.ru/api/v1/clean/address "HTTP/1.1 200 "
2023-08-23 14:10:01,525 [INFO    ] HTTP Request: POST https://cleaner.dadata.ru/api/v1/clean/address "HTTP/1.1 200 "
2023-08-23 14:10:01,847 [INFO    ] HTTP Request: POST https://cleaner.dadata.ru/api/v1/clean/address "HTTP/1.1 200 "
2023-08-23 14:10:01,956 [INFO    ] HTTP Request: POST https://cleaner.dadata.ru/api/v1/clean/address "HTTP/1.1 200 "
2023-08-23 14:10:02,059 [INFO    ] HTTP Request: POST https://cleaner.dadata.ru/api/v1/clean/address "HTTP/1.1 200 "
2023-08-23 14:10:02,111 [INFO    ] HTTP Request: POST https://cleaner.dadata.ru/api/v1/clean/address "HTTP/1.1 200 "
2023-08-23 14:10:02,238 [INFO    ] HTTP Request: POST https://cleaner.dadata.ru/api/v1/clean/address "HTTP/1.1 200 "
2023-08-23 14:10:02,406 [INFO    ] HTTP Request: POST https://cleaner.dadata.ru/api/v1/clean/address "HTTP/1.1 200 "
2023-08-23 14:10:02,462 [INFO    ] HTTP Request: POST https://cleaner.dadata.ru/api/v1/clean/address "HTTP/1.1 200 "
2023-08-23 14:10:02,738 [INFO    ] HTTP Request: POST https://cleaner.dadata.ru/api/v1/clean/address "HTTP/1.1 200 "
2023-08-23 14:10:03,085 [INFO    ] HTTP Request: POST https://cleaner.dadata.ru/api/v1/clean/address "HTTP/1.1 200 "
2023-08-23 14:10:03,145 [INFO    ] HTTP Request: POST https://cleaner.dadata.ru/api/v1/clean/address "HTTP/1.1 200 "
2023-08-23 14:10:03,357 [INFO    ] HTTP Request: POST https://cleaner.dadata.ru/api/v1/clean/address "HTTP/1.1 200 "
2023-08-23 14:10:03,561 [INFO    ] HTTP Request: POST https://cleaner.dadata.ru/api/v1/clean/address "HTTP/1.1 200 "
2023-08-23 14:10:03,612 [INFO    ] HTTP Request: POST https://cleaner.dadata.ru/api/v1/clean/address "HTTP/1.1 200 "
2023-08-23 14:10:03,812 [INFO    ] HTTP Request: POST https://cleaner.dadata.ru/api/v1/clean/address "HTTP/1.1 200 "
2023-08-23 14:10:03,897 [INFO    ] HTTP Request: POST https://cleaner.dadata.ru/api/v1/clean/address "HTTP/1.1 200 "
2023-08-23 14:10:04,050 [INFO    ] HTTP Request: POST https://cleaner.dadata.ru/api/v1/clean/address "HTTP/1.1 200 "
2023-08-23 14:10:04,196 [INFO    ] HTTP Request: POST https://cleaner.dadata.ru/api/v1/clean/address "HTTP/1.1 200 "
2023-08-23 14:10:04,338 [INFO    ] HTTP Request: POST https://cleaner.dadata.ru/api/v1/clean/address "HTTP/1.1 200 "
2023-08-23 14:10:04,400 [INFO    ] HTTP Request: POST https://cleaner.dadata.ru/api/v1/clean/address "HTTP/1.1 200 "
2023-08-23 14:10:04,546 [INFO    ] HTTP Request: POST https://cleaner.dadata.ru/api/v1/clean/address "HTTP/1.1 200 "
2023-08-23 14:10:04,596 [INFO    ] HTTP Request: POST https://cleaner.dadata.ru/api/v1/clean/address "HTTP/1.1 200 "
2023-08-23 14:10:04,692 [INFO    ] HTTP Request: POST https://cleaner.dadata.ru/api/v1/clean/address "HTTP/1.1 200 "
2023-08-23 14:10:04,817 [INFO    ] HTTP Request: POST https://cleaner.dadata.ru/api/v1/clean/address "HTTP/1.1 200 "
2023-08-23 14:10:04,988 [INFO    ] HTTP Request: POST https://cleaner.dadata.ru/api/v1/clean/address "HTTP/1.1 200 "
2023-08-23 14:10:05,053 [INFO    ] HTTP Request: POST https://cleaner.dadata.ru/api/v1/clean/address "HTTP/1.1 200 "
2023-08-23 14:10:05,200 [INFO    ] HTTP Request: POST https://cleaner.dadata.ru/api/v1/clean/address "HTTP/1.1 200 "
2023-08-23 14:10:05,259 [INFO    ] HTTP Request: POST https://cleaner.dadata.ru/api/v1/clean/address "HTTP/1.1 200 "
2023-08-23 14:10:05,262 [INFO    ] 949it [00:54, 15.40it/s]
2023-08-23 14:10:05,351 [INFO    ] HTTP Request: POST https://cleaner.dadata.ru/api/v1/clean/address "HTTP/1.1 200 "
2023-08-23 14:10:05,452 [INFO    ] HTTP Request: POST https://cleaner.dadata.ru/api/v1/clean/address "HTTP/1.1 200 "
2023-08-23 14:10:05,568 [INFO    ] HTTP Request: POST https://cleaner.dadata.ru/api/v1/clean/address "HTTP/1.1 200 "
2023-08-23 14:10:05,796 [INFO    ] HTTP Request: POST https://cleaner.dadata.ru/api/v1/clean/address "HTTP/1.1 200 "
2023-08-23 14:10:05,848 [INFO    ] HTTP Request: POST https://cleaner.dadata.ru/api/v1/clean/address "HTTP/1.1 200 "
2023-08-23 14:10:05,945 [INFO    ] HTTP Request: POST https://cleaner.dadata.ru/api/v1/clean/address "HTTP/1.1 200 "
2023-08-23 14:10:06,182 [INFO    ] HTTP Request: POST https://cleaner.dadata.ru/api/v1/clean/address "HTTP/1.1 200 "
2023-08-23 14:10:06,273 [INFO    ] HTTP Request: POST https://cleaner.dadata.ru/api/v1/clean/address "HTTP/1.1 200 "
2023-08-23 14:10:06,484 [INFO    ] HTTP Request: POST https://cleaner.dadata.ru/api/v1/clean/address "HTTP/1.1 200 "
2023-08-23 14:10:06,697 [INFO    ] HTTP Request: POST https://cleaner.dadata.ru/api/v1/clean/address "HTTP/1.1 200 "
2023-08-23 14:10:06,836 [INFO    ] HTTP Request: POST https://cleaner.dadata.ru/api/v1/clean/address "HTTP/1.1 200 "
2023-08-23 14:10:07,039 [INFO    ] HTTP Request: POST https://cleaner.dadata.ru/api/v1/clean/address "HTTP/1.1 200 "
2023-08-23 14:10:07,186 [INFO    ] HTTP Request: POST https://cleaner.dadata.ru/api/v1/clean/address "HTTP/1.1 200 "
2023-08-23 14:10:07,300 [INFO    ] HTTP Request: POST https://cleaner.dadata.ru/api/v1/clean/address "HTTP/1.1 200 "
2023-08-23 14:10:07,516 [INFO    ] HTTP Request: POST https://cleaner.dadata.ru/api/v1/clean/address "HTTP/1.1 200 "
2023-08-23 14:10:07,676 [INFO    ] HTTP Request: POST https://cleaner.dadata.ru/api/v1/clean/address "HTTP/1.1 200 "
2023-08-23 14:10:07,855 [INFO    ] HTTP Request: POST https://cleaner.dadata.ru/api/v1/clean/address "HTTP/1.1 200 "
2023-08-23 14:10:07,983 [INFO    ] HTTP Request: POST https://cleaner.dadata.ru/api/v1/clean/address "HTTP/1.1 200 "
2023-08-23 14:10:08,041 [INFO    ] HTTP Request: POST https://cleaner.dadata.ru/api/v1/clean/address "HTTP/1.1 200 "
2023-08-23 14:10:08,127 [INFO    ] HTTP Request: POST https://cleaner.dadata.ru/api/v1/clean/address "HTTP/1.1 200 "
2023-08-23 14:10:08,287 [INFO    ] HTTP Request: POST https://cleaner.dadata.ru/api/v1/clean/address "HTTP/1.1 200 "
2023-08-23 14:10:08,594 [INFO    ] HTTP Request: POST https://cleaner.dadata.ru/api/v1/clean/address "HTTP/1.1 200 "
2023-08-23 14:10:08,660 [INFO    ] HTTP Request: POST https://cleaner.dadata.ru/api/v1/clean/address "HTTP/1.1 200 "
2023-08-23 14:10:08,734 [INFO    ] HTTP Request: POST https://cleaner.dadata.ru/api/v1/clean/address "HTTP/1.1 200 "
2023-08-23 14:10:08,919 [INFO    ] HTTP Request: POST https://cleaner.dadata.ru/api/v1/clean/address "HTTP/1.1 200 "
2023-08-23 14:10:09,003 [INFO    ] HTTP Request: POST https://cleaner.dadata.ru/api/v1/clean/address "HTTP/1.1 200 "
2023-08-23 14:10:09,098 [INFO    ] HTTP Request: POST https://cleaner.dadata.ru/api/v1/clean/address "HTTP/1.1 200 "
2023-08-23 14:10:09,174 [INFO    ] HTTP Request: POST https://cleaner.dadata.ru/api/v1/clean/address "HTTP/1.1 200 "
2023-08-23 14:10:09,206 [INFO    ] 1005it [00:58, 17.32it/s]
2023-08-23 14:10:09,206 [INFO    ] 
2023-08-23 14:10:09,206 [INFO    ] dadata con closed succesfully
2023-08-23 14:10:09,207 [INFO    ] обращение к DDT по 957/1005 адресам из avito заняло 0:01:00.454769
2023-08-23 14:10:09,220 [INFO    ] обращение к DDT выполнено для 1280/1364 новых объявлений, найден fias для 1013
2023-08-23 14:10:29,240 [INFO    ] уникальных троек по h_fias_id, ad_id, d_id, в таблице с районами и houses_jkh_ddt/id: 1280
2023-08-23 14:10:29,240 [INFO    ] выгрузка данных в таблицу realty
2023-08-23 14:10:29,677 [INFO    ] Добавлено районов к объявлениям realty: 324 - было 0 стало 324
2023-08-23 14:10:29,677 [INFO    ] Есть несовпадения районов c jkh, обновление районов в jkh для 0 записей
2023-08-23 14:10:32,815 [INFO    ] Временная таблица temp_jkh_houses очищена
2023-08-23 14:10:35,959 [INFO    ] Обновление данных jkh_houses завершено
2023-08-23 14:10:37,069 [INFO    ] все новые объявления добавлены
2023-08-23 14:10:38,824 [INFO    ] Успешно обработан файл 22-08-23 (без дублей).csv для prices
2023-08-23 14:10:38,825 [INFO    ] Выгрузка в таблицу prices обработанного файла из авито: 22-08-23 (без дублей).csv
2023-08-23 14:10:54,752 [INFO    ] данные avito загружены успешно
2023-08-23 14:10:55,090 [INFO    ] Новые данные загружены по файлам ['22-08-23 (без дублей).csv'] из авито и ['циан 22-08-23 (без дублей).csv'] из циана за 0:08:58.440615
2023-08-23 14:10:55,154 [INFO    ] HTTP Request: GET https://dadata.ru/api/v2/profile/balance "HTTP/1.1 200 OK"
2023-08-23 14:10:55,478 [INFO    ] отчет отправлен в tg
2023-08-23 14:10:55,670 [INFO    ] сохранение лог-файла
