2023-12-02 15:01:03,484 [INFO    ] Скрипт запущен: 2023-12-02 15:01:03.484403
2023-12-02 15:01:03,561 [INFO    ] Connected (version 2.0, client OpenSSH_7.4p1)
2023-12-02 15:01:03,616 [INFO    ] Authentication (publickey) failed.
2023-12-02 15:01:03,620 [INFO    ] Connected (version 2.0, client OpenSSH_7.4p1)
2023-12-02 15:01:03,696 [INFO    ] Authentication (password) successful!
2023-12-02 15:01:03,699 [INFO    ] connected to host 92.53.64.66 base preprod_nedvizhka_db
2023-12-02 15:01:03,950 [INFO    ] yandex token valid
2023-12-02 15:01:07,380 [INFO    ] Успешно загружено 1 файлов с личного диска: ['01-12-23 (без дублей).csv'] для avito
2023-12-02 15:01:07,562 [INFO    ] yandex token valid
2023-12-02 15:01:09,952 [INFO    ] Успешно загружено 1 файлов с личного диска: ['циан 01-12-23 (без дублей).csv'] для cian
2023-12-02 15:01:09,953 [INFO    ] ready to process files ['01-12-23 (без дублей).csv'], ['циан 01-12-23 (без дублей).csv']
2023-12-02 15:01:30,249 [INFO    ] обновлен status_new в таблице realty
2023-12-02 15:02:43,583 [INFO    ] обновлен status_new в таблице prices
2023-12-02 15:02:43,586 [INFO    ] обработка файла циан 01-12-23 (без дублей).csv для cian
2023-12-02 15:02:43,597 [ERROR   ] Traceback (most recent call last):
  File "/var/www/yadisk_loader/main_utils.py", line 971, in process_realty
    saved_file = pd.read_csv(saved_files[f_ind], delimiter=',', encoding='utf8')
  File "/var/www/yadisk_loader/yadisk_venv/lib/python3.9/site-packages/pandas/util/_decorators.py", line 211, in wrapper
    return func(*args, **kwargs)
  File "/var/www/yadisk_loader/yadisk_venv/lib/python3.9/site-packages/pandas/util/_decorators.py", line 331, in wrapper
    return func(*args, **kwargs)
  File "/var/www/yadisk_loader/yadisk_venv/lib/python3.9/site-packages/pandas/io/parsers/readers.py", line 950, in read_csv
    return _read(filepath_or_buffer, kwds)
  File "/var/www/yadisk_loader/yadisk_venv/lib/python3.9/site-packages/pandas/io/parsers/readers.py", line 611, in _read
    return parser.read(nrows)
  File "/var/www/yadisk_loader/yadisk_venv/lib/python3.9/site-packages/pandas/io/parsers/readers.py", line 1778, in read
    ) = self._engine.read(  # type: ignore[attr-defined]
  File "/var/www/yadisk_loader/yadisk_venv/lib/python3.9/site-packages/pandas/io/parsers/c_parser_wrapper.py", line 230, in read
    chunks = self._reader.read_low_memory(nrows)
  File "pandas/_libs/parsers.pyx", line 808, in pandas._libs.parsers.TextReader.read_low_memory
  File "pandas/_libs/parsers.pyx", line 866, in pandas._libs.parsers.TextReader._read_rows
  File "pandas/_libs/parsers.pyx", line 852, in pandas._libs.parsers.TextReader._tokenize_rows
  File "pandas/_libs/parsers.pyx", line 1973, in pandas._libs.parsers.raise_parser_error
pandas.errors.ParserError: Error tokenizing data. C error: Expected 6 fields in line 19, saw 7


2023-12-02 15:02:43,604 [ERROR   ] Файл циан 01-12-23 (без дублей).csv не удалось обнаружить для realty
2023-12-02 15:02:43,621 [ERROR   ] Ошибка при обработке файлов из CIAN циан 01-12-23 (без дублей).csv. Перезапуск скрипта...
2023-12-02 15:02:43,668 [INFO    ] обработка файла 01-12-23 (без дублей).csv для авито
2023-12-02 15:03:29,664 [INFO    ] Успешно обработан файл 01-12-23 (без дублей).csv для realty
2023-12-02 15:03:29,725 [INFO    ] Выгрузка в таблицу realty обработанного файла из авито: 01-12-23 (без дублей).csv
2023-12-02 15:03:30,028 [INFO    ] Временная таблица создана
2023-12-02 15:03:35,877 [INFO    ] Загрузка новых объявлений в таблицу
2023-12-02 15:03:36,314 [INFO    ] 173972 существующих и 4994 новых объявлений
2023-12-02 15:03:36,368 [INFO    ] temp таблица очищена, загружаются данные
2023-12-02 15:04:40,413 [INFO    ] обновлена таблица realty
2023-12-02 15:04:42,668 [INFO    ] обновлены районы в таблице realty
2023-12-02 15:04:51,428 [INFO    ] Обновление существующих данных realty завершено
2023-12-02 15:05:21,626 [INFO    ] из новых объяв найдено по адресу 1223, запрос в ddt для 1160 уник. адресов из 3771
2023-12-02 15:05:21,627 [INFO    ] обновление районов для найденных в realty по адресу новых объявлений:
2023-12-02 15:05:22,080 [INFO    ] обнаружено 560 районов для 915 новых объявлений, найденных по адресу из 1223
2023-12-02 15:05:22,093 [INFO    ] 360 районов осталось незаполнено
2023-12-02 15:05:22,095 [INFO    ] переход к обновлению оставшихся (не найденных по адресу) 3771 новых объявлений (1160 адресов) для avito
2023-12-02 15:05:22,114 [INFO    ] загрузка данных dadata из /var/www/yadisk_loader/saved_data_csv/avito_dadata_request.csv
2023-12-02 15:05:23,348 [INFO    ] удалось загрузить исторические данные dadata
2023-12-02 15:05:25,360 [INFO    ] количество запросов к dadata составит: 1160
2023-12-02 15:05:25,366 [INFO    ] 0%|          | 0/102 [00:00<?, ?it/s]
2023-12-02 15:05:28,987 [INFO    ] 1160it [00:03, 320.38it/s]
2023-12-02 15:05:28,987 [INFO    ] 
2023-12-02 15:05:28,987 [INFO    ] dadata con closed succesfully
2023-12-02 15:05:28,988 [INFO    ] обращение к DDT по 1074/1160 адресам из avito заняло 0:00:06.893562
2023-12-02 15:05:29,005 [INFO    ] обращение к DDT выполнено для 3300/3771 новых объявлений, найден fias для 1164
2023-12-02 15:06:33,302 [INFO    ] уникальных троек по h_fias_id, ad_id, d_id, в таблице с районами и houses_jkh_ddt/id: 3300
2023-12-02 15:06:33,306 [INFO    ] выгрузка данных в таблицу realty
2023-12-02 15:06:34,513 [INFO    ] Добавлено районов к объявлениям realty: 212 - было 0 стало 212
2023-12-02 15:06:34,513 [INFO    ] Есть несовпадения районов c jkh, обновление районов в jkh для 0 записей
2023-12-02 15:06:40,920 [INFO    ] Временная таблица temp_jkh_houses создана
2023-12-02 15:06:44,228 [INFO    ] Обновление данных jkh_houses завершено
2023-12-02 15:06:46,202 [INFO    ] все новые объявления добавлены
2023-12-02 15:06:48,606 [INFO    ] Успешно обработан файл 01-12-23 (без дублей).csv для prices
2023-12-02 15:06:48,606 [INFO    ] Выгрузка в таблицу prices обработанного файла из авито: 01-12-23 (без дублей).csv
2023-12-02 15:07:05,705 [INFO    ] данные avito загружены успешно
2023-12-02 15:07:06,153 [INFO    ] Новые данные загружены по файлам ['01-12-23 (без дублей).csv'] из авито и ['циан 01-12-23 (без дублей).csv'] из циана за 0:06:02.668804
2023-12-02 15:07:06,260 [INFO    ] HTTP Request: GET https://dadata.ru/api/v2/profile/balance "HTTP/1.1 200 OK"
2023-12-02 15:07:06,265 [INFO    ] сохранение лог-файла
