2023-09-21 14:05:09,430 [INFO    ] Скрипт запущен: 2023-09-21 14:05:09.430702
2023-09-21 14:05:09,463 [INFO    ] Connected (version 2.0, client OpenSSH_7.4p1)
2023-09-21 14:05:09,511 [INFO    ] Authentication (publickey) failed.
2023-09-21 14:05:09,514 [INFO    ] Connected (version 2.0, client OpenSSH_7.4p1)
2023-09-21 14:05:09,565 [INFO    ] Authentication (password) successful!
2023-09-21 14:05:09,580 [INFO    ] connected to host 92.53.64.66 base preprod_nedvizhka_db
2023-09-21 14:05:09,704 [INFO    ] yandex token valid
2023-09-21 14:05:12,472 [INFO    ] Успешно загружено 1 файлов с личного диска: ['20-09-23 (без дублей).csv'] для avito
2023-09-21 14:05:12,658 [INFO    ] yandex token valid
2023-09-21 14:05:14,628 [INFO    ] Успешно загружено 1 файлов с личного диска: ['циан 20-09-23 (без дублей).csv'] для cian
2023-09-21 14:05:14,628 [INFO    ] ready to process files ['20-09-23 (без дублей).csv'], ['циан 20-09-23 (без дублей).csv']
2023-09-21 14:05:15,925 [INFO    ] обновлен status_new в таблице realty
2023-09-21 14:05:17,379 [INFO    ] обновлен status_new в таблице prices
2023-09-21 14:05:17,380 [INFO    ] обработка файла циан 20-09-23 (без дублей).csv для cian
2023-09-21 14:05:18,406 [INFO    ] обработка district_id:
2023-09-21 14:05:18,408 [INFO    ] districts_update:   0%|          | 0/108390 [00:00<?, ?it/s]
2023-09-21 14:05:33,408 [INFO    ] districts_update:  13%|#3        | 14293/108390 [00:15<01:38, 952.84it/s]
2023-09-21 14:05:48,409 [INFO    ] districts_update:  28%|##8       | 30400/108390 [00:30<01:16, 1023.95it/s]
2023-09-21 14:06:00,327 [INFO    ] districts_update:  38%|###8      | 41677/108390 [00:41<01:05, 1023.95it/s]
2023-09-21 14:06:03,410 [INFO    ] districts_update:  41%|####1     | 44591/108390 [00:45<01:04, 988.38it/s]
2023-09-21 14:06:18,410 [INFO    ] districts_update:  54%|#####4    | 58975/108390 [01:00<00:50, 976.73it/s]
2023-09-21 14:06:30,371 [INFO    ] districts_update:  67%|######6   | 72519/108390 [01:11<00:36, 976.73it/s]
2023-09-21 14:06:33,411 [INFO    ] districts_update:  70%|#######   | 76044/108390 [01:15<00:31, 1034.84it/s]
2023-09-21 14:06:50,393 [INFO    ] districts_update:  86%|########5 | 92867/108390 [01:31<00:15, 1034.84it/s]
2023-09-21 14:06:50,393 [INFO    ] districts_update:  86%|########5 | 92868/108390 [01:31<00:15, 1018.58it/s]
2023-09-21 14:07:00,396 [INFO    ] districts_update:  95%|#########5| 103510/108390 [01:41<00:04, 1018.58it/s]
2023-09-21 14:07:04,900 [INFO    ] districts_update: 100%|##########| 108390/108390 [01:46<00:00, 1017.82it/s]
2023-09-21 14:07:04,901 [INFO    ] 
2023-09-21 14:07:04,907 [INFO    ] district add from realty
2023-09-21 14:07:05,987 [INFO    ] Успешно обработан файл циан 20-09-23 (без дублей).csv для realty
2023-09-21 14:07:06,031 [INFO    ] Выгрузка в таблицу realty обработанного файла из cian: циан 20-09-23 (без дублей).csv
2023-09-21 14:07:06,211 [INFO    ] Временная таблица очищена
2023-09-21 14:07:14,140 [INFO    ] Загрузка новых объявлений в таблицу
2023-09-21 14:07:14,342 [INFO    ] 103305 существующих и 5085 новых объявлений
2023-09-21 14:07:14,387 [INFO    ] temp таблица очищена, загружаются данные
2023-09-21 14:07:53,805 [INFO    ] обновлена таблица realty
2023-09-21 14:08:08,917 [INFO    ] обновлены районы в таблице realty
2023-09-21 14:08:11,214 [INFO    ] Обновление существующих данных realty завершено
2023-09-21 14:08:36,137 [INFO    ] из новых объяв найдено по адресу 2170, запрос в ddt для 1100 уник. адресов из 2915
2023-09-21 14:08:36,138 [INFO    ] обновление районов для найденных в realty по адресу новых объявлений:
2023-09-21 14:08:36,372 [INFO    ] обнаружено 129 районов для 129 новых объявлений, найденных по адресу из 160
2023-09-21 14:08:36,377 [INFO    ] 108 районов осталось незаполнено
2023-09-21 14:08:36,378 [INFO    ] переход к обновлению оставшихся (не найденных по адресу) 2915 новых объявлений (1100 адресов) для cian
2023-09-21 14:08:36,391 [INFO    ] загрузка данных dadata из /var/www/yadisk_loader/saved_data_csv/cian_dadata_request.csv
2023-09-21 14:08:36,819 [INFO    ] удалось загрузить исторические данные dadata
2023-09-21 14:08:38,826 [INFO    ] количество запросов к dadata составит: 1100
2023-09-21 14:08:38,827 [INFO    ] 0%|          | 0/201 [00:00<?, ?it/s]
2023-09-21 14:08:41,213 [INFO    ] 1100it [00:02, 462.11it/s]
2023-09-21 14:08:41,213 [INFO    ] 
2023-09-21 14:08:41,213 [INFO    ] dadata con closed succesfully
2023-09-21 14:08:41,214 [INFO    ] обращение к DDT по 899/1100 адресам из cian заняло 0:00:04.836301
2023-09-21 14:08:41,228 [INFO    ] обращение к DDT выполнено для 1755/2915 новых объявлений, найден fias для 1275
2023-09-21 14:09:09,748 [INFO    ] уникальных троек по h_fias_id, ad_id, d_id, в таблице с районами и houses_jkh_ddt/id: 1755
2023-09-21 14:09:09,751 [INFO    ] выгрузка данных в таблицу realty
2023-09-21 14:09:10,708 [INFO    ] Добавлено районов к объявлениям realty: 3 - было 2256 стало 2259
2023-09-21 14:09:10,708 [INFO    ] Есть несовпадения районов c jkh, обновление районов в jkh для 6 записей
2023-09-21 14:09:13,892 [INFO    ] Временная таблица temp_jkh_houses очищена
2023-09-21 14:09:17,201 [INFO    ] Обновление данных jkh_houses завершено
2023-09-21 14:09:19,120 [INFO    ] все новые объявления добавлены
2023-09-21 14:09:20,365 [INFO    ] Успешно обработан файл циан 20-09-23 (без дублей).csv для prices
2023-09-21 14:09:20,365 [INFO    ] Выгрузка в таблицу prices обработанного файла из cian: циан 20-09-23 (без дублей).csv
2023-09-21 14:09:30,533 [INFO    ] данные cian загружены успешно
2023-09-21 14:09:30,618 [INFO    ] обработка файла 20-09-23 (без дублей).csv для авито
2023-09-21 14:10:14,225 [INFO    ] Успешно обработан файл 20-09-23 (без дублей).csv для realty
2023-09-21 14:10:14,303 [INFO    ] Выгрузка в таблицу realty обработанного файла из авито: 20-09-23 (без дублей).csv
2023-09-21 14:10:14,391 [INFO    ] Временная таблица очищена
2023-09-21 14:10:16,795 [INFO    ] Загрузка новых объявлений в таблицу
2023-09-21 14:10:16,918 [INFO    ] 159240 существующих и 19074 новых объявлений
2023-09-21 14:10:16,963 [INFO    ] temp таблица очищена, загружаются данные
2023-09-21 14:11:04,359 [INFO    ] обновлена таблица realty
2023-09-21 14:11:06,393 [INFO    ] обновлены районы в таблице realty
2023-09-21 14:11:12,018 [INFO    ] Обновление существующих данных realty завершено
2023-09-21 14:11:35,480 [INFO    ] из новых объяв найдено по адресу 5930, запрос в ddt для 3357 уник. адресов из 13144
2023-09-21 14:11:35,482 [INFO    ] обновление районов для найденных в realty по адресу новых объявлений:
2023-09-21 14:11:35,720 [INFO    ] обнаружено 2701 районов для 2701 новых объявлений, найденных по адресу из 5930
2023-09-21 14:11:35,728 [INFO    ] 116 районов осталось незаполнено
2023-09-21 14:11:35,731 [INFO    ] переход к обновлению оставшихся (не найденных по адресу) 13144 новых объявлений (3357 адресов) для avito
2023-09-21 14:11:35,745 [INFO    ] загрузка данных dadata из /var/www/yadisk_loader/saved_data_csv/avito_dadata_request.csv
2023-09-21 14:11:36,627 [INFO    ] удалось загрузить исторические данные dadata
2023-09-21 14:11:38,638 [INFO    ] количество запросов к dadata составит: 3357
2023-09-21 14:11:38,640 [INFO    ] 0%|          | 0/176 [00:00<?, ?it/s]
2023-09-21 14:11:47,332 [INFO    ] 3357it [00:08, 386.24it/s]
2023-09-21 14:11:47,332 [INFO    ] 
2023-09-21 14:11:47,332 [INFO    ] dadata con closed succesfully
2023-09-21 14:11:47,335 [INFO    ] обращение к DDT по 3181/3357 адресам из avito заняло 0:00:11.603609
2023-09-21 14:11:47,376 [INFO    ] обращение к DDT выполнено для 11207/13144 новых объявлений, найден fias для 7179
2023-09-21 14:12:14,696 [INFO    ] уникальных троек по h_fias_id, ad_id, d_id, в таблице с районами и houses_jkh_ddt/id: 11207
2023-09-21 14:12:14,698 [INFO    ] выгрузка данных в таблицу realty
2023-09-21 14:12:18,801 [INFO    ] Добавлено районов к объявлениям realty: 1062 - было 0 стало 1062
2023-09-21 14:12:18,801 [INFO    ] Есть несовпадения районов c jkh, обновление районов в jkh для 0 записей
2023-09-21 14:12:21,895 [INFO    ] Временная таблица temp_jkh_houses очищена
2023-09-21 14:12:25,084 [INFO    ] Обновление данных jkh_houses завершено
2023-09-21 14:12:31,346 [INFO    ] все новые объявления добавлены
2023-09-21 14:12:33,421 [INFO    ] Успешно обработан файл 20-09-23 (без дублей).csv для prices
2023-09-21 14:12:33,421 [INFO    ] Выгрузка в таблицу prices обработанного файла из авито: 20-09-23 (без дублей).csv
2023-09-21 14:12:48,490 [INFO    ] данные avito загружены успешно
2023-09-21 14:12:48,920 [INFO    ] Новые данные загружены по файлам ['20-09-23 (без дублей).csv'] из авито и ['циан 20-09-23 (без дублей).csv'] из циана за 0:07:39.490228
2023-09-21 14:12:48,989 [INFO    ] HTTP Request: GET https://dadata.ru/api/v2/profile/balance "HTTP/1.1 200 OK"
2023-09-21 14:12:48,991 [INFO    ] сохранение лог-файла
