2023-12-07 15:31:00,112 [INFO    ] Скрипт запущен: 2023-12-07 15:31:00.112682
2023-12-07 15:31:00,147 [INFO    ] Connected (version 2.0, client OpenSSH_7.4p1)
2023-12-07 15:31:00,208 [INFO    ] Authentication (publickey) failed.
2023-12-07 15:31:00,223 [INFO    ] Connected (version 2.0, client OpenSSH_7.4p1)
2023-12-07 15:31:00,315 [INFO    ] Authentication (password) successful!
2023-12-07 15:31:00,412 [INFO    ] connected to host 92.53.64.66 base preprod_nedvizhka_db
2023-12-07 15:31:00,614 [INFO    ] yandex token valid
2023-12-07 15:31:04,135 [INFO    ] Успешно загружено 1 файлов с личного диска: ['06-12-23 (без дублей).csv'] для avito
2023-12-07 15:31:04,570 [INFO    ] yandex token valid
2023-12-07 15:31:06,972 [INFO    ] Успешно загружено 1 файлов с личного диска: ['циан 06-12-23 (без дублей).csv'] для cian
2023-12-07 15:31:06,973 [INFO    ] ready to process files ['06-12-23 (без дублей).csv'], ['циан 06-12-23 (без дублей).csv']
2023-12-07 15:31:18,437 [INFO    ] обновлен status_new в таблице realty
2023-12-07 15:32:35,059 [INFO    ] обновлен status_new в таблице prices
2023-12-07 15:32:35,061 [INFO    ] обработка файла циан 06-12-23 (без дублей).csv для cian
2023-12-07 15:32:36,402 [INFO    ] обработка district_id:
2023-12-07 15:32:36,415 [INFO    ] districts_update:   0%|          | 0/121844 [00:00<?, ?it/s]
2023-12-07 15:32:51,416 [INFO    ] districts_update:  12%|#1        | 14049/121844 [00:15<01:55, 936.57it/s]
2023-12-07 15:33:06,417 [INFO    ] districts_update:  24%|##3       | 28701/121844 [00:30<01:37, 960.21it/s]
2023-12-07 15:33:16,478 [INFO    ] districts_update:  33%|###2      | 39757/121844 [00:40<01:25, 960.21it/s]
2023-12-07 15:33:21,418 [INFO    ] districts_update:  37%|###6      | 44784/121844 [00:45<01:16, 1011.32it/s]
2023-12-07 15:33:36,490 [INFO    ] districts_update:  49%|####9     | 59808/121844 [01:00<01:01, 1011.32it/s]
2023-12-07 15:33:36,490 [INFO    ] districts_update:  49%|####9     | 59809/121844 [01:00<01:01, 1005.58it/s]
2023-12-07 15:33:46,491 [INFO    ] districts_update:  57%|#####7    | 69682/121844 [01:10<00:51, 1005.58it/s]
2023-12-07 15:33:51,491 [INFO    ] districts_update:  62%|######1   | 75012/121844 [01:15<00:46, 1008.44it/s]
2023-12-07 15:34:06,498 [INFO    ] districts_update:  74%|#######3  | 89811/121844 [01:30<00:31, 1008.44it/s]
2023-12-07 15:34:06,499 [INFO    ] districts_update:  74%|#######3  | 89812/121844 [01:30<00:32, 1000.86it/s]
2023-12-07 15:34:16,500 [INFO    ] districts_update:  82%|########2 | 100431/121844 [01:40<00:21, 1000.86it/s]
2023-12-07 15:34:21,499 [INFO    ] districts_update:  86%|########6 | 105324/121844 [01:45<00:16, 1011.72it/s]
2023-12-07 15:34:36,505 [INFO    ] districts_update:  99%|#########8| 120456/121844 [02:00<00:01, 1011.72it/s]
2023-12-07 15:34:36,506 [INFO    ] districts_update:  99%|#########8| 120457/121844 [02:00<00:01, 1010.67it/s]
2023-12-07 15:34:37,945 [INFO    ] districts_update: 100%|##########| 121844/121844 [02:01<00:00, 1002.59it/s]
2023-12-07 15:34:37,945 [INFO    ] 
2023-12-07 15:34:37,953 [INFO    ] district add from realty
2023-12-07 15:34:39,989 [INFO    ] Успешно обработан файл циан 06-12-23 (без дублей).csv для realty
2023-12-07 15:34:39,996 [INFO    ] Выгрузка в таблицу realty обработанного файла из cian: циан 06-12-23 (без дублей).csv
2023-12-07 15:34:40,418 [INFO    ] Временная таблица создана
2023-12-07 15:34:54,471 [INFO    ] Загрузка новых объявлений в таблицу
2023-12-07 15:34:54,721 [INFO    ] 110393 существующих и 11451 новых объявлений
2023-12-07 15:34:54,777 [INFO    ] temp таблица очищена, загружаются данные
2023-12-07 15:35:53,927 [INFO    ] обновлена таблица realty
2023-12-07 15:36:22,184 [INFO    ] обновлены районы в таблице realty
2023-12-07 15:36:25,582 [INFO    ] Обновление существующих данных realty завершено
2023-12-07 15:37:01,513 [INFO    ] из новых объяв найдено по адресу 4343, запрос в ddt для 2631 уник. адресов из 7108
2023-12-07 15:37:01,514 [INFO    ] обновление районов для найденных в realty по адресу новых объявлений:
2023-12-07 15:37:01,806 [INFO    ] обнаружено 185 районов для 236 новых объявлений, найденных по адресу из 442
2023-12-07 15:37:01,830 [INFO    ] 138 районов осталось незаполнено
2023-12-07 15:37:01,834 [INFO    ] переход к обновлению оставшихся (не найденных по адресу) 7108 новых объявлений (2631 адресов) для cian
2023-12-07 15:37:01,855 [INFO    ] загрузка данных dadata из /var/www/yadisk_loader/saved_data_csv/cian_dadata_request.csv
2023-12-07 15:37:02,707 [INFO    ] удалось загрузить исторические данные dadata
2023-12-07 15:37:04,726 [INFO    ] количество запросов к dadata составит: 2631
2023-12-07 15:37:04,732 [INFO    ] 0%|          | 0/420 [00:00<?, ?it/s]
2023-12-07 15:37:13,138 [INFO    ] 2631it [00:08, 312.99it/s]
2023-12-07 15:37:13,138 [INFO    ] 
2023-12-07 15:37:13,138 [INFO    ] dadata con closed succesfully
2023-12-07 15:37:13,141 [INFO    ] обращение к DDT по 2226/2631 адресам из cian заняло 0:00:11.306587
2023-12-07 15:37:13,168 [INFO    ] обращение к DDT выполнено для 5009/7108 новых объявлений, найден fias для 3779
2023-12-07 15:39:39,666 [INFO    ] уникальных троек по h_fias_id, ad_id, d_id, в таблице с районами и houses_jkh_ddt/id: 5009
2023-12-07 15:39:39,687 [INFO    ] выгрузка данных в таблицу realty
2023-12-07 15:39:42,052 [INFO    ] Добавлено районов к объявлениям realty: 14 - было 5154 стало 5168
2023-12-07 15:39:42,052 [INFO    ] Есть несовпадения районов c jkh, обновление районов в jkh для 35 записей
2023-12-07 15:39:48,394 [INFO    ] Временная таблица temp_jkh_houses создана
2023-12-07 15:39:51,714 [INFO    ] Обновление данных jkh_houses завершено
2023-12-07 15:39:56,633 [INFO    ] все новые объявления добавлены
2023-12-07 15:40:00,411 [INFO    ] Успешно обработан файл циан 06-12-23 (без дублей).csv для prices
2023-12-07 15:40:00,411 [INFO    ] Выгрузка в таблицу prices обработанного файла из cian: циан 06-12-23 (без дублей).csv
2023-12-07 15:40:24,458 [INFO    ] данные cian загружены успешно
2023-12-07 15:40:24,542 [INFO    ] обработка файла 06-12-23 (без дублей).csv для авито
2023-12-07 15:41:21,112 [INFO    ] Успешно обработан файл 06-12-23 (без дублей).csv для realty
2023-12-07 15:41:21,167 [INFO    ] Выгрузка в таблицу realty обработанного файла из авито: 06-12-23 (без дублей).csv
2023-12-07 15:41:21,317 [INFO    ] Временная таблица очищена
2023-12-07 15:41:31,015 [INFO    ] Загрузка новых объявлений в таблицу
2023-12-07 15:41:31,201 [INFO    ] 170047 существующих и 24594 новых объявлений
2023-12-07 15:41:31,251 [INFO    ] temp таблица очищена, загружаются данные
2023-12-07 15:43:20,999 [INFO    ] обновлена таблица realty
2023-12-07 15:43:22,899 [INFO    ] обновлены районы в таблице realty
2023-12-07 15:43:32,687 [INFO    ] Обновление существующих данных realty завершено
2023-12-07 15:44:15,616 [INFO    ] из новых объяв найдено по адресу 3982, запрос в ddt для 2435 уник. адресов из 20612
2023-12-07 15:44:15,620 [INFO    ] обновление районов для найденных в realty по адресу новых объявлений:
2023-12-07 15:44:16,537 [INFO    ] обнаружено 1250 районов для 2087 новых объявлений, найденных по адресу из 3982
2023-12-07 15:44:16,547 [INFO    ] 848 районов осталось незаполнено
2023-12-07 15:44:16,551 [INFO    ] переход к обновлению оставшихся (не найденных по адресу) 20612 новых объявлений (2435 адресов) для avito
2023-12-07 15:44:16,578 [INFO    ] загрузка данных dadata из /var/www/yadisk_loader/saved_data_csv/avito_dadata_request.csv
2023-12-07 15:44:18,583 [INFO    ] удалось загрузить исторические данные dadata
2023-12-07 15:44:20,609 [INFO    ] количество запросов к dadata составит: 2435
2023-12-07 15:44:20,620 [INFO    ] 0%|          | 0/182 [00:00<?, ?it/s]
2023-12-07 15:44:29,955 [INFO    ] 2435it [00:09, 260.84it/s]
2023-12-07 15:44:29,955 [INFO    ] 
2023-12-07 15:44:29,955 [INFO    ] dadata con closed succesfully
2023-12-07 15:44:29,959 [INFO    ] обращение к DDT по 2290/2435 адресам из avito заняло 0:00:13.407976
2023-12-07 15:44:30,029 [INFO    ] обращение к DDT выполнено для 17847/20612 новых объявлений, найден fias для 7850
2023-12-07 15:48:11,690 [INFO    ] уникальных троек по h_fias_id, ad_id, d_id, в таблице с районами и houses_jkh_ddt/id: 17847
2023-12-07 15:48:11,704 [INFO    ] выгрузка данных в таблицу realty
2023-12-07 15:48:18,618 [INFO    ] Добавлено районов к объявлениям realty: 614 - было 0 стало 614
2023-12-07 15:48:18,618 [INFO    ] Есть несовпадения районов c jkh, обновление районов в jkh для 0 записей
2023-12-07 15:48:21,811 [INFO    ] Временная таблица temp_jkh_houses очищена
2023-12-07 15:48:25,268 [INFO    ] Обновление данных jkh_houses завершено
2023-12-07 15:48:34,444 [INFO    ] все новые объявления добавлены
2023-12-07 15:48:37,407 [INFO    ] Успешно обработан файл 06-12-23 (без дублей).csv для prices
2023-12-07 15:48:37,407 [INFO    ] Выгрузка в таблицу prices обработанного файла из авито: 06-12-23 (без дублей).csv
2023-12-07 15:49:28,479 [INFO    ] данные avito загружены успешно
2023-12-07 15:49:28,900 [INFO    ] Новые данные загружены по файлам ['06-12-23 (без дублей).csv'] из авито и ['циан 06-12-23 (без дублей).csv'] из циана за 0:18:28.788038
2023-12-07 15:49:29,012 [INFO    ] HTTP Request: GET https://dadata.ru/api/v2/profile/balance "HTTP/1.1 200 OK"
2023-12-07 15:49:29,017 [INFO    ] сохранение лог-файла
