2023-12-12 15:00:30,126 [INFO    ] Скрипт запущен: 2023-12-12 15:00:30.125979
2023-12-12 15:00:30,172 [INFO    ] Connected (version 2.0, client OpenSSH_7.4p1)
2023-12-12 15:00:30,232 [INFO    ] Authentication (publickey) failed.
2023-12-12 15:00:30,236 [INFO    ] Connected (version 2.0, client OpenSSH_7.4p1)
2023-12-12 15:00:30,286 [INFO    ] Authentication (password) successful!
2023-12-12 15:00:30,286 [INFO    ] connected to host 92.53.64.66 base preprod_nedvizhka_db
2023-12-12 15:00:30,523 [INFO    ] yandex token valid
2023-12-12 15:00:34,095 [INFO    ] Успешно загружено 1 файлов с личного диска: ['11-12-23 (без дублей).csv'] для avito
2023-12-12 15:00:34,440 [INFO    ] yandex token valid
2023-12-12 15:00:36,621 [INFO    ] Успешно загружено 1 файлов с личного диска: ['циан 11-12-23 (без дублей).csv'] для cian
2023-12-12 15:00:36,621 [INFO    ] ready to process files ['11-12-23 (без дублей).csv'], ['циан 11-12-23 (без дублей).csv']
2023-12-12 15:01:00,772 [INFO    ] обновлен status_new в таблице realty
2023-12-12 15:02:01,514 [INFO    ] обновлен status_new в таблице prices
2023-12-12 15:02:01,517 [INFO    ] обработка файла циан 11-12-23 (без дублей).csv для cian
2023-12-12 15:02:02,845 [INFO    ] обработка district_id:
2023-12-12 15:02:02,846 [INFO    ] districts_update:   0%|          | 0/119418 [00:00<?, ?it/s]
2023-12-12 15:02:17,846 [INFO    ] districts_update:  12%|#1        | 13992/119418 [00:15<01:53, 932.80it/s]
2023-12-12 15:02:28,428 [INFO    ] districts_update:  20%|#9        | 23614/119418 [00:25<01:42, 932.80it/s]
2023-12-12 15:02:32,847 [INFO    ] districts_update:  24%|##3       | 28429/119418 [00:30<01:35, 950.22it/s]
2023-12-12 15:02:47,847 [INFO    ] districts_update:  37%|###7      | 44337/119418 [00:45<01:15, 1000.59it/s]
2023-12-12 15:02:58,471 [INFO    ] districts_update:  46%|####5     | 54840/119418 [00:55<01:04, 1000.59it/s]
2023-12-12 15:03:02,848 [INFO    ] districts_update:  50%|####9     | 59254/119418 [01:00<01:00, 998.15it/s]
2023-12-12 15:03:18,018 [INFO    ] districts_update:  62%|######2   | 74171/119418 [01:15<00:45, 992.77it/s]
2023-12-12 15:03:28,478 [INFO    ] districts_update:  71%|#######   | 84236/119418 [01:25<00:35, 992.77it/s]
2023-12-12 15:03:33,018 [INFO    ] districts_update:  74%|#######4  | 88439/119418 [01:30<00:31, 978.66it/s]
2023-12-12 15:03:48,019 [INFO    ] districts_update:  87%|########6 | 103644/119418 [01:45<00:15, 990.07it/s]
2023-12-12 15:03:58,491 [INFO    ] districts_update:  95%|#########5| 113830/119418 [01:55<00:05, 990.07it/s]
2023-12-12 15:04:03,019 [INFO    ] districts_update:  99%|#########9| 118431/119418 [02:00<00:00, 988.70it/s]
2023-12-12 15:04:04,034 [INFO    ] districts_update: 100%|##########| 119418/119418 [02:01<00:00, 985.40it/s]
2023-12-12 15:04:04,034 [INFO    ] 
2023-12-12 15:04:04,042 [INFO    ] district add from realty
2023-12-12 15:04:05,802 [INFO    ] Успешно обработан файл циан 11-12-23 (без дублей).csv для realty
2023-12-12 15:04:05,819 [INFO    ] Выгрузка в таблицу realty обработанного файла из cian: циан 11-12-23 (без дублей).csv
2023-12-12 15:04:06,254 [INFO    ] Временная таблица создана
2023-12-12 15:04:22,973 [INFO    ] Загрузка новых объявлений в таблицу
2023-12-12 15:04:23,231 [INFO    ] 116868 существующих и 2550 новых объявлений
2023-12-12 15:04:23,276 [INFO    ] temp таблица очищена, загружаются данные
2023-12-12 15:06:06,578 [INFO    ] обновлена таблица realty
2023-12-12 15:06:35,617 [INFO    ] обновлены районы в таблице realty
2023-12-12 15:06:53,744 [INFO    ] Обновление существующих данных realty завершено
2023-12-12 15:07:30,199 [INFO    ] из новых объяв найдено по адресу 747, запрос в ddt для 740 уник. адресов из 1803
2023-12-12 15:07:30,199 [INFO    ] обновление районов для найденных в realty по адресу новых объявлений:
2023-12-12 15:07:30,220 [INFO    ] обнаружено 31 районов для 38 новых объявлений, найденных по адресу из 45
2023-12-12 15:07:30,225 [INFO    ] 19 районов осталось незаполнено
2023-12-12 15:07:30,226 [INFO    ] переход к обновлению оставшихся (не найденных по адресу) 1803 новых объявлений (740 адресов) для cian
2023-12-12 15:07:30,239 [INFO    ] загрузка данных dadata из /var/www/yadisk_loader/saved_data_csv/cian_dadata_request.csv
2023-12-12 15:07:31,018 [INFO    ] удалось загрузить исторические данные dadata
2023-12-12 15:07:33,027 [INFO    ] количество запросов к dadata составит: 740
2023-12-12 15:07:33,028 [INFO    ] 0%|          | 0/190 [00:00<?, ?it/s]
2023-12-12 15:07:35,125 [INFO    ] 740it [00:02, 352.85it/s]
2023-12-12 15:07:35,125 [INFO    ] 
2023-12-12 15:07:35,125 [INFO    ] dadata con closed succesfully
2023-12-12 15:07:35,126 [INFO    ] обращение к DDT по 552/740 адресам из cian заняло 0:00:04.900103
2023-12-12 15:07:35,138 [INFO    ] обращение к DDT выполнено для 976/1803 новых объявлений, найден fias для 660
2023-12-12 15:08:32,085 [INFO    ] уникальных троек по h_fias_id, ad_id, d_id, в таблице с районами и houses_jkh_ddt/id: 976
2023-12-12 15:08:32,086 [INFO    ] выгрузка данных в таблицу realty
2023-12-12 15:08:32,663 [INFO    ] Добавлено районов к объявлениям realty: 1 - было 1298 стало 1299
2023-12-12 15:08:32,663 [INFO    ] Есть несовпадения районов c jkh, обновление районов в jkh для 1 записей
2023-12-12 15:08:38,956 [INFO    ] Временная таблица temp_jkh_houses создана
2023-12-12 15:08:42,211 [INFO    ] Обновление данных jkh_houses завершено
2023-12-12 15:08:43,418 [INFO    ] все новые объявления добавлены
2023-12-12 15:08:44,841 [INFO    ] Успешно обработан файл циан 11-12-23 (без дублей).csv для prices
2023-12-12 15:08:44,841 [INFO    ] Выгрузка в таблицу prices обработанного файла из cian: циан 11-12-23 (без дублей).csv
2023-12-12 15:08:58,315 [INFO    ] данные cian загружены успешно
2023-12-12 15:08:58,409 [INFO    ] обработка файла 11-12-23 (без дублей).csv для авито
2023-12-12 15:09:43,204 [INFO    ] Успешно обработан файл 11-12-23 (без дублей).csv для realty
2023-12-12 15:09:43,264 [INFO    ] Выгрузка в таблицу realty обработанного файла из авито: 11-12-23 (без дублей).csv
2023-12-12 15:09:43,395 [INFO    ] Временная таблица очищена
2023-12-12 15:09:49,056 [INFO    ] Загрузка новых объявлений в таблицу
2023-12-12 15:09:49,248 [INFO    ] 169620 существующих и 3716 новых объявлений
2023-12-12 15:09:49,291 [INFO    ] temp таблица очищена, загружаются данные
2023-12-12 15:11:46,476 [INFO    ] обновлена таблица realty
2023-12-12 15:11:48,545 [INFO    ] обновлены районы в таблице realty
2023-12-12 15:12:15,308 [INFO    ] Обновление существующих данных realty завершено
2023-12-12 15:12:50,026 [INFO    ] из новых объяв найдено по адресу 963, запрос в ddt для 1002 уник. адресов из 2753
2023-12-12 15:12:50,027 [INFO    ] обновление районов для найденных в realty по адресу новых объявлений:
2023-12-12 15:12:50,367 [INFO    ] обнаружено 489 районов для 771 новых объявлений, найденных по адресу из 963
2023-12-12 15:12:50,372 [INFO    ] 290 районов осталось незаполнено
2023-12-12 15:12:50,373 [INFO    ] переход к обновлению оставшихся (не найденных по адресу) 2753 новых объявлений (1002 адресов) для avito
2023-12-12 15:12:50,395 [INFO    ] загрузка данных dadata из /var/www/yadisk_loader/saved_data_csv/avito_dadata_request.csv
2023-12-12 15:12:51,653 [INFO    ] удалось загрузить исторические данные dadata
2023-12-12 15:12:53,664 [INFO    ] количество запросов к dadata составит: 1002
2023-12-12 15:12:53,669 [INFO    ] 0%|          | 0/72 [00:00<?, ?it/s]
2023-12-12 15:12:57,350 [INFO    ] 1002it [00:03, 272.20it/s]
2023-12-12 15:12:57,350 [INFO    ] 
2023-12-12 15:12:57,350 [INFO    ] dadata con closed succesfully
2023-12-12 15:12:57,351 [INFO    ] обращение к DDT по 940/1002 адресам из avito заняло 0:00:06.978485
2023-12-12 15:12:57,366 [INFO    ] обращение к DDT выполнено для 2559/2753 новых объявлений, найден fias для 1133
2023-12-12 15:13:56,448 [INFO    ] уникальных троек по h_fias_id, ad_id, d_id, в таблице с районами и houses_jkh_ddt/id: 2559
2023-12-12 15:13:56,449 [INFO    ] выгрузка данных в таблицу realty
2023-12-12 15:13:57,323 [INFO    ] Добавлено районов к объявлениям realty: 338 - было 0 стало 338
2023-12-12 15:13:57,323 [INFO    ] Есть несовпадения районов c jkh, обновление районов в jkh для 0 записей
2023-12-12 15:14:00,464 [INFO    ] Временная таблица temp_jkh_houses очищена
2023-12-12 15:14:03,695 [INFO    ] Обновление данных jkh_houses завершено
2023-12-12 15:14:05,171 [INFO    ] все новые объявления добавлены
2023-12-12 15:14:07,247 [INFO    ] Успешно обработан файл 11-12-23 (без дублей).csv для prices
2023-12-12 15:14:07,247 [INFO    ] Выгрузка в таблицу prices обработанного файла из авито: 11-12-23 (без дублей).csv
2023-12-12 15:14:25,793 [INFO    ] данные avito загружены успешно
2023-12-12 15:14:26,248 [INFO    ] Новые данные загружены по файлам ['11-12-23 (без дублей).csv'] из авито и ['циан 11-12-23 (без дублей).csv'] из циана за 0:13:56.122397
2023-12-12 15:14:26,335 [INFO    ] HTTP Request: GET https://dadata.ru/api/v2/profile/balance "HTTP/1.1 200 OK"
2023-12-12 15:14:26,337 [INFO    ] сохранение лог-файла
