2023-10-08 15:01:26,932 [INFO    ] Скрипт запущен: 2023-10-08 15:01:26.932722
2023-10-08 15:01:26,974 [INFO    ] Connected (version 2.0, client OpenSSH_7.4p1)
2023-10-08 15:01:27,032 [INFO    ] Authentication (publickey) failed.
2023-10-08 15:01:27,035 [INFO    ] Connected (version 2.0, client OpenSSH_7.4p1)
2023-10-08 15:01:27,085 [INFO    ] Authentication (password) successful!
2023-10-08 15:01:27,110 [INFO    ] connected to host 92.53.64.66 base preprod_nedvizhka_db
2023-10-08 15:01:27,279 [INFO    ] yandex token valid
2023-10-08 15:01:29,754 [INFO    ] Успешно загружено 1 файлов с личного диска: ['07-10-23 (без дублей).csv'] для avito
2023-10-08 15:01:29,919 [INFO    ] yandex token valid
2023-10-08 15:01:32,104 [INFO    ] Успешно загружено 1 файлов с личного диска: ['циан 07-10-23 (без дублей).csv'] для cian
2023-10-08 15:01:32,104 [INFO    ] ready to process files ['07-10-23 (без дублей).csv'], ['циан 07-10-23 (без дублей).csv']
2023-10-08 15:01:38,314 [INFO    ] обновлен status_new в таблице realty
2023-10-08 15:02:23,829 [INFO    ] обновлен status_new в таблице prices
2023-10-08 15:02:23,836 [INFO    ] обработка файла циан 07-10-23 (без дублей).csv для cian
2023-10-08 15:02:25,026 [INFO    ] обработка district_id:
2023-10-08 15:02:25,031 [INFO    ] districts_update:   0%|          | 0/112432 [00:00<?, ?it/s]
2023-10-08 15:02:40,031 [INFO    ] districts_update:  13%|#2        | 14111/112432 [00:15<01:44, 940.71it/s]
2023-10-08 15:02:55,032 [INFO    ] districts_update:  26%|##6       | 29418/112432 [00:30<01:24, 987.62it/s]
2023-10-08 15:03:05,049 [INFO    ] districts_update:  36%|###5      | 40227/112432 [00:40<01:13, 987.62it/s]
2023-10-08 15:03:10,033 [INFO    ] districts_update:  40%|####      | 45339/112432 [00:45<01:05, 1021.28it/s]
2023-10-08 15:03:25,055 [INFO    ] districts_update:  54%|#####3    | 60503/112432 [01:00<00:50, 1021.28it/s]
2023-10-08 15:03:25,056 [INFO    ] districts_update:  54%|#####3    | 60504/112432 [01:00<00:51, 1016.61it/s]
2023-10-08 15:03:35,058 [INFO    ] districts_update:  63%|######2   | 70448/112432 [01:10<00:41, 1016.61it/s]
2023-10-08 15:03:40,056 [INFO    ] districts_update:  67%|######7   | 75518/112432 [01:15<00:36, 1010.93it/s]
2023-10-08 15:03:55,057 [INFO    ] districts_update:  81%|########  | 90738/112432 [01:30<00:21, 1012.18it/s]
2023-10-08 15:04:05,063 [INFO    ] districts_update:  90%|########9 | 100826/112432 [01:40<00:11, 1012.18it/s]
2023-10-08 15:04:10,058 [INFO    ] districts_update:  94%|#########4| 105758/112432 [01:45<00:06, 1008.61it/s]
2023-10-08 15:04:16,649 [INFO    ] districts_update: 100%|##########| 112432/112432 [01:51<00:00, 1007.29it/s]
2023-10-08 15:04:16,650 [INFO    ] 
2023-10-08 15:04:16,656 [INFO    ] district add from realty
2023-10-08 15:04:18,148 [INFO    ] Успешно обработан файл циан 07-10-23 (без дублей).csv для realty
2023-10-08 15:04:18,196 [INFO    ] Выгрузка в таблицу realty обработанного файла из cian: циан 07-10-23 (без дублей).csv
2023-10-08 15:04:18,371 [INFO    ] Временная таблица очищена
2023-10-08 15:04:27,537 [INFO    ] Загрузка новых объявлений в таблицу
2023-10-08 15:04:27,739 [INFO    ] 109950 существующих и 2482 новых объявлений
2023-10-08 15:04:27,783 [INFO    ] temp таблица очищена, загружаются данные
2023-10-08 15:05:16,844 [INFO    ] обновлена таблица realty
2023-10-08 15:05:29,172 [INFO    ] обновлены районы в таблице realty
2023-10-08 15:05:32,469 [INFO    ] Обновление существующих данных realty завершено
2023-10-08 15:06:09,010 [INFO    ] из новых объяв найдено по адресу 608, запрос в ddt для 569 уник. адресов из 1874
2023-10-08 15:06:09,010 [INFO    ] обновление районов для найденных в realty по адресу новых объявлений:
2023-10-08 15:06:09,029 [INFO    ] обнаружено 57 районов для 57 новых объявлений, найденных по адресу из 65
2023-10-08 15:06:09,034 [INFO    ] 49 районов осталось незаполнено
2023-10-08 15:06:09,035 [INFO    ] переход к обновлению оставшихся (не найденных по адресу) 1874 новых объявлений (569 адресов) для cian
2023-10-08 15:06:09,048 [INFO    ] загрузка данных dadata из /var/www/yadisk_loader/saved_data_csv/cian_dadata_request.csv
2023-10-08 15:06:09,594 [INFO    ] удалось загрузить исторические данные dadata
2023-10-08 15:06:11,601 [INFO    ] количество запросов к dadata составит: 569
2023-10-08 15:06:11,602 [INFO    ] 0%|          | 0/136 [00:00<?, ?it/s]
2023-10-08 15:06:12,955 [INFO    ] 569it [00:01, 420.43it/s]
2023-10-08 15:06:12,955 [INFO    ] 
2023-10-08 15:06:12,955 [INFO    ] dadata con closed succesfully
2023-10-08 15:06:12,956 [INFO    ] обращение к DDT по 433/569 адресам из cian заняло 0:00:03.921390
2023-10-08 15:06:12,967 [INFO    ] обращение к DDT выполнено для 921/1874 новых объявлений, найден fias для 669
2023-10-08 15:07:01,429 [INFO    ] уникальных троек по h_fias_id, ad_id, d_id, в таблице с районами и houses_jkh_ddt/id: 921
2023-10-08 15:07:01,430 [INFO    ] выгрузка данных в таблицу realty
2023-10-08 15:07:02,078 [INFO    ] Добавлено районов к объявлениям realty: 1 - было 966 стало 967
2023-10-08 15:07:02,078 [INFO    ] Есть несовпадения районов c jkh, обновление районов в jkh для 18 записей
2023-10-08 15:07:05,219 [INFO    ] Временная таблица temp_jkh_houses очищена
2023-10-08 15:07:08,566 [INFO    ] Обновление данных jkh_houses завершено
2023-10-08 15:07:09,730 [INFO    ] все новые объявления добавлены
2023-10-08 15:07:11,274 [INFO    ] Успешно обработан файл циан 07-10-23 (без дублей).csv для prices
2023-10-08 15:07:11,274 [INFO    ] Выгрузка в таблицу prices обработанного файла из cian: циан 07-10-23 (без дублей).csv
2023-10-08 15:07:22,334 [INFO    ] данные cian загружены успешно
2023-10-08 15:07:22,422 [INFO    ] обработка файла 07-10-23 (без дублей).csv для авито
2023-10-08 15:08:05,871 [INFO    ] Успешно обработан файл 07-10-23 (без дублей).csv для realty
2023-10-08 15:08:05,948 [INFO    ] Выгрузка в таблицу realty обработанного файла из авито: 07-10-23 (без дублей).csv
2023-10-08 15:08:06,038 [INFO    ] Временная таблица очищена
2023-10-08 15:08:09,193 [INFO    ] Загрузка новых объявлений в таблицу
2023-10-08 15:08:09,345 [INFO    ] 174913 существующих и 2542 новых объявлений
2023-10-08 15:08:09,348 [INFO    ] temp таблица очищена, загружаются данные
2023-10-08 15:09:02,327 [INFO    ] обновлена таблица realty
2023-10-08 15:09:04,148 [INFO    ] обновлены районы в таблице realty
2023-10-08 15:09:11,393 [INFO    ] Обновление существующих данных realty завершено
2023-10-08 15:09:35,837 [INFO    ] из новых объяв найдено по адресу 605, запрос в ddt для 620 уник. адресов из 1937
2023-10-08 15:09:35,837 [INFO    ] обновление районов для найденных в realty по адресу новых объявлений:
2023-10-08 15:09:36,074 [INFO    ] обнаружено 471 районов для 471 новых объявлений, найденных по адресу из 605
2023-10-08 15:09:36,079 [INFO    ] 19 районов осталось незаполнено
2023-10-08 15:09:36,080 [INFO    ] переход к обновлению оставшихся (не найденных по адресу) 1937 новых объявлений (620 адресов) для avito
2023-10-08 15:09:36,093 [INFO    ] загрузка данных dadata из /var/www/yadisk_loader/saved_data_csv/avito_dadata_request.csv
2023-10-08 15:09:37,017 [INFO    ] удалось загрузить исторические данные dadata
2023-10-08 15:09:39,026 [INFO    ] количество запросов к dadata составит: 620
2023-10-08 15:09:39,035 [INFO    ] 0%|          | 0/45 [00:00<?, ?it/s]
2023-10-08 15:09:40,700 [INFO    ] 620it [00:01, 372.31it/s]
2023-10-08 15:09:40,700 [INFO    ] 
2023-10-08 15:09:40,701 [INFO    ] dadata con closed succesfully
2023-10-08 15:09:40,702 [INFO    ] обращение к DDT по 577/620 адресам из avito заняло 0:00:04.621680
2023-10-08 15:09:40,713 [INFO    ] обращение к DDT выполнено для 1516/1937 новых объявлений, найден fias для 775
2023-10-08 15:10:09,441 [INFO    ] уникальных троек по h_fias_id, ad_id, d_id, в таблице с районами и houses_jkh_ddt/id: 1516
2023-10-08 15:10:09,442 [INFO    ] выгрузка данных в таблицу realty
2023-10-08 15:10:10,063 [INFO    ] Добавлено районов к объявлениям realty: 133 - было 0 стало 133
2023-10-08 15:10:10,063 [INFO    ] Есть несовпадения районов c jkh, обновление районов в jkh для 0 записей
2023-10-08 15:10:13,199 [INFO    ] Временная таблица temp_jkh_houses очищена
2023-10-08 15:10:16,514 [INFO    ] Обновление данных jkh_houses завершено
2023-10-08 15:10:17,923 [INFO    ] все новые объявления добавлены
2023-10-08 15:10:20,030 [INFO    ] Успешно обработан файл 07-10-23 (без дублей).csv для prices
2023-10-08 15:10:20,030 [INFO    ] Выгрузка в таблицу prices обработанного файла из авито: 07-10-23 (без дублей).csv
2023-10-08 15:10:36,461 [INFO    ] данные avito загружены успешно
2023-10-08 15:10:36,831 [INFO    ] Новые данные загружены по файлам ['07-10-23 (без дублей).csv'] из авито и ['циан 07-10-23 (без дублей).csv'] из циана за 0:09:09.898911
2023-10-08 15:10:36,897 [INFO    ] HTTP Request: GET https://dadata.ru/api/v2/profile/balance "HTTP/1.1 200 OK"
2023-10-08 15:10:36,899 [INFO    ] сохранение лог-файла
