2023-10-12 15:00:59,857 [INFO    ] Скрипт запущен: 2023-10-12 15:00:59.857795
2023-10-12 15:00:59,890 [INFO    ] Connected (version 2.0, client OpenSSH_7.4p1)
2023-10-12 15:00:59,939 [INFO    ] Authentication (publickey) failed.
2023-10-12 15:00:59,942 [INFO    ] Connected (version 2.0, client OpenSSH_7.4p1)
2023-10-12 15:00:59,993 [INFO    ] Authentication (password) successful!
2023-10-12 15:00:59,994 [INFO    ] connected to host 92.53.64.66 base preprod_nedvizhka_db
2023-10-12 15:01:00,171 [INFO    ] yandex token valid
2023-10-12 15:01:03,423 [INFO    ] Успешно загружено 1 файлов с личного диска: ['11-10-23 (без дублей).csv'] для avito
2023-10-12 15:01:03,596 [INFO    ] yandex token valid
2023-10-12 15:01:06,933 [INFO    ] Успешно загружено 1 файлов с личного диска: ['циан 11-10-23 (без дублей).csv'] для cian
2023-10-12 15:01:06,933 [INFO    ] ready to process files ['11-10-23 (без дублей).csv'], ['циан 11-10-23 (без дублей).csv']
2023-10-12 15:01:13,921 [INFO    ] обновлен status_new в таблице realty
2023-10-12 15:02:08,694 [INFO    ] обновлен status_new в таблице prices
2023-10-12 15:02:08,697 [INFO    ] обработка файла циан 11-10-23 (без дублей).csv для cian
2023-10-12 15:02:09,814 [INFO    ] обработка district_id:
2023-10-12 15:02:09,815 [INFO    ] districts_update:   0%|          | 0/110393 [00:00<?, ?it/s]
2023-10-12 15:02:24,815 [INFO    ] districts_update:  13%|#2        | 13892/110393 [00:15<01:44, 926.12it/s]
2023-10-12 15:02:39,816 [INFO    ] districts_update:  27%|##6       | 29414/110393 [00:30<01:21, 990.02it/s]
2023-10-12 15:02:50,066 [INFO    ] districts_update:  36%|###5      | 39424/110393 [00:40<01:11, 990.02it/s]
2023-10-12 15:02:54,817 [INFO    ] districts_update:  40%|###9      | 44052/110393 [00:45<01:07, 983.53it/s]
2023-10-12 15:03:10,032 [INFO    ] districts_update:  53%|#####3    | 58690/110393 [01:00<00:53, 974.97it/s]
2023-10-12 15:03:20,072 [INFO    ] districts_update:  62%|######1   | 68442/110393 [01:10<00:43, 974.97it/s]
2023-10-12 15:03:25,033 [INFO    ] districts_update:  67%|######6   | 73636/110393 [01:15<00:37, 982.66it/s]
2023-10-12 15:03:40,077 [INFO    ] districts_update:  80%|#######9  | 88181/110393 [01:30<00:22, 982.66it/s]
2023-10-12 15:03:40,077 [INFO    ] districts_update:  80%|#######9  | 88182/110393 [01:30<00:22, 977.30it/s]
2023-10-12 15:03:50,079 [INFO    ] districts_update:  89%|########8 | 97919/110393 [01:40<00:12, 977.30it/s]
2023-10-12 15:03:55,078 [INFO    ] districts_update:  93%|#########2| 102615/110393 [01:45<00:07, 972.36it/s]
2023-10-12 15:04:02,862 [INFO    ] districts_update: 100%|##########| 110393/110393 [01:53<00:00, 976.52it/s]
2023-10-12 15:04:02,863 [INFO    ] 
2023-10-12 15:04:02,869 [INFO    ] district add from realty
2023-10-12 15:04:03,868 [INFO    ] Успешно обработан файл циан 11-10-23 (без дублей).csv для realty
2023-10-12 15:04:03,928 [INFO    ] Выгрузка в таблицу realty обработанного файла из cian: циан 11-10-23 (без дублей).csv
2023-10-12 15:04:04,240 [INFO    ] Временная таблица создана
2023-10-12 15:04:14,319 [INFO    ] Загрузка новых объявлений в таблицу
2023-10-12 15:04:14,526 [INFO    ] 106967 существующих и 3426 новых объявлений
2023-10-12 15:04:14,571 [INFO    ] temp таблица очищена, загружаются данные
2023-10-12 15:05:04,689 [INFO    ] обновлена таблица realty
2023-10-12 15:05:44,614 [INFO    ] обновлены районы в таблице realty
2023-10-12 15:05:55,593 [INFO    ] Обновление существующих данных realty завершено
2023-10-12 15:06:23,491 [INFO    ] из новых объяв найдено по адресу 1136, запрос в ddt для 819 уник. адресов из 2290
2023-10-12 15:06:23,491 [INFO    ] обновление районов для найденных в realty по адресу новых объявлений:
2023-10-12 15:06:23,547 [INFO    ] обнаружено 69 районов для 69 новых объявлений, найденных по адресу из 89
2023-10-12 15:06:23,552 [INFO    ] 61 районов осталось незаполнено
2023-10-12 15:06:23,553 [INFO    ] переход к обновлению оставшихся (не найденных по адресу) 2290 новых объявлений (819 адресов) для cian
2023-10-12 15:06:23,566 [INFO    ] загрузка данных dadata из /var/www/yadisk_loader/saved_data_csv/cian_dadata_request.csv
2023-10-12 15:06:24,100 [INFO    ] удалось загрузить исторические данные dadata
2023-10-12 15:06:26,108 [INFO    ] количество запросов к dadata составит: 819
2023-10-12 15:06:26,109 [INFO    ] 0%|          | 0/162 [00:00<?, ?it/s]
2023-10-12 15:06:28,004 [INFO    ] 819it [00:01, 432.10it/s]
2023-10-12 15:06:28,004 [INFO    ] 
2023-10-12 15:06:28,004 [INFO    ] dadata con closed succesfully
2023-10-12 15:06:28,005 [INFO    ] обращение к DDT по 657/819 адресам из cian заняло 0:00:04.452481
2023-10-12 15:06:28,018 [INFO    ] обращение к DDT выполнено для 1210/2290 новых объявлений, найден fias для 872
2023-10-12 15:07:16,868 [INFO    ] уникальных троек по h_fias_id, ad_id, d_id, в таблице с районами и houses_jkh_ddt/id: 1210
2023-10-12 15:07:16,871 [INFO    ] выгрузка данных в таблицу realty
2023-10-12 15:07:17,671 [INFO    ] Добавлено районов к объявлениям realty: 1 - было 1542 стало 1543
2023-10-12 15:07:17,671 [INFO    ] Есть несовпадения районов c jkh, обновление районов в jkh для 14 записей
2023-10-12 15:07:24,045 [INFO    ] Временная таблица temp_jkh_houses создана
2023-10-12 15:07:27,476 [INFO    ] Обновление данных jkh_houses завершено
2023-10-12 15:07:28,884 [INFO    ] все новые объявления добавлены
2023-10-12 15:07:30,109 [INFO    ] Успешно обработан файл циан 11-10-23 (без дублей).csv для prices
2023-10-12 15:07:30,110 [INFO    ] Выгрузка в таблицу prices обработанного файла из cian: циан 11-10-23 (без дублей).csv
2023-10-12 15:07:40,089 [INFO    ] данные cian загружены успешно
2023-10-12 15:07:40,178 [INFO    ] обработка файла 11-10-23 (без дублей).csv для авито
2023-10-12 15:08:22,232 [INFO    ] Успешно обработан файл 11-10-23 (без дублей).csv для realty
2023-10-12 15:08:22,317 [INFO    ] Выгрузка в таблицу realty обработанного файла из авито: 11-10-23 (без дублей).csv
2023-10-12 15:08:22,407 [INFO    ] Временная таблица очищена
2023-10-12 15:08:25,263 [INFO    ] Загрузка новых объявлений в таблицу
2023-10-12 15:08:25,432 [INFO    ] 161419 существующих и 8238 новых объявлений
2023-10-12 15:08:25,478 [INFO    ] temp таблица очищена, загружаются данные
2023-10-12 15:09:11,502 [INFO    ] обновлена таблица realty
2023-10-12 15:09:13,714 [INFO    ] обновлены районы в таблице realty
2023-10-12 15:09:19,011 [INFO    ] Обновление существующих данных realty завершено
2023-10-12 15:09:43,466 [INFO    ] из новых объяв найдено по адресу 2302, запрос в ddt для 1926 уник. адресов из 5936
2023-10-12 15:09:43,468 [INFO    ] обновление районов для найденных в realty по адресу новых объявлений:
2023-10-12 15:09:43,785 [INFO    ] обнаружено 1682 районов для 1682 новых объявлений, найденных по адресу из 2302
2023-10-12 15:09:43,791 [INFO    ] 59 районов осталось незаполнено
2023-10-12 15:09:43,793 [INFO    ] переход к обновлению оставшихся (не найденных по адресу) 5936 новых объявлений (1926 адресов) для avito
2023-10-12 15:09:43,806 [INFO    ] загрузка данных dadata из /var/www/yadisk_loader/saved_data_csv/avito_dadata_request.csv
2023-10-12 15:09:44,762 [INFO    ] удалось загрузить исторические данные dadata
2023-10-12 15:09:46,773 [INFO    ] количество запросов к dadata составит: 1926
2023-10-12 15:09:46,774 [INFO    ] 0%|          | 0/186 [00:00<?, ?it/s]
2023-10-12 15:09:51,884 [INFO    ] 1926it [00:05, 377.12it/s]
2023-10-12 15:09:51,884 [INFO    ] 
2023-10-12 15:09:51,884 [INFO    ] dadata con closed succesfully
2023-10-12 15:09:51,886 [INFO    ] обращение к DDT по 1816/1926 адресам из avito заняло 0:00:08.093193
2023-10-12 15:09:51,907 [INFO    ] обращение к DDT выполнено для 5194/5936 новых объявлений, найден fias для 2594
2023-10-12 15:10:20,412 [INFO    ] уникальных троек по h_fias_id, ad_id, d_id, в таблице с районами и houses_jkh_ddt/id: 5194
2023-10-12 15:10:20,413 [INFO    ] выгрузка данных в таблицу realty
2023-10-12 15:10:22,293 [INFO    ] Добавлено районов к объявлениям realty: 508 - было 0 стало 508
2023-10-12 15:10:22,293 [INFO    ] Есть несовпадения районов c jkh, обновление районов в jkh для 0 записей
2023-10-12 15:10:25,387 [INFO    ] Временная таблица temp_jkh_houses очищена
2023-10-12 15:10:28,703 [INFO    ] Обновление данных jkh_houses завершено
2023-10-12 15:10:31,307 [INFO    ] все новые объявления добавлены
2023-10-12 15:10:33,351 [INFO    ] Успешно обработан файл 11-10-23 (без дублей).csv для prices
2023-10-12 15:10:33,351 [INFO    ] Выгрузка в таблицу prices обработанного файла из авито: 11-10-23 (без дублей).csv
2023-10-12 15:10:47,848 [INFO    ] данные avito загружены успешно
2023-10-12 15:10:48,147 [INFO    ] Новые данные загружены по файлам ['11-10-23 (без дублей).csv'] из авито и ['циан 11-10-23 (без дублей).csv'] из циана за 0:09:48.289681
2023-10-12 15:10:48,213 [INFO    ] HTTP Request: GET https://dadata.ru/api/v2/profile/balance "HTTP/1.1 200 OK"
2023-10-12 15:10:48,214 [INFO    ] сохранение лог-файла
