2023-10-15 15:00:47,341 [INFO    ] Скрипт запущен: 2023-10-15 15:00:47.341484
2023-10-15 15:00:47,414 [INFO    ] Connected (version 2.0, client OpenSSH_7.4p1)
2023-10-15 15:00:47,479 [INFO    ] Authentication (publickey) failed.
2023-10-15 15:00:47,484 [INFO    ] Connected (version 2.0, client OpenSSH_7.4p1)
2023-10-15 15:00:47,538 [INFO    ] Authentication (password) successful!
2023-10-15 15:00:47,539 [INFO    ] connected to host 92.53.64.66 base preprod_nedvizhka_db
2023-10-15 15:00:47,916 [INFO    ] yandex token valid
2023-10-15 15:00:50,922 [INFO    ] Успешно загружено 1 файлов с личного диска: ['14-10-23 (без дублей).csv'] для avito
2023-10-15 15:00:51,122 [INFO    ] yandex token valid
2023-10-15 15:00:53,321 [INFO    ] Успешно загружено 1 файлов с личного диска: ['циан 14-10-23 (без дублей).csv'] для cian
2023-10-15 15:00:53,321 [INFO    ] ready to process files ['14-10-23 (без дублей).csv'], ['циан 14-10-23 (без дублей).csv']
2023-10-15 15:01:18,954 [INFO    ] обновлен status_new в таблице realty
2023-10-15 15:01:39,758 [INFO    ] обновлен status_new в таблице prices
2023-10-15 15:01:39,758 [INFO    ] обработка файла циан 14-10-23 (без дублей).csv для cian
2023-10-15 15:01:40,982 [INFO    ] обработка district_id:
2023-10-15 15:01:40,982 [INFO    ] districts_update:   0%|          | 0/110077 [00:00<?, ?it/s]
2023-10-15 15:01:55,983 [INFO    ] districts_update:  12%|#2        | 13390/110077 [00:15<01:48, 892.65it/s]
2023-10-15 15:02:10,983 [INFO    ] districts_update:  25%|##5       | 27770/110077 [00:30<01:28, 931.47it/s]
2023-10-15 15:02:23,869 [INFO    ] districts_update:  37%|###6      | 40619/110077 [00:42<01:14, 931.47it/s]
2023-10-15 15:02:25,983 [INFO    ] districts_update:  39%|###8      | 42544/110077 [00:45<01:10, 955.88it/s]
2023-10-15 15:02:41,478 [INFO    ] districts_update:  52%|#####2    | 57318/110077 [01:00<00:55, 954.90it/s]
2023-10-15 15:02:53,877 [INFO    ] districts_update:  62%|######2   | 68626/110077 [01:12<00:43, 954.90it/s]
2023-10-15 15:02:56,479 [INFO    ] districts_update:  64%|######4   | 70992/110077 [01:15<00:41, 939.40it/s]
2023-10-15 15:03:11,480 [INFO    ] districts_update:  78%|#######7  | 85533/110077 [01:30<00:25, 949.53it/s]
2023-10-15 15:03:23,894 [INFO    ] districts_update:  88%|########8 | 97140/110077 [01:42<00:13, 949.53it/s]
2023-10-15 15:03:26,480 [INFO    ] districts_update:  90%|######### | 99511/110077 [01:45<00:11, 943.77it/s]
2023-10-15 15:03:37,402 [INFO    ] districts_update: 100%|##########| 110077/110077 [01:56<00:00, 945.52it/s]
2023-10-15 15:03:37,402 [INFO    ] 
2023-10-15 15:03:37,408 [INFO    ] district add from realty
2023-10-15 15:03:39,139 [INFO    ] Успешно обработан файл циан 14-10-23 (без дублей).csv для realty
2023-10-15 15:03:39,197 [INFO    ] Выгрузка в таблицу realty обработанного файла из cian: циан 14-10-23 (без дублей).csv
2023-10-15 15:03:39,557 [INFO    ] Временная таблица создана
2023-10-15 15:03:50,047 [INFO    ] Загрузка новых объявлений в таблицу
2023-10-15 15:03:50,299 [INFO    ] 107579 существующих и 2498 новых объявлений
2023-10-15 15:03:50,347 [INFO    ] temp таблица очищена, загружаются данные
2023-10-15 15:05:38,051 [INFO    ] обновлена таблица realty
2023-10-15 15:06:21,984 [INFO    ] обновлены районы в таблице realty
2023-10-15 15:06:33,978 [INFO    ] Обновление существующих данных realty завершено
2023-10-15 15:07:04,788 [INFO    ] из новых объяв найдено по адресу 694, запрос в ddt для 554 уник. адресов из 1804
2023-10-15 15:07:04,789 [INFO    ] обновление районов для найденных в realty по адресу новых объявлений:
2023-10-15 15:07:04,887 [INFO    ] обнаружено 61 районов для 61 новых объявлений, найденных по адресу из 79
2023-10-15 15:07:04,893 [INFO    ] 50 районов осталось незаполнено
2023-10-15 15:07:04,893 [INFO    ] переход к обновлению оставшихся (не найденных по адресу) 1804 новых объявлений (554 адресов) для cian
2023-10-15 15:07:04,907 [INFO    ] загрузка данных dadata из /var/www/yadisk_loader/saved_data_csv/cian_dadata_request.csv
2023-10-15 15:07:05,473 [INFO    ] удалось загрузить исторические данные dadata
2023-10-15 15:07:07,480 [INFO    ] количество запросов к dadata составит: 554
2023-10-15 15:07:07,482 [INFO    ] 0%|          | 0/122 [00:00<?, ?it/s]
2023-10-15 15:07:08,970 [INFO    ] 554it [00:01, 372.24it/s]
2023-10-15 15:07:08,970 [INFO    ] 
2023-10-15 15:07:08,970 [INFO    ] dadata con closed succesfully
2023-10-15 15:07:08,972 [INFO    ] обращение к DDT по 432/554 адресам из cian заняло 0:00:04.078641
2023-10-15 15:07:08,984 [INFO    ] обращение к DDT выполнено для 996/1804 новых объявлений, найден fias для 632
2023-10-15 15:08:02,913 [INFO    ] уникальных троек по h_fias_id, ad_id, d_id, в таблице с районами и houses_jkh_ddt/id: 996
2023-10-15 15:08:02,915 [INFO    ] выгрузка данных в таблицу realty
2023-10-15 15:08:03,559 [INFO    ] Добавлено районов к объявлениям realty: 0 - было 1159 стало 1159
2023-10-15 15:08:03,559 [INFO    ] Есть несовпадения районов c jkh, обновление районов в jkh для 9 записей
2023-10-15 15:08:10,175 [INFO    ] Временная таблица temp_jkh_houses создана
2023-10-15 15:08:13,434 [INFO    ] Обновление данных jkh_houses завершено
2023-10-15 15:08:14,627 [INFO    ] все новые объявления добавлены
2023-10-15 15:08:16,302 [INFO    ] Успешно обработан файл циан 14-10-23 (без дублей).csv для prices
2023-10-15 15:08:16,302 [INFO    ] Выгрузка в таблицу prices обработанного файла из cian: циан 14-10-23 (без дублей).csv
2023-10-15 15:08:31,935 [INFO    ] данные cian загружены успешно
2023-10-15 15:08:32,022 [INFO    ] обработка файла 14-10-23 (без дублей).csv для авито
2023-10-15 15:09:18,424 [INFO    ] Успешно обработан файл 14-10-23 (без дублей).csv для realty
2023-10-15 15:09:18,515 [INFO    ] Выгрузка в таблицу realty обработанного файла из авито: 14-10-23 (без дублей).csv
2023-10-15 15:09:18,603 [INFO    ] Временная таблица очищена
2023-10-15 15:09:22,394 [INFO    ] Загрузка новых объявлений в таблицу
2023-10-15 15:09:22,567 [INFO    ] 179311 существующих и 2508 новых объявлений
2023-10-15 15:09:22,611 [INFO    ] temp таблица очищена, загружаются данные
2023-10-15 15:11:20,731 [INFO    ] обновлена таблица realty
2023-10-15 15:11:22,841 [INFO    ] обновлены районы в таблице realty
2023-10-15 15:11:45,208 [INFO    ] Обновление существующих данных realty завершено
2023-10-15 15:12:12,109 [INFO    ] из новых объяв найдено по адресу 672, запрос в ddt для 608 уник. адресов из 1836
2023-10-15 15:12:12,110 [INFO    ] обновление районов для найденных в realty по адресу новых объявлений:
2023-10-15 15:12:12,396 [INFO    ] обнаружено 521 районов для 521 новых объявлений, найденных по адресу из 672
2023-10-15 15:12:12,401 [INFO    ] 29 районов осталось незаполнено
2023-10-15 15:12:12,402 [INFO    ] переход к обновлению оставшихся (не найденных по адресу) 1836 новых объявлений (608 адресов) для avito
2023-10-15 15:12:12,417 [INFO    ] загрузка данных dadata из /var/www/yadisk_loader/saved_data_csv/avito_dadata_request.csv
2023-10-15 15:12:13,407 [INFO    ] удалось загрузить исторические данные dadata
2023-10-15 15:12:15,416 [INFO    ] количество запросов к dadata составит: 608
2023-10-15 15:12:15,417 [INFO    ] 0%|          | 0/38 [00:00<?, ?it/s]
2023-10-15 15:12:17,289 [INFO    ] 608it [00:01, 324.71it/s]
2023-10-15 15:12:17,289 [INFO    ] 
2023-10-15 15:12:17,289 [INFO    ] dadata con closed succesfully
2023-10-15 15:12:17,291 [INFO    ] обращение к DDT по 572/608 адресам из avito заняло 0:00:04.888984
2023-10-15 15:12:17,302 [INFO    ] обращение к DDT выполнено для 1681/1836 новых объявлений, найден fias для 976
2023-10-15 15:12:41,645 [INFO    ] уникальных троек по h_fias_id, ad_id, d_id, в таблице с районами и houses_jkh_ddt/id: 1681
2023-10-15 15:12:41,646 [INFO    ] выгрузка данных в таблицу realty
2023-10-15 15:12:42,246 [INFO    ] Добавлено районов к объявлениям realty: 123 - было 0 стало 123
2023-10-15 15:12:42,246 [INFO    ] Есть несовпадения районов c jkh, обновление районов в jkh для 0 записей
2023-10-15 15:12:45,383 [INFO    ] Временная таблица temp_jkh_houses очищена
2023-10-15 15:12:48,527 [INFO    ] Обновление данных jkh_houses завершено
2023-10-15 15:12:49,704 [INFO    ] все новые объявления добавлены
2023-10-15 15:12:51,827 [INFO    ] Успешно обработан файл 14-10-23 (без дублей).csv для prices
2023-10-15 15:12:51,828 [INFO    ] Выгрузка в таблицу prices обработанного файла из авито: 14-10-23 (без дублей).csv
2023-10-15 15:13:10,033 [INFO    ] данные avito загружены успешно
2023-10-15 15:13:10,435 [INFO    ] Новые данные загружены по файлам ['14-10-23 (без дублей).csv'] из авито и ['циан 14-10-23 (без дублей).csv'] из циана за 0:12:23.094231
2023-10-15 15:13:10,512 [INFO    ] HTTP Request: GET https://dadata.ru/api/v2/profile/balance "HTTP/1.1 200 OK"
2023-10-15 15:13:10,513 [INFO    ] сохранение лог-файла
