2023-10-07 15:00:48,594 [INFO    ] Скрипт запущен: 2023-10-07 15:00:48.594349
2023-10-07 15:00:48,646 [INFO    ] Connected (version 2.0, client OpenSSH_7.4p1)
2023-10-07 15:00:48,695 [INFO    ] Authentication (publickey) failed.
2023-10-07 15:00:48,699 [INFO    ] Connected (version 2.0, client OpenSSH_7.4p1)
2023-10-07 15:00:48,750 [INFO    ] Authentication (password) successful!
2023-10-07 15:00:48,786 [INFO    ] connected to host 92.53.64.66 base preprod_nedvizhka_db
2023-10-07 15:00:48,964 [INFO    ] yandex token valid
2023-10-07 15:00:52,430 [INFO    ] Успешно загружено 1 файлов с личного диска: ['06-10-23 (без дублей).csv'] для avito
2023-10-07 15:00:52,629 [INFO    ] yandex token valid
2023-10-07 15:00:54,664 [INFO    ] Успешно загружено 1 файлов с личного диска: ['циан 06-10-23 (без дублей).csv'] для cian
2023-10-07 15:00:54,664 [INFO    ] ready to process files ['06-10-23 (без дублей).csv'], ['циан 06-10-23 (без дублей).csv']
2023-10-07 15:01:03,297 [INFO    ] обновлен status_new в таблице realty
2023-10-07 15:01:23,936 [INFO    ] обновлен status_new в таблице prices
2023-10-07 15:01:23,936 [INFO    ] обработка файла циан 06-10-23 (без дублей).csv для cian
2023-10-07 15:01:25,026 [INFO    ] обработка district_id:
2023-10-07 15:01:25,030 [INFO    ] districts_update:   0%|          | 0/112710 [00:00<?, ?it/s]
2023-10-07 15:01:40,031 [INFO    ] districts_update:  12%|#2        | 14057/112710 [00:15<01:45, 937.11it/s]
2023-10-07 15:01:55,032 [INFO    ] districts_update:  26%|##5       | 29043/112710 [00:30<01:25, 973.53it/s]
2023-10-07 15:02:05,053 [INFO    ] districts_update:  35%|###5      | 39933/112710 [00:40<01:14, 973.53it/s]
2023-10-07 15:02:10,033 [INFO    ] districts_update:  40%|###9      | 45034/112710 [00:45<01:06, 1015.75it/s]
2023-10-07 15:02:25,057 [INFO    ] districts_update:  53%|#####3    | 60033/112710 [01:00<00:51, 1015.75it/s]
2023-10-07 15:02:25,057 [INFO    ] districts_update:  53%|#####3    | 60034/112710 [01:00<00:52, 1008.89it/s]
2023-10-07 15:02:35,057 [INFO    ] districts_update:  62%|######1   | 69830/112710 [01:10<00:42, 1008.89it/s]
2023-10-07 15:02:40,057 [INFO    ] districts_update:  66%|######6   | 74755/112710 [01:15<00:37, 998.97it/s]
2023-10-07 15:02:55,058 [INFO    ] districts_update:  80%|#######9  | 89750/112710 [01:30<00:22, 999.20it/s]
2023-10-07 15:03:05,147 [INFO    ] districts_update:  88%|########8 | 99615/112710 [01:40<00:13, 999.20it/s]
2023-10-07 15:03:10,058 [INFO    ] districts_update:  93%|#########2| 104438/112710 [01:45<00:08, 992.66it/s]
2023-10-07 15:03:18,046 [INFO    ] districts_update: 100%|##########| 112710/112710 [01:53<00:00, 997.30it/s]
2023-10-07 15:03:18,046 [INFO    ] 
2023-10-07 15:03:18,053 [INFO    ] district add from realty
2023-10-07 15:03:19,016 [INFO    ] Успешно обработан файл циан 06-10-23 (без дублей).csv для realty
2023-10-07 15:03:19,064 [INFO    ] Выгрузка в таблицу realty обработанного файла из cian: циан 06-10-23 (без дублей).csv
2023-10-07 15:03:19,243 [INFO    ] Временная таблица очищена
2023-10-07 15:03:27,536 [INFO    ] Загрузка новых объявлений в таблицу
2023-10-07 15:03:27,743 [INFO    ] 105538 существующих и 7172 новых объявлений
2023-10-07 15:03:27,786 [INFO    ] temp таблица очищена, загружаются данные
2023-10-07 15:04:06,359 [INFO    ] обновлена таблица realty
2023-10-07 15:04:31,314 [INFO    ] обновлены районы в таблице realty
2023-10-07 15:04:33,443 [INFO    ] Обновление существующих данных realty завершено
2023-10-07 15:04:59,013 [INFO    ] из новых объяв найдено по адресу 2454, запрос в ddt для 1473 уник. адресов из 4718
2023-10-07 15:04:59,014 [INFO    ] обновление районов для найденных в realty по адресу новых объявлений:
2023-10-07 15:04:59,148 [INFO    ] обнаружено 155 районов для 155 новых объявлений, найденных по адресу из 190
2023-10-07 15:04:59,154 [INFO    ] 136 районов осталось незаполнено
2023-10-07 15:04:59,155 [INFO    ] переход к обновлению оставшихся (не найденных по адресу) 4718 новых объявлений (1473 адресов) для cian
2023-10-07 15:04:59,168 [INFO    ] загрузка данных dadata из /var/www/yadisk_loader/saved_data_csv/cian_dadata_request.csv
2023-10-07 15:04:59,714 [INFO    ] удалось загрузить исторические данные dadata
2023-10-07 15:05:01,722 [INFO    ] количество запросов к dadata составит: 1473
2023-10-07 15:05:01,723 [INFO    ] 0%|          | 0/262 [00:00<?, ?it/s]
2023-10-07 15:05:05,247 [INFO    ] 1473it [00:03, 418.07it/s]
2023-10-07 15:05:05,247 [INFO    ] 
2023-10-07 15:05:05,247 [INFO    ] dadata con closed succesfully
2023-10-07 15:05:05,248 [INFO    ] обращение к DDT по 1212/1473 адресам из cian заняло 0:00:06.093501
2023-10-07 15:05:05,266 [INFO    ] обращение к DDT выполнено для 2838/4718 новых объявлений, найден fias для 2068
2023-10-07 15:05:47,353 [INFO    ] уникальных троек по h_fias_id, ad_id, d_id, в таблице с районами и houses_jkh_ddt/id: 2838
2023-10-07 15:05:47,355 [INFO    ] выгрузка данных в таблицу realty
2023-10-07 15:05:48,951 [INFO    ] Добавлено районов к объявлениям realty: 8 - было 3317 стало 3325
2023-10-07 15:05:48,951 [INFO    ] Есть несовпадения районов c jkh, обновление районов в jkh для 41 записей
2023-10-07 15:05:52,087 [INFO    ] Временная таблица temp_jkh_houses очищена
2023-10-07 15:05:55,440 [INFO    ] Обновление данных jkh_houses завершено
2023-10-07 15:05:57,872 [INFO    ] все новые объявления добавлены
2023-10-07 15:05:59,180 [INFO    ] Успешно обработан файл циан 06-10-23 (без дублей).csv для prices
2023-10-07 15:05:59,180 [INFO    ] Выгрузка в таблицу prices обработанного файла из cian: циан 06-10-23 (без дублей).csv
2023-10-07 15:06:09,114 [INFO    ] данные cian загружены успешно
2023-10-07 15:06:09,198 [INFO    ] обработка файла 06-10-23 (без дублей).csv для авито
2023-10-07 15:06:57,650 [INFO    ] Успешно обработан файл 06-10-23 (без дублей).csv для realty
2023-10-07 15:06:57,735 [INFO    ] Выгрузка в таблицу realty обработанного файла из авито: 06-10-23 (без дублей).csv
2023-10-07 15:06:57,822 [INFO    ] Временная таблица очищена
2023-10-07 15:07:00,674 [INFO    ] Загрузка новых объявлений в таблицу
2023-10-07 15:07:00,828 [INFO    ] 179503 существующих и 15277 новых объявлений
2023-10-07 15:07:00,875 [INFO    ] temp таблица очищена, загружаются данные
2023-10-07 15:07:54,425 [INFO    ] обновлена таблица realty
2023-10-07 15:07:56,536 [INFO    ] обновлены районы в таблице realty
2023-10-07 15:08:00,993 [INFO    ] Обновление существующих данных realty завершено
2023-10-07 15:08:25,881 [INFO    ] из новых объяв найдено по адресу 3470, запрос в ddt для 1927 уник. адресов из 11807
2023-10-07 15:08:25,883 [INFO    ] обновление районов для найденных в realty по адресу новых объявлений:
2023-10-07 15:08:26,134 [INFO    ] обнаружено 1750 районов для 1750 новых объявлений, найденных по адресу из 3470
2023-10-07 15:08:26,140 [INFO    ] 59 районов осталось незаполнено
2023-10-07 15:08:26,142 [INFO    ] переход к обновлению оставшихся (не найденных по адресу) 11807 новых объявлений (1927 адресов) для avito
2023-10-07 15:08:26,159 [INFO    ] загрузка данных dadata из /var/www/yadisk_loader/saved_data_csv/avito_dadata_request.csv
2023-10-07 15:08:27,169 [INFO    ] удалось загрузить исторические данные dadata
2023-10-07 15:08:29,182 [INFO    ] количество запросов к dadata составит: 1927
2023-10-07 15:08:29,184 [INFO    ] 0%|          | 0/140 [00:00<?, ?it/s]
2023-10-07 15:08:34,591 [INFO    ] 1927it [00:05, 356.38it/s]
2023-10-07 15:08:34,591 [INFO    ] 
2023-10-07 15:08:34,591 [INFO    ] dadata con closed succesfully
2023-10-07 15:08:34,594 [INFO    ] обращение к DDT по 1807/1927 адресам из avito заняло 0:00:08.451114
2023-10-07 15:08:34,638 [INFO    ] обращение к DDT выполнено для 9771/11807 новых объявлений, найден fias для 5053
2023-10-07 15:09:25,577 [INFO    ] уникальных троек по h_fias_id, ad_id, d_id, в таблице с районами и houses_jkh_ddt/id: 9771
2023-10-07 15:09:25,580 [INFO    ] выгрузка данных в таблицу realty
2023-10-07 15:09:29,315 [INFO    ] Добавлено районов к объявлениям realty: 458 - было 0 стало 458
2023-10-07 15:09:29,315 [INFO    ] Есть несовпадения районов c jkh, обновление районов в jkh для 0 записей
2023-10-07 15:09:32,452 [INFO    ] Временная таблица temp_jkh_houses очищена
2023-10-07 15:09:35,690 [INFO    ] Обновление данных jkh_houses завершено
2023-10-07 15:09:40,784 [INFO    ] все новые объявления добавлены
2023-10-07 15:09:43,284 [INFO    ] Успешно обработан файл 06-10-23 (без дублей).csv для prices
2023-10-07 15:09:43,284 [INFO    ] Выгрузка в таблицу prices обработанного файла из авито: 06-10-23 (без дублей).csv
2023-10-07 15:10:02,947 [INFO    ] данные avito загружены успешно
2023-10-07 15:10:03,363 [INFO    ] Новые данные загружены по файлам ['06-10-23 (без дублей).csv'] из авито и ['циан 06-10-23 (без дублей).csv'] из циана за 0:09:14.769237
2023-10-07 15:10:03,429 [INFO    ] HTTP Request: GET https://dadata.ru/api/v2/profile/balance "HTTP/1.1 200 OK"
2023-10-07 15:10:03,430 [INFO    ] сохранение лог-файла
