2023-10-28 15:00:05,452 [INFO    ] Скрипт запущен: 2023-10-28 15:00:05.452554
2023-10-28 15:00:05,527 [INFO    ] Connected (version 2.0, client OpenSSH_7.4p1)
2023-10-28 15:00:05,616 [INFO    ] Authentication (publickey) failed.
2023-10-28 15:00:05,620 [INFO    ] Connected (version 2.0, client OpenSSH_7.4p1)
2023-10-28 15:00:05,677 [INFO    ] Authentication (password) successful!
2023-10-28 15:00:05,677 [INFO    ] connected to host 92.53.64.66 base preprod_nedvizhka_db
2023-10-28 15:00:05,810 [INFO    ] yandex token valid
2023-10-28 15:00:07,944 [INFO    ] Успешно загружено 1 файлов с личного диска: ['27-10-23 (без дублей).csv'] для avito
2023-10-28 15:00:08,339 [INFO    ] yandex token valid
2023-10-28 15:00:10,487 [INFO    ] Успешно загружено 1 файлов с личного диска: ['циан 27-10-23 (без дублей).csv'] для cian
2023-10-28 15:00:10,487 [INFO    ] ready to process files ['27-10-23 (без дублей).csv'], ['циан 27-10-23 (без дублей).csv']
2023-10-28 15:00:44,406 [INFO    ] обновлен status_new в таблице realty
2023-10-28 15:01:35,086 [INFO    ] обновлен status_new в таблице prices
2023-10-28 15:01:35,090 [INFO    ] обработка файла циан 27-10-23 (без дублей).csv для cian
2023-10-28 15:01:36,385 [INFO    ] обработка district_id:
2023-10-28 15:01:36,385 [INFO    ] districts_update:   0%|          | 0/115786 [00:00<?, ?it/s]
2023-10-28 15:01:51,386 [INFO    ] districts_update:  11%|#         | 12586/115786 [00:15<02:02, 839.06it/s]
2023-10-28 15:02:04,696 [INFO    ] districts_update:  21%|##        | 23743/115786 [00:28<01:49, 839.06it/s]
2023-10-28 15:02:06,386 [INFO    ] districts_update:  22%|##1       | 25319/115786 [00:30<01:47, 844.82it/s]
2023-10-28 15:02:21,387 [INFO    ] districts_update:  35%|###4      | 40139/115786 [00:45<01:23, 910.18it/s]
2023-10-28 15:02:34,701 [INFO    ] districts_update:  45%|####4     | 51909/115786 [00:58<01:10, 910.18it/s]
2023-10-28 15:02:36,387 [INFO    ] districts_update:  46%|####6     | 53314/115786 [01:00<01:09, 897.59it/s]
2023-10-28 15:02:51,387 [INFO    ] districts_update:  58%|#####7    | 66616/115786 [01:15<00:55, 893.70it/s]
2023-10-28 15:03:04,710 [INFO    ] districts_update:  67%|######7   | 77894/115786 [01:28<00:42, 893.70it/s]
2023-10-28 15:03:06,389 [INFO    ] districts_update:  68%|######8   | 79226/115786 [01:30<00:41, 875.64it/s]
2023-10-28 15:03:21,680 [INFO    ] districts_update:  79%|#######9  | 91835/115786 [01:45<00:27, 858.73it/s]
2023-10-28 15:03:34,733 [INFO    ] districts_update:  89%|########8 | 102614/115786 [01:58<00:15, 858.73it/s]
2023-10-28 15:03:36,681 [INFO    ] districts_update:  90%|######### | 104241/115786 [02:00<00:13, 848.68it/s]
2023-10-28 15:03:50,736 [INFO    ] districts_update: 100%|##########| 115786/115786 [02:14<00:00, 861.82it/s]
2023-10-28 15:03:50,737 [INFO    ] 
2023-10-28 15:03:50,745 [INFO    ] district add from realty
2023-10-28 15:03:53,395 [INFO    ] Успешно обработан файл циан 27-10-23 (без дублей).csv для realty
2023-10-28 15:03:53,467 [INFO    ] Выгрузка в таблицу realty обработанного файла из cian: циан 27-10-23 (без дублей).csv
2023-10-28 15:03:53,833 [INFO    ] Временная таблица создана
2023-10-28 15:04:16,486 [INFO    ] Загрузка новых объявлений в таблицу
2023-10-28 15:04:16,770 [INFO    ] 107663 существующих и 8123 новых объявлений
2023-10-28 15:04:16,819 [INFO    ] temp таблица очищена, загружаются данные
2023-10-28 15:07:15,384 [INFO    ] обновлена таблица realty
2023-10-28 15:08:05,987 [INFO    ] обновлены районы в таблице realty
2023-10-28 15:08:17,146 [INFO    ] Обновление существующих данных realty завершено
2023-10-28 15:08:53,696 [INFO    ] из новых объяв найдено по адресу 1648, запрос в ddt для 841 уник. адресов из 6475
2023-10-28 15:08:53,698 [INFO    ] обновление районов для найденных в realty по адресу новых объявлений:
2023-10-28 15:08:53,856 [INFO    ] обнаружено 57 районов для 78 новых объявлений, найденных по адресу из 501
2023-10-28 15:08:53,864 [INFO    ] 44 районов осталось незаполнено
2023-10-28 15:08:53,866 [INFO    ] переход к обновлению оставшихся (не найденных по адресу) 6475 новых объявлений (841 адресов) для cian
2023-10-28 15:08:53,889 [INFO    ] загрузка данных dadata из /var/www/yadisk_loader/saved_data_csv/cian_dadata_request.csv
2023-10-28 15:08:54,561 [INFO    ] удалось загрузить исторические данные dadata
2023-10-28 15:08:56,570 [INFO    ] количество запросов к dadata составит: 841
2023-10-28 15:08:56,572 [INFO    ] 0%|          | 0/180 [00:00<?, ?it/s]
2023-10-28 15:08:59,229 [INFO    ] 841it [00:02, 316.53it/s]
2023-10-28 15:08:59,229 [INFO    ] 
2023-10-28 15:08:59,229 [INFO    ] dadata con closed succesfully
2023-10-28 15:08:59,231 [INFO    ] обращение к DDT по 662/841 адресам из cian заняло 0:00:05.364429
2023-10-28 15:08:59,254 [INFO    ] обращение к DDT выполнено для 2376/6475 новых объявлений, найден fias для 1596
2023-10-28 15:10:01,596 [INFO    ] уникальных троек по h_fias_id, ad_id, d_id, в таблице с районами и houses_jkh_ddt/id: 2376
2023-10-28 15:10:01,600 [INFO    ] выгрузка данных в таблицу realty
2023-10-28 15:10:04,113 [INFO    ] Добавлено районов к объявлениям realty: 4 - было 3489 стало 3493
2023-10-28 15:10:04,113 [INFO    ] Есть несовпадения районов c jkh, обновление районов в jkh для 11 записей
2023-10-28 15:10:10,484 [INFO    ] Временная таблица temp_jkh_houses создана
2023-10-28 15:10:14,006 [INFO    ] Обновление данных jkh_houses завершено
2023-10-28 15:10:20,584 [INFO    ] все новые объявления добавлены
2023-10-28 15:10:22,318 [INFO    ] Успешно обработан файл циан 27-10-23 (без дублей).csv для prices
2023-10-28 15:10:22,318 [INFO    ] Выгрузка в таблицу prices обработанного файла из cian: циан 27-10-23 (без дублей).csv
2023-10-28 15:10:57,256 [INFO    ] данные cian загружены успешно
2023-10-28 15:10:57,342 [INFO    ] обработка файла 27-10-23 (без дублей).csv для авито
2023-10-28 15:11:48,966 [INFO    ] Успешно обработан файл 27-10-23 (без дублей).csv для realty
2023-10-28 15:11:49,068 [INFO    ] Выгрузка в таблицу realty обработанного файла из авито: 27-10-23 (без дублей).csv
2023-10-28 15:11:49,163 [INFO    ] Временная таблица очищена
2023-10-28 15:11:55,755 [INFO    ] Загрузка новых объявлений в таблицу
2023-10-28 15:11:55,980 [INFO    ] 179754 существующих и 3023 новых объявлений
2023-10-28 15:11:56,023 [INFO    ] temp таблица очищена, загружаются данные
2023-10-28 15:15:59,801 [INFO    ] обновлена таблица realty
2023-10-28 15:16:02,413 [INFO    ] обновлены районы в таблице realty
2023-10-28 15:16:33,927 [INFO    ] Обновление существующих данных realty завершено
2023-10-28 15:17:07,475 [INFO    ] из новых объяв найдено по адресу 1096, запрос в ddt для 923 уник. адресов из 1927
2023-10-28 15:17:07,479 [INFO    ] обновление районов для найденных в realty по адресу новых объявлений:
2023-10-28 15:17:09,751 [INFO    ] обнаружено 523 районов для 843 новых объявлений, найденных по адресу из 1096
2023-10-28 15:17:09,756 [INFO    ] 320 районов осталось незаполнено
2023-10-28 15:17:09,756 [INFO    ] переход к обновлению оставшихся (не найденных по адресу) 1927 новых объявлений (923 адресов) для avito
2023-10-28 15:17:09,772 [INFO    ] загрузка данных dadata из /var/www/yadisk_loader/saved_data_csv/avito_dadata_request.csv
2023-10-28 15:17:10,861 [INFO    ] удалось загрузить исторические данные dadata
2023-10-28 15:17:12,869 [INFO    ] количество запросов к dadata составит: 923
2023-10-28 15:17:12,871 [INFO    ] 0%|          | 0/76 [00:00<?, ?it/s]
2023-10-28 15:17:16,465 [INFO    ] 923it [00:03, 256.83it/s]
2023-10-28 15:17:16,465 [INFO    ] 
2023-10-28 15:17:16,465 [INFO    ] dadata con closed succesfully
2023-10-28 15:17:16,466 [INFO    ] обращение к DDT по 849/923 адресам из avito заняло 0:00:06.709291
2023-10-28 15:17:16,480 [INFO    ] обращение к DDT выполнено для 1610/1927 новых объявлений, найден fias для 819
2023-10-28 15:18:25,443 [INFO    ] уникальных троек по h_fias_id, ad_id, d_id, в таблице с районами и houses_jkh_ddt/id: 1610
2023-10-28 15:18:25,445 [INFO    ] выгрузка данных в таблицу realty
2023-10-28 15:18:26,154 [INFO    ] Добавлено районов к объявлениям realty: 193 - было 0 стало 193
2023-10-28 15:18:26,154 [INFO    ] Есть несовпадения районов c jkh, обновление районов в jkh для 0 записей
2023-10-28 15:18:29,311 [INFO    ] Временная таблица temp_jkh_houses очищена
2023-10-28 15:18:32,711 [INFO    ] Обновление данных jkh_houses завершено
2023-10-28 15:18:35,615 [INFO    ] все новые объявления добавлены
2023-10-28 15:18:38,287 [INFO    ] Успешно обработан файл 27-10-23 (без дублей).csv для prices
2023-10-28 15:18:38,287 [INFO    ] Выгрузка в таблицу prices обработанного файла из авито: 27-10-23 (без дублей).csv
2023-10-28 15:19:31,648 [INFO    ] данные avito загружены успешно
2023-10-28 15:19:32,055 [INFO    ] Новые данные загружены по файлам ['27-10-23 (без дублей).csv'] из авито и ['циан 27-10-23 (без дублей).csv'] из циана за 0:19:26.603097
2023-10-28 15:19:32,159 [INFO    ] HTTP Request: GET https://dadata.ru/api/v2/profile/balance "HTTP/1.1 200 OK"
2023-10-28 15:19:32,161 [INFO    ] сохранение лог-файла
