2023-12-01 15:01:33,273 [INFO    ] Скрипт запущен: 2023-12-01 15:01:33.273105
2023-12-01 15:01:33,357 [INFO    ] Connected (version 2.0, client OpenSSH_7.4p1)
2023-12-01 15:01:33,429 [INFO    ] Authentication (publickey) failed.
2023-12-01 15:01:33,444 [INFO    ] Connected (version 2.0, client OpenSSH_7.4p1)
2023-12-01 15:01:33,537 [INFO    ] Authentication (password) successful!
2023-12-01 15:01:33,539 [INFO    ] connected to host 92.53.64.66 base preprod_nedvizhka_db
2023-12-01 15:01:33,769 [INFO    ] yandex token valid
2023-12-01 15:01:37,091 [INFO    ] Успешно загружено 1 файлов с личного диска: ['30-11-23 (без дублей).csv'] для avito
2023-12-01 15:01:37,541 [INFO    ] yandex token valid
2023-12-01 15:01:40,226 [INFO    ] Успешно загружено 1 файлов с личного диска: ['циан 30-11-23 (без дублей).csv'] для cian
2023-12-01 15:01:40,226 [INFO    ] ready to process files ['30-11-23 (без дублей).csv'], ['циан 30-11-23 (без дублей).csv']
2023-12-01 15:01:53,161 [INFO    ] обновлен status_new в таблице realty
2023-12-01 15:03:14,022 [INFO    ] обновлен status_new в таблице prices
2023-12-01 15:03:14,026 [INFO    ] обработка файла циан 30-11-23 (без дублей).csv для cian
2023-12-01 15:03:15,488 [INFO    ] обработка district_id:
2023-12-01 15:03:15,491 [INFO    ] districts_update:   0%|          | 0/120139 [00:00<?, ?it/s]
2023-12-01 15:03:30,492 [INFO    ] districts_update:  11%|#1        | 13811/120139 [00:15<01:55, 920.73it/s]
2023-12-01 15:03:40,684 [INFO    ] districts_update:  19%|#9        | 23232/120139 [00:25<01:45, 920.73it/s]
2023-12-01 15:03:45,492 [INFO    ] districts_update:  24%|##3       | 28381/120139 [00:30<01:36, 950.49it/s]
2023-12-01 15:04:00,493 [INFO    ] districts_update:  37%|###6      | 43890/120139 [00:45<01:17, 988.58it/s]
2023-12-01 15:04:10,689 [INFO    ] districts_update:  45%|####4     | 53678/120139 [00:55<01:07, 988.58it/s]
2023-12-01 15:04:15,493 [INFO    ] districts_update:  49%|####8     | 58340/120139 [01:00<01:03, 978.60it/s]
2023-12-01 15:04:30,493 [INFO    ] districts_update:  61%|######1   | 73432/120139 [01:15<00:47, 988.52it/s]
2023-12-01 15:04:40,838 [INFO    ] districts_update:  69%|######9   | 83186/120139 [01:25<00:37, 988.52it/s]
2023-12-01 15:04:45,494 [INFO    ] districts_update:  73%|#######3  | 88189/120139 [01:30<00:32, 986.91it/s]
2023-12-01 15:05:00,494 [INFO    ] districts_update:  86%|########5 | 103022/120139 [01:45<00:17, 987.55it/s]
2023-12-01 15:05:10,883 [INFO    ] districts_update:  94%|#########4| 113490/120139 [01:55<00:06, 987.55it/s]
2023-12-01 15:05:15,494 [INFO    ] districts_update:  98%|#########8| 118100/120139 [02:00<00:02, 993.17it/s]
2023-12-01 15:05:17,566 [INFO    ] districts_update: 100%|##########| 120139/120139 [02:02<00:00, 984.15it/s]
2023-12-01 15:05:17,566 [INFO    ] 
2023-12-01 15:05:17,574 [INFO    ] district add from realty
2023-12-01 15:05:19,646 [INFO    ] Успешно обработан файл циан 30-11-23 (без дублей).csv для realty
2023-12-01 15:05:19,664 [INFO    ] Выгрузка в таблицу realty обработанного файла из cian: циан 30-11-23 (без дублей).csv
2023-12-01 15:05:20,108 [INFO    ] Временная таблица создана
2023-12-01 15:05:32,858 [INFO    ] Загрузка новых объявлений в таблицу
2023-12-01 15:05:33,086 [INFO    ] 116154 существующих и 3985 новых объявлений
2023-12-01 15:05:33,141 [INFO    ] temp таблица очищена, загружаются данные
2023-12-01 15:06:21,023 [INFO    ] обновлена таблица realty
2023-12-01 15:06:50,599 [INFO    ] обновлены районы в таблице realty
2023-12-01 15:06:53,276 [INFO    ] Обновление существующих данных realty завершено
2023-12-01 15:07:26,308 [INFO    ] из новых объяв найдено по адресу 1447, запрос в ddt для 1114 уник. адресов из 2538
2023-12-01 15:07:26,309 [INFO    ] обновление районов для найденных в realty по адресу новых объявлений:
2023-12-01 15:07:26,542 [INFO    ] обнаружено 95 районов для 116 новых объявлений, найденных по адресу из 168
2023-12-01 15:07:26,563 [INFO    ] 76 районов осталось незаполнено
2023-12-01 15:07:26,565 [INFO    ] переход к обновлению оставшихся (не найденных по адресу) 2538 новых объявлений (1114 адресов) для cian
2023-12-01 15:07:26,585 [INFO    ] загрузка данных dadata из /var/www/yadisk_loader/saved_data_csv/cian_dadata_request.csv
2023-12-01 15:07:27,340 [INFO    ] удалось загрузить исторические данные dadata
2023-12-01 15:07:29,350 [INFO    ] количество запросов к dadata составит: 1114
2023-12-01 15:07:29,355 [INFO    ] 0%|          | 0/238 [00:00<?, ?it/s]
2023-12-01 15:07:32,171 [INFO    ] 1114it [00:02, 395.56it/s]
2023-12-01 15:07:32,171 [INFO    ] 
2023-12-01 15:07:32,171 [INFO    ] dadata con closed succesfully
2023-12-01 15:07:32,173 [INFO    ] обращение к DDT по 880/1114 адресам из cian заняло 0:00:05.607867
2023-12-01 15:07:32,360 [INFO    ] обращение к DDT выполнено для 1433/2538 новых объявлений, найден fias для 1045
2023-12-01 15:08:36,123 [INFO    ] уникальных троек по h_fias_id, ad_id, d_id, в таблице с районами и houses_jkh_ddt/id: 1433
2023-12-01 15:08:36,129 [INFO    ] выгрузка данных в таблицу realty
2023-12-01 15:08:36,991 [INFO    ] Добавлено районов к объявлениям realty: 6 - было 1729 стало 1735
2023-12-01 15:08:36,991 [INFO    ] Есть несовпадения районов c jkh, обновление районов в jkh для 11 записей
2023-12-01 15:08:43,290 [INFO    ] Временная таблица temp_jkh_houses создана
2023-12-01 15:08:47,044 [INFO    ] Обновление данных jkh_houses завершено
2023-12-01 15:08:49,177 [INFO    ] все новые объявления добавлены
2023-12-01 15:08:50,749 [INFO    ] Успешно обработан файл циан 30-11-23 (без дублей).csv для prices
2023-12-01 15:08:50,749 [INFO    ] Выгрузка в таблицу prices обработанного файла из cian: циан 30-11-23 (без дублей).csv
2023-12-01 15:09:01,861 [INFO    ] данные cian загружены успешно
2023-12-01 15:09:01,912 [INFO    ] обработка файла 30-11-23 (без дублей).csv для авито
2023-12-01 15:09:47,007 [INFO    ] Успешно обработан файл 30-11-23 (без дублей).csv для realty
2023-12-01 15:09:47,065 [INFO    ] Выгрузка в таблицу realty обработанного файла из авито: 30-11-23 (без дублей).csv
2023-12-01 15:09:47,212 [INFO    ] Временная таблица очищена
2023-12-01 15:09:51,632 [INFO    ] Загрузка новых объявлений в таблицу
2023-12-01 15:09:51,794 [INFO    ] 169999 существующих и 4426 новых объявлений
2023-12-01 15:09:51,839 [INFO    ] temp таблица очищена, загружаются данные
2023-12-01 15:10:47,729 [INFO    ] обновлена таблица realty
2023-12-01 15:10:50,197 [INFO    ] обновлены районы в таблице realty
2023-12-01 15:11:02,619 [INFO    ] Обновление существующих данных realty завершено
2023-12-01 15:11:34,017 [INFO    ] из новых объяв найдено по адресу 1145, запрос в ddt для 1062 уник. адресов из 3281
2023-12-01 15:11:34,018 [INFO    ] обновление районов для найденных в realty по адресу новых объявлений:
2023-12-01 15:11:34,357 [INFO    ] обнаружено 514 районов для 811 новых объявлений, найденных по адресу из 1145
2023-12-01 15:11:34,374 [INFO    ] 304 районов осталось незаполнено
2023-12-01 15:11:34,375 [INFO    ] переход к обновлению оставшихся (не найденных по адресу) 3281 новых объявлений (1062 адресов) для avito
2023-12-01 15:11:34,395 [INFO    ] загрузка данных dadata из /var/www/yadisk_loader/saved_data_csv/avito_dadata_request.csv
2023-12-01 15:11:35,601 [INFO    ] удалось загрузить исторические данные dadata
2023-12-01 15:11:37,614 [INFO    ] количество запросов к dadata составит: 1062
2023-12-01 15:11:37,620 [INFO    ] 0%|          | 0/67 [00:00<?, ?it/s]
2023-12-01 15:11:40,971 [INFO    ] 1062it [00:03, 316.92it/s]
2023-12-01 15:11:40,972 [INFO    ] 
2023-12-01 15:11:40,972 [INFO    ] dadata con closed succesfully
2023-12-01 15:11:40,973 [INFO    ] обращение к DDT по 1007/1062 адресам из avito заняло 0:00:06.597553
2023-12-01 15:11:40,988 [INFO    ] обращение к DDT выполнено для 2849/3281 новых объявлений, найден fias для 1331
2023-12-01 15:12:48,649 [INFO    ] уникальных троек по h_fias_id, ad_id, d_id, в таблице с районами и houses_jkh_ddt/id: 2849
2023-12-01 15:12:48,653 [INFO    ] выгрузка данных в таблицу realty
2023-12-01 15:12:49,696 [INFO    ] Добавлено районов к объявлениям realty: 202 - было 0 стало 202
2023-12-01 15:12:49,696 [INFO    ] Есть несовпадения районов c jkh, обновление районов в jkh для 0 записей
2023-12-01 15:12:52,906 [INFO    ] Временная таблица temp_jkh_houses очищена
2023-12-01 15:12:56,280 [INFO    ] Обновление данных jkh_houses завершено
2023-12-01 15:12:58,122 [INFO    ] все новые объявления добавлены
2023-12-01 15:13:00,043 [INFO    ] Успешно обработан файл 30-11-23 (без дублей).csv для prices
2023-12-01 15:13:00,043 [INFO    ] Выгрузка в таблицу prices обработанного файла из авито: 30-11-23 (без дублей).csv
2023-12-01 15:13:16,596 [INFO    ] данные avito загружены успешно
2023-12-01 15:13:17,044 [INFO    ] Новые данные загружены по файлам ['30-11-23 (без дублей).csv'] из авито и ['циан 30-11-23 (без дублей).csv'] из циана за 0:11:43.770969
2023-12-01 15:13:17,154 [INFO    ] HTTP Request: GET https://dadata.ru/api/v2/profile/balance "HTTP/1.1 200 OK"
2023-12-01 15:13:17,157 [INFO    ] сохранение лог-файла
