2023-10-29 15:00:36,898 [INFO    ] Скрипт запущен: 2023-10-29 15:00:36.898833
2023-10-29 15:00:36,966 [INFO    ] Connected (version 2.0, client OpenSSH_7.4p1)
2023-10-29 15:00:37,025 [INFO    ] Authentication (publickey) failed.
2023-10-29 15:00:37,035 [INFO    ] Connected (version 2.0, client OpenSSH_7.4p1)
2023-10-29 15:00:37,086 [INFO    ] Authentication (password) successful!
2023-10-29 15:00:37,097 [INFO    ] connected to host 92.53.64.66 base preprod_nedvizhka_db
2023-10-29 15:00:37,222 [INFO    ] yandex token valid
2023-10-29 15:00:39,814 [INFO    ] Успешно загружено 1 файлов с личного диска: ['28-10-23 (без дублей).csv'] для avito
2023-10-29 15:00:40,225 [INFO    ] yandex token valid
2023-10-29 15:00:44,645 [INFO    ] Успешно загружено 1 файлов с личного диска: ['циан 28-10-23 (без дублей).csv'] для cian
2023-10-29 15:00:44,645 [INFO    ] ready to process files ['28-10-23 (без дублей).csv'], ['циан 28-10-23 (без дублей).csv']
2023-10-29 15:01:26,421 [INFO    ] обновлен status_new в таблице realty
2023-10-29 15:02:11,101 [INFO    ] обновлен status_new в таблице prices
2023-10-29 15:02:11,101 [INFO    ] обработка файла циан 28-10-23 (без дублей).csv для cian
2023-10-29 15:02:12,521 [INFO    ] обработка district_id:
2023-10-29 15:02:12,522 [INFO    ] districts_update:   0%|          | 0/111187 [00:00<?, ?it/s]
2023-10-29 15:02:27,524 [INFO    ] districts_update:  11%|#1        | 12585/111187 [00:15<01:57, 838.94it/s]
2023-10-29 15:02:42,525 [INFO    ] districts_update:  23%|##3       | 25756/111187 [00:30<01:39, 861.93it/s]
2023-10-29 15:02:56,288 [INFO    ] districts_update:  35%|###5      | 39006/111187 [00:43<01:23, 861.93it/s]
2023-10-29 15:02:57,525 [INFO    ] districts_update:  36%|###5      | 40008/111187 [00:45<01:18, 902.19it/s]
2023-10-29 15:03:14,201 [INFO    ] districts_update:  49%|####8     | 54260/111187 [01:01<01:04, 882.20it/s]
2023-10-29 15:03:26,304 [INFO    ] districts_update:  58%|#####8    | 65033/111187 [01:13<00:52, 882.20it/s]
2023-10-29 15:03:29,201 [INFO    ] districts_update:  61%|######    | 67428/111187 [01:16<00:49, 880.67it/s]
2023-10-29 15:03:44,941 [INFO    ] districts_update:  72%|#######2  | 80596/111187 [01:32<00:35, 865.50it/s]
2023-10-29 15:03:56,327 [INFO    ] districts_update:  82%|########1 | 90952/111187 [01:43<00:23, 865.50it/s]
2023-10-29 15:03:59,941 [INFO    ] districts_update:  85%|########4 | 94115/111187 [01:47<00:19, 876.91it/s]
2023-10-29 15:04:15,324 [INFO    ] districts_update:  97%|#########6| 107634/111187 [02:02<00:04, 877.54it/s]
2023-10-29 15:04:19,418 [INFO    ] districts_update: 100%|##########| 111187/111187 [02:06<00:00, 876.21it/s]
2023-10-29 15:04:19,419 [INFO    ] 
2023-10-29 15:04:19,426 [INFO    ] district add from realty
2023-10-29 15:04:21,861 [INFO    ] Успешно обработан файл циан 28-10-23 (без дублей).csv для realty
2023-10-29 15:04:21,923 [INFO    ] Выгрузка в таблицу realty обработанного файла из cian: циан 28-10-23 (без дублей).csv
2023-10-29 15:04:22,338 [INFO    ] Временная таблица создана
2023-10-29 15:04:43,552 [INFO    ] Загрузка новых объявлений в таблицу
2023-10-29 15:04:43,832 [INFO    ] 108974 существующих и 2213 новых объявлений
2023-10-29 15:04:43,978 [INFO    ] temp таблица очищена, загружаются данные
2023-10-29 15:07:55,238 [INFO    ] обновлена таблица realty
2023-10-29 15:08:55,336 [INFO    ] обновлены районы в таблице realty
2023-10-29 15:09:12,611 [INFO    ] Обновление существующих данных realty завершено
2023-10-29 15:09:49,803 [INFO    ] из новых объяв найдено по адресу 629, запрос в ddt для 545 уник. адресов из 1584
2023-10-29 15:09:49,803 [INFO    ] обновление районов для найденных в realty по адресу новых объявлений:
2023-10-29 15:09:49,946 [INFO    ] обнаружено 36 районов для 46 новых объявлений, найденных по адресу из 59
2023-10-29 15:09:49,953 [INFO    ] 24 районов осталось незаполнено
2023-10-29 15:09:49,954 [INFO    ] переход к обновлению оставшихся (не найденных по адресу) 1584 новых объявлений (545 адресов) для cian
2023-10-29 15:09:49,974 [INFO    ] загрузка данных dadata из /var/www/yadisk_loader/saved_data_csv/cian_dadata_request.csv
2023-10-29 15:09:50,750 [INFO    ] удалось загрузить исторические данные dadata
2023-10-29 15:09:52,757 [INFO    ] количество запросов к dadata составит: 545
2023-10-29 15:09:52,759 [INFO    ] 0%|          | 0/149 [00:00<?, ?it/s]
2023-10-29 15:09:54,384 [INFO    ] 545it [00:01, 335.38it/s]
2023-10-29 15:09:54,384 [INFO    ] 
2023-10-29 15:09:54,384 [INFO    ] dadata con closed succesfully
2023-10-29 15:09:54,385 [INFO    ] обращение к DDT по 396/545 адресам из cian заняло 0:00:04.431032
2023-10-29 15:09:54,398 [INFO    ] обращение к DDT выполнено для 777/1584 новых объявлений, найден fias для 568
2023-10-29 15:10:49,805 [INFO    ] уникальных троек по h_fias_id, ad_id, d_id, в таблице с районами и houses_jkh_ddt/id: 777
2023-10-29 15:10:49,809 [INFO    ] выгрузка данных в таблицу realty
2023-10-29 15:10:50,440 [INFO    ] Добавлено районов к объявлениям realty: 2 - было 979 стало 981
2023-10-29 15:10:50,440 [INFO    ] Есть несовпадения районов c jkh, обновление районов в jkh для 9 записей
2023-10-29 15:10:56,834 [INFO    ] Временная таблица temp_jkh_houses создана
2023-10-29 15:11:00,350 [INFO    ] Обновление данных jkh_houses завершено
2023-10-29 15:11:02,204 [INFO    ] все новые объявления добавлены
2023-10-29 15:11:03,882 [INFO    ] Успешно обработан файл циан 28-10-23 (без дублей).csv для prices
2023-10-29 15:11:03,882 [INFO    ] Выгрузка в таблицу prices обработанного файла из cian: циан 28-10-23 (без дублей).csv
2023-10-29 15:11:46,291 [INFO    ] данные cian загружены успешно
2023-10-29 15:11:46,374 [INFO    ] обработка файла 28-10-23 (без дублей).csv для авито
2023-10-29 15:12:35,268 [INFO    ] Успешно обработан файл 28-10-23 (без дублей).csv для realty
2023-10-29 15:12:35,364 [INFO    ] Выгрузка в таблицу realty обработанного файла из авито: 28-10-23 (без дублей).csv
2023-10-29 15:12:35,455 [INFO    ] Временная таблица очищена
2023-10-29 15:12:42,689 [INFO    ] Загрузка новых объявлений в таблицу
2023-10-29 15:12:42,890 [INFO    ] 174332 существующих и 1807 новых объявлений
2023-10-29 15:12:42,935 [INFO    ] temp таблица очищена, загружаются данные
2023-10-29 15:14:02,998 [INFO    ] обновлена таблица realty
2023-10-29 15:14:05,697 [INFO    ] обновлены районы в таблице realty
2023-10-29 15:14:11,618 [INFO    ] Обновление существующих данных realty завершено
2023-10-29 15:14:41,794 [INFO    ] из новых объяв найдено по адресу 568, запрос в ddt для 592 уник. адресов из 1239
2023-10-29 15:14:41,794 [INFO    ] обновление районов для найденных в realty по адресу новых объявлений:
2023-10-29 15:14:42,234 [INFO    ] обнаружено 262 районов для 454 новых объявлений, найденных по адресу из 568
2023-10-29 15:14:42,240 [INFO    ] 192 районов осталось незаполнено
2023-10-29 15:14:42,240 [INFO    ] переход к обновлению оставшихся (не найденных по адресу) 1239 новых объявлений (592 адресов) для avito
2023-10-29 15:14:42,264 [INFO    ] загрузка данных dadata из /var/www/yadisk_loader/saved_data_csv/avito_dadata_request.csv
2023-10-29 15:14:43,400 [INFO    ] удалось загрузить исторические данные dadata
2023-10-29 15:14:45,413 [INFO    ] количество запросов к dadata составит: 592
2023-10-29 15:14:45,416 [INFO    ] 0%|          | 0/55 [00:00<?, ?it/s]
2023-10-29 15:14:47,575 [INFO    ] 592it [00:02, 274.15it/s]
2023-10-29 15:14:47,576 [INFO    ] 
2023-10-29 15:14:47,576 [INFO    ] dadata con closed succesfully
2023-10-29 15:14:47,577 [INFO    ] обращение к DDT по 538/592 адресам из avito заняло 0:00:05.336556
2023-10-29 15:14:47,590 [INFO    ] обращение к DDT выполнено для 1114/1239 новых объявлений, найден fias для 491
2023-10-29 15:16:18,740 [INFO    ] уникальных троек по h_fias_id, ad_id, d_id, в таблице с районами и houses_jkh_ddt/id: 1114
2023-10-29 15:16:18,743 [INFO    ] выгрузка данных в таблицу realty
2023-10-29 15:16:19,144 [INFO    ] Добавлено районов к объявлениям realty: 107 - было 0 стало 107
2023-10-29 15:16:19,144 [INFO    ] Есть несовпадения районов c jkh, обновление районов в jkh для 0 записей
2023-10-29 15:16:22,247 [INFO    ] Временная таблица temp_jkh_houses очищена
2023-10-29 15:16:25,646 [INFO    ] Обновление данных jkh_houses завершено
2023-10-29 15:16:26,654 [INFO    ] все новые объявления добавлены
2023-10-29 15:16:28,926 [INFO    ] Успешно обработан файл 28-10-23 (без дублей).csv для prices
2023-10-29 15:16:28,926 [INFO    ] Выгрузка в таблицу prices обработанного файла из авито: 28-10-23 (без дублей).csv
2023-10-29 15:16:47,093 [INFO    ] данные avito загружены успешно
2023-10-29 15:16:47,405 [INFO    ] Новые данные загружены по файлам ['28-10-23 (без дублей).csv'] из авито и ['циан 28-10-23 (без дублей).csv'] из циана за 0:16:10.506454
2023-10-29 15:16:47,512 [INFO    ] HTTP Request: GET https://dadata.ru/api/v2/profile/balance "HTTP/1.1 200 OK"
2023-10-29 15:16:47,514 [INFO    ] сохранение лог-файла
