2023-11-22 15:00:55,871 [INFO    ] Скрипт запущен: 2023-11-22 15:00:55.871183
2023-11-22 15:00:55,948 [INFO    ] Connected (version 2.0, client OpenSSH_7.4p1)
2023-11-22 15:00:56,001 [INFO    ] Authentication (publickey) failed.
2023-11-22 15:00:56,006 [INFO    ] Connected (version 2.0, client OpenSSH_7.4p1)
2023-11-22 15:00:56,085 [INFO    ] Authentication (password) successful!
2023-11-22 15:00:56,152 [INFO    ] connected to host 92.53.64.66 base preprod_nedvizhka_db
2023-11-22 15:00:56,336 [INFO    ] yandex token valid
2023-11-22 15:00:59,657 [INFO    ] Успешно загружено 1 файлов с личного диска: ['21-11-23 (без дублей).csv'] для avito
2023-11-22 15:00:59,840 [INFO    ] yandex token valid
2023-11-22 15:01:02,383 [INFO    ] Успешно загружено 1 файлов с личного диска: ['циан 21-11-23 (без дублей).csv'] для cian
2023-11-22 15:01:02,383 [INFO    ] ready to process files ['21-11-23 (без дублей).csv'], ['циан 21-11-23 (без дублей).csv']
2023-11-22 15:01:19,132 [INFO    ] обновлен status_new в таблице realty
2023-11-22 15:01:19,132 [INFO    ] обработка файла циан 21-11-23 (без дублей).csv для cian
2023-11-22 15:01:20,334 [INFO    ] обработка district_id:
2023-11-22 15:01:20,345 [INFO    ] districts_update:   0%|          | 0/117270 [00:00<?, ?it/s]
2023-11-22 15:01:35,346 [INFO    ] districts_update:  12%|#1        | 13972/117270 [00:15<01:50, 931.44it/s]
2023-11-22 15:01:50,346 [INFO    ] districts_update:  25%|##4       | 28763/117270 [00:30<01:31, 963.55it/s]
2023-11-22 15:02:00,377 [INFO    ] districts_update:  34%|###3      | 39600/117270 [00:40<01:20, 963.55it/s]
2023-11-22 15:02:05,347 [INFO    ] districts_update:  38%|###8      | 44772/117270 [00:45<01:11, 1010.89it/s]
2023-11-22 15:02:20,386 [INFO    ] districts_update:  51%|#####     | 59452/117270 [01:00<00:57, 1010.89it/s]
2023-11-22 15:02:20,386 [INFO    ] districts_update:  51%|#####     | 59453/117270 [01:00<00:57, 997.17it/s]
2023-11-22 15:02:30,393 [INFO    ] districts_update:  60%|#####9    | 69917/117270 [01:10<00:47, 997.17it/s]
2023-11-22 15:02:35,387 [INFO    ] districts_update:  64%|######3   | 74963/117270 [01:15<00:41, 1010.43it/s]
2023-11-22 15:02:50,409 [INFO    ] districts_update:  77%|#######6  | 89904/117270 [01:30<00:27, 1010.43it/s]
2023-11-22 15:02:50,410 [INFO    ] districts_update:  77%|#######6  | 89905/117270 [01:30<00:27, 1005.05it/s]
2023-11-22 15:03:00,410 [INFO    ] districts_update:  85%|########5 | 99722/117270 [01:40<00:17, 1005.05it/s]
2023-11-22 15:03:05,410 [INFO    ] districts_update:  89%|########9 | 104740/117270 [01:45<00:12, 999.80it/s]
2023-11-22 15:03:17,965 [INFO    ] districts_update: 100%|##########| 117270/117270 [01:57<00:00, 997.03it/s]
2023-11-22 15:03:17,965 [INFO    ] 
2023-11-22 15:03:17,972 [INFO    ] district add from realty
2023-11-22 15:03:19,749 [INFO    ] Успешно обработан файл циан 21-11-23 (без дублей).csv для realty
2023-11-22 15:03:19,757 [INFO    ] Выгрузка в таблицу realty обработанного файла из cian: циан 21-11-23 (без дублей).csv
2023-11-22 15:03:20,101 [INFO    ] Временная таблица создана
2023-11-22 15:03:30,507 [INFO    ] Загрузка новых объявлений в таблицу
2023-11-22 15:03:30,734 [INFO    ] 112878 существующих и 4392 новых объявлений
2023-11-22 15:03:30,738 [INFO    ] temp таблица очищена, загружаются данные
2023-11-22 15:04:26,034 [INFO    ] обновлена таблица realty
2023-11-22 15:04:51,363 [INFO    ] обновлены районы в таблице realty
2023-11-22 15:05:05,395 [INFO    ] Обновление существующих данных realty завершено
2023-11-22 15:05:37,756 [INFO    ] из новых объяв найдено по адресу 1348, запрос в ddt для 1200 уник. адресов из 3044
2023-11-22 15:05:37,757 [INFO    ] обновление районов для найденных в realty по адресу новых объявлений:
2023-11-22 15:05:37,940 [INFO    ] обнаружено 59 районов для 72 новых объявлений, найденных по адресу из 93
2023-11-22 15:05:37,964 [INFO    ] 40 районов осталось незаполнено
2023-11-22 15:05:37,965 [INFO    ] переход к обновлению оставшихся (не найденных по адресу) 3044 новых объявлений (1200 адресов) для cian
2023-11-22 15:05:37,986 [INFO    ] загрузка данных dadata из /var/www/yadisk_loader/saved_data_csv/cian_dadata_request.csv
2023-11-22 15:05:38,768 [INFO    ] удалось загрузить исторические данные dadata
2023-11-22 15:05:40,780 [INFO    ] количество запросов к dadata составит: 1200
2023-11-22 15:05:40,785 [INFO    ] 0%|          | 0/229 [00:00<?, ?it/s]
2023-11-22 15:05:43,888 [INFO    ] 1200it [00:03, 386.73it/s]
2023-11-22 15:05:43,888 [INFO    ] 
2023-11-22 15:05:43,888 [INFO    ] dadata con closed succesfully
2023-11-22 15:05:43,890 [INFO    ] обращение к DDT по 975/1200 адресам из cian заняло 0:00:05.923891
2023-11-22 15:05:43,904 [INFO    ] обращение к DDT выполнено для 1713/3044 новых объявлений, найден fias для 1268
2023-11-22 15:06:43,663 [INFO    ] уникальных троек по h_fias_id, ad_id, d_id, в таблице с районами и houses_jkh_ddt/id: 1713
2023-11-22 15:06:43,666 [INFO    ] выгрузка данных в таблицу realty
2023-11-22 15:06:44,670 [INFO    ] Добавлено районов к объявлениям realty: 3 - было 2108 стало 2111
2023-11-22 15:06:44,671 [INFO    ] Есть несовпадения районов c jkh, обновление районов в jkh для 15 записей
2023-11-22 15:06:51,004 [INFO    ] Временная таблица temp_jkh_houses создана
2023-11-22 15:06:54,460 [INFO    ] Обновление данных jkh_houses завершено
2023-11-22 15:06:56,300 [INFO    ] все новые объявления добавлены
2023-11-22 15:06:57,807 [INFO    ] Успешно обработан файл циан 21-11-23 (без дублей).csv для prices
2023-11-22 15:06:57,807 [INFO    ] Выгрузка в таблицу prices обработанного файла из cian: циан 21-11-23 (без дублей).csv
2023-11-22 15:07:09,075 [INFO    ] данные cian загружены успешно
2023-11-22 15:07:09,163 [INFO    ] обработка файла 21-11-23 (без дублей).csv для авито
2023-11-22 15:07:53,819 [INFO    ] Успешно обработан файл 21-11-23 (без дублей).csv для realty
2023-11-22 15:07:53,865 [INFO    ] Выгрузка в таблицу realty обработанного файла из авито: 21-11-23 (без дублей).csv
2023-11-22 15:07:54,004 [INFO    ] Временная таблица очищена
2023-11-22 15:07:57,888 [INFO    ] Загрузка новых объявлений в таблицу
2023-11-22 15:07:58,042 [INFO    ] 168488 существующих и 4166 новых объявлений
2023-11-22 15:07:58,097 [INFO    ] temp таблица очищена, загружаются данные
2023-11-22 15:08:56,417 [INFO    ] обновлена таблица realty
2023-11-22 15:08:58,500 [INFO    ] обновлены районы в таблице realty
2023-11-22 15:09:10,787 [INFO    ] Обновление существующих данных realty завершено
2023-11-22 15:09:39,876 [INFO    ] из новых объяв найдено по адресу 1670, запрос в ddt для 1143 уник. адресов из 2496
2023-11-22 15:09:39,877 [INFO    ] обновление районов для найденных в realty по адресу новых объявлений:
2023-11-22 15:09:40,207 [INFO    ] обнаружено 650 районов для 1031 новых объявлений, найденных по адресу из 1670
2023-11-22 15:09:40,220 [INFO    ] 383 районов осталось незаполнено
2023-11-22 15:09:40,221 [INFO    ] переход к обновлению оставшихся (не найденных по адресу) 2496 новых объявлений (1143 адресов) для avito
2023-11-22 15:09:40,240 [INFO    ] загрузка данных dadata из /var/www/yadisk_loader/saved_data_csv/avito_dadata_request.csv
2023-11-22 15:09:41,438 [INFO    ] удалось загрузить исторические данные dadata
2023-11-22 15:09:43,450 [INFO    ] количество запросов к dadata составит: 1143
2023-11-22 15:09:43,455 [INFO    ] 0%|          | 0/87 [00:00<?, ?it/s]
2023-11-22 15:09:46,996 [INFO    ] 1143it [00:03, 322.83it/s]
2023-11-22 15:09:46,996 [INFO    ] 
2023-11-22 15:09:46,996 [INFO    ] dadata con closed succesfully
2023-11-22 15:09:46,997 [INFO    ] обращение к DDT по 1071/1143 адресам из avito заняло 0:00:06.775996
2023-11-22 15:09:47,011 [INFO    ] обращение к DDT выполнено для 2271/2496 новых объявлений, найден fias для 1210
2023-11-22 15:10:48,548 [INFO    ] уникальных троек по h_fias_id, ad_id, d_id, в таблице с районами и houses_jkh_ddt/id: 2271
2023-11-22 15:10:48,566 [INFO    ] выгрузка данных в таблицу realty
2023-11-22 15:10:49,360 [INFO    ] Добавлено районов к объявлениям realty: 273 - было 0 стало 273
2023-11-22 15:10:49,360 [INFO    ] Есть несовпадения районов c jkh, обновление районов в jkh для 0 записей
2023-11-22 15:10:52,525 [INFO    ] Временная таблица temp_jkh_houses очищена
2023-11-22 15:10:55,976 [INFO    ] Обновление данных jkh_houses завершено
2023-11-22 15:10:57,568 [INFO    ] все новые объявления добавлены
2023-11-22 15:10:59,837 [INFO    ] Успешно обработан файл 21-11-23 (без дублей).csv для prices
2023-11-22 15:10:59,837 [INFO    ] Выгрузка в таблицу prices обработанного файла из авито: 21-11-23 (без дублей).csv
2023-11-22 15:11:16,546 [INFO    ] данные avito загружены успешно
2023-11-22 15:11:16,995 [INFO    ] Новые данные загружены по файлам ['21-11-23 (без дублей).csv'] из авито и ['циан 21-11-23 (без дублей).csv'] из циана за 0:10:21.124625
2023-11-22 15:11:17,117 [INFO    ] HTTP Request: GET https://dadata.ru/api/v2/profile/balance "HTTP/1.1 200 OK"
2023-11-22 15:11:17,122 [INFO    ] сохранение лог-файла
