2023-12-16 15:00:05,825 [INFO    ] Скрипт запущен: 2023-12-16 15:00:05.825719
2023-12-16 15:00:05,918 [INFO    ] Connected (version 2.0, client OpenSSH_7.4p1)
2023-12-16 15:00:05,993 [INFO    ] Authentication (publickey) failed.
2023-12-16 15:00:06,009 [INFO    ] Connected (version 2.0, client OpenSSH_7.4p1)
2023-12-16 15:00:06,095 [INFO    ] Authentication (password) successful!
2023-12-16 15:00:06,097 [INFO    ] connected to host 92.53.64.66 base preprod_nedvizhka_db
2023-12-16 15:00:06,247 [INFO    ] yandex token valid
2023-12-16 15:00:08,672 [INFO    ] Успешно загружено 1 файлов с личного диска: ['15-12-23 (без дублей).csv'] для avito
2023-12-16 15:00:09,066 [INFO    ] yandex token valid
2023-12-16 15:00:11,771 [INFO    ] Успешно загружено 1 файлов с личного диска: ['циан 15-12-23 (без дублей).csv'] для cian
2023-12-16 15:00:11,772 [INFO    ] ready to process files ['15-12-23 (без дублей).csv'], ['циан 15-12-23 (без дублей).csv']
2023-12-16 15:00:26,764 [INFO    ] обновлен status_new в таблице realty
2023-12-16 15:00:46,773 [INFO    ] обновлен status_new в таблице prices
2023-12-16 15:00:46,775 [INFO    ] обработка файла циан 15-12-23 (без дублей).csv для cian
2023-12-16 15:00:48,098 [INFO    ] обработка district_id:
2023-12-16 15:00:48,099 [INFO    ] districts_update:   0%|          | 0/122964 [00:00<?, ?it/s]
2023-12-16 15:01:03,100 [INFO    ] districts_update:  11%|#1        | 13977/122964 [00:15<01:56, 931.75it/s]
2023-12-16 15:01:13,667 [INFO    ] districts_update:  19%|#9        | 23601/122964 [00:25<01:46, 931.75it/s]
2023-12-16 15:01:18,101 [INFO    ] districts_update:  23%|##3       | 28297/122964 [00:30<01:40, 945.19it/s]
2023-12-16 15:01:33,101 [INFO    ] districts_update:  36%|###6      | 44311/122964 [00:45<01:18, 1001.08it/s]
2023-12-16 15:01:43,696 [INFO    ] districts_update:  44%|####4     | 54675/122964 [00:55<01:08, 1001.08it/s]
2023-12-16 15:01:48,102 [INFO    ] districts_update:  48%|####7     | 58994/122964 [01:00<01:04, 992.29it/s]
2023-12-16 15:02:03,198 [INFO    ] districts_update:  60%|#####9    | 73677/122964 [01:15<00:50, 985.18it/s]
2023-12-16 15:02:13,704 [INFO    ] districts_update:  68%|######8   | 84127/122964 [01:25<00:39, 985.18it/s]
2023-12-16 15:02:18,198 [INFO    ] districts_update:  72%|#######1  | 88281/122964 [01:30<00:35, 981.24it/s]
2023-12-16 15:02:33,199 [INFO    ] districts_update:  84%|########4 | 103550/122964 [01:45<00:19, 993.20it/s]
2023-12-16 15:02:43,733 [INFO    ] districts_update:  92%|#########2| 113693/122964 [01:55<00:09, 993.20it/s]
2023-12-16 15:02:48,200 [INFO    ] districts_update:  96%|#########6| 118176/122964 [02:00<00:04, 987.41it/s]
2023-12-16 15:02:53,091 [INFO    ] districts_update: 100%|##########| 122964/122964 [02:04<00:00, 983.77it/s]
2023-12-16 15:02:53,092 [INFO    ] 
2023-12-16 15:02:53,099 [INFO    ] district add from realty
2023-12-16 15:02:55,275 [INFO    ] Успешно обработан файл циан 15-12-23 (без дублей).csv для realty
2023-12-16 15:02:55,292 [INFO    ] Выгрузка в таблицу realty обработанного файла из cian: циан 15-12-23 (без дублей).csv
2023-12-16 15:02:55,662 [INFO    ] Временная таблица создана
2023-12-16 15:03:08,105 [INFO    ] Загрузка новых объявлений в таблицу
2023-12-16 15:03:08,368 [INFO    ] 119462 существующих и 3502 новых объявлений
2023-12-16 15:03:08,416 [INFO    ] temp таблица очищена, загружаются данные
2023-12-16 15:04:21,394 [INFO    ] обновлена таблица realty
2023-12-16 15:04:47,907 [INFO    ] обновлены районы в таблице realty
2023-12-16 15:05:02,270 [INFO    ] Обновление существующих данных realty завершено
2023-12-16 15:05:38,581 [INFO    ] из новых объяв найдено по адресу 836, запрос в ddt для 840 уник. адресов из 2666
2023-12-16 15:05:38,582 [INFO    ] обновление районов для найденных в realty по адресу новых объявлений:
2023-12-16 15:05:38,713 [INFO    ] обнаружено 43 районов для 53 новых объявлений, найденных по адресу из 84
2023-12-16 15:05:38,737 [INFO    ] 30 районов осталось незаполнено
2023-12-16 15:05:38,738 [INFO    ] переход к обновлению оставшихся (не найденных по адресу) 2666 новых объявлений (840 адресов) для cian
2023-12-16 15:05:38,759 [INFO    ] загрузка данных dadata из /var/www/yadisk_loader/saved_data_csv/cian_dadata_request.csv
2023-12-16 15:05:39,569 [INFO    ] удалось загрузить исторические данные dadata
2023-12-16 15:05:41,581 [INFO    ] количество запросов к dadata составит: 840
2023-12-16 15:05:41,586 [INFO    ] 0%|          | 0/275 [00:00<?, ?it/s]
2023-12-16 15:05:43,689 [INFO    ] 840it [00:02, 399.50it/s]
2023-12-16 15:05:43,689 [INFO    ] 
2023-12-16 15:05:43,689 [INFO    ] dadata con closed succesfully
2023-12-16 15:05:43,691 [INFO    ] обращение к DDT по 638/840 адресам из cian заняло 0:00:04.952259
2023-12-16 15:05:43,704 [INFO    ] обращение к DDT выполнено для 1337/2666 новых объявлений, найден fias для 917
2023-12-16 15:06:52,619 [INFO    ] уникальных троек по h_fias_id, ad_id, d_id, в таблице с районами и houses_jkh_ddt/id: 1337
2023-12-16 15:06:52,623 [INFO    ] выгрузка данных в таблицу realty
2023-12-16 15:06:53,494 [INFO    ] Добавлено районов к объявлениям realty: 2 - было 1740 стало 1742
2023-12-16 15:06:53,494 [INFO    ] Есть несовпадения районов c jkh, обновление районов в jkh для 1 записей
2023-12-16 15:07:00,100 [INFO    ] Временная таблица temp_jkh_houses создана
2023-12-16 15:07:03,495 [INFO    ] Обновление данных jkh_houses завершено
2023-12-16 15:07:05,038 [INFO    ] все новые объявления добавлены
2023-12-16 15:07:07,501 [INFO    ] Успешно обработан файл циан 15-12-23 (без дублей).csv для prices
2023-12-16 15:07:07,501 [INFO    ] Выгрузка в таблицу prices обработанного файла из cian: циан 15-12-23 (без дублей).csv
2023-12-16 15:07:19,784 [INFO    ] данные cian загружены успешно
2023-12-16 15:07:19,873 [INFO    ] обработка файла 15-12-23 (без дублей).csv для авито
2023-12-16 15:08:07,929 [INFO    ] Успешно обработан файл 15-12-23 (без дублей).csv для realty
2023-12-16 15:08:07,995 [INFO    ] Выгрузка в таблицу realty обработанного файла из авито: 15-12-23 (без дублей).csv
2023-12-16 15:08:08,144 [INFO    ] Временная таблица очищена
2023-12-16 15:08:12,963 [INFO    ] Загрузка новых объявлений в таблицу
2023-12-16 15:08:13,145 [INFO    ] 182824 существующих и 2756 новых объявлений
2023-12-16 15:08:13,192 [INFO    ] temp таблица очищена, загружаются данные
2023-12-16 15:09:16,050 [INFO    ] обновлена таблица realty
2023-12-16 15:09:19,235 [INFO    ] обновлены районы в таблице realty
2023-12-16 15:09:27,580 [INFO    ] Обновление существующих данных realty завершено
2023-12-16 15:10:00,225 [INFO    ] из новых объяв найдено по адресу 1017, запрос в ddt для 866 уник. адресов из 1739
2023-12-16 15:10:00,225 [INFO    ] обновление районов для найденных в realty по адресу новых объявлений:
2023-12-16 15:10:00,603 [INFO    ] обнаружено 451 районов для 674 новых объявлений, найденных по адресу из 1017
2023-12-16 15:10:00,619 [INFO    ] 227 районов осталось незаполнено
2023-12-16 15:10:00,619 [INFO    ] переход к обновлению оставшихся (не найденных по адресу) 1739 новых объявлений (866 адресов) для avito
2023-12-16 15:10:00,639 [INFO    ] загрузка данных dadata из /var/www/yadisk_loader/saved_data_csv/avito_dadata_request.csv
2023-12-16 15:10:01,966 [INFO    ] удалось загрузить исторические данные dadata
2023-12-16 15:10:03,979 [INFO    ] количество запросов к dadata составит: 866
2023-12-16 15:10:03,984 [INFO    ] 0%|          | 0/164 [00:00<?, ?it/s]
2023-12-16 15:10:06,678 [INFO    ] 866it [00:02, 321.43it/s]
2023-12-16 15:10:06,678 [INFO    ] 
2023-12-16 15:10:06,678 [INFO    ] dadata con closed succesfully
2023-12-16 15:10:06,679 [INFO    ] обращение к DDT по 802/866 адресам из avito заняло 0:00:06.059612
2023-12-16 15:10:06,691 [INFO    ] обращение к DDT выполнено для 1447/1739 новых объявлений, найден fias для 827
2023-12-16 15:11:15,803 [INFO    ] уникальных троек по h_fias_id, ad_id, d_id, в таблице с районами и houses_jkh_ddt/id: 1447
2023-12-16 15:11:15,805 [INFO    ] выгрузка данных в таблицу realty
2023-12-16 15:11:16,359 [INFO    ] Добавлено районов к объявлениям realty: 121 - было 0 стало 121
2023-12-16 15:11:16,359 [INFO    ] Есть несовпадения районов c jkh, обновление районов в jkh для 0 записей
2023-12-16 15:11:19,525 [INFO    ] Временная таблица temp_jkh_houses очищена
2023-12-16 15:11:22,860 [INFO    ] Обновление данных jkh_houses завершено
2023-12-16 15:11:24,436 [INFO    ] все новые объявления добавлены
2023-12-16 15:11:26,538 [INFO    ] Успешно обработан файл 15-12-23 (без дублей).csv для prices
2023-12-16 15:11:26,538 [INFO    ] Выгрузка в таблицу prices обработанного файла из авито: 15-12-23 (без дублей).csv
2023-12-16 15:11:45,020 [INFO    ] данные avito загружены успешно
2023-12-16 15:11:45,490 [INFO    ] Новые данные загружены по файлам ['15-12-23 (без дублей).csv'] из авито и ['циан 15-12-23 (без дублей).csv'] из циана за 0:11:39.664719
2023-12-16 15:11:45,593 [INFO    ] HTTP Request: GET https://dadata.ru/api/v2/profile/balance "HTTP/1.1 200 OK"
2023-12-16 15:11:45,598 [INFO    ] сохранение лог-файла
